BASeCamp CDebug Class Debug Log output.
log at 01/04/2010 on TERATRON as BC_Programming at 09:00.13
################################################################################
System Info for this session:
Environment variables:

ALLUSERSPROFILE=C:\ProgramData
APPDATA=C:\Users\BC_Programming\AppData\Roaming
CG_BOOST_ROOT=C:\Program Files (x86)\CodeGear\RAD Studio\6.0\include\boost_1_35
CommonProgramFiles=C:\Program Files (x86)\Common Files
CommonProgramFiles(x86)=C:\Program Files (x86)\Common Files
CommonProgramW6432=C:\Program Files\Common Files
COMPUTERNAME=TERATRON
ComSpec=C:\Windows\system32\cmd.exe
FP_NO_HOST_CHECK=NO
HOMEDRIVE=C:
HOMEPATH=\Users\BC_Programming
LOCALAPPDATA=C:\Users\BC_Programming\AppData\Local
LOGONSERVER=\\TERATRON
NUMBER_OF_PROCESSORS=4
OPENSSL_CONF=C:\OpenSSL\bin\openssl.cfg
OS=Windows_NT
Path=C:\Python\Scripts;C:\Python\;C:\Program Files (x86)\CodeGear\RAD Studio\6.0\bin;C:\Users\Public\Documents\RAD Studio\6.0\Bpl;C:\Perl\site\bin;C:\Perl\bin;C:\Windows\system32;C:\Windows;C:\Windows\System32\Wbem;C:\Windows\System32\WindowsPowerShell\v1.0\;c:\Program Files (x86)\Microsoft SQL Server\90\Tools\binn\;C:\Program Files (x86)\Microsoft Visual Studio 9.0\VC\bin;C:\Program Files (x86)\Common Files\microsoft shared\MSENV;C:\Program Files (x86)\Common Files\microsoft shared\VSA\9.0\VsaEnv;C:\PROGRA~2\Borland\Delphi6\Bin;C:\PROGRA~2\Borland\Delphi6\Projects\Bpl;C:\Program Files (x86)\Common Files\Autodesk Shared\;C:\Program Files (x86)\backburner 2\;C:\Users\BC_Programming\AppData\Roaming\Python\Scripts;C:\Windows\system32;C:\Windows;C:\Windows\System32\Wbem;C:\Windows\System32\WindowsPowerShell\v1.0\;c:\Program Files (x86)\Microsoft SQL Server\90\Tools\binn\;C:\Program Files (x86)\Microsoft Visual Studio 9.0\VC\bin;C:\Program Files (x86)\Common Files\microsoft shared\MSENV;C:\Program Files (x86)\Common Fi
PATHEXT=.COM;.EXE;.BAT;.CMD;.VBS;.VBE;.JS;.JSE;.WSF;.WSH;.MSC;.py;.pyw
PROCESSOR_ARCHITECTURE=x86
PROCESSOR_ARCHITEW6432=AMD64
PROCESSOR_IDENTIFIER=Intel64 Family 6 Model 23 Stepping 7, GenuineIntel
PROCESSOR_LEVEL=6
PROCESSOR_REVISION=1707
ProgramData=C:\ProgramData
ProgramFiles=C:\Program Files (x86)
ProgramFiles(x86)=C:\Program Files (x86)
ProgramW6432=C:\Program Files
PUBLIC=C:\Users\Public
SystemDrive=C:
SystemRoot=C:\Windows
TEMP=C:\Users\BC_PRO~1\AppData\Local\Temp
TMP=C:\Users\BC_PRO~1\AppData\Local\Temp
USERDOMAIN=TERATRON
USERNAME=BC_Programming
USERPROFILE=C:\Users\BC_Programming
VS90COMNTOOLS=C:\Program Files (x86)\Microsoft Visual Studio 9.0\Common7\Tools\
windir=C:\Windows
__COMPAT_LAYER=RunAsAdmin RunAsAdmin 


################################################################################
***************BEGIN LOG*******************
After:hwnd=1447606 umsg=70
WINDOWPOSCHANGING
After:hwnd=1447606 umsg=70
WINDOWPOSCHANGING
After:hwnd=1447606 umsg=70
WINDOWPOSCHANGING
XML load successful in CXMLLoader::LoadXML
optimal bitdepth is 32 bits.
unrecognized NodeName for commandbar load:SCRIPTS
unrecognized NodeName for commandbar load:
unrecognized NodeName for commandbar load:IMAGELIST
unrecognized NodeName for commandbar load:IMAGELIST
DefClick=C:\Users\BC_Programming\AppData\Roaming\BCSearch\Resource\Sound\CLICK.WAV
Click=C:\Users\BC_Programming\AppData\Roaming\BCSearch\Resource\Sound\CLICK.WAV
picindex=8
Click=C:\Users\BC_Programming\AppData\Roaming\BCSearch\Resource\Sound\CLICK.WAV
picindex=13
Click=C:\Users\BC_Programming\AppData\Roaming\BCSearch\Resource\Sound\CLICK.WAV
picindex=-1
Click=C:\Users\BC_Programming\AppData\Roaming\BCSearch\Resource\Sound\CLICK.WAV
picindex=15
Click=C:\Users\BC_Programming\AppData\Roaming\BCSearch\Resource\Sound\CLICK.WAV
picindex=14
Click=C:\Users\BC_Programming\AppData\Roaming\BCSearch\Resource\Sound\CLICK.WAV
picindex=16
Click=C:\Users\BC_Programming\AppData\Roaming\BCSearch\Resource\Sound\CLICK.WAV
picindex=13
Click=C:\Users\BC_Programming\AppData\Roaming\BCSearch\Resource\Sound\CLICK.WAV
picindex=-1
Click=C:\Users\BC_Programming\AppData\Roaming\BCSearch\Resource\Sound\CLICK.WAV
picindex=17
Click=C:\Users\BC_Programming\AppData\Roaming\BCSearch\Resource\Sound\CLICK.WAV
picindex=11
Click=C:\Users\BC_Programming\AppData\Roaming\BCSearch\Resource\Sound\CLICK.WAV
picindex=18
Click=C:\Users\BC_Programming\AppData\Roaming\BCSearch\Resource\Sound\CLICK.WAV
picindex=25
Click=C:\Users\BC_Programming\AppData\Roaming\BCSearch\Resource\Sound\CLICK.WAV
picindex=17
Click=C:\Users\BC_Programming\AppData\Roaming\BCSearch\Resource\Sound\CLICK.WAV
picindex=26
Click=C:\Users\BC_Programming\AppData\Roaming\BCSearch\Resource\Sound\CLICK.WAV
picindex=27
Click=C:\Users\BC_Programming\AppData\Roaming\BCSearch\Resource\Sound\CLICK.WAV
picindex=28
Click=C:\Users\BC_Programming\AppData\Roaming\BCSearch\Resource\Sound\CLICK.WAV
picindex=29
Click=C:\Users\BC_Programming\AppData\Roaming\BCSearch\Resource\Sound\CLICK.WAV
picindex=8
Click=C:\Users\BC_Programming\AppData\Roaming\BCSearch\Resource\Sound\CLICK.WAV
picindex=-1
HandleControlEvent, Resize
DefClick=C:\Users\BC_Programming\AppData\Roaming\BCSearch\Resource\Sound\CLICK.WAV
Click=C:\Users\BC_Programming\AppData\Roaming\BCSearch\Resource\Sound\CLICK.WAV
picindex=18
Click=C:\Users\BC_Programming\AppData\Roaming\BCSearch\Resource\Sound\CLICK.WAV
picindex=20
Click=C:\Users\BC_Programming\AppData\Roaming\BCSearch\Resource\Sound\CLICK.WAV
picindex=-1
Click=C:\Users\BC_Programming\AppData\Roaming\BCSearch\Resource\Sound\CLICK.WAV
picindex=7
Click=C:\Users\BC_Programming\AppData\Roaming\BCSearch\Resource\Sound\CLICK.WAV
picindex=-1
DefClick=C:\Users\BC_Programming\AppData\Roaming\BCSearch\Resource\Sound\CLICK.WAV
Click=C:\Users\BC_Programming\AppData\Roaming\BCSearch\Resource\Sound\CLICK.WAV
picindex=5
Click=C:\Users\BC_Programming\AppData\Roaming\BCSearch\Resource\Sound\CLICK.WAV
picindex=6
Click=C:\Users\BC_Programming\AppData\Roaming\BCSearch\Resource\Sound\CLICK.WAV
picindex=-1
Click=C:\Users\BC_Programming\AppData\Roaming\BCSearch\Resource\Sound\CLICK.WAV
picindex=-1
Click=C:\Users\BC_Programming\AppData\Roaming\BCSearch\Resource\Sound\CLICK.WAV
picindex=-1
Click=C:\Users\BC_Programming\AppData\Roaming\BCSearch\Resource\Sound\CLICK.WAV
picindex=-1
Click=C:\Users\BC_Programming\AppData\Roaming\BCSearch\Resource\Sound\CLICK.WAV
picindex=-1
Click=C:\Users\BC_Programming\AppData\Roaming\BCSearch\Resource\Sound\CLICK.WAV
picindex=-1
Click=C:\Users\BC_Programming\AppData\Roaming\BCSearch\Resource\Sound\CLICK.WAV
picindex=-1
DefClick=
Click=
picindex=2
Click=
picindex=-1
Click=
picindex=-1
DefClick=C:\Users\BC_Programming\AppData\Roaming\BCSearch\Resource\Sound\CLICK.WAV
Click=C:\Users\BC_Programming\AppData\Roaming\BCSearch\Resource\Sound\CLICK.WAV
picindex=-1
Click=C:\Users\BC_Programming\AppData\Roaming\BCSearch\Resource\Sound\CLICK.WAV
picindex=-1
Click=C:\Users\BC_Programming\AppData\Roaming\BCSearch\Resource\Sound\CLICK.WAV
picindex=1
Click=C:\Users\BC_Programming\AppData\Roaming\BCSearch\Resource\Sound\CLICK.WAV
picindex=-1
Click=C:\Users\BC_Programming\AppData\Roaming\BCSearch\Resource\Sound\CLICK.WAV
picindex=-1
Click=C:\Users\BC_Programming\AppData\Roaming\BCSearch\Resource\Sound\CLICK.WAV
picindex=-1
Click=C:\Users\BC_Programming\AppData\Roaming\BCSearch\Resource\Sound\CLICK.WAV
picindex=-1
Click=C:\Users\BC_Programming\AppData\Roaming\BCSearch\Resource\Sound\CLICK.WAV
picindex=-1
Click=C:\Users\BC_Programming\AppData\Roaming\BCSearch\Resource\Sound\CLICK.WAV
picindex=-1
Click=C:\Users\BC_Programming\AppData\Roaming\BCSearch\Resource\Sound\CLICK.WAV
picindex=11
Click=C:\Users\BC_Programming\AppData\Roaming\BCSearch\Resource\Sound\CLICK.WAV
picindex=12
Click=C:\Users\BC_Programming\AppData\Roaming\BCSearch\Resource\Sound\CLICK.WAV
picindex=-1
Click=C:\Users\BC_Programming\AppData\Roaming\BCSearch\Resource\Sound\CLICK.WAV
picindex=-1
Click=C:\Users\BC_Programming\AppData\Roaming\BCSearch\Resource\Sound\CLICK.WAV
picindex=10
Click=C:\Users\BC_Programming\AppData\Roaming\BCSearch\Resource\Sound\CLICK.WAV
picindex=9
HandleControlEvent, Resize
unrecognized NodeName for commandbar load:TOOLBAR
setting toolbarimagelist(1)...
setting toolbarimagelist(2)...
After:hwnd=1447606 umsg=36
After:hwnd=1447606 umsg=70
WINDOWPOSCHANGING
HandleControlEvent, Resize
HandleControlEvent, Resize
After:hwnd=1447606 umsg=36
After:hwnd=1447606 umsg=70
WINDOWPOSCHANGING
Loading Combo/List box- section = PersistProperties.cboLookin...
After:hwnd=1447606 umsg=70
WINDOWPOSCHANGING
After:hwnd=1447606 umsg=70
WINDOWPOSCHANGING
After:hwnd=1447606 umsg=70
WINDOWPOSCHANGING
After:hwnd=1447606 umsg=70
WINDOWPOSCHANGING
After:hwnd=1447606 umsg=70
WINDOWPOSCHANGING
After:hwnd=1447606 umsg=70
WINDOWPOSCHANGING
After:hwnd=1447606 umsg=70
WINDOWPOSCHANGING
After:hwnd=1447606 umsg=70
WINDOWPOSCHANGING
After:hwnd=1447606 umsg=36
After:hwnd=1447606 umsg=36
After:hwnd=1447606 umsg=70
WINDOWPOSCHANGING
After:hwnd=1447606 umsg=36
After:hwnd=1447606 umsg=70
WINDOWPOSCHANGING
After:hwnd=1447606 umsg=36
After:hwnd=1447606 umsg=70
WINDOWPOSCHANGING
After:hwnd=1447606 umsg=36
After:hwnd=1447606 umsg=70
WINDOWPOSCHANGING
After:hwnd=1447606 umsg=36
After:hwnd=1447606 umsg=70
WINDOWPOSCHANGING
After:hwnd=1447606 umsg=36
After:hwnd=1447606 umsg=70
WINDOWPOSCHANGING
After:hwnd=1447606 umsg=36
After:hwnd=1447606 umsg=70
WINDOWPOSCHANGING
After:hwnd=1447606 umsg=36
After:hwnd=1447606 umsg=70
WINDOWPOSCHANGING
After:hwnd=1447606 umsg=36
After:hwnd=1447606 umsg=70
WINDOWPOSCHANGING
After:hwnd=1447606 umsg=36
After:hwnd=1447606 umsg=70
WINDOWPOSCHANGING
After:hwnd=1447606 umsg=36
After:hwnd=1447606 umsg=70
WINDOWPOSCHANGING
After:hwnd=1447606 umsg=36
After:hwnd=1447606 umsg=70
WINDOWPOSCHANGING
After:hwnd=1447606 umsg=36
After:hwnd=1447606 umsg=70
WINDOWPOSCHANGING
After:hwnd=1447606 umsg=36
After:hwnd=1447606 umsg=70
WINDOWPOSCHANGING
After:hwnd=1447606 umsg=36
After:hwnd=1447606 umsg=70
WINDOWPOSCHANGING
After:hwnd=1447606 umsg=36
After:hwnd=1447606 umsg=70
WINDOWPOSCHANGING
After:hwnd=1447606 umsg=36
After:hwnd=1447606 umsg=70
WINDOWPOSCHANGING
After:hwnd=1447606 umsg=36
After:hwnd=1447606 umsg=70
WINDOWPOSCHANGING
After:hwnd=1447606 umsg=36
After:hwnd=1447606 umsg=70
WINDOWPOSCHANGING
After:hwnd=1447606 umsg=36
After:hwnd=1447606 umsg=70
WINDOWPOSCHANGING
After:hwnd=1447606 umsg=36
After:hwnd=1447606 umsg=70
WINDOWPOSCHANGING
After:hwnd=1447606 umsg=36
After:hwnd=1447606 umsg=70
WINDOWPOSCHANGING
After:hwnd=1447606 umsg=36
After:hwnd=1447606 umsg=70
WINDOWPOSCHANGING
After:hwnd=1447606 umsg=36
After:hwnd=1447606 umsg=70
WINDOWPOSCHANGING
After:hwnd=1447606 umsg=36
After:hwnd=1447606 umsg=70
WINDOWPOSCHANGING
After:hwnd=1447606 umsg=36
After:hwnd=1447606 umsg=70
WINDOWPOSCHANGING
After:hwnd=1447606 umsg=36
After:hwnd=1447606 umsg=70
WINDOWPOSCHANGING
After:hwnd=1447606 umsg=36
After:hwnd=1447606 umsg=70
WINDOWPOSCHANGING
After:hwnd=1447606 umsg=36
After:hwnd=1447606 umsg=70
WINDOWPOSCHANGING
After:hwnd=1447606 umsg=36
After:hwnd=1447606 umsg=70
WINDOWPOSCHANGING
After:hwnd=1447606 umsg=36
After:hwnd=1447606 umsg=70
WINDOWPOSCHANGING
After:hwnd=1447606 umsg=36
After:hwnd=1447606 umsg=70
WINDOWPOSCHANGING
After:hwnd=1447606 umsg=36
After:hwnd=1447606 umsg=70
WINDOWPOSCHANGING
After:hwnd=1447606 umsg=36
After:hwnd=1447606 umsg=70
WINDOWPOSCHANGING
After:hwnd=1447606 umsg=36
After:hwnd=1447606 umsg=70
WINDOWPOSCHANGING
After:hwnd=1447606 umsg=36
After:hwnd=1447606 umsg=70
WINDOWPOSCHANGING
After:hwnd=1447606 umsg=36
After:hwnd=1447606 umsg=70
WINDOWPOSCHANGING
After:hwnd=1447606 umsg=36
After:hwnd=1447606 umsg=70
WINDOWPOSCHANGING
After:hwnd=1447606 umsg=36
After:hwnd=1447606 umsg=70
WINDOWPOSCHANGING
After:hwnd=1447606 umsg=36
After:hwnd=1447606 umsg=70
WINDOWPOSCHANGING
After:hwnd=1447606 umsg=36
After:hwnd=1447606 umsg=70
WINDOWPOSCHANGING
After:hwnd=1447606 umsg=36
After:hwnd=1447606 umsg=70
WINDOWPOSCHANGING
After:hwnd=1447606 umsg=36
After:hwnd=1447606 umsg=70
WINDOWPOSCHANGING
After:hwnd=1447606 umsg=36
After:hwnd=1447606 umsg=70
WINDOWPOSCHANGING
After:hwnd=1447606 umsg=36
After:hwnd=1447606 umsg=70
WINDOWPOSCHANGING
After:hwnd=1447606 umsg=36
After:hwnd=1447606 umsg=70
WINDOWPOSCHANGING
After:hwnd=1447606 umsg=36
After:hwnd=1447606 umsg=70
WINDOWPOSCHANGING
After:hwnd=1447606 umsg=70
WINDOWPOSCHANGING
not duplicating List item.
Clicked: caption=&Add... key=FILTERS::ADD TAG=FILTERS::ADD
ButtonClick
1
Loading Combo/List box- section = PersistProperties.cboFilter...
After:hwnd=1447606 umsg=70
WINDOWPOSCHANGING
After:hwnd=1447606 umsg=70
WINDOWPOSCHANGING

HandleControlEvent, ButtonClick
playing:C:\Users\BC_Programming\AppData\Roaming\BCSearch\Resource\Sound\CLICK.WAV
not duplicating List item.
Change
Change
Change
Change
Change
Change
Change
Change
0
0
Change
Change
Change
Change
Change
Change
Change
Change
0
0
Persisting Combo/List box- section = PersistProperties.cboSizesuffix.1...
Persisting Combo/List box- section = PersistProperties.cboSizesuffix.0...
Persisting Combo/List box- section = PersistProperties.cboOperation...
Persisting Combo/List box- section = PersistProperties.cboFilter...
Persisting Combo/List box- section = PersistProperties.cboADSThanMultiplier.1...
Persisting Combo/List box- section = PersistProperties.cboADSThanMultiplier.0...
After:hwnd=1447606 umsg=70
WINDOWPOSCHANGING
After:hwnd=1447606 umsg=70
WINDOWPOSCHANGING
not duplicating List item.
optimal bitdepth is 32 bits.
HandleControlEvent, Resize
mousemove button=0,shift=0,x=232,y=31
mousemove button=0,shift=0,x=235,y=44
mousemove button=0,shift=0,x=237,y=54
mousemove button=0,shift=0,x=239,y=62
mousemove button=0,shift=0,x=241,y=68
mousemove button=0,shift=0,x=241,y=70
mousemove button=0,shift=0,x=241,y=73
mousemove button=0,shift=0,x=240,y=73
mousemove button=0,shift=0,x=239,y=72
mousemove button=0,shift=0,x=238,y=71
mousemove button=0,shift=0,x=237,y=68
mousemove button=0,shift=0,x=234,y=65
mousemove button=0,shift=0,x=230,y=58
mousemove button=0,shift=0,x=225,y=52
mousemove button=0,shift=0,x=221,y=44
mousemove button=0,shift=0,x=215,y=35
mousemove button=0,shift=0,x=210,y=25
mouseup button=0,shift=0,x=164,y=11
C:\.rnd
setting menuimagelist to 278747520
New Control Instance Obtained:1513090
HandleControlEvent, RequestNewInstance
BEFORESHOWMENU:VIEW::SUBMENU
beforeShowMenu end VIEW::SUBMENU
HandleControlEvent, BeforeShowMenu
beforeshowmenu:VIEW::SUBMENU
playing:C:\Users\BC_Programming\AppData\Roaming\BCSearch\Resource\Sound\SHOWMENU.WAV
HandleControlEvent, Resize
HandleControlEvent, Resize
HandleControlEvent, ButtonHighlight
HandleControlEvent, ButtonHighlight
HandleControlEvent, ButtonHighlight
HandleControlEvent, ButtonHighlight
HandleControlEvent, ButtonHighlight
HandleControlEvent, ButtonHighlight
HandleControlEvent, ButtonHighlight
HandleControlEvent, ButtonHighlight
HandleControlEvent, ButtonHighlight
HandleControlEvent, AfterShowMenu
Clicked: caption=&Size Columns to fit key=VIEW::SIZEFIT TAG=VIEW::SIZEFIT
ButtonClick
HandleControlEvent, ButtonClick
playing:C:\Users\BC_Programming\AppData\Roaming\BCSearch\Resource\Sound\CLICK.WAV
mousemove button=1,shift=0,x=235,y=175
mousemove button=2,shift=0,x=235,y=175
mousemove button=0,shift=0,x=236,y=176
mousemove button=0,shift=0,x=237,y=176
mousemove button=0,shift=0,x=238,y=176
mousemove button=0,shift=0,x=239,y=176
mousemove button=0,shift=0,x=241,y=177
mousemove button=0,shift=0,x=242,y=177
mousemove button=0,shift=0,x=243,y=177
mousemove button=0,shift=0,x=245,y=177
mousemove button=0,shift=0,x=254,y=176
mousemove button=0,shift=0,x=257,y=176
mousemove button=0,shift=0,x=261,y=174
mousemove button=0,shift=0,x=267,y=172
mousemove button=0,shift=0,x=274,y=170
mousemove button=0,shift=0,x=282,y=167
mousemove button=0,shift=0,x=288,y=165
mousemove button=0,shift=0,x=308,y=155
mousemove button=0,shift=0,x=317,y=151
mousemove button=0,shift=0,x=324,y=146
mousemove button=0,shift=0,x=333,y=139
mousemove button=0,shift=0,x=350,y=126
mousemove button=0,shift=0,x=359,y=118
mousemove button=0,shift=0,x=369,y=109
mousemove button=0,shift=0,x=377,y=102
mousemove button=0,shift=0,x=383,y=96
mousemove button=0,shift=0,x=404,y=78
mousemove button=0,shift=0,x=412,y=74
mousemove button=0,shift=0,x=418,y=71
mousemove button=0,shift=0,x=425,y=67
mousemove button=0,shift=0,x=432,y=63
mousemove button=0,shift=0,x=442,y=59
mousemove button=0,shift=0,x=449,y=55
mousemove button=0,shift=0,x=469,y=45
mousemove button=0,shift=0,x=473,y=43
mousemove button=0,shift=0,x=481,y=38
mousemove button=0,shift=0,x=481,y=38
mousemove button=0,shift=0,x=498,y=29
mousemove button=0,shift=0,x=504,y=26
mousemove button=0,shift=0,x=504,y=26
mousemove button=0,shift=0,x=511,y=24
buttondropdown TOOLBAR::EXPORT;EXPORT
HandleControlEvent, ButtonDropDown
BEFORESHOWMENU:TOOLBAR::EXPORT::SUBMENU
beforeShowMenu end TOOLBAR::EXPORT::SUBMENU
HandleControlEvent, BeforeShowMenu
beforeshowmenu:TOOLBAR::EXPORT::SUBMENU
playing:C:\Users\BC_Programming\AppData\Roaming\BCSearch\Resource\Sound\SHOWMENU.WAV
HandleControlEvent, Resize
HandleControlEvent, Resize
HandleControlEvent, ButtonHighlight
HandleControlEvent, ButtonHighlight
HandleControlEvent, AfterShowMenu
Clicked: caption=To &HTML... key=EXPORT_HTML TAG=EXPORT_HTML
ButtonClick
After:hwnd=1447606 umsg=70
WINDOWPOSCHANGING
After:hwnd=1447606 umsg=70
WINDOWPOSCHANGING
After:hwnd=1447606 umsg=70
WINDOWPOSCHANGING
After:hwnd=1447606 umsg=70
WINDOWPOSCHANGING
After:hwnd=1447606 umsg=70
WINDOWPOSCHANGING
After:hwnd=1447606 umsg=70
WINDOWPOSCHANGING
After:hwnd=1447606 umsg=70
WINDOWPOSCHANGING
After:hwnd=1447606 umsg=70
WINDOWPOSCHANGING
After:hwnd=1447606 umsg=70
WINDOWPOSCHANGING
After:hwnd=1447606 umsg=70
WINDOWPOSCHANGING
After:hwnd=1447606 umsg=70
WINDOWPOSCHANGING
After:hwnd=1447606 umsg=70
WINDOWPOSCHANGING
After:hwnd=1447606 umsg=70
WINDOWPOSCHANGING
After:hwnd=1447606 umsg=70
WINDOWPOSCHANGING
After:hwnd=1447606 umsg=70
WINDOWPOSCHANGING
After:hwnd=1447606 umsg=70
WINDOWPOSCHANGING
After:hwnd=1447606 umsg=70
WINDOWPOSCHANGING
After:hwnd=1447606 umsg=70
WINDOWPOSCHANGING
After:hwnd=1447606 umsg=70
WINDOWPOSCHANGING
After:hwnd=1447606 umsg=70
WINDOWPOSCHANGING
After:hwnd=1447606 umsg=70
WINDOWPOSCHANGING
After:hwnd=1447606 umsg=70
WINDOWPOSCHANGING
After:hwnd=1447606 umsg=70
WINDOWPOSCHANGING
After:hwnd=1447606 umsg=70
WINDOWPOSCHANGING
After:hwnd=1447606 umsg=70
WINDOWPOSCHANGING
After:hwnd=1447606 umsg=70
WINDOWPOSCHANGING
After:hwnd=1447606 umsg=70
WINDOWPOSCHANGING
After:hwnd=1447606 umsg=70
WINDOWPOSCHANGING
After:hwnd=1447606 umsg=70
WINDOWPOSCHANGING
After:hwnd=1447606 umsg=70
WINDOWPOSCHANGING
After:hwnd=1447606 umsg=70
WINDOWPOSCHANGING
After:hwnd=1447606 umsg=70
WINDOWPOSCHANGING
After:hwnd=1447606 umsg=70
WINDOWPOSCHANGING
After:hwnd=1447606 umsg=70
WINDOWPOSCHANGING
After:hwnd=1447606 umsg=70
WINDOWPOSCHANGING
After:hwnd=1447606 umsg=70
WINDOWPOSCHANGING
After:hwnd=1447606 umsg=70
WINDOWPOSCHANGING
After:hwnd=1447606 umsg=70
WINDOWPOSCHANGING
After:hwnd=1447606 umsg=70
WINDOWPOSCHANGING
After:hwnd=1447606 umsg=70
WINDOWPOSCHANGING
After:hwnd=1447606 umsg=70
WINDOWPOSCHANGING
After:hwnd=1447606 umsg=70
WINDOWPOSCHANGING
After:hwnd=1447606 umsg=70
WINDOWPOSCHANGING
After:hwnd=1447606 umsg=70
WINDOWPOSCHANGING
After:hwnd=1447606 umsg=70
WINDOWPOSCHANGING
After:hwnd=1447606 umsg=70
WINDOWPOSCHANGING
After:hwnd=1447606 umsg=70
WINDOWPOSCHANGING
After:hwnd=1447606 umsg=70
WINDOWPOSCHANGING
After:hwnd=1447606 umsg=70
WINDOWPOSCHANGING
After:hwnd=1447606 umsg=70
WINDOWPOSCHANGING
After:hwnd=1447606 umsg=70
WINDOWPOSCHANGING
After:hwnd=1447606 umsg=70
WINDOWPOSCHANGING
After:hwnd=1447606 umsg=70
WINDOWPOSCHANGING
After:hwnd=1447606 umsg=70
WINDOWPOSCHANGING
After:hwnd=1447606 umsg=70
WINDOWPOSCHANGING
After:hwnd=1447606 umsg=70
WINDOWPOSCHANGING
After:hwnd=1447606 umsg=70
WINDOWPOSCHANGING
After:hwnd=1447606 umsg=70
WINDOWPOSCHANGING
After:hwnd=1447606 umsg=70
WINDOWPOSCHANGING
After:hwnd=1447606 umsg=70
WINDOWPOSCHANGING
After:hwnd=1447606 umsg=70
WINDOWPOSCHANGING
After:hwnd=1447606 umsg=70
WINDOWPOSCHANGING
After:hwnd=1447606 umsg=70
WINDOWPOSCHANGING
After:hwnd=1447606 umsg=70
WINDOWPOSCHANGING
After:hwnd=1447606 umsg=70
WINDOWPOSCHANGING
After:hwnd=1447606 umsg=70
WINDOWPOSCHANGING
After:hwnd=1447606 umsg=70
WINDOWPOSCHANGING
HandleControlEvent, ButtonClick
playing:C:\Users\BC_Programming\AppData\Roaming\BCSearch\Resource\Sound\CLICK.WAV
mousemove button=1,shift=0,x=651,y=49
mousemove button=0,shift=0,x=632,y=53
mousemove button=0,shift=0,x=614,y=55
mousemove button=0,shift=0,x=589,y=57
mousemove button=0,shift=0,x=557,y=62
mousemove button=0,shift=0,x=473,y=68
mousemove button=0,shift=0,x=435,y=68
mousemove button=0,shift=0,x=422,y=69
mousemove button=0,shift=0,x=385,y=71
mousemove button=0,shift=0,x=371,y=72
mousemove button=0,shift=0,x=351,y=72
mousemove button=0,shift=0,x=331,y=73
mousemove button=0,shift=0,x=309,y=73
mousemove button=0,shift=0,x=294,y=73
mousemove button=0,shift=0,x=282,y=73
mousemove button=0,shift=0,x=272,y=73
mousemove button=0,shift=0,x=264,y=71
mousemove button=0,shift=0,x=253,y=71
mousemove button=0,shift=0,x=250,y=71
mousemove button=0,shift=0,x=249,y=71
mousemove button=0,shift=0,x=248,y=71
mousemove button=0,shift=0,x=247,y=71
mousemove button=0,shift=0,x=246,y=71
mousemove button=0,shift=0,x=245,y=71
mousemove button=0,shift=0,x=244,y=71
mousemove button=0,shift=0,x=243,y=71
mousemove button=0,shift=0,x=241,y=70
mousemove button=0,shift=0,x=239,y=69
mousemove button=0,shift=0,x=235,y=69
mousemove button=0,shift=0,x=229,y=67
mousemove button=0,shift=0,x=222,y=67
mousemove button=0,shift=0,x=213,y=66
mousemove button=0,shift=0,x=203,y=63
mousemove button=0,shift=0,x=191,y=63
mousemove button=0,shift=0,x=178,y=62
mousemove button=0,shift=0,x=166,y=61
mousemove button=0,shift=0,x=160,y=61
mousemove button=0,shift=0,x=128,y=61
mousemove button=0,shift=0,x=118,y=61
mousemove button=0,shift=0,x=107,y=61
mousemove button=0,shift=0,x=99,y=62
mousemove button=0,shift=0,x=93,y=62
mousemove button=0,shift=0,x=88,y=64
mousemove button=0,shift=0,x=83,y=66
mousemove button=0,shift=0,x=75,y=67
mousemove button=0,shift=0,x=72,y=69
mousemove button=0,shift=0,x=61,y=72
mousemove button=0,shift=0,x=56,y=73
mousemove button=0,shift=0,x=50,y=75
mousemove button=0,shift=0,x=45,y=78
mousemove button=0,shift=0,x=37,y=81
mousemove button=0,shift=0,x=31,y=85
mousemove button=0,shift=0,x=24,y=89
mousemove button=0,shift=0,x=17,y=93
mousemove button=0,shift=0,x=11,y=96
mousemove button=0,shift=0,x=1,y=99
After:hwnd=1447606 umsg=70
WINDOWPOSCHANGING
buttondropdown TOOLBAR::EXPORT;EXPORT
HandleControlEvent, ButtonDropDown
BEFORESHOWMENU:TOOLBAR::EXPORT::SUBMENU
beforeShowMenu end TOOLBAR::EXPORT::SUBMENU
HandleControlEvent, BeforeShowMenu
beforeshowmenu:TOOLBAR::EXPORT::SUBMENU
playing:C:\Users\BC_Programming\AppData\Roaming\BCSearch\Resource\Sound\SHOWMENU.WAV
HandleControlEvent, ButtonHighlight
HandleControlEvent, ButtonHighlight
HandleControlEvent, AfterShowMenu
Clicked: caption=To &HTML... key=EXPORT_HTML TAG=EXPORT_HTML
ButtonClick
After:hwnd=1447606 umsg=70
WINDOWPOSCHANGING
After:hwnd=1447606 umsg=70
WINDOWPOSCHANGING
After:hwnd=1447606 umsg=70
WINDOWPOSCHANGING
After:hwnd=1447606 umsg=70
WINDOWPOSCHANGING
After:hwnd=1447606 umsg=70
WINDOWPOSCHANGING
After:hwnd=1447606 umsg=70
WINDOWPOSCHANGING
After:hwnd=1447606 umsg=70
WINDOWPOSCHANGING
After:hwnd=1447606 umsg=70
After:hwnd=1447606 umsg=70
WINDOWPOSCHANGING
After:hwnd=1447606 umsg=70
WINDOWPOSCHANGING
After:hwnd=1447606 umsg=70
WINDOWPOSCHANGING
After:hwnd=1447606 umsg=70
WINDOWPOSCHANGING
After:hwnd=1447606 umsg=70
WINDOWPOSCHANGING
After:hwnd=1447606 umsg=70
WINDOWPOSCHANGING
After:hwnd=1447606 umsg=70
WINDOWPOSCHANGING
After:hwnd=1447606 umsg=70
WINDOWPOSCHANGING
After:hwnd=1447606 umsg=70
WINDOWPOSCHANGING
After:hwnd=1447606 umsg=70
WINDOWPOSCHANGING
After:hwnd=1447606 umsg=70
WINDOWPOSCHANGING
After:hwnd=1447606 umsg=70
WINDOWPOSCHANGING
After:hwnd=1447606 umsg=70
WINDOWPOSCHANGING
After:hwnd=1447606 umsg=70
WINDOWPOSCHANGING
After:hwnd=1447606 umsg=70
WINDOWPOSCHANGING
After:hwnd=1447606 umsg=70
WINDOWPOSCHANGING
After:hwnd=1447606 umsg=70
WINDOWPOSCHANGING
After:hwnd=1447606 umsg=70
WINDOWPOSCHANGING
After:hwnd=1447606 umsg=70
WINDOWPOSCHANGING
After:hwnd=1447606 umsg=70
WINDOWPOSCHANGING
After:hwnd=1447606 umsg=70
WINDOWPOSCHANGING
After:hwnd=1447606 umsg=70
WINDOWPOSCHANGING
After:hwnd=1447606 umsg=70
WINDOWPOSCHANGING
After:hwnd=1447606 umsg=70
WINDOWPOSCHANGING
After:hwnd=1447606 umsg=70
WINDOWPOSCHANGING
After:hwnd=1447606 umsg=70
WINDOWPOSCHANGING
After:hwnd=1447606 umsg=70
WINDOWPOSCHANGING
After:hwnd=1447606 umsg=70
WINDOWPOSCHANGING
After:hwnd=1447606 umsg=70
WINDOWPOSCHANGING
After:hwnd=1447606 umsg=70
WINDOWPOSCHANGING
After:hwnd=1447606 umsg=70
WINDOWPOSCHANGING
After:hwnd=1447606 umsg=70
WINDOWPOSCHANGING
After:hwnd=1447606 umsg=70
WINDOWPOSCHANGING
After:hwnd=1447606 umsg=70
WINDOWPOSCHANGING
After:hwnd=1447606 umsg=70
WINDOWPOSCHANGING
After:hwnd=1447606 umsg=70
WINDOWPOSCHANGING
After:hwnd=1447606 umsg=70
WINDOWPOSCHANGING
After:hwnd=1447606 umsg=70
WINDOWPOSCHANGING
After:hwnd=1447606 umsg=70
WINDOWPOSCHANGING
After:hwnd=1447606 umsg=70
WINDOWPOSCHANGING
After:hwnd=1447606 umsg=70
WINDOWPOSCHANGING
After:hwnd=1447606 umsg=70
WINDOWPOSCHANGING
After:hwnd=1447606 umsg=70
WINDOWPOSCHANGING
After:hwnd=1447606 umsg=70
WINDOWPOSCHANGING
After:hwnd=1447606 umsg=70
WINDOWPOSCHANGING
After:hwnd=1447606 umsg=70
WINDOWPOSCHANGING
After:hwnd=1447606 umsg=70
WINDOWPOSCHANGING
After:hwnd=1447606 umsg=70
WINDOWPOSCHANGING
After:hwnd=1447606 umsg=70
WINDOWPOSCHANGING
After:hwnd=1447606 umsg=70
WINDOWPOSCHANGING
After:hwnd=1447606 umsg=70
WINDOWPOSCHANGING
After:hwnd=1447606 umsg=70
WINDOWPOSCHANGING
After:hwnd=1447606 umsg=70
WINDOWPOSCHANGING
After:hwnd=1447606 umsg=70
WINDOWPOSCHANGING
After:hwnd=1447606 umsg=70
WINDOWPOSCHANGING
After:hwnd=1447606 umsg=70
WINDOWPOSCHANGING
After:hwnd=1447606 umsg=70
WINDOWPOSCHANGING
After:hwnd=1447606 umsg=70
WINDOWPOSCHANGING
After:hwnd=1447606 umsg=70
WINDOWPOSCHANGING
After:hwnd=1447606 umsg=70
WINDOWPOSCHANGING
After:hwnd=1447606 umsg=70
WINDOWPOSCHANGING
After:hwnd=1447606 umsg=70
WINDOWPOSCHANGING
After:hwnd=1447606 umsg=70
WINDOWPOSCHANGING
After:hwnd=1447606 umsg=70
WINDOWPOSCHANGING
After:hwnd=1447606 umsg=70
WINDOWPOSCHANGING
After:hwnd=1447606 umsg=70
WINDOWPOSCHANGING
After:hwnd=1447606 umsg=70
WINDOWPOSCHANGING
After:hwnd=1447606 umsg=70
WINDOWPOSCHANGING
After:hwnd=1447606 umsg=70
WINDOWPOSCHANGING
After:hwnd=1447606 umsg=70
WINDOWPOSCHANGING
After:hwnd=1447606 umsg=70
WINDOWPOSCHANGING
After:hwnd=1447606 umsg=70
WINDOWPOSCHANGING
After:hwnd=1447606 umsg=70
WINDOWPOSCHANGING
After:hwnd=1447606 umsg=70
WINDOWPOSCHANGING
After:hwnd=1447606 umsg=70
WINDOWPOSCHANGING
After:hwnd=1447606 umsg=70
WINDOWPOSCHANGING
After:hwnd=1447606 umsg=70
WINDOWPOSCHANGING
After:hwnd=1447606 umsg=70
WINDOWPOSCHANGING
After:hwnd=1447606 umsg=70
WINDOWPOSCHANGING
After:hwnd=1447606 umsg=70
WINDOWPOSCHANGING
After:hwnd=1447606 umsg=70
WINDOWPOSCHANGING
After:hwnd=1447606 umsg=70
WINDOWPOSCHANGING
After:hwnd=1447606 umsg=70
WINDOWPOSCHANGING
After:hwnd=1447606 umsg=70
WINDOWPOSCHANGING
After:hwnd=1447606 umsg=70
WINDOWPOSCHANGING
After:hwnd=1447606 umsg=70
WINDOWPOSCHANGING
After:hwnd=1447606 umsg=70
WINDOWPOSCHANGING
After:hwnd=1447606 umsg=70
WINDOWPOSCHANGING
After:hwnd=1447606 umsg=70
WINDOWPOSCHANGING
After:hwnd=1447606 umsg=70
WINDOWPOSCHANGING
After:hwnd=1447606 umsg=70
WINDOWPOSCHANGING
After:hwnd=1447606 umsg=70
WINDOWPOSCHANGING
After:hwnd=1447606 umsg=70
WINDOWPOSCHANGING
After:hwnd=1447606 umsg=70
WINDOWPOSCHANGING
After:hwnd=1447606 umsg=70
WINDOWPOSCHANGING
After:hwnd=1447606 umsg=70
WINDOWPOSCHANGING
After:hwnd=1447606 umsg=70
WINDOWPOSCHANGING
After:hwnd=1447606 umsg=36
After:hwnd=1447606 umsg=36
After:hwnd=1447606 umsg=70
WINDOWPOSCHANGING
After:hwnd=1447606 umsg=36
After:hwnd=1447606 umsg=70
WINDOWPOSCHANGING
After:hwnd=1447606 umsg=70
WINDOWPOSCHANGING
After:hwnd=1447606 umsg=70
WINDOWPOSCHANGING
After:hwnd=1447606 umsg=70
WINDOWPOSCHANGING
After:hwnd=1447606 umsg=70
WINDOWPOSCHANGING
After:hwnd=1447606 umsg=70
WINDOWPOSCHANGING
After:hwnd=1447606 umsg=70
WINDOWPOSCHANGING
After:hwnd=1447606 umsg=70
WINDOWPOSCHANGING
After:hwnd=1447606 umsg=70
WINDOWPOSCHANGING
After:hwnd=1447606 umsg=70
WINDOWPOSCHANGING
After:hwnd=1447606 umsg=70
WINDOWPOSCHANGING
After:hwnd=1447606 umsg=70
WINDOWPOSCHANGING
After:hwnd=1447606 umsg=70
WINDOWPOSCHANGING
After:hwnd=1447606 umsg=70
WINDOWPOSCHANGING
After:hwnd=1447606 umsg=70
WINDOWPOSCHANGING
After:hwnd=1447606 umsg=70
WINDOWPOSCHANGING
After:hwnd=1447606 umsg=70
WINDOWPOSCHANGING
After:hwnd=1447606 umsg=70
WINDOWPOSCHANGING
After:hwnd=1447606 umsg=70
WINDOWPOSCHANGING
After:hwnd=1447606 umsg=70
WINDOWPOSCHANGING
After:hwnd=1447606 umsg=70
WINDOWPOSCHANGING
After:hwnd=1447606 umsg=70
WINDOWPOSCHANGING
After:hwnd=1447606 umsg=70
WINDOWPOSCHANGING
After:hwnd=1447606 umsg=70
WINDOWPOSCHANGING
After:hwnd=1447606 umsg=70
WINDOWPOSCHANGING
After:hwnd=1447606 umsg=70
WINDOWPOSCHANGING
After:hwnd=1447606 umsg=70
WINDOWPOSCHANGING
After:hwnd=1447606 umsg=70
WINDOWPOSCHANGING
After:hwnd=1447606 umsg=70
WINDOWPOSCHANGING
After:hwnd=1447606 umsg=70
WINDOWPOSCHANGING
After:hwnd=1447606 umsg=70
WINDOWPOSCHANGING
After:hwnd=1447606 umsg=70
WINDOWPOSCHANGING
After:hwnd=1447606 umsg=70
WINDOWPOSCHANGING
After:hwnd=1447606 umsg=70
WINDOWPOSCHANGING
After:hwnd=1447606 umsg=70
WINDOWPOSCHANGING
After:hwnd=1447606 umsg=70
WINDOWPOSCHANGING
After:hwnd=1447606 umsg=70
WINDOWPOSCHANGING
After:hwnd=1447606 umsg=70
WINDOWPOSCHANGING
After:hwnd=1447606 umsg=70
WINDOWPOSCHANGING
After:hwnd=1447606 umsg=70
WINDOWPOSCHANGING
After:hwnd=1447606 umsg=70
WINDOWPOSCHANGING
After:hwnd=1447606 umsg=70
WINDOWPOSCHANGING
After:hwnd=1447606 umsg=70
WINDOWPOSCHANGING
After:hwnd=1447606 umsg=70
WINDOWPOSCHANGING
After:hwnd=1447606 umsg=70
WINDOWPOSCHANGING
After:hwnd=1447606 umsg=70
WINDOWPOSCHANGING
After:hwnd=1447606 umsg=70
WINDOWPOSCHANGING
After:hwnd=1447606 umsg=70
WINDOWPOSCHANGING
After:hwnd=1447606 umsg=70
WINDOWPOSCHANGING
After:hwnd=1447606 umsg=70
WINDOWPOSCHANGING
After:hwnd=1447606 umsg=70
WINDOWPOSCHANGING
After:hwnd=1447606 umsg=70
WINDOWPOSCHANGING
After:hwnd=1447606 umsg=70
WINDOWPOSCHANGING
After:hwnd=1447606 umsg=70
WINDOWPOSCHANGING
After:hwnd=1447606 umsg=70
WINDOWPOSCHANGING
After:hwnd=1447606 umsg=70
WINDOWPOSCHANGING
After:hwnd=1447606 umsg=70
WINDOWPOSCHANGING
After:hwnd=1447606 umsg=70
WINDOWPOSCHANGING
After:hwnd=1447606 umsg=70
WINDOWPOSCHANGING
After:hwnd=1447606 umsg=70
WINDOWPOSCHANGING
After:hwnd=1447606 umsg=70
WINDOWPOSCHANGING
After:hwnd=1447606 umsg=70
WINDOWPOSCHANGING
After:hwnd=1447606 umsg=70
WINDOWPOSCHANGING
After:hwnd=1447606 umsg=70
WINDOWPOSCHANGING
After:hwnd=1447606 umsg=70
WINDOWPOSCHANGING
After:hwnd=1447606 umsg=70
WINDOWPOSCHANGING
After:hwnd=1447606 umsg=70
WINDOWPOSCHANGING
After:hwnd=1447606 umsg=70
WINDOWPOSCHANGING
After:hwnd=1447606 umsg=70
WINDOWPOSCHANGING
After:hwnd=1447606 umsg=70
WINDOWPOSCHANGING
After:hwnd=1447606 umsg=70
WINDOWPOSCHANGING
After:hwnd=1447606 umsg=70
WINDOWPOSCHANGING
After:hwnd=1447606 umsg=70
WINDOWPOSCHANGING
After:hwnd=1447606 umsg=70
WINDOWPOSCHANGING
After:hwnd=1447606 umsg=70
WINDOWPOSCHANGING
After:hwnd=1447606 umsg=70
WINDOWPOSCHANGING
After:hwnd=1447606 umsg=70
WINDOWPOSCHANGING
After:hwnd=1447606 umsg=70
WINDOWPOSCHANGING
After:hwnd=1447606 umsg=70
WINDOWPOSCHANGING
After:hwnd=1447606 umsg=70
WINDOWPOSCHANGING
After:hwnd=1447606 umsg=70
WINDOWPOSCHANGING
After:hwnd=1447606 umsg=70
WINDOWPOSCHANGING
After:hwnd=1447606 umsg=70
WINDOWPOSCHANGING
After:hwnd=1447606 umsg=70
WINDOWPOSCHANGING
After:hwnd=1447606 umsg=70
WINDOWPOSCHANGING
After:hwnd=1447606 umsg=70
WINDOWPOSCHANGING
After:hwnd=1447606 umsg=70
WINDOWPOSCHANGING
After:hwnd=1447606 umsg=70
WINDOWPOSCHANGING
After:hwnd=1447606 umsg=70
WINDOWPOSCHANGING
After:hwnd=1447606 umsg=70
WINDOWPOSCHANGING
After:hwnd=1447606 umsg=7