BASeCamp CDebug Class Debug Log output.
log at 01/04/2010 on TERATRON as BC_Programming at 09:05.59
################################################################################
System Info for this session:
Environment variables:

ALLUSERSPROFILE=C:\ProgramData
APPDATA=C:\Users\BC_Programming\AppData\Roaming
CG_BOOST_ROOT=C:\Program Files (x86)\CodeGear\RAD Studio\6.0\include\boost_1_35
CommonProgramFiles=C:\Program Files (x86)\Common Files
CommonProgramFiles(x86)=C:\Program Files (x86)\Common Files
CommonProgramW6432=C:\Program Files\Common Files
COMPUTERNAME=TERATRON
ComSpec=C:\Windows\system32\cmd.exe
FP_NO_HOST_CHECK=NO
HOMEDRIVE=C:
HOMEPATH=\Users\BC_Programming
LOCALAPPDATA=C:\Users\BC_Programming\AppData\Local
LOGONSERVER=\\TERATRON
NUMBER_OF_PROCESSORS=4
OPENSSL_CONF=C:\OpenSSL\bin\openssl.cfg
OS=Windows_NT
Path=C:\Python\Scripts;C:\Python\;C:\Program Files (x86)\CodeGear\RAD Studio\6.0\bin;C:\Users\Public\Documents\RAD Studio\6.0\Bpl;C:\Perl\site\bin;C:\Perl\bin;C:\Windows\system32;C:\Windows;C:\Windows\System32\Wbem;C:\Windows\System32\WindowsPowerShell\v1.0\;c:\Program Files (x86)\Microsoft SQL Server\90\Tools\binn\;C:\Program Files (x86)\Microsoft Visual Studio 9.0\VC\bin;C:\Program Files (x86)\Common Files\microsoft shared\MSENV;C:\Program Files (x86)\Common Files\microsoft shared\VSA\9.0\VsaEnv;C:\PROGRA~2\Borland\Delphi6\Bin;C:\PROGRA~2\Borland\Delphi6\Projects\Bpl;C:\Program Files (x86)\Common Files\Autodesk Shared\;C:\Program Files (x86)\backburner 2\;C:\Users\BC_Programming\AppData\Roaming\Python\Scripts;C:\Windows\system32;C:\Windows;C:\Windows\System32\Wbem;C:\Windows\System32\WindowsPowerShell\v1.0\;c:\Program Files (x86)\Microsoft SQL Server\90\Tools\binn\;C:\Program Files (x86)\Microsoft Visual Studio 9.0\VC\bin;C:\Program Files (x86)\Common Files\microsoft shared\MSENV;C:\Program Files (x86)\Common Fi
PATHEXT=.COM;.EXE;.BAT;.CMD;.VBS;.VBE;.JS;.JSE;.WSF;.WSH;.MSC;.py;.pyw
PROCESSOR_ARCHITECTURE=x86
PROCESSOR_ARCHITEW6432=AMD64
PROCESSOR_IDENTIFIER=Intel64 Family 6 Model 23 Stepping 7, GenuineIntel
PROCESSOR_LEVEL=6
PROCESSOR_REVISION=1707
ProgramData=C:\ProgramData
ProgramFiles=C:\Program Files (x86)
ProgramFiles(x86)=C:\Program Files (x86)
ProgramW6432=C:\Program Files
PUBLIC=C:\Users\Public
SystemDrive=C:
SystemRoot=C:\Windows
TEMP=C:\Users\BC_PRO~1\AppData\Local\Temp
TMP=C:\Users\BC_PRO~1\AppData\Local\Temp
USERDOMAIN=TERATRON
USERNAME=BC_Programming
USERPROFILE=C:\Users\BC_Programming
VS90COMNTOOLS=C:\Program Files (x86)\Microsoft Visual Studio 9.0\Common7\Tools\
windir=C:\Windows
__COMPAT_LAYER=RunAsAdmin RunAsAdmin 


################################################################################
***************BEGIN LOG*******************
After:hwnd=332948 umsg=70
WINDOWPOSCHANGING
After:hwnd=332948 umsg=70
WINDOWPOSCHANGING
After:hwnd=332948 umsg=70
WINDOWPOSCHANGING
After:hwnd=332948 umsg=70
WINDOWPOSCHANGING
XML load successful in CXMLLoader::LoadXML
optimal bitdepth is 32 bits.
unrecognized NodeName for commandbar load:SCRIPTS
unrecognized NodeName for commandbar load:
unrecognized NodeName for commandbar load:IMAGELIST
unrecognized NodeName for commandbar load:IMAGELIST
DefClick=C:\Users\BC_Programming\AppData\Roaming\BCSearch\Resource\Sound\CLICK.WAV
Click=C:\Users\BC_Programming\AppData\Roaming\BCSearch\Resource\Sound\CLICK.WAV
picindex=8
Click=C:\Users\BC_Programming\AppData\Roaming\BCSearch\Resource\Sound\CLICK.WAV
picindex=13
Click=C:\Users\BC_Programming\AppData\Roaming\BCSearch\Resource\Sound\CLICK.WAV
picindex=-1
Click=C:\Users\BC_Programming\AppData\Roaming\BCSearch\Resource\Sound\CLICK.WAV
picindex=15
Click=C:\Users\BC_Programming\AppData\Roaming\BCSearch\Resource\Sound\CLICK.WAV
picindex=14
Click=C:\Users\BC_Programming\AppData\Roaming\BCSearch\Resource\Sound\CLICK.WAV
picindex=16
Click=C:\Users\BC_Programming\AppData\Roaming\BCSearch\Resource\Sound\CLICK.WAV
picindex=13
Click=C:\Users\BC_Programming\AppData\Roaming\BCSearch\Resource\Sound\CLICK.WAV
picindex=-1
Click=C:\Users\BC_Programming\AppData\Roaming\BCSearch\Resource\Sound\CLICK.WAV
picindex=17
Click=C:\Users\BC_Programming\AppData\Roaming\BCSearch\Resource\Sound\CLICK.WAV
picindex=11
Click=C:\Users\BC_Programming\AppData\Roaming\BCSearch\Resource\Sound\CLICK.WAV
picindex=18
Click=C:\Users\BC_Programming\AppData\Roaming\BCSearch\Resource\Sound\CLICK.WAV
picindex=25
Click=C:\Users\BC_Programming\AppData\Roaming\BCSearch\Resource\Sound\CLICK.WAV
picindex=17
Click=C:\Users\BC_Programming\AppData\Roaming\BCSearch\Resource\Sound\CLICK.WAV
picindex=26
Click=C:\Users\BC_Programming\AppData\Roaming\BCSearch\Resource\Sound\CLICK.WAV
picindex=27
Click=C:\Users\BC_Programming\AppData\Roaming\BCSearch\Resource\Sound\CLICK.WAV
picindex=28
Click=C:\Users\BC_Programming\AppData\Roaming\BCSearch\Resource\Sound\CLICK.WAV
picindex=29
Click=C:\Users\BC_Programming\AppData\Roaming\BCSearch\Resource\Sound\CLICK.WAV
picindex=8
Click=C:\Users\BC_Programming\AppData\Roaming\BCSearch\Resource\Sound\CLICK.WAV
picindex=-1
HandleControlEvent, Resize
DefClick=C:\Users\BC_Programming\AppData\Roaming\BCSearch\Resource\Sound\CLICK.WAV
Click=C:\Users\BC_Programming\AppData\Roaming\BCSearch\Resource\Sound\CLICK.WAV
picindex=18
Click=C:\Users\BC_Programming\AppData\Roaming\BCSearch\Resource\Sound\CLICK.WAV
picindex=20
Click=C:\Users\BC_Programming\AppData\Roaming\BCSearch\Resource\Sound\CLICK.WAV
picindex=-1
Click=C:\Users\BC_Programming\AppData\Roaming\BCSearch\Resource\Sound\CLICK.WAV
picindex=7
Click=C:\Users\BC_Programming\AppData\Roaming\BCSearch\Resource\Sound\CLICK.WAV
picindex=-1
DefClick=C:\Users\BC_Programming\AppData\Roaming\BCSearch\Resource\Sound\CLICK.WAV
Click=C:\Users\BC_Programming\AppData\Roaming\BCSearch\Resource\Sound\CLICK.WAV
picindex=5
Click=C:\Users\BC_Programming\AppData\Roaming\BCSearch\Resource\Sound\CLICK.WAV
picindex=6
Click=C:\Users\BC_Programming\AppData\Roaming\BCSearch\Resource\Sound\CLICK.WAV
picindex=-1
Click=C:\Users\BC_Programming\AppData\Roaming\BCSearch\Resource\Sound\CLICK.WAV
picindex=-1
Click=C:\Users\BC_Programming\AppData\Roaming\BCSearch\Resource\Sound\CLICK.WAV
picindex=-1
Click=C:\Users\BC_Programming\AppData\Roaming\BCSearch\Resource\Sound\CLICK.WAV
picindex=-1
Click=C:\Users\BC_Programming\AppData\Roaming\BCSearch\Resource\Sound\CLICK.WAV
picindex=-1
Click=C:\Users\BC_Programming\AppData\Roaming\BCSearch\Resource\Sound\CLICK.WAV
picindex=-1
Click=C:\Users\BC_Programming\AppData\Roaming\BCSearch\Resource\Sound\CLICK.WAV
picindex=-1
DefClick=
Click=
picindex=2
Click=
picindex=-1
Click=
picindex=-1
DefClick=C:\Users\BC_Programming\AppData\Roaming\BCSearch\Resource\Sound\CLICK.WAV
Click=C:\Users\BC_Programming\AppData\Roaming\BCSearch\Resource\Sound\CLICK.WAV
picindex=-1
Click=C:\Users\BC_Programming\AppData\Roaming\BCSearch\Resource\Sound\CLICK.WAV
picindex=-1
Click=C:\Users\BC_Programming\AppData\Roaming\BCSearch\Resource\Sound\CLICK.WAV
picindex=1
Click=C:\Users\BC_Programming\AppData\Roaming\BCSearch\Resource\Sound\CLICK.WAV
picindex=-1
Click=C:\Users\BC_Programming\AppData\Roaming\BCSearch\Resource\Sound\CLICK.WAV
picindex=-1
Click=C:\Users\BC_Programming\AppData\Roaming\BCSearch\Resource\Sound\CLICK.WAV
picindex=-1
Click=C:\Users\BC_Programming\AppData\Roaming\BCSearch\Resource\Sound\CLICK.WAV
picindex=-1
Click=C:\Users\BC_Programming\AppData\Roaming\BCSearch\Resource\Sound\CLICK.WAV
picindex=-1
Click=C:\Users\BC_Programming\AppData\Roaming\BCSearch\Resource\Sound\CLICK.WAV
picindex=-1
Click=C:\Users\BC_Programming\AppData\Roaming\BCSearch\Resource\Sound\CLICK.WAV
picindex=11
Click=C:\Users\BC_Programming\AppData\Roaming\BCSearch\Resource\Sound\CLICK.WAV
picindex=12
Click=C:\Users\BC_Programming\AppData\Roaming\BCSearch\Resource\Sound\CLICK.WAV
picindex=-1
Click=C:\Users\BC_Programming\AppData\Roaming\BCSearch\Resource\Sound\CLICK.WAV
picindex=-1
Click=C:\Users\BC_Programming\AppData\Roaming\BCSearch\Resource\Sound\CLICK.WAV
picindex=10
Click=C:\Users\BC_Programming\AppData\Roaming\BCSearch\Resource\Sound\CLICK.WAV
picindex=9
HandleControlEvent, Resize
unrecognized NodeName for commandbar load:TOOLBAR
setting toolbarimagelist(1)...
setting toolbarimagelist(2)...
After:hwnd=332948 umsg=36
After:hwnd=332948 umsg=70
WINDOWPOSCHANGING
HandleControlEvent, Resize
HandleControlEvent, Resize
After:hwnd=332948 umsg=36
After:hwnd=332948 umsg=70
WINDOWPOSCHANGING
Loading Combo/List box- section = PersistProperties.cboLookin...
After:hwnd=332948 umsg=70
WINDOWPOSCHANGING
not duplicating List item.
Clicked: caption=&Add... key=FILTERS::ADD TAG=FILTERS::ADD
ButtonClick
1
Loading Combo/List box- section = PersistProperties.cboFilter...
After:hwnd=332948 umsg=70
WINDOWPOSCHANGING
After:hwnd=332948 umsg=70
WINDOWPOSCHANGING

HandleControlEvent, ButtonClick
playing:C:\Users\BC_Programming\AppData\Roaming\BCSearch\Resource\Sound\CLICK.WAV
not duplicating List item.
Change
Change
Change
Change
Change
Change
Change
Change
0
0
Change
Change
Change
Change
Change
Change
Change
Change
0
0
Persisting Combo/List box- section = PersistProperties.cboSizesuffix.1...
Persisting Combo/List box- section = PersistProperties.cboSizesuffix.0...
Persisting Combo/List box- section = PersistProperties.cboOperation...
Persisting Combo/List box- section = PersistProperties.cboFilter...
Persisting Combo/List box- section = PersistProperties.cboADSThanMultiplier.1...
Persisting Combo/List box- section = PersistProperties.cboADSThanMultiplier.0...
After:hwnd=332948 umsg=70
WINDOWPOSCHANGING
After:hwnd=332948 umsg=70
WINDOWPOSCHANGING
not duplicating List item.
optimal bitdepth is 32 bits.
HandleControlEvent, Resize
mousemove button=1,shift=0,x=625,y=62
mousemove button=0,shift=0,x=623,y=77
mousemove button=0,shift=0,x=620,y=113
mousemove button=0,shift=0,x=619,y=120
mousemove button=0,shift=0,x=620,y=139
mousemove button=0,shift=0,x=620,y=140
mousemove button=0,shift=0,x=620,y=142
mousemove button=0,shift=0,x=620,y=142
mousemove button=0,shift=0,x=620,y=142
mousemove button=0,shift=0,x=620,y=143
mousemove button=0,shift=0,x=625,y=159
mousemove button=0,shift=0,x=627,y=164
mousemove button=0,shift=0,x=629,y=166
mousemove button=0,shift=0,x=642,y=177
mousemove button=0,shift=0,x=646,y=183
After:hwnd=332948 umsg=70
WINDOWPOSCHANGING
mousemove button=0,shift=0,x=255,y=255
mousemove button=0,shift=0,x=254,y=242
mousemove button=0,shift=0,x=250,y=204
mousemove button=0,shift=0,x=247,y=175
mousemove button=0,shift=0,x=247,y=175
mousemove button=0,shift=0,x=246,y=175
mousemove button=0,shift=0,x=246,y=175
mousemove button=0,shift=0,x=246,y=174
mousemove button=0,shift=0,x=245,y=176
mousemove button=0,shift=0,x=245,y=177
mousemove button=0,shift=0,x=245,y=176
mousemove button=0,shift=0,x=245,y=171
mousemove button=0,shift=0,x=248,y=157
mousemove button=0,shift=0,x=252,y=136
mousemove button=0,shift=0,x=258,y=107
buttondropdown TOOLBAR::EXPORT;EXPORT
HandleControlEvent, ButtonDropDown
setting menuimagelist to 223654296
New Control Instance Obtained:3084338
HandleControlEvent, RequestNewInstance
BEFORESHOWMENU:TOOLBAR::EXPORT::SUBMENU
beforeShowMenu end TOOLBAR::EXPORT::SUBMENU
HandleControlEvent, BeforeShowMenu
beforeshowmenu:TOOLBAR::EXPORT::SUBMENU
playing:C:\Users\BC_Programming\AppData\Roaming\BCSearch\Resource\Sound\SHOWMENU.WAV
HandleControlEvent, Resize
HandleControlEvent, Resize
HandleControlEvent, ButtonHighlight
HandleControlEvent, ButtonHighlight
HandleControlEvent, AfterShowMenu
Clicked: caption=To &HTML... key=EXPORT_HTML TAG=EXPORT_HTML
ButtonClick
After:hwnd=332948 umsg=70
WINDOWPOSCHANGING
After:hwnd=332948 umsg=70
WINDOWPOSCHANGING
After:hwnd=332948 umsg=70
WINDOWPOSCHANGING
After:hwnd=332948 umsg=70
WINDOWPOSCHANGING
After:hwnd=332948 umsg=70
WINDOWPOSCHANGING
After:hwnd=332948 umsg=70
WINDOWPOSCHANGING
After:hwnd=332948 umsg=70
WINDOWPOSCHANGING
After:hwnd=332948 umsg=70
WINDOWPOSCHANGING
After:hwnd=332948 umsg=70
WINDOWPOSCHANGING
After:hwnd=332948 umsg=70
WINDOWPOSCHANGING
After:hwnd=332948 umsg=70
WINDOWPOSCHANGING
After:hwnd=332948 umsg=70
WINDOWPOSCHANGING
After:hwnd=332948 umsg=70
WINDOWPOSCHANGING
After:hwnd=332948 umsg=70
WINDOWPOSCHANGING
After:hwnd=332948 umsg=70
WINDOWPOSCHANGING
After:hwnd=332948 umsg=70
WINDOWPOSCHANGING
After:hwnd=332948 umsg=70
WINDOWPOSCHANGING
After:hwnd=332948 umsg=70
WINDOWPOSCHANGING
After:hwnd=332948 umsg=70
WINDOWPOSCHANGING
After:hwnd=332948 umsg=70
WINDOWPOSCHANGING
After:hwnd=332948 umsg=70
WINDOWPOSCHANGING
After:hwnd=332948 umsg=70
WINDOWPOSCHANGING
After:hwnd=332948 umsg=70
WINDOWPOSCHANGING
After:hwnd=332948 umsg=70
WINDOWPOSCHANGING
After:hwnd=332948 umsg=70
WINDOWPOSCHANGING
After:hwnd=332948 umsg=70
WINDOWPOSCHANGING
After:hwnd=332948 umsg=70
WINDOWPOSCHANGING
After:hwnd=332948 umsg=70
WINDOWPOSCHANGING
After:hwnd=332948 umsg=70
WINDOWPOSCHANGING
After:hwnd=332948 umsg=70
WINDOWPOSCHANGING
After:hwnd=332948 umsg=70
WINDOWPOSCHANGING
After:hwnd=332948 umsg=70
WINDOWPOSCHANGING
After:hwnd=332948 umsg=70
WINDOWPOSCHANGING
After:hwnd=332948 umsg=70
WINDOWPOSCHANGING
After:hwnd=332948 umsg=70
WINDOWPOSCHANGING
After:hwnd=332948 umsg=70
WINDOWPOSCHANGING
After:hwnd=332948 umsg=70
WINDOWPOSCHANGING
After:hwnd=332948 umsg=70
WINDOWPOSCHANGING
After:hwnd=332948 umsg=70
WINDOWPOSCHANGING
After:hwnd=332948 umsg=70
WINDOWPOSCHANGING
After:hwnd=332948 umsg=70
WINDOWPOSCHANGING
After:hwnd=332948 umsg=70
WINDOWPOSCHANGING
After:hwnd=332948 umsg=70
WINDOWPOSCHANGING
After:hwnd=332948 umsg=70
WINDOWPOSCHANGING
After:hwnd=332948 umsg=70
WINDOWPOSCHANGING
After:hwnd=332948 umsg=70
WINDOWPOSCHANGING
After:hwnd=332948 umsg=70
WINDOWPOSCHANGING
After:hwnd=332948 umsg=70
WINDOWPOSCHANGING
After:hwnd=332948 umsg=70
WINDOWPOSCHANGING
After:hwnd=332948 umsg=70
WINDOWPOSCHANGING
After:hwnd=332948 umsg=70
WINDOWPOSCHANGING
After:hwnd=332948 umsg=70
WINDOWPOSCHANGING
After:hwnd=332948 umsg=70
WINDOWPOSCHANGING
After:hwnd=332948 umsg=70
WINDOWPOSCHANGING
After:hwnd=332948 umsg=70
WINDOWPOSCHANGING
After:hwnd=332948 umsg=70
WINDOWPOSCHANGING
After:hwnd=332948 umsg=70
WINDOWPOSCHANGING
After:hwnd=332948 umsg=70
WINDOWPOSCHANGING
After:hwnd=332948 umsg=70
WINDOWPOSCHANGING
After:hwnd=332948 umsg=70
WINDOWPOSCHANGING
After:hwnd=332948 umsg=70
WINDOWPOSCHANGING
After:hwnd=332948 umsg=70
WINDOWPOSCHANGING
After:hwnd=332948 umsg=70
WINDOWPOSCHANGING
After:hwnd=332948 umsg=70
WINDOWPOSCHANGING
After:hwnd=332948 umsg=70
WINDOWPOSCHANGING
After:hwnd=332948 umsg=70
WINDOWPOSCHANGING
HandleControlEvent, ButtonClick
playing:C:\Users\BC_Programming\AppData\Roaming\BCSearch\Resource\Sound\CLICK.WAV
mousemove button=1,shift=0,x=461,y=32
mousemove button=0,shift=0,x=459,y=32
mousemove button=0,shift=0,x=454,y=30
mousemove button=0,shift=0,x=451,y=24
buttondropdown FILE;MENU::FILE
HandleControlEvent, ButtonDropDown
BEFORESHOWMENU:FILE::SUBMENU
File::SUBMENU
beforeShowMenu end FILE::SUBMENU
HandleControlEvent, BeforeShowMenu
beforeshowmenu:FILE::SUBMENU
playing:C:\Users\BC_Programming\AppData\Roaming\BCSearch\Resource\Sound\SHOWMENU.WAV
HandleControlEvent, Resize
HandleControlEvent, Resize
HandleControlEvent, ButtonHighlight
HandleControlEvent, ButtonHighlight
HandleControlEvent, ButtonHighlight
HandleControlEvent, ButtonHighlight
HandleControlEvent, AfterShowMenu
Clicked: caption=&Exit key=FILE::EXIT TAG=FILE::EXIT
ButtonClick
Persisting Combo/List box- section = PersistProperties.cboLookin...
After:hwnd=332948 umsg=70
WINDOWPOSCHANGING
