BASeCamp CDebug Class Debug Log output.
log at 12/29/2009 on TERATRON as BC_Programming at 12:11.22
################################################################################
System Info for this session:
Environment variables:

ALLUSERSPROFILE=C:\ProgramData
APPDATA=C:\Users\BC_Programming\AppData\Roaming
CG_BOOST_ROOT=C:\Program Files (x86)\CodeGear\RAD Studio\6.0\include\boost_1_35
CommonProgramFiles=C:\Program Files (x86)\Common Files
CommonProgramFiles(x86)=C:\Program Files (x86)\Common Files
CommonProgramW6432=C:\Program Files\Common Files
COMPUTERNAME=TERATRON
ComSpec=C:\Windows\system32\cmd.exe
FP_NO_HOST_CHECK=NO
HOMEDRIVE=C:
HOMEPATH=\Users\BC_Programming
LOCALAPPDATA=C:\Users\BC_Programming\AppData\Local
LOGONSERVER=\\TERATRON
NUMBER_OF_PROCESSORS=4
OPENSSL_CONF=C:\OpenSSL\bin\openssl.cfg
OS=Windows_NT
Path=C:\Python\Scripts;C:\Python\;C:\Program Files (x86)\CodeGear\RAD Studio\6.0\bin;C:\Users\Public\Documents\RAD Studio\6.0\Bpl;C:\Perl\site\bin;C:\Perl\bin;C:\Windows\system32;C:\Windows;C:\Windows\System32\Wbem;C:\Windows\System32\WindowsPowerShell\v1.0\;c:\Program Files (x86)\Microsoft SQL Server\90\Tools\binn\;C:\Program Files (x86)\Microsoft Visual Studio 9.0\VC\bin;C:\Program Files (x86)\Common Files\microsoft shared\MSENV;C:\Program Files (x86)\Common Files\microsoft shared\VSA\9.0\VsaEnv;C:\PROGRA~2\Borland\Delphi6\Bin;C:\PROGRA~2\Borland\Delphi6\Projects\Bpl;C:\Program Files (x86)\Common Files\Autodesk Shared\;C:\Program Files (x86)\backburner 2\;C:\Users\BC_Programming\AppData\Roaming\Python\Scripts;C:\Windows\system32;C:\Windows;C:\Windows\System32\Wbem;C:\Windows\System32\WindowsPowerShell\v1.0\;c:\Program Files (x86)\Microsoft SQL Server\90\Tools\binn\;C:\Program Files (x86)\Microsoft Visual Studio 9.0\VC\bin;C:\Program Files (x86)\Common Files\microsoft shared\MSENV;C:\Program Files (x86)\Common Fi
PATHEXT=.COM;.EXE;.BAT;.CMD;.VBS;.VBE;.JS;.JSE;.WSF;.WSH;.MSC;.py;.pyw
PROCESSOR_ARCHITECTURE=x86
PROCESSOR_ARCHITEW6432=AMD64
PROCESSOR_IDENTIFIER=Intel64 Family 6 Model 23 Stepping 7, GenuineIntel
PROCESSOR_LEVEL=6
PROCESSOR_REVISION=1707
ProgramData=C:\ProgramData
ProgramFiles=C:\Program Files (x86)
ProgramFiles(x86)=C:\Program Files (x86)
ProgramW6432=C:\Program Files
PUBLIC=C:\Users\Public
SystemDrive=C:
SystemRoot=C:\Windows
TEMP=C:\Users\BC_PRO~1\AppData\Local\Temp
TMP=C:\Users\BC_PRO~1\AppData\Local\Temp
USERDOMAIN=TERATRON
USERNAME=BC_Programming
USERPROFILE=C:\Users\BC_Programming
VS90COMNTOOLS=C:\Program Files (x86)\Microsoft Visual Studio 9.0\Common7\Tools\
windir=C:\Windows
__COMPAT_LAYER=RunAsAdmin RunAsAdmin 


################################################################################
***************BEGIN LOG*******************
After:hwnd=789224 umsg=70
WINDOWPOSCHANGING
After:hwnd=789224 umsg=70
WINDOWPOSCHANGING
After:hwnd=789224 umsg=70
WINDOWPOSCHANGING
XML load successful in CXMLLoader::LoadXML
optimal bitdepth is 32 bits.
unrecognized NodeName for commandbar load:SCRIPTS
unrecognized NodeName for commandbar load:
unrecognized NodeName for commandbar load:IMAGELIST
unrecognized NodeName for commandbar load:IMAGELIST
DefClick=C:\Users\BC_Programming\AppData\Roaming\BCSearch\Resource\Sound\CLICK.WAV
Click=C:\Users\BC_Programming\AppData\Roaming\BCSearch\Resource\Sound\CLICK.WAV
picindex=8
Click=C:\Users\BC_Programming\AppData\Roaming\BCSearch\Resource\Sound\CLICK.WAV
picindex=13
Click=C:\Users\BC_Programming\AppData\Roaming\BCSearch\Resource\Sound\CLICK.WAV
picindex=-1
Click=C:\Users\BC_Programming\AppData\Roaming\BCSearch\Resource\Sound\CLICK.WAV
picindex=15
Click=C:\Users\BC_Programming\AppData\Roaming\BCSearch\Resource\Sound\CLICK.WAV
picindex=14
Click=C:\Users\BC_Programming\AppData\Roaming\BCSearch\Resource\Sound\CLICK.WAV
picindex=16
Click=C:\Users\BC_Programming\AppData\Roaming\BCSearch\Resource\Sound\CLICK.WAV
picindex=13
Click=C:\Users\BC_Programming\AppData\Roaming\BCSearch\Resource\Sound\CLICK.WAV
picindex=-1
Click=C:\Users\BC_Programming\AppData\Roaming\BCSearch\Resource\Sound\CLICK.WAV
picindex=17
Click=C:\Users\BC_Programming\AppData\Roaming\BCSearch\Resource\Sound\CLICK.WAV
picindex=11
HandleControlEvent, Resize
DefClick=C:\Users\BC_Programming\AppData\Roaming\BCSearch\Resource\Sound\CLICK.WAV
Click=C:\Users\BC_Programming\AppData\Roaming\BCSearch\Resource\Sound\CLICK.WAV
picindex=18
Click=C:\Users\BC_Programming\AppData\Roaming\BCSearch\Resource\Sound\CLICK.WAV
picindex=20
Click=C:\Users\BC_Programming\AppData\Roaming\BCSearch\Resource\Sound\CLICK.WAV
picindex=-1
DefClick=C:\Users\BC_Programming\AppData\Roaming\BCSearch\Resource\Sound\CLICK.WAV
Click=C:\Users\BC_Programming\AppData\Roaming\BCSearch\Resource\Sound\CLICK.WAV
picindex=5
Click=C:\Users\BC_Programming\AppData\Roaming\BCSearch\Resource\Sound\CLICK.WAV
picindex=6
Click=C:\Users\BC_Programming\AppData\Roaming\BCSearch\Resource\Sound\CLICK.WAV
picindex=-1
Click=C:\Users\BC_Programming\AppData\Roaming\BCSearch\Resource\Sound\CLICK.WAV
picindex=-1
Click=C:\Users\BC_Programming\AppData\Roaming\BCSearch\Resource\Sound\CLICK.WAV
picindex=-1
Click=C:\Users\BC_Programming\AppData\Roaming\BCSearch\Resource\Sound\CLICK.WAV
picindex=-1
Click=C:\Users\BC_Programming\AppData\Roaming\BCSearch\Resource\Sound\CLICK.WAV
picindex=-1
Click=C:\Users\BC_Programming\AppData\Roaming\BCSearch\Resource\Sound\CLICK.WAV
picindex=-1
Click=C:\Users\BC_Programming\AppData\Roaming\BCSearch\Resource\Sound\CLICK.WAV
picindex=-1
Click=C:\Users\BC_Programming\AppData\Roaming\BCSearch\Resource\Sound\CLICK.WAV
picindex=-1
Click=C:\Users\BC_Programming\AppData\Roaming\BCSearch\Resource\Sound\CLICK.WAV
picindex=-1
DefClick=
Click=
picindex=2
Click=
picindex=-1
Click=
picindex=-1
DefClick=C:\Users\BC_Programming\AppData\Roaming\BCSearch\Resource\Sound\CLICK.WAV
Click=C:\Users\BC_Programming\AppData\Roaming\BCSearch\Resource\Sound\CLICK.WAV
picindex=-1
Click=C:\Users\BC_Programming\AppData\Roaming\BCSearch\Resource\Sound\CLICK.WAV
picindex=-1
Click=C:\Users\BC_Programming\AppData\Roaming\BCSearch\Resource\Sound\CLICK.WAV
picindex=-1
Click=C:\Users\BC_Programming\AppData\Roaming\BCSearch\Resource\Sound\CLICK.WAV
picindex=-1
Click=C:\Users\BC_Programming\AppData\Roaming\BCSearch\Resource\Sound\CLICK.WAV
picindex=1
Click=C:\Users\BC_Programming\AppData\Roaming\BCSearch\Resource\Sound\CLICK.WAV
picindex=-1
Click=C:\Users\BC_Programming\AppData\Roaming\BCSearch\Resource\Sound\CLICK.WAV
picindex=-1
Click=C:\Users\BC_Programming\AppData\Roaming\BCSearch\Resource\Sound\CLICK.WAV
picindex=-1
Click=C:\Users\BC_Programming\AppData\Roaming\BCSearch\Resource\Sound\CLICK.WAV
picindex=-1
Click=C:\Users\BC_Programming\AppData\Roaming\BCSearch\Resource\Sound\CLICK.WAV
picindex=-1
Click=C:\Users\BC_Programming\AppData\Roaming\BCSearch\Resource\Sound\CLICK.WAV
picindex=11
Click=C:\Users\BC_Programming\AppData\Roaming\BCSearch\Resource\Sound\CLICK.WAV
picindex=12
Click=C:\Users\BC_Programming\AppData\Roaming\BCSearch\Resource\Sound\CLICK.WAV
picindex=-1
Click=C:\Users\BC_Programming\AppData\Roaming\BCSearch\Resource\Sound\CLICK.WAV
picindex=-1
Click=C:\Users\BC_Programming\AppData\Roaming\BCSearch\Resource\Sound\CLICK.WAV
picindex=10
Click=C:\Users\BC_Programming\AppData\Roaming\BCSearch\Resource\Sound\CLICK.WAV
picindex=9
HandleControlEvent, Resize
unrecognized NodeName for commandbar load:TOOLBAR
setting toolbarimagelist(1)...
setting toolbarimagelist(2)...
After:hwnd=789224 umsg=36
After:hwnd=789224 umsg=70
WINDOWPOSCHANGING
HandleControlEvent, Resize
HandleControlEvent, Resize
After:hwnd=789224 umsg=36
After:hwnd=789224 umsg=70
WINDOWPOSCHANGING
Loading Combo/List box- section = PersistProperties.cboLookin...
not duplicating List item.
1
Loading Combo/List box- section = PersistProperties.cboFilter...
After:hwnd=789224 umsg=70
WINDOWPOSCHANGING
After:hwnd=789224 umsg=70
WINDOWPOSCHANGING

not duplicating List item.
Change
Change
Change
Change
Change
Change
Change
Change
0
0
Change
Change
Change
Change
Change
Change
Change
Change
0
0
Persisting Combo/List box- section = PersistProperties.cboSizesuffix.1...
Persisting Combo/List box- section = PersistProperties.cboSizesuffix.0...
Persisting Combo/List box- section = PersistProperties.cboOperation...
Persisting Combo/List box- section = PersistProperties.cboFilter...
Persisting Combo/List box- section = PersistProperties.cboADSThanMultiplier.1...
Persisting Combo/List box- section = PersistProperties.cboADSThanMultiplier.0...
After:hwnd=789224 umsg=70
WINDOWPOSCHANGING
After:hwnd=789224 umsg=70
WINDOWPOSCHANGING
mousemove button=1,shift=0,x=566,y=129
mousemove button=0,shift=0,x=560,y=122
mousemove button=0,shift=0,x=513,y=63
mousemove button=0,shift=0,x=500,y=43
mousemove button=0,shift=0,x=486,y=24
control+Enter pressed.
optimal bitdepth is 32 bits.
HandleControlEvent, Resize
mouseup button=0,shift=0,x=184,y=8
D:\%desktop%.txt
mouseup button=0,shift=0,x=184,y=8
D:\%desktop%.txt
mouseup button=0,shift=0,x=184,y=8
D:\%desktop%.txt
mouseup button=0,shift=0,x=184,y=8
D:\%desktop%.txt
mouseup button=0,shift=0,x=188,y=9
D:\%desktop%.txt
mousemove button=2,shift=0,x=188,y=27
mousemove button=0,shift=0,x=188,y=30
mousemove button=0,shift=0,x=188,y=32
mousemove button=0,shift=0,x=188,y=35
mousemove button=0,shift=0,x=188,y=37
mousemove button=0,shift=0,x=188,y=43
mousemove button=0,shift=0,x=188,y=44
mousemove button=0,shift=0,x=188,y=46
mousemove button=0,shift=0,x=188,y=49
mousemove button=0,shift=0,x=188,y=50
mousemove button=0,shift=0,x=188,y=52
mousemove button=0,shift=0,x=188,y=56
mousemove button=0,shift=0,x=188,y=58
mousemove button=0,shift=0,x=188,y=60
mousemove button=0,shift=0,x=188,y=62
mousemove button=0,shift=0,x=188,y=65
mousemove button=0,shift=0,x=188,y=66
mousemove button=0,shift=0,x=189,y=68
mousemove button=0,shift=0,x=189,y=69
mousemove button=0,shift=0,x=189,y=72
mousemove button=0,shift=0,x=189,y=76
mousemove button=0,shift=0,x=189,y=78
mousemove button=0,shift=0,x=189,y=81
mousemove button=0,shift=0,x=189,y=94
mousemove button=0,shift=0,x=190,y=95
mousemove button=0,shift=0,x=190,y=96
mousemove button=0,shift=0,x=188,y=96
mousemove button=0,shift=0,x=190,y=96
mousemove button=0,shift=0,x=190,y=96
mousemove button=0,shift=0,x=190,y=95
mousemove button=0,shift=0,x=190,y=94
mousemove button=0,shift=0,x=190,y=94
mousemove button=0,shift=0,x=189,y=97
mousemove button=0,shift=0,x=187,y=100
mousemove button=0,shift=0,x=184,y=110
mousemove button=0,shift=0,x=183,y=112
mousemove button=0,shift=0,x=182,y=115
mousemove button=0,shift=0,x=182,y=117
mousemove button=0,shift=0,x=181,y=120
mousemove button=0,shift=0,x=180,y=122
mousemove button=0,shift=0,x=180,y=125
mousemove button=0,shift=0,x=179,y=127
mousemove button=0,shift=0,x=178,y=128
mousemove button=0,shift=0,x=177,y=131
mousemove button=0,shift=0,x=175,y=137
mousemove button=0,shift=0,x=174,y=139
mousemove button=0,shift=0,x=171,y=145
mousemove button=0,shift=0,x=171,y=147
mousemove button=0,shift=0,x=169,y=149
mousemove button=0,shift=0,x=168,y=151
mousemove button=0,shift=0,x=167,y=153
mousemove button=0,shift=0,x=165,y=154
mousemove button=0,shift=0,x=164,y=156
mousemove button=0,shift=0,x=163,y=157
mousemove button=0,shift=0,x=163,y=158
mousemove button=0,shift=0,x=161,y=158
mousemove button=0,shift=0,x=161,y=159
mousemove button=0,shift=0,x=159,y=160
mousemove button=0,shift=0,x=154,y=161
mousemove button=0,shift=0,x=152,y=161
mousemove button=0,shift=0,x=151,y=161
mousemove button=0,shift=0,x=149,y=161
mousemove button=0,shift=0,x=148,y=160
mousemove button=0,shift=0,x=146,y=159
mousemove button=0,shift=0,x=145,y=159
mousemove button=0,shift=0,x=143,y=157
mousemove button=0,shift=0,x=141,y=156
mousemove button=0,shift=0,x=140,y=156
mousemove button=0,shift=0,x=135,y=154
mousemove button=0,shift=0,x=134,y=152
mousemove button=0,shift=0,x=131,y=151
mousemove button=0,shift=0,x=129,y=149
mousemove button=0,shift=0,x=128,y=148
mousemove button=0,shift=0,x=125,y=147
mousemove button=0,shift=0,x=122,y=145
mousemove button=0,shift=0,x=120,y=144
mousemove button=0,shift=0,x=118,y=143
mousemove button=0,shift=0,x=115,y=142
mousemove button=0,shift=0,x=114,y=141
mousemove button=0,shift=0,x=110,y=139
mousemove button=0,shift=0,x=109,y=139
mousemove button=0,shift=0,x=107,y=137
mousemove button=0,shift=0,x=106,y=137
mousemove button=0,shift=0,x=106,y=136
mousemove button=0,shift=0,x=105,y=136
mousemove button=0,shift=0,x=104,y=134
mousemove button=0,shift=0,x=104,y=133
mousemove button=0,shift=0,x=104,y=133
mousemove button=0,shift=0,x=104,y=132
mouseup button=2,shift=0,x=104,y=132
D:\erasegpuwork.txt
before show menu 471209291
Count of items is 18
ret=1
after show menu ID=0
mousemove button=1,shift=0,x=73,y=26
mousemove button=2,shift=0,x=77,y=36
mousemove button=0,shift=0,x=77,y=41
mousemove button=0,shift=0,x=78,y=45
mousemove button=0,shift=0,x=79,y=49
mousemove button=0,shift=0,x=81,y=54
mousemove button=0,shift=0,x=83,y=73
mousemove button=0,shift=0,x=83,y=77
mousemove button=0,shift=0,x=84,y=81
mousemove button=0,shift=0,x=84,y=84
mousemove button=0,shift=0,x=84,y=87
mousemove button=0,shift=0,x=85,y=90
mousemove button=0,shift=0,x=85,y=93
mousemove button=0,shift=0,x=85,y=96
mousemove button=0,shift=0,x=85,y=99
mousemove button=0,shift=0,x=86,y=102
mousemove button=0,shift=0,x=86,y=103
mousemove button=0,shift=0,x=86,y=105
mousemove button=0,shift=0,x=86,y=106
mousemove button=0,shift=0,x=86,y=107
mousemove button=0,shift=0,x=85,y=109
mousemove button=0,shift=0,x=84,y=110
mousemove button=0,shift=0,x=84,y=111
mousemove button=0,shift=0,x=83,y=113
mousemove button=0,shift=0,x=83,y=114
mousemove button=0,shift=0,x=82,y=115
mousemove button=0,shift=0,x=82,y=116
mousemove button=0,shift=0,x=82,y=118
mousemove button=0,shift=0,x=81,y=119
mousemove button=0,shift=0,x=81,y=120
mousemove button=0,shift=0,x=80,y=122
mousemove button=0,shift=0,x=80,y=124
mousemove button=0,shift=0,x=80,y=125
mousemove button=0,shift=0,x=80,y=126
mousemove button=0,shift=0,x=79,y=127
mousemove button=0,shift=0,x=79,y=131
mousemove button=0,shift=0,x=79,y=133
mousemove button=0,shift=0,x=79,y=133
mousemove button=0,shift=0,x=79,y=134
mousemove button=0,shift=0,x=79,y=136
mousemove button=0,shift=0,x=78,y=138
mousemove button=0,shift=0,x=78,y=140
mousemove button=0,shift=0,x=78,y=141
mousemove button=0,shift=0,x=78,y=143
mousemove button=0,shift=0,x=77,y=144
mousemove button=0,shift=0,x=76,y=145
mousemove button=0,shift=0,x=69,y=156
mousemove button=0,shift=0,x=56,y=173
mousemove button=0,shift=0,x=51,y=179
mousemove button=0,shift=0,x=37,y=196
mousemove button=0,shift=0,x=23,y=214
mousemove button=0,shift=0,x=9,y=229
After:hwnd=789224 umsg=70
WINDOWPOSCHANGING
mousemove button=1,shift=0,x=406,y=24
mousemove button=0,shift=0,x=407,y=24
mousemove button=0,shift=0,x=410,y=24
mousemove button=0,shift=0,x=412,y=25
mousemove button=0,shift=0,x=418,y=26
mousemove button=0,shift=0,x=421,y=28
mousemove button=0,shift=0,x=425,y=29
mousemove button=0,shift=0,x=431,y=30
mousemove button=0,shift=0,x=435,y=31
mousemove button=0,shift=0,x=439,y=33
mousemove button=0,shift=0,x=441,y=34
mousemove button=0,shift=0,x=447,y=36
mousemove button=0,shift=0,x=449,y=36
mousemove button=0,shift=0,x=451,y=36
mousemove button=0,shift=0,x=453,y=37
mousemove button=0,shift=0,x=454,y=37
mousemove button=0,shift=0,x=455,y=37
mousemove button=0,shift=0,x=458,y=38
mousemove button=0,shift=0,x=459,y=38
mousemove button=0,shift=0,x=463,y=38
mousemove button=0,shift=0,x=465,y=39
mousemove button=0,shift=0,x=468,y=39
mousemove button=0,shift=0,x=472,y=40
mousemove button=0,shift=0,x=476,y=42
mousemove button=0,shift=0,x=481,y=43
mousemove button=0,shift=0,x=486,y=43
mousemove button=0,shift=0,x=492,y=46
mousemove button=0,shift=0,x=498,y=47
mousemove button=0,shift=0,x=505,y=48
mousemove button=0,shift=0,x=512,y=50
mousemove button=0,shift=0,x=517,y=52
mousemove button=0,shift=0,x=531,y=56
mousemove button=0,shift=0,x=538,y=58
mousemove button=0,shift=0,x=546,y=60
mousemove button=0,shift=0,x=554,y=61
mousemove button=0,shift=0,x=561,y=63
mousemove button=0,shift=0,x=571,y=64
mousemove button=0,shift=0,x=580,y=65
mousemove button=0,shift=0,x=591,y=66
mousemove button=0,shift=0,x=616,y=69
mousemove button=0,shift=0,x=630,y=70
mousemove button=0,shift=0,x=636,y=70
mousemove button=0,shift=0,x=641,y=70
mousemove button=0,shift=0,x=644,y=70
mousemove button=0,shift=0,x=649,y=70
mousemove button=0,shift=0,x=651,y=69
mousemove button=0,shift=0,x=653,y=69
mousemove button=0,shift=0,x=654,y=69
mousemove button=0,shift=0,x=655,y=69
mousemove button=0,shift=0,x=657,y=69
mousemove button=0,shift=0,x=658,y=68
mousemove button=0,shift=0,x=659,y=68
mousemove button=0,shift=0,x=660,y=68
mousemove button=0,shift=0,x=660,y=68
mousemove button=0,shift=0,x=661,y=68
mousemove button=0,shift=0,x=663,y=68
mousemove button=0,shift=0,x=663,y=69
mousemove button=0,shift=0,x=666,y=70
mousemove button=0,shift=0,x=670,y=72
mousemove button=0,shift=0,x=671,y=73
mousemove button=0,shift=0,x=673,y=73
mousemove button=0,shift=0,x=675,y=74
mousemove button=0,shift=0,x=676,y=75
mousemove button=0,shift=0,x=679,y=75
mousemove button=0,shift=0,x=681,y=76
mousemove button=0,shift=0,x=689,y=78
mousemove button=0,shift=0,x=693,y=79
mousemove button=0,shift=0,x=697,y=81
mousemove button=0,shift=0,x=701,y=81
mousemove button=0,shift=0,x=704,y=81
mousemove button=0,shift=0,x=707,y=81
mousemove button=0,shift=0,x=715,y=81
mousemove button=0,shift=0,x=717,y=82
mousemove button=0,shift=0,x=722,y=82
mousemove button=0,shift=0,x=723,y=82
mousemove button=0,shift=0,x=726,y=83
mousemove button=0,shift=0,x=729,y=83
mousemove button=0,shift=0,x=731,y=83
mousemove button=0,shift=0,x=733,y=84
mousemove button=0,shift=0,x=734,y=84
mousemove button=0,shift=0,x=735,y=84
mousemove button=0,shift=0,x=736,y=84
mouseup button=2,shift=0,x=736,y=84
D:\defaultPerfLog.txt
before show menu 226039511
Count of items is 18
ret=1
after show menu ID=0
mouseup button=2,shift=0,x=736,y=84
D:\defaultPerfLog.txt
before show menu 226105047
Count of items is 18
ret=1
after show menu ID=0
mouseup button=2,shift=0,x=736,y=84
D:\defaultPerfLog.txt
before show menu -1847454527
Count of items is 18
ret=1
after show menu ID=0
mousemove button=2,shift=0,x=736,y=84
mousemove button=0,shift=0,x=736,y=84
mousemove button=0,shift=0,x=736,y=84
mousemove button=0,shift=0,x=735,y=85
mousemove button=0,shift=0,x=713,y=79
mousemove button=0,shift=0,x=694,y=73
mousemove button=0,shift=0,x=664,y=65
mousemove button=0,shift=0,x=650,y=60
mousemove button=0,shift=0,x=620,y=50
mousemove button=0,shift=0,x=578,y=33
buttondropdown FILE;MENU::FILE
HandleControlEvent, ButtonDropDown
setting menuimagelist to 171071488
New Control Instance Obtained:854722
HandleControlEvent, RequestNewInstance
BEFORESHOWMENU:FILE::SUBMENU
File::SUBMENU
beforeShowMenu end FILE::SUBMENU
HandleControlEvent, BeforeShowMenu
beforeshowmenu:FILE::SUBMENU
playing:C:\Users\BC_Programming\AppData\Roaming\BCSearch\Resource\Sound\SHOWMENU.WAV
HandleControlEvent, Resize
HandleControlEvent, Resize
HandleControlEvent, ButtonHighlight
HandleControlEvent, ButtonHighlight
HandleControlEvent, ButtonHighlight
HandleControlEvent, ButtonHighlight
HandleControlEvent, ButtonHighlight
HandleControlEvent, AfterShowMenu
Clicked: caption=&Exit key=FILE::EXIT TAG=FILE::EXIT
ButtonClick
Persisting Combo/List box- section = PersistProperties.cboLookin...
After:hwnd=789224 umsg=70
WINDOWPOSCHANGING
