BASeCamp CDebug Class Debug Log output.
log at 12/29/2009 on TERATRON as BC_Programming at 15:54.06
################################################################################
System Info for this session:
Environment variables:

ALLUSERSPROFILE=C:\ProgramData
APPDATA=C:\Users\BC_Programming\AppData\Roaming
CG_BOOST_ROOT=C:\Program Files (x86)\CodeGear\RAD Studio\6.0\include\boost_1_35
CommonProgramFiles=C:\Program Files (x86)\Common Files
CommonProgramFiles(x86)=C:\Program Files (x86)\Common Files
CommonProgramW6432=C:\Program Files\Common Files
COMPUTERNAME=TERATRON
ComSpec=C:\Windows\system32\cmd.exe
FP_NO_HOST_CHECK=NO
HOMEDRIVE=C:
HOMEPATH=\Users\BC_Programming
LOCALAPPDATA=C:\Users\BC_Programming\AppData\Local
LOGONSERVER=\\TERATRON
NUMBER_OF_PROCESSORS=4
OPENSSL_CONF=C:\OpenSSL\bin\openssl.cfg
OS=Windows_NT
Path=C:\Python\Scripts;C:\Python\;C:\Program Files (x86)\CodeGear\RAD Studio\6.0\bin;C:\Users\Public\Documents\RAD Studio\6.0\Bpl;C:\Perl\site\bin;C:\Perl\bin;C:\Windows\system32;C:\Windows;C:\Windows\System32\Wbem;C:\Windows\System32\WindowsPowerShell\v1.0\;c:\Program Files (x86)\Microsoft SQL Server\90\Tools\binn\;C:\Program Files (x86)\Microsoft Visual Studio 9.0\VC\bin;C:\Program Files (x86)\Common Files\microsoft shared\MSENV;C:\Program Files (x86)\Common Files\microsoft shared\VSA\9.0\VsaEnv;C:\PROGRA~2\Borland\Delphi6\Bin;C:\PROGRA~2\Borland\Delphi6\Projects\Bpl;C:\Program Files (x86)\Common Files\Autodesk Shared\;C:\Program Files (x86)\backburner 2\;C:\Users\BC_Programming\AppData\Roaming\Python\Scripts;C:\Windows\system32;C:\Windows;C:\Windows\System32\Wbem;C:\Windows\System32\WindowsPowerShell\v1.0\;c:\Program Files (x86)\Microsoft SQL Server\90\Tools\binn\;C:\Program Files (x86)\Microsoft Visual Studio 9.0\VC\bin;C:\Program Files (x86)\Common Files\microsoft shared\MSENV;C:\Program Files (x86)\Common Fi
PATHEXT=.COM;.EXE;.BAT;.CMD;.VBS;.VBE;.JS;.JSE;.WSF;.WSH;.MSC;.py;.pyw
PROCESSOR_ARCHITECTURE=x86
PROCESSOR_ARCHITEW6432=AMD64
PROCESSOR_IDENTIFIER=Intel64 Family 6 Model 23 Stepping 7, GenuineIntel
PROCESSOR_LEVEL=6
PROCESSOR_REVISION=1707
ProgramData=C:\ProgramData
ProgramFiles=C:\Program Files (x86)
ProgramFiles(x86)=C:\Program Files (x86)
ProgramW6432=C:\Program Files
PUBLIC=C:\Users\Public
SystemDrive=C:
SystemRoot=C:\Windows
TEMP=C:\Users\BC_PRO~1\AppData\Local\Temp
TMP=C:\Users\BC_PRO~1\AppData\Local\Temp
USERDOMAIN=TERATRON
USERNAME=BC_Programming
USERPROFILE=C:\Users\BC_Programming
VS90COMNTOOLS=C:\Program Files (x86)\Microsoft Visual Studio 9.0\Common7\Tools\
windir=C:\Windows
__COMPAT_LAYER=RunAsAdmin RunAsAdmin 


################################################################################
***************BEGIN LOG*******************
After:hwnd=985382 umsg=70
WINDOWPOSCHANGING
After:hwnd=985382 umsg=70
WINDOWPOSCHANGING
After:hwnd=985382 umsg=70
WINDOWPOSCHANGING
XML load successful in CXMLLoader::LoadXML
optimal bitdepth is 32 bits.
unrecognized NodeName for commandbar load:SCRIPTS
unrecognized NodeName for commandbar load:
unrecognized NodeName for commandbar load:IMAGELIST
unrecognized NodeName for commandbar load:IMAGELIST
DefClick=C:\Users\BC_Programming\AppData\Roaming\BCSearch\Resource\Sound\CLICK.WAV
Click=C:\Users\BC_Programming\AppData\Roaming\BCSearch\Resource\Sound\CLICK.WAV
picindex=8
Click=C:\Users\BC_Programming\AppData\Roaming\BCSearch\Resource\Sound\CLICK.WAV
picindex=13
Click=C:\Users\BC_Programming\AppData\Roaming\BCSearch\Resource\Sound\CLICK.WAV
picindex=-1
Click=C:\Users\BC_Programming\AppData\Roaming\BCSearch\Resource\Sound\CLICK.WAV
picindex=15
Click=C:\Users\BC_Programming\AppData\Roaming\BCSearch\Resource\Sound\CLICK.WAV
picindex=14
Click=C:\Users\BC_Programming\AppData\Roaming\BCSearch\Resource\Sound\CLICK.WAV
picindex=16
Click=C:\Users\BC_Programming\AppData\Roaming\BCSearch\Resource\Sound\CLICK.WAV
picindex=13
Click=C:\Users\BC_Programming\AppData\Roaming\BCSearch\Resource\Sound\CLICK.WAV
picindex=-1
Click=C:\Users\BC_Programming\AppData\Roaming\BCSearch\Resource\Sound\CLICK.WAV
picindex=17
Click=C:\Users\BC_Programming\AppData\Roaming\BCSearch\Resource\Sound\CLICK.WAV
picindex=11
HandleControlEvent, Resize
DefClick=C:\Users\BC_Programming\AppData\Roaming\BCSearch\Resource\Sound\CLICK.WAV
Click=C:\Users\BC_Programming\AppData\Roaming\BCSearch\Resource\Sound\CLICK.WAV
picindex=18
Click=C:\Users\BC_Programming\AppData\Roaming\BCSearch\Resource\Sound\CLICK.WAV
picindex=20
Click=C:\Users\BC_Programming\AppData\Roaming\BCSearch\Resource\Sound\CLICK.WAV
picindex=-1
Click=C:\Users\BC_Programming\AppData\Roaming\BCSearch\Resource\Sound\CLICK.WAV
picindex=7
Click=C:\Users\BC_Programming\AppData\Roaming\BCSearch\Resource\Sound\CLICK.WAV
picindex=-1
DefClick=C:\Users\BC_Programming\AppData\Roaming\BCSearch\Resource\Sound\CLICK.WAV
Click=C:\Users\BC_Programming\AppData\Roaming\BCSearch\Resource\Sound\CLICK.WAV
picindex=5
Click=C:\Users\BC_Programming\AppData\Roaming\BCSearch\Resource\Sound\CLICK.WAV
picindex=6
Click=C:\Users\BC_Programming\AppData\Roaming\BCSearch\Resource\Sound\CLICK.WAV
picindex=-1
Click=C:\Users\BC_Programming\AppData\Roaming\BCSearch\Resource\Sound\CLICK.WAV
picindex=-1
Click=C:\Users\BC_Programming\AppData\Roaming\BCSearch\Resource\Sound\CLICK.WAV
picindex=-1
Click=C:\Users\BC_Programming\AppData\Roaming\BCSearch\Resource\Sound\CLICK.WAV
picindex=-1
Click=C:\Users\BC_Programming\AppData\Roaming\BCSearch\Resource\Sound\CLICK.WAV
picindex=-1
Click=C:\Users\BC_Programming\AppData\Roaming\BCSearch\Resource\Sound\CLICK.WAV
picindex=-1
Click=C:\Users\BC_Programming\AppData\Roaming\BCSearch\Resource\Sound\CLICK.WAV
picindex=-1
DefClick=
Click=
picindex=2
Click=
picindex=-1
Click=
picindex=-1
DefClick=C:\Users\BC_Programming\AppData\Roaming\BCSearch\Resource\Sound\CLICK.WAV
Click=C:\Users\BC_Programming\AppData\Roaming\BCSearch\Resource\Sound\CLICK.WAV
picindex=-1
Click=C:\Users\BC_Programming\AppData\Roaming\BCSearch\Resource\Sound\CLICK.WAV
picindex=-1
Click=C:\Users\BC_Programming\AppData\Roaming\BCSearch\Resource\Sound\CLICK.WAV
picindex=-1
Click=C:\Users\BC_Programming\AppData\Roaming\BCSearch\Resource\Sound\CLICK.WAV
picindex=-1
Click=C:\Users\BC_Programming\AppData\Roaming\BCSearch\Resource\Sound\CLICK.WAV
picindex=1
Click=C:\Users\BC_Programming\AppData\Roaming\BCSearch\Resource\Sound\CLICK.WAV
picindex=-1
Click=C:\Users\BC_Programming\AppData\Roaming\BCSearch\Resource\Sound\CLICK.WAV
picindex=-1
Click=C:\Users\BC_Programming\AppData\Roaming\BCSearch\Resource\Sound\CLICK.WAV
picindex=-1
Click=C:\Users\BC_Programming\AppData\Roaming\BCSearch\Resource\Sound\CLICK.WAV
picindex=-1
Click=C:\Users\BC_Programming\AppData\Roaming\BCSearch\Resource\Sound\CLICK.WAV
picindex=-1
Click=C:\Users\BC_Programming\AppData\Roaming\BCSearch\Resource\Sound\CLICK.WAV
picindex=11
Click=C:\Users\BC_Programming\AppData\Roaming\BCSearch\Resource\Sound\CLICK.WAV
picindex=12
Click=C:\Users\BC_Programming\AppData\Roaming\BCSearch\Resource\Sound\CLICK.WAV
picindex=-1
Click=C:\Users\BC_Programming\AppData\Roaming\BCSearch\Resource\Sound\CLICK.WAV
picindex=-1
Click=C:\Users\BC_Programming\AppData\Roaming\BCSearch\Resource\Sound\CLICK.WAV
picindex=10
Click=C:\Users\BC_Programming\AppData\Roaming\BCSearch\Resource\Sound\CLICK.WAV
picindex=9
HandleControlEvent, Resize
unrecognized NodeName for commandbar load:TOOLBAR
setting toolbarimagelist(1)...
setting toolbarimagelist(2)...
After:hwnd=985382 umsg=36
After:hwnd=985382 umsg=70
WINDOWPOSCHANGING
HandleControlEvent, Resize
HandleControlEvent, Resize
After:hwnd=985382 umsg=36
After:hwnd=985382 umsg=70
WINDOWPOSCHANGING
Loading Combo/List box- section = PersistProperties.cboLookin...
not duplicating List item.
1
Loading Combo/List box- section = PersistProperties.cboFilter...
After:hwnd=985382 umsg=70
WINDOWPOSCHANGING
After:hwnd=985382 umsg=70
WINDOWPOSCHANGING

not duplicating List item.
Change
Change
Change
Change
Change
Change
Change
Change
0
0
Change
Change
Change
Change
Change
Change
Change
Change
0
0
Persisting Combo/List box- section = PersistProperties.cboSizesuffix.1...
Persisting Combo/List box- section = PersistProperties.cboSizesuffix.0...
Persisting Combo/List box- section = PersistProperties.cboOperation...
Persisting Combo/List box- section = PersistProperties.cboFilter...
Persisting Combo/List box- section = PersistProperties.cboADSThanMultiplier.1...
Persisting Combo/List box- section = PersistProperties.cboADSThanMultiplier.0...
After:hwnd=985382 umsg=70
WINDOWPOSCHANGING
After:hwnd=985382 umsg=70
WINDOWPOSCHANGING
optimal bitdepth is 32 bits.
HandleControlEvent, Resize
mouseup button=2,shift=0,x=3,y=26
C:\eula.1028.txt
mouseup button=2,shift=0,x=3,y=26
C:\eula.1028.txt
mousemove button=1,shift=0,x=3,y=26
mousemove button=0,shift=0,x=3,y=26
mousemove button=0,shift=0,x=3,y=24
mousemove button=0,shift=0,x=6,y=24
mousemove button=0,shift=0,x=21,y=24
mousemove button=0,shift=0,x=22,y=24
mousemove button=0,shift=0,x=23,y=24
mousemove button=0,shift=0,x=25,y=24
mousemove button=0,shift=0,x=25,y=25
mousemove button=0,shift=0,x=26,y=25
mousemove button=0,shift=0,x=28,y=25
mousemove button=0,shift=0,x=30,y=25
mousemove button=0,shift=0,x=31,y=25
mousemove button=0,shift=0,x=31,y=25
mousemove button=0,shift=0,x=32,y=25
mousemove button=0,shift=0,x=34,y=25
mousemove button=0,shift=0,x=35,y=25
mousemove button=0,shift=0,x=36,y=25
mousemove button=0,shift=0,x=36,y=26
mousemove button=0,shift=0,x=35,y=26
mousemove button=0,shift=0,x=34,y=28
mousemove button=0,shift=0,x=33,y=28
mousemove button=0,shift=0,x=33,y=29
mousemove button=0,shift=0,x=32,y=29
mousemove button=0,shift=0,x=31,y=30
mousemove button=0,shift=0,x=31,y=31
mousemove button=0,shift=0,x=30,y=32
mousemove button=0,shift=0,x=30,y=33
mousemove button=0,shift=0,x=30,y=34
mousemove button=0,shift=0,x=30,y=36
mousemove button=0,shift=0,x=30,y=37
mousemove button=0,shift=0,x=31,y=39
mousemove button=0,shift=0,x=32,y=40
mousemove button=0,shift=0,x=33,y=40
mousemove button=0,shift=0,x=34,y=40
mousemove button=0,shift=0,x=35,y=40
mousemove button=0,shift=0,x=36,y=40
mousemove button=0,shift=0,x=37,y=40
mousemove button=0,shift=0,x=38,y=40
mousemove button=0,shift=0,x=39,y=38
mousemove button=0,shift=0,x=39,y=38
mousemove button=0,shift=0,x=42,y=36
mousemove button=0,shift=0,x=43,y=34
mousemove button=0,shift=0,x=45,y=31
mousemove button=0,shift=0,x=48,y=26
buttondropdown POPUP::COPYCLIP;POPUP::COPYCLIP
HandleControlEvent, ButtonDropDown
setting menuimagelist to 171401440
New Control Instance Obtained:525678
HandleControlEvent, RequestNewInstance
BEFORESHOWMENU:POPUP::COPYCLIP::SUBMENU
beforeShowMenu end POPUP::COPYCLIP::SUBMENU
HandleControlEvent, BeforeShowMenu
beforeshowmenu:POPUP::COPYCLIP::SUBMENU
playing:C:\Users\BC_Programming\AppData\Roaming\BCSearch\Resource\Sound\SHOWMENU.WAV
HandleControlEvent, Resize
HandleControlEvent, Resize
HandleControlEvent, ButtonHighlight
HandleControlEvent, ButtonHighlight
HandleControlEvent, ButtonHighlight
HandleControlEvent, ButtonHighlight
HandleControlEvent, ButtonHighlight
HandleControlEvent, ButtonHighlight
HandleControlEvent, ButtonHighlight
HandleControlEvent, ButtonHighlight
HandleControlEvent, ButtonHighlight
HandleControlEvent, ButtonHighlight
HandleControlEvent, ButtonHighlight
HandleControlEvent, ButtonHighlight
HandleControlEvent, ButtonHighlight
HandleControlEvent, ButtonHighlight
HandleControlEvent, AfterShowMenu
Clicked: caption=Size key=COPYCLIP::COLUMN::SIZE TAG=
ButtonClick
HandleControlEvent, ButtonClick
mousemove button=1,shift=0,x=140,y=279
mousemove button=0,shift=0,x=140,y=278
mousemove button=0,shift=0,x=140,y=275
mousemove button=0,shift=0,x=138,y=269
mousemove button=0,shift=0,x=138,y=269
mousemove button=0,shift=0,x=133,y=253
mousemove button=0,shift=0,x=131,y=243
mousemove button=0,shift=0,x=126,y=234
mousemove button=0,shift=0,x=123,y=223
mousemove button=0,shift=0,x=120,y=209
mousemove button=0,shift=0,x=115,y=195
mousemove button=0,shift=0,x=110,y=176
mousemove button=0,shift=0,x=106,y=160
mousemove button=0,shift=0,x=103,y=148
mousemove button=0,shift=0,x=99,y=129
mousemove button=0,shift=0,x=93,y=107
mousemove button=0,shift=0,x=89,y=91
mousemove button=0,shift=0,x=87,y=78
mousemove button=0,shift=0,x=86,y=71
mousemove button=0,shift=0,x=85,y=54
mousemove button=0,shift=0,x=84,y=51
mousemove button=0,shift=0,x=84,y=47
mousemove button=0,shift=0,x=85,y=45
mousemove button=0,shift=0,x=86,y=43
mousemove button=0,shift=0,x=87,y=41
mousemove button=0,shift=0,x=87,y=39
mousemove button=0,shift=0,x=87,y=38
mousemove button=0,shift=0,x=88,y=36
mousemove button=0,shift=0,x=89,y=34
mousemove button=0,shift=0,x=89,y=33
mousemove button=0,shift=0,x=89,y=32
mousemove button=0,shift=0,x=89,y=31
mousemove button=0,shift=0,x=89,y=30
mousemove button=0,shift=0,x=88,y=29
mousemove button=0,shift=0,x=87,y=28
mousemove button=0,shift=0,x=81,y=24
buttondropdown FILE;MENU::FILE
HandleControlEvent, ButtonDropDown
BEFORESHOWMENU:FILE::SUBMENU
File::SUBMENU
beforeShowMenu end FILE::SUBMENU
HandleControlEvent, BeforeShowMenu
beforeshowmenu:FILE::SUBMENU
playing:C:\Users\BC_Programming\AppData\Roaming\BCSearch\Resource\Sound\SHOWMENU.WAV
HandleControlEvent, Resize
HandleControlEvent, Resize
HandleControlEvent, ButtonHighlight
HandleControlEvent, ButtonHighlight
HandleControlEvent, ButtonHighlight
HandleControlEvent, ButtonHighlight
HandleControlEvent, ButtonHighlight
HandleControlEvent, ButtonHighlight
HandleControlEvent, AfterShowMenu
Clicked: caption=&Exit key=FILE::EXIT TAG=FILE::EXIT
ButtonClick
Persisting Combo/List box- section = PersistProperties.cboLookin...
After:hwnd=985382 umsg=70
WINDOWPOSCHANGING
