BASeCamp CDebug Class Debug Log output.
log at 12/29/2009 on TERATRON as BC_Programming at 12:03.07
################################################################################
System Info for this session:
Environment variables:

ALLUSERSPROFILE=C:\ProgramData
APPDATA=C:\Users\BC_Programming\AppData\Roaming
CG_BOOST_ROOT=C:\Program Files (x86)\CodeGear\RAD Studio\6.0\include\boost_1_35
CommonProgramFiles=C:\Program Files (x86)\Common Files
CommonProgramFiles(x86)=C:\Program Files (x86)\Common Files
CommonProgramW6432=C:\Program Files\Common Files
COMPUTERNAME=TERATRON
ComSpec=C:\Windows\system32\cmd.exe
FP_NO_HOST_CHECK=NO
HOMEDRIVE=C:
HOMEPATH=\Users\BC_Programming
LOCALAPPDATA=C:\Users\BC_Programming\AppData\Local
LOGONSERVER=\\TERATRON
NUMBER_OF_PROCESSORS=4
OPENSSL_CONF=C:\OpenSSL\bin\openssl.cfg
OS=Windows_NT
Path=C:\Python\Scripts;C:\Python\;C:\Program Files (x86)\CodeGear\RAD Studio\6.0\bin;C:\Users\Public\Documents\RAD Studio\6.0\Bpl;C:\Perl\site\bin;C:\Perl\bin;C:\Windows\system32;C:\Windows;C:\Windows\System32\Wbem;C:\Windows\System32\WindowsPowerShell\v1.0\;c:\Program Files (x86)\Microsoft SQL Server\90\Tools\binn\;C:\Program Files (x86)\Microsoft Visual Studio 9.0\VC\bin;C:\Program Files (x86)\Common Files\microsoft shared\MSENV;C:\Program Files (x86)\Common Files\microsoft shared\VSA\9.0\VsaEnv;C:\PROGRA~2\Borland\Delphi6\Bin;C:\PROGRA~2\Borland\Delphi6\Projects\Bpl;C:\Program Files (x86)\Common Files\Autodesk Shared\;C:\Program Files (x86)\backburner 2\;C:\Users\BC_Programming\AppData\Roaming\Python\Scripts;C:\Windows\system32;C:\Windows;C:\Windows\System32\Wbem;C:\Windows\System32\WindowsPowerShell\v1.0\;c:\Program Files (x86)\Microsoft SQL Server\90\Tools\binn\;C:\Program Files (x86)\Microsoft Visual Studio 9.0\VC\bin;C:\Program Files (x86)\Common Files\microsoft shared\MSENV;C:\Program Files (x86)\Common Fi
PATHEXT=.COM;.EXE;.BAT;.CMD;.VBS;.VBE;.JS;.JSE;.WSF;.WSH;.MSC;.py;.pyw
PROCESSOR_ARCHITECTURE=x86
PROCESSOR_ARCHITEW6432=AMD64
PROCESSOR_IDENTIFIER=Intel64 Family 6 Model 23 Stepping 7, GenuineIntel
PROCESSOR_LEVEL=6
PROCESSOR_REVISION=1707
ProgramData=C:\ProgramData
ProgramFiles=C:\Program Files (x86)
ProgramFiles(x86)=C:\Program Files (x86)
ProgramW6432=C:\Program Files
PUBLIC=C:\Users\Public
SystemDrive=C:
SystemRoot=C:\Windows
TEMP=C:\Users\BC_PRO~1\AppData\Local\Temp
TMP=C:\Users\BC_PRO~1\AppData\Local\Temp
USERDOMAIN=TERATRON
USERNAME=BC_Programming
USERPROFILE=C:\Users\BC_Programming
VS90COMNTOOLS=C:\Program Files (x86)\Microsoft Visual Studio 9.0\Common7\Tools\
windir=C:\Windows
__COMPAT_LAYER=RunAsAdmin RunAsAdmin 


################################################################################
***************BEGIN LOG*******************
After:hwnd=1316596 umsg=70
WINDOWPOSCHANGING
After:hwnd=1316596 umsg=70
WINDOWPOSCHANGING
After:hwnd=1316596 umsg=70
WINDOWPOSCHANGING
After:hwnd=1316596 umsg=70
WINDOWPOSCHANGING
XML load successful in CXMLLoader::LoadXML
optimal bitdepth is 32 bits.
unrecognized NodeName for commandbar load:SCRIPTS
unrecognized NodeName for commandbar load:
unrecognized NodeName for commandbar load:IMAGELIST
unrecognized NodeName for commandbar load:IMAGELIST
DefClick=C:\Users\BC_Programming\AppData\Roaming\BCSearch\Resource\Sound\CLICK.WAV
Click=C:\Users\BC_Programming\AppData\Roaming\BCSearch\Resource\Sound\CLICK.WAV
picindex=8
Click=C:\Users\BC_Programming\AppData\Roaming\BCSearch\Resource\Sound\CLICK.WAV
picindex=13
Click=C:\Users\BC_Programming\AppData\Roaming\BCSearch\Resource\Sound\CLICK.WAV
picindex=-1
Click=C:\Users\BC_Programming\AppData\Roaming\BCSearch\Resource\Sound\CLICK.WAV
picindex=15
Click=C:\Users\BC_Programming\AppData\Roaming\BCSearch\Resource\Sound\CLICK.WAV
picindex=14
Click=C:\Users\BC_Programming\AppData\Roaming\BCSearch\Resource\Sound\CLICK.WAV
picindex=16
Click=C:\Users\BC_Programming\AppData\Roaming\BCSearch\Resource\Sound\CLICK.WAV
picindex=13
Click=C:\Users\BC_Programming\AppData\Roaming\BCSearch\Resource\Sound\CLICK.WAV
picindex=-1
Click=C:\Users\BC_Programming\AppData\Roaming\BCSearch\Resource\Sound\CLICK.WAV
picindex=17
Click=C:\Users\BC_Programming\AppData\Roaming\BCSearch\Resource\Sound\CLICK.WAV
picindex=11
HandleControlEvent, Resize
DefClick=C:\Users\BC_Programming\AppData\Roaming\BCSearch\Resource\Sound\CLICK.WAV
Click=C:\Users\BC_Programming\AppData\Roaming\BCSearch\Resource\Sound\CLICK.WAV
picindex=18
Click=C:\Users\BC_Programming\AppData\Roaming\BCSearch\Resource\Sound\CLICK.WAV
picindex=20
Click=C:\Users\BC_Programming\AppData\Roaming\BCSearch\Resource\Sound\CLICK.WAV
picindex=-1
DefClick=C:\Users\BC_Programming\AppData\Roaming\BCSearch\Resource\Sound\CLICK.WAV
Click=C:\Users\BC_Programming\AppData\Roaming\BCSearch\Resource\Sound\CLICK.WAV
picindex=5
Click=C:\Users\BC_Programming\AppData\Roaming\BCSearch\Resource\Sound\CLICK.WAV
picindex=6
Click=C:\Users\BC_Programming\AppData\Roaming\BCSearch\Resource\Sound\CLICK.WAV
picindex=-1
Click=C:\Users\BC_Programming\AppData\Roaming\BCSearch\Resource\Sound\CLICK.WAV
picindex=-1
Click=C:\Users\BC_Programming\AppData\Roaming\BCSearch\Resource\Sound\CLICK.WAV
picindex=-1
Click=C:\Users\BC_Programming\AppData\Roaming\BCSearch\Resource\Sound\CLICK.WAV
picindex=-1
Click=C:\Users\BC_Programming\AppData\Roaming\BCSearch\Resource\Sound\CLICK.WAV
picindex=-1
Click=C:\Users\BC_Programming\AppData\Roaming\BCSearch\Resource\Sound\CLICK.WAV
picindex=-1
Click=C:\Users\BC_Programming\AppData\Roaming\BCSearch\Resource\Sound\CLICK.WAV
picindex=-1
Click=C:\Users\BC_Programming\AppData\Roaming\BCSearch\Resource\Sound\CLICK.WAV
picindex=-1
Click=C:\Users\BC_Programming\AppData\Roaming\BCSearch\Resource\Sound\CLICK.WAV
picindex=-1
DefClick=
Click=
picindex=2
Click=
picindex=-1
Click=
picindex=-1
DefClick=C:\Users\BC_Programming\AppData\Roaming\BCSearch\Resource\Sound\CLICK.WAV
Click=C:\Users\BC_Programming\AppData\Roaming\BCSearch\Resource\Sound\CLICK.WAV
picindex=-1
Click=C:\Users\BC_Programming\AppData\Roaming\BCSearch\Resource\Sound\CLICK.WAV
picindex=-1
Click=C:\Users\BC_Programming\AppData\Roaming\BCSearch\Resource\Sound\CLICK.WAV
picindex=-1
Click=C:\Users\BC_Programming\AppData\Roaming\BCSearch\Resource\Sound\CLICK.WAV
picindex=-1
Click=C:\Users\BC_Programming\AppData\Roaming\BCSearch\Resource\Sound\CLICK.WAV
picindex=1
Click=C:\Users\BC_Programming\AppData\Roaming\BCSearch\Resource\Sound\CLICK.WAV
picindex=-1
Click=C:\Users\BC_Programming\AppData\Roaming\BCSearch\Resource\Sound\CLICK.WAV
picindex=-1
Click=C:\Users\BC_Programming\AppData\Roaming\BCSearch\Resource\Sound\CLICK.WAV
picindex=-1
Click=C:\Users\BC_Programming\AppData\Roaming\BCSearch\Resource\Sound\CLICK.WAV
picindex=-1
Click=C:\Users\BC_Programming\AppData\Roaming\BCSearch\Resource\Sound\CLICK.WAV
picindex=-1
Click=C:\Users\BC_Programming\AppData\Roaming\BCSearch\Resource\Sound\CLICK.WAV
picindex=11
Click=C:\Users\BC_Programming\AppData\Roaming\BCSearch\Resource\Sound\CLICK.WAV
picindex=12
Click=C:\Users\BC_Programming\AppData\Roaming\BCSearch\Resource\Sound\CLICK.WAV
picindex=-1
Click=C:\Users\BC_Programming\AppData\Roaming\BCSearch\Resource\Sound\CLICK.WAV
picindex=-1
Click=C:\Users\BC_Programming\AppData\Roaming\BCSearch\Resource\Sound\CLICK.WAV
picindex=10
Click=C:\Users\BC_Programming\AppData\Roaming\BCSearch\Resource\Sound\CLICK.WAV
picindex=9
HandleControlEvent, Resize
unrecognized NodeName for commandbar load:TOOLBAR
setting toolbarimagelist(1)...
setting toolbarimagelist(2)...
After:hwnd=1316596 umsg=36
After:hwnd=1316596 umsg=70
WINDOWPOSCHANGING
HandleControlEvent, Resize
HandleControlEvent, Resize
After:hwnd=1316596 umsg=36
After:hwnd=1316596 umsg=70
WINDOWPOSCHANGING
Loading Combo/List box- section = PersistProperties.cboLookin...
After:hwnd=1316596 umsg=70
WINDOWPOSCHANGING
not duplicating List item.
1
Loading Combo/List box- section = PersistProperties.cboFilter...
After:hwnd=1316596 umsg=70
WINDOWPOSCHANGING
After:hwnd=1316596 umsg=70
WINDOWPOSCHANGING

not duplicating List item.
Change
Change
Change
Change
Change
Change
Change
Change
0
0
Change
Change
Change
Change
Change
Change
Change
Change
0
0
Persisting Combo/List box- section = PersistProperties.cboSizesuffix.1...
Persisting Combo/List box- section = PersistProperties.cboSizesuffix.0...
Persisting Combo/List box- section = PersistProperties.cboOperation...
Persisting Combo/List box- section = PersistProperties.cboFilter...
Persisting Combo/List box- section = PersistProperties.cboADSThanMultiplier.1...
Persisting Combo/List box- section = PersistProperties.cboADSThanMultiplier.0...
After:hwnd=1316596 umsg=70
WINDOWPOSCHANGING
After:hwnd=1316596 umsg=70
WINDOWPOSCHANGING
mousemove button=1,shift=0,x=664,y=133
mousemove button=0,shift=0,x=668,y=112
mousemove button=0,shift=0,x=672,y=91
mousemove button=0,shift=0,x=677,y=65
mousemove button=0,shift=0,x=678,y=52
mousemove button=0,shift=0,x=682,y=34
optimal bitdepth is 32 bits.
HandleControlEvent, Resize
mousemove button=0,shift=0,x=194,y=26
mousemove button=0,shift=0,x=189,y=26
mousemove button=0,shift=0,x=182,y=28
mousemove button=0,shift=0,x=177,y=28
mousemove button=0,shift=0,x=173,y=29
mousemove button=0,shift=0,x=170,y=31
mousemove button=0,shift=0,x=160,y=32
mousemove button=0,shift=0,x=159,y=32
mousemove button=0,shift=0,x=159,y=31
mousemove button=0,shift=0,x=159,y=30
mousemove button=0,shift=0,x=159,y=28
mousemove button=0,shift=0,x=158,y=27
mousemove button=0,shift=0,x=158,y=24
mouseup button=0,shift=0,x=157,y=13
D:\%desktop%.txt
mouseup button=0,shift=0,x=157,y=13
D:\%desktop%.txt
mouseup button=0,shift=0,x=157,y=13
D:\%desktop%.txt
mouseup button=0,shift=0,x=157,y=13
D:\%desktop%.txt
mouseup button=0,shift=0,x=157,y=13
D:\%desktop%.txt
mouseup button=0,shift=0,x=157,y=13
D:\%desktop%.txt
mouseup button=0,shift=0,x=157,y=13
D:\%desktop%.txt
mouseup button=0,shift=0,x=157,y=13
D:\%desktop%.txt
mouseup button=0,shift=0,x=157,y=13
D:\%desktop%.txt
mouseup button=0,shift=0,x=157,y=13
D:\%desktop%.txt
mouseup button=0,shift=0,x=157,y=13
D:\%desktop%.txt
mouseup button=0,shift=0,x=157,y=13
D:\%desktop%.txt
mouseup button=0,shift=0,x=157,y=13
D:\%desktop%.txt
mouseup button=0,shift=0,x=157,y=13
D:\%desktop%.txt
mouseup button=0,shift=0,x=157,y=13
D:\%desktop%.txt
mouseup button=0,shift=0,x=157,y=13
D:\%desktop%.txt
mouseup button=0,shift=0,x=157,y=13
D:\%desktop%.txt
mouseup button=0,shift=0,x=157,y=13
D:\%desktop%.txt
mouseup button=0,shift=0,x=157,y=13
D:\%desktop%.txt
mouseup button=0,shift=0,x=157,y=13
D:\%desktop%.txt
mouseup button=0,shift=0,x=157,y=13
D:\%desktop%.txt
mouseup button=0,shift=0,x=157,y=13
D:\%desktop%.txt
mouseup button=0,shift=0,x=157,y=13
D:\%desktop%.txt
mouseup button=0,shift=0,x=157,y=13
D:\%desktop%.txt
mouseup button=0,shift=0,x=157,y=13
D:\%desktop%.txt
mouseup button=0,shift=0,x=157,y=13
D:\%desktop%.txt
mouseup button=0,shift=0,x=157,y=13
D:\%desktop%.txt
mouseup button=0,shift=0,x=157,y=13
D:\%desktop%.txt
After:hwnd=1316596 umsg=70
WINDOWPOSCHANGING
mousemove button=1,shift=0,x=111,y=38
mousemove button=2,shift=0,x=122,y=43
mousemove button=0,shift=0,x=148,y=54
mousemove button=0,shift=0,x=155,y=56
mousemove button=0,shift=0,x=159,y=57
mousemove button=0,shift=0,x=165,y=59
mousemove button=0,shift=0,x=168,y=60
mousemove button=0,shift=0,x=171,y=61
mousemove button=0,shift=0,x=173,y=61
mousemove button=0,shift=0,x=175,y=62
mousemove button=0,shift=0,x=175,y=63
mousemove button=0,shift=0,x=176,y=63
mousemove button=0,shift=0,x=177,y=61
mousemove button=0,shift=0,x=178,y=60
mousemove button=0,shift=0,x=178,y=60
mousemove button=0,shift=0,x=179,y=58
mousemove button=0,shift=0,x=179,y=56
mousemove button=0,shift=0,x=179,y=55
mousemove button=0,shift=0,x=179,y=54
mousemove button=0,shift=0,x=179,y=53
mousemove button=0,shift=0,x=178,y=51
mousemove button=0,shift=0,x=178,y=50
mousemove button=0,shift=0,x=178,y=48
mousemove button=0,shift=0,x=178,y=46
mousemove button=0,shift=0,x=178,y=45
mousemove button=0,shift=0,x=178,y=44
mousemove button=0,shift=0,x=177,y=43
mousemove button=0,shift=0,x=177,y=42
mousemove button=0,shift=0,x=177,y=41
mousemove button=0,shift=0,x=177,y=38
mousemove button=0,shift=0,x=177,y=36
mousemove button=0,shift=0,x=178,y=34
mousemove button=0,shift=0,x=178,y=33
mousemove button=0,shift=0,x=178,y=32
mousemove button=0,shift=0,x=178,y=30
mousemove button=0,shift=0,x=179,y=26
mousemove button=0,shift=0,x=179,y=25
mouseup button=0,shift=0,x=180,y=8
D:\%desktop%.txt
mouseup button=0,shift=0,x=180,y=8
D:\%desktop%.txt
mouseup button=0,shift=0,x=180,y=8
D:\%desktop%.txt
mouseup button=0,shift=0,x=180,y=8
D:\%desktop%.txt
mouseup button=0,shift=0,x=180,y=8
D:\%desktop%.txt
mouseup button=0,shift=0,x=180,y=8
D:\%desktop%.txt
mouseup button=0,shift=0,x=180,y=8
D:\%desktop%.txt
After:hwnd=1316596 umsg=70
WINDOWPOSCHANGING
After:hwnd=1316596 umsg=70
WINDOWPOSCHANGING
After:hwnd=1316596 umsg=70
WINDOWPOSCHANGING
After:hwnd=1316596 umsg=70
WINDOWPOSCHANGING
After:hwnd=1316596 umsg=70
WINDOWPOSCHANGING
After:hwnd=1316596 umsg=70
WINDOWPOSCHANGING
After:hwnd=1316596 umsg=70
WINDOWPOSCHANGING
After:hwnd=1316596 umsg=70
WINDOWPOSCHANGING
After:hwnd=1316596 umsg=70
WINDOWPOSCHANGING
After:hwnd=1316596 umsg=70
WINDOWPOSCHANGING
After:hwnd=1316596 umsg=70
WINDOWPOSCHANGING
After:hwnd=1316596 umsg=70
WINDOWPOSCHANGING
After:hwnd=1316596 umsg=70
WINDOWPOSCHANGING
After:hwnd=1316596 umsg=70
WINDOWPOSCHANGING
After:hwnd=1316596 umsg=70
WINDOWPOSCHANGING
After:hwnd=1316596 umsg=70
WINDOWPOSCHANGING
After:hwnd=1316596 umsg=70
WINDOWPOSCHANGING
After:hwnd=1316596 umsg=70
WINDOWPOSCHANGING
After:hwnd=1316596 umsg=70
WINDOWPOSCHANGING
After:hwnd=1316596 umsg=70
WINDOWPOSCHANGING
After:hwnd=1316596 umsg=70
WINDOWPOSCHANGING
After:hwnd=1316596 umsg=70
WINDOWPOSCHANGING
After:hwnd=1316596 umsg=70
WINDOWPOSCHANGING
After:hwnd=1316596 umsg=70
WINDOWPOSCHANGING
After:hwnd=1316596 umsg=70
WINDOWPOSCHANGING
After:hwnd=1316596 umsg=70
WINDOWPOSCHANGING
After:hwnd=1316596 umsg=70
WINDOWPOSCHANGING
After:hwnd=1316596 umsg=70
WINDOWPOSCHANGING
After:hwnd=1316596 umsg=70
WINDOWPOSCHANGING
After:hwnd=1316596 umsg=70
WINDOWPOSCHANGING
After:hwnd=1316596 umsg=70
WINDOWPOSCHANGING
After:hwnd=1316596 umsg=70
WINDOWPOSCHANGING
After:hwnd=1316596 umsg=70
WINDOWPOSCHANGING
After:hwnd=1316596 umsg=70
WINDOWPOSCHANGING
After:hwnd=1316596 umsg=70
WINDOWPOSCHANGING
After:hwnd=1316596 umsg=70
WINDOWPOSCHANGING
After:hwnd=1316596 umsg=70
WINDOWPOSCHANGING
After:hwnd=1316596 umsg=70
WINDOWPOSCHANGING
After:hwnd=1316596 umsg=70
WINDOWPOSCHANGING
After:hwnd=1316596 umsg=70
WINDOWPOSCHANGING
After:hwnd=1316596 umsg=70
WINDOWPOSCHANGING
After:hwnd=1316596 umsg=70
WINDOWPOSCHANGING
After:hwnd=1316596 umsg=70
WINDOWPOSCHANGING
After:hwnd=1316596 umsg=70
WINDOWPOSCHANGING
After:hwnd=1316596 umsg=70
WINDOWPOSCHANGING
After:hwnd=1316596 umsg=70
WINDOWPOSCHANGING
After:hwnd=1316596 umsg=70
WINDOWPOSCHANGING
After:hwnd=1316596 umsg=70
WINDOWPOSCHANGING
After:hwnd=1316596 umsg=70
WINDOWPOSCHANGING
After:hwnd=1316596 umsg=70
WINDOWPOSCHANGING
After:hwnd=1316596 umsg=70
WINDOWPOSCHANGING
After:hwnd=1316596 umsg=70
WINDOWPOSCHANGING
After:hwnd=1316596 umsg=70
WINDOWPOSCHANGING
After:hwnd=1316596 umsg=70
WINDOWPOSCHANGING
After:hwnd=1316596 umsg=70
WINDOWPOSCHANGING
After:hwnd=1316596 umsg=70
WINDOWPOSCHANGING
After:hwnd=1316596 umsg=70
WINDOWPOSCHANGING
After:hwnd=1316596 umsg=70
WINDOWPOSCHANGING
After:hwnd=1316596 umsg=70
WINDOWPOSCHANGING
After:hwnd=1316596 umsg=70
WINDOWPOSCHANGING
After:hwnd=1316596 umsg=70
WINDOWPOSCHANGING
After:hwnd=1316596 umsg=70
WINDOWPOSCHANGING
After:hwnd=1316596 umsg=70
WINDOWPOSCHANGING
After:hwnd=1316596 umsg=70
WINDOWPOSCHANGING
After:hwnd=1316596 umsg=70
WINDOWPOSCHANGING
After:hwnd=1316596 umsg=70
WINDOWPOSCHANGING
After:hwnd=1316596 umsg=70
WINDOWPOSCHANGING
After:hwnd=1316596 umsg=70
WINDOWPOSCHANGING
After:hwnd=1316596 umsg=70
WINDOWPOSCHANGING
After:hwnd=1316596 umsg=70
WINDOWPOSCHANGING
After:hwnd=1316596 umsg=70
WINDOWPOSCHANGING
After:hwnd=1316596 umsg=70
WINDOWPOSCHANGING
After:hwnd=1316596 umsg=70
WINDOWPOSCHANGING
After:hwnd=1316596 umsg=70
WINDOWPOSCHANGING
After:hwnd=1316596 umsg=70
WINDOWPOSCHANGING
After:hwnd=1316596 umsg=70
WINDOWPOSCHANGING
After:hwnd=1316596 umsg=70
WINDOWPOSCHANGING
After:hwnd=1316596 umsg=70
WINDOWPOSCHANGING
After:hwnd=1316596 umsg=70
WINDOWPOSCHANGING
After:hwnd=1316596 umsg=70
WINDOWPOSCHANGING
After:hwnd=1316596 umsg=70
WINDOWPOSCHANGING
After:hwnd=1316596 umsg=70
WINDOWPOSCHANGING
After:hwnd=1316596 umsg=70
WINDOWPOSCHANGING
After:hwnd=1316596 umsg=70
WINDOWPOSCHANGING
After:hwnd=1316596 umsg=70
WINDOWPOSCHANGING
After:hwnd=1316596 umsg=70
WINDOWPOSCHANGING
After:hwnd=1316596 umsg=70
WINDOWPOSCHANGING
After:hwnd=1316596 umsg=70
WINDOWPOSCHANGING
After:hwnd=1316596 umsg=70
WINDOWPOSCHANGING
After:hwnd=1316596 umsg=70
WINDOWPOSCHANGING
After:hwnd=1316596 umsg=70
WINDOWPOSCHANGING
After:hwnd=1316596 umsg=70
WINDOWPOSCHANGING
After:hwnd=1316596 umsg=70
WINDOWPOSCHANGING
After:hwnd=1316596 umsg=70
WINDOWPOSCHANGING
After:hwnd=1316596 umsg=70
WINDOWPOSCHANGING
After:hwnd=1316596 umsg=70
WINDOWPOSCHANGING
After:hwnd=1316596 umsg=70
WINDOWPOSCHANGING
After:hwnd=1316596 umsg=70
WINDOWPOSCHANGING
After:hwnd=1316596 umsg=70
WINDOWPOSCHANGING
After:hwnd=1316596 umsg=70
WINDOWPOSCHANGING
After:hwnd=1316596 umsg=70
WINDOWPOSCHANGING
After:hwnd=1316596 umsg=70
WINDOWPOSCHANGING
After:hwnd=1316596 umsg=70
WINDOWPOSCHANGING
After:hwnd=1316596 umsg=70
WINDOWPOSCHANGING
After:hwnd=1316596 umsg=70
WINDOWPOSCHANGING
After:hwnd=1316596 umsg=70
WINDOWPOSCHANGING
After:hwnd=1316596 umsg=70
WINDOWPOSCHANGING
After:hwnd=1316596 umsg=70
WINDOWPOSCHANGING
After:hwnd=1316596 umsg=70
WINDOWPOSCHANGING
After:hwnd=1316596 umsg=70
WINDOWPOSCHANGING
After:hwnd=1316596 umsg=70
WINDOWPOSCHANGING
After:hwnd=1316596 umsg=70
WINDOWPOSCHANGING
After:hwnd=1316596 umsg=70
WINDOWPOSCHANGING
After:hwnd=1316596 umsg=70
WINDOWPOSCHANGING
After:hwnd=1316596 umsg=70
WINDOWPOSCHANGING
After:hwnd=1316596 umsg=70
WINDOWPOSCHANGING
After:hwnd=1316596 umsg=70
WINDOWPOSCHANGING
After:hwnd=1316596 umsg=70
WINDOWPOSCHANGING
After:hwnd=1316596 umsg=70
WINDOWPOSCHANGING
After:hwnd=1316596 umsg=70
WINDOWPOSCHANGING
After:hwnd=1316596 umsg=70
WINDOWPOSCHANGING
After:hwnd=1316596 umsg=70
WINDOWPOSCHANGING
After:hwnd=1316596 umsg=70
WINDOWPOSCHANGING
After:hwnd=1316596 umsg=70
WINDOWPOSCHANGING
After:hwnd=1316596 umsg=70
WINDOWPOSCHANGING
After:hwnd=1316596 umsg=70
WINDOWPOSCHANGING
After:hwnd=1316596 umsg=70
WINDOWPOSCHANGING
After:hwnd=1316596 umsg=70
WINDOWPOSCHANGING
After:hwnd=1316596 umsg=70
WINDOWPOSCHANGING
After:hwnd=1316596 umsg=70
WINDOWPOSCHANGING
After:hwnd=1316596 umsg=70
WINDOWPOSCHANGING
After:hwnd=1316596 umsg=70
WINDOWPOSCHANGING
After:hwnd=1316596 umsg=70
WINDOWPOSCHANGING
After:hwnd=1316596 umsg=70
WINDOWPOSCHANGING
After:hwnd=1316596 umsg=70
WINDOWPOSCHANGING
After:hwnd=1316596 umsg=70
WINDOWPOSCHANGING
After:hwnd=1316596 umsg=70
WINDOWPOSCHANGING
After:hwnd=1316596 umsg=70
WINDOWPOSCHANGING
After:hwnd=1316596 umsg=70
WINDOWPOSCHANGING
After:hwnd=1316596 umsg=70
WINDOWPOSCHANGING
After:hwnd=1316596 umsg=70
WINDOWPOSCHANGING
After:hwnd=1316596 umsg=70
WINDOWPOSCHANGING
After:hwnd=1316596 umsg=70
WINDOWPOSCHANGING
After:hwnd=1316596 umsg=70
WINDOWPOSCHANGING
After:hwnd=1316596 umsg=70
WINDOWPOSCHANGING
After:hwnd=1316596 umsg=70
WINDOWPOSCHANGING
After:hwnd=1316596 umsg=70
WINDOWPOSCHANGING
After:hwnd=1316596 umsg=70
WINDOWPOSCHANGING
After:hwnd=1316596 umsg=70
WINDOWPOSCHANGING
After:hwnd=1316596 umsg=70
WINDOWPOSCHANGING
After:hwnd=1316596 umsg=70
WINDOWPOSCHANGING
After:hwnd=1316596 umsg=70
WINDOWPOSCHANGING
After:hwnd=1316596 umsg=70
WINDOWPOSCHANGING
After:hwnd=1316596 umsg=70
WINDOWPOSCHANGING
After:hwnd=1316596 umsg=70
WINDOWPOSCHANGING
After:hwnd=1316596 umsg=70
WINDOWPOSCHANGING
After:hwnd=1316596 umsg=70
WINDOWPOSCHANGING
After:hwnd=1316596 umsg=70
WINDOWPOSCHANGING
After:hwnd=1316596 umsg=70
WINDOWPOSCHANGING
After:hwnd=1316596 umsg=70
WINDOWPOSCHANGING
After:hwnd=1316596 umsg=70
WINDOWPOSCHANGING
After:hwnd=1316596 umsg=70
WINDOWPOSCHANGING
After:hwnd=1316596 umsg=70
WINDOWPOSCHANGING
After:hwnd=1316596 umsg=70
WINDOWPOSCHANGING
After:hwnd=1316596 umsg=70
WINDOWPOSCHANGING
After:hwnd=1316596 umsg=70
WINDOWPOSCHANGING
After:hwnd=1316596 umsg=70
WINDOWPOSCHANGING
After:hwnd=1316596 umsg=70
WINDOWPOSCHANGING
After:hwnd=1316596 umsg=70
WINDOWPOSCHANGING
After:hwnd=1316596 umsg=70
WINDOWPOSCHANGING
After:hwnd=1316596 umsg=70
WINDOWPOSCHANGING
After:hwnd=1316596 umsg=70
WINDOWPOSCHANGING
After:hwnd=1316596 umsg=70
WINDOWPOSCHANGING
After:hwnd=1316596 umsg=70
WINDOWPOSCHANGING
After:hwnd=1316596 umsg=70
WINDOWPOSCHANGING
After:hwnd=1316596 umsg=70
WINDOWPOSCHANGING
After:hwnd=1316596 umsg=70
WINDOWPOSCHANGING
After:hwnd=1316596 umsg=70
WINDOWPOSCHANGING
After:hwnd=1316596 umsg=70
WINDOWPOSCHANGING
After:hwnd=1316596 umsg=70
WINDOWPOSCHANGING
After:hwnd=1316596 umsg=70
WINDOWPOSCHANGING
After:hwnd=1316596 umsg=70
WINDOWPOSCHANGING
After:hwnd=1316596 umsg=70
WINDOWPOSCHANGING
After:hwnd=1316596 umsg=70
WINDOWPOSCHANGING
After:hwnd=1316596 umsg=70
WINDOWPOSCHANGING
After:hwnd=1316596 umsg=70
WINDOWPOSCHANGING
After:hwnd=1316596 umsg=70
WINDOWPOSCHANGING
After:hwnd=1316596 umsg=70
WINDOWPOSCHANGING
After:hwnd=1316596 umsg=70
WINDOWPOSCHANGING
After:hwnd=1316596 umsg=70
WINDOWPOSCHANGING
After:hwnd=1316596 umsg=70
WINDOWPOSCHANGING
After:hwnd=1316596 umsg=70
WINDOWPOSCHANGING
After:hwnd=1316596 umsg=70
WINDOWPOSCHANGING
After:hwnd=1316596 umsg=70
WINDOWPOSCHANGING
After:hwnd=1316596 umsg=70
WINDOWPOSCHANGING
After:hwnd=1316596 umsg=70
WINDOWPOSCHANGING
After:hwnd=1316596 umsg=70
WINDOWPOSCHANGING
After:hwnd=1316596 umsg=70
WINDOWPOSCHANGING
After:hwnd=1316596 umsg=70
WINDOWPOSCHANGING
After:hwnd=1316596 umsg=70
WINDOWPOSCHANGING
After:hwnd=1316596 umsg=70
WINDOWPOSCHANGING
After:hwnd=1316596 umsg=70
WINDOWPOSCHANGING
After:hwnd=1316596 umsg=70
WINDOWPOSCHANGING
After:hwnd=1316596 umsg=70
WINDOWPOSCHANGING
After:hwnd=1316596 umsg=70
WINDOWPOSCHANGING
After:hwnd=1316596 umsg=70
WINDOWPOSCHANGING
After:hwnd=1316596 umsg=70
WINDOWPOSCHANGING
After:hwnd=1316596 umsg=70
WINDOWPOSCHANGING
After:hwnd=1316596 umsg=70
WINDOWPOSCHANGING
After:hwnd=1316596 umsg=70
WINDOWPOSCHANGING
After:hwnd=1316596 umsg=70
WINDOWPOSCHANGING
After:hwnd=1316596 umsg=70
WINDOWPOSCHANGING
After:hwnd=1316596 umsg=70
WINDOWPOSCHANGING
After:hwnd=1316596 umsg=70
WINDOWPOSCHANGING
After:hwnd=1316596 umsg=70
WINDOWPOSCHANGING
After:hwnd=1316596 umsg=70
WINDOWPOSCHANGING
After:hwnd=1316596 umsg=70
WINDOWPOSCHANGING
After:hwnd=1316596 umsg=70
WINDOWPOSCHANGING
After:hwnd=1316596 umsg=70
WINDOWPOSCHANGING
After:hwnd=1316596 umsg=70
WINDOWPOSCHANGING
After:hwnd=1316596 umsg=70
WINDOWPOSCHANGING
After:hwnd=1316596 umsg=70
WINDOWPOSCHANGING
After:hwnd=1316596 umsg=70
WINDOWPOSCHANGING
After:hwnd=1316596 umsg=70
WINDOWPOSCHANGING
After:hwnd=1316596 umsg=70
WINDOWPOSCHANGING
After:hwnd=1316596 umsg=70
WINDOWPOSCHANGING
After:hwnd=1316596 umsg=70
WINDOWPOSCHANGING
After:hwnd=1316596 umsg=70
WINDOWPOSCHANGING
After:hwnd=1316596 umsg=70
WINDOWPOSCHANGING
After:hwnd=1316596 umsg=70
WINDOWPOSCHANGING
After:hwnd=1316596 umsg=70
WINDOWPOSCHANGING
After:hwnd=1316596 umsg=70
WINDOWPOSCHANGING
After:hwnd=1316596 umsg=70
WINDOWPOSCHANGING
After:hwnd=1316596 umsg=70
WINDOWPOSCHANGING
After:hwnd=1316596 umsg=70
WINDOWPOSCHANGING
After:hwnd=1316596 umsg=70
WINDOWPOSCHANGING
After:hwnd=1316596 umsg=70
WINDOWPOSCHANGING
After:hwnd=1316596 umsg=70
WINDOWPOSCHANGING
After:hwnd=1316596 umsg=70
WINDOWPOSCHANGING
After:hwnd=1316596 umsg=70
WINDOWPOSCHANGING
After:hwnd=1316596 umsg=70
WINDOWPOSCHANGING
After:hwnd=1316596 umsg=70
WINDOWPOSCHANGING
After:hwnd=1316596 umsg=70
WINDOWPOSCHANGING
After:hwnd=1316596 umsg=70
WINDOWPOSCHANGING
After:hwnd=1316596 umsg=70
WINDOWPOSCHANGING
After:hwnd=1316596 umsg=70
WINDOWPOSCHANGING
After:hwnd=1316596 umsg=70
WINDOWPOSCHANGING
After:hwnd=1316596 umsg=70
WINDOWPOSCHANGING
After:hwnd=1316596 umsg=70
WINDOWPOSCHANGING
After:hwnd=1316596 umsg=70
WINDOWPOSCHANGING
After:hwnd=1316596 umsg=70
WINDOWPOSCHANGING
After:hwnd=1316596 umsg=70
WINDOWPOSCHANGING
After:hwnd=1316596 umsg=70
WINDOWPOSCHANGING
After:hwnd=1316596 umsg=70
WINDOWPOSCHANGING
After:hwnd=1316596 umsg=70
WINDOWPOSCHANGING
After:hwnd=1316596 umsg=70
WINDOWPOSCHANGING
After:hwnd=1316596 umsg=70
WINDOWPOSCHANGING
After:hwnd=1316596 umsg=70
WINDOWPOSCHANGING
After:hwnd=1316596 umsg=70
WINDOWPOSCHANGING
After:hwnd=1316596 umsg=70
WINDOWPOSCHANGING
After:hwnd=1316596 umsg=70
WINDOWPOSCHANGING
After:hwnd=1316596 umsg=70
WINDOWPOSCHANGING
After:hwnd=1316596 umsg=70
WINDOWPOSCHANGING
After:hwnd=1316596 umsg=70
WINDOWPOSCHANGING
After:hwnd=1316596 umsg=70
WINDOWPOSCHANGING
After:hwnd=1316596 umsg=70
WINDOWPOSCHANGING
After:hwnd=1316596 umsg=70
WINDOWPOSCHANGING
After:hwnd=1316596 umsg=70
WINDOWPOSCHANGING
After:hwnd=1316596 umsg=70
WINDOWPOSCHANGING
After:hwnd=1316596 umsg=70
WINDOWPOSCHANGING
After:hwnd=1316596 umsg=70
WINDOWPOSCHANGING
After:hwnd=1316596 umsg=70
WINDOWPOSCHANGING
After:hwnd=1316596 umsg=70
WINDOWPOSCHANGING
After:hwnd=1316596 umsg=70
WINDOWPOSCHANGING
After:hwnd=1316596 umsg=70
WINDOWPOSCHANGING
After:hwnd=1316596 umsg=70
WINDOWPOSCHANGING
After:hwnd=1316596 umsg=70
WINDOWPOSCHANGING
After:hwnd=1316596 umsg=70
WINDOWPOSCHANGING
After:hwnd=1316596 umsg=70
WINDOWPOSCHANGING
After:hwnd=1316596 umsg=70
WINDOWPOSCHANGING
After:hwnd=1316596 umsg=70
WINDOWPOSCHANGING
After:hwnd=1316596 umsg=70
WINDOWPOSCHANGING
After:hwnd=1316596 umsg=70
WINDOWPOSCHANGING
After:hwnd=1316596 umsg=70
WINDOWPOSCHANGING
After:hwnd=1316596 umsg=70
WINDOWPOSCHANGING
After:hwnd=1316596 umsg=70
WINDOWPOSCHANGING
After:hwnd=1316596 umsg=70
WINDOWPOSCHANGING
mouseup button=2,shift=0,x=4,y=24
D:\%desktop%.txt
before show menu 202642745
Count of items is 18
ret=1
after show menu ID=0
mousemove button=1,shift=0,x=134,y=24
mousemove button=2,shift=0,x=131,y=25
mousemove button=0,shift=0,x=128,y=27
mousemove button=0,shift=0,x=123,y=31
mousemove button=0,shift=0,x=123,y=31
mousemove button=0,shift=0,x=121,y=31
mousemove button=0,shift=0,x=118,y=33
mousemove button=0,shift=0,x=113,y=37
mousemove button=0,shift=0,x=106,y=41
mousemove button=0,shift=0,x=103,y=42
mousemove button=0,shift=0,x=102,y=42
mousemove button=0,shift=0,x=100,y=44
mousemove button=0,shift=0,x=98,y=45
mousemove button=0,shift=0,x=97,y=46
mousemove button=0,shift=0,x=96,y=46
mousemove button=0,shift=0,x=95,y=46
mousemove button=0,shift=0,x=95,y=46
mousemove button=0,shift=0,x=95,y=47
mousemove button=0,shift=0,x=94,y=48
mousemove button=0,shift=0,x=94,y=49
mousemove button=0,shift=0,x=93,y=49
mousemove button=0,shift=0,x=93,y=50
mousemove button=0,shift=0,x=92,y=50
mousemove button=0,shift=0,x=92,y=51
mousemove button=0,shift=0,x=91,y=51
mousemove button=0,shift=0,x=91,y=51
mousemove button=0,shift=0,x=91,y=51
mousemove button=0,shift=0,x=91,y=51
mousemove button=0,shift=0,x=91,y=51
mousemove button=0,shift=0,x=91,y=51
mousemove button=0,shift=0,x=91,y=51
mousemove button=0,shift=0,x=91,y=51
mousemove button=0,shift=0,x=91,y=51
mousemove button=0,shift=0,x=91,y=51
mouseup button=1,shift=0,x=91,y=51
D:\cleanexperiment.txt
mousemove button=1,shift=0,x=91,y=51
mousemove button=0,shift=0,x=91,y=51
mousemove button=0,shift=0,x=92,y=51
mousemove button=0,shift=0,x=99,y=49
mousemove button=0,shift=0,x=106,y=45
mousemove button=0,shift=0,x=113,y=43
mousemove button=0,shift=0,x=131,y=36
mousemove button=0,shift=0,x=136,y=33
mousemove button=0,shift=0,x=139,y=33
mousemove button=0,shift=0,x=146,y=29
mousemove button=0,shift=0,x=148,y=29
mousemove button=0,shift=0,x=149,y=27
mousemove button=0,shift=0,x=150,y=26
mousemove button=0,shift=0,x=150,y=25
mousemove button=0,shift=0,x=152,y=25
mousemove button=0,shift=0,x=152,y=24
mousemove button=0,shift=0,x=153,y=24
mouseup button=1,shift=0,x=170,y=14
D:\%desktop%.txt
mouseup button=1,shift=0,x=170,y=14
D:\%desktop%.txt
mouseup button=1,shift=0,x=170,y=14
D:\%desktop%.txt
mouseup button=1,shift=0,x=170,y=14
D:\%desktop%.txt
mouseup button=1,shift=0,x=170,y=14
D:\%desktop%.txt
mouseup button=1,shift=0,x=170,y=14
D:\%desktop%.txt
mouseup button=1,shift=0,x=170,y=14
D:\%desktop%.txt
mouseup button=1,shift=0,x=170,y=14
D:\%desktop%.txt
setting menuimagelist to 171069752
New Control Instance Obtained:1513382
HandleControlEvent, RequestNewInstance
BEFORESHOWMENU:FileColumnBar
beforeShowMenu end FileColumnBar
HandleControlEvent, BeforeShowMenu
beforeshowmenu:FileColumnBar
HandleControlEvent, Resize
HandleControlEvent, Resize
HandleControlEvent, AfterShowMenu
BEFORESHOWMENU:FileColumnBar
beforeShowMenu end FileColumnBar
HandleControlEvent, BeforeShowMenu
beforeshowmenu:FileColumnBar
HandleControlEvent, AfterShowMenu
BEFORESHOWMENU:FileColumnBar
beforeShowMenu end FileColumnBar
HandleControlEvent, BeforeShowMenu
beforeshowmenu:FileColumnBar
HandleControlEvent, AfterShowMenu
BEFORESHOWMENU:FileColumnBar
beforeShowMenu end FileColumnBar
HandleControlEvent, BeforeShowMenu
beforeshowmenu:FileColumnBar
HandleControlEvent, AfterShowMenu
BEFORESHOWMENU:FileColumnBar
beforeShowMenu end FileColumnBar
HandleControlEvent, BeforeShowMenu
beforeshowmenu:FileColumnBar
HandleControlEvent, ButtonHighlight
HandleControlEvent, AfterShowMenu
BEFORESHOWMENU:FileColumnBar
beforeShowMenu end FileColumnBar
HandleControlEvent, BeforeShowMenu
beforeshowmenu:FileColumnBar
HandleControlEvent, AfterShowMenu
BEFORESHOWMENU:FileColumnBar
beforeShowMenu end FileColumnBar
HandleControlEvent, BeforeShowMenu
beforeshowmenu:FileColumnBar
HandleControlEvent, AfterShowMenu
BEFORESHOWMENU:FileColumnBar
beforeShowMenu end FileColumnBar
HandleControlEvent, BeforeShowMenu
beforeshowmenu:FileColumnBar
HandleControlEvent, ButtonHighlight
HandleControlEvent, AfterShowMenu
BEFORESHOWMENU:FileColumnBar
beforeShowMenu end FileColumnBar
HandleControlEvent, BeforeShowMenu
beforeshowmenu:FileColumnBar
HandleControlEvent, AfterShowMenu
mousemove button=1,shift=0,x=151,y=25
mousemove button=2,shift=0,x=144,y=27
mousemove button=0,shift=0,x=141,y=28
mousemove button=0,shift=0,x=137,y=29
mousemove button=0,shift=0,x=134,y=30
mousemove button=0,shift=0,x=133,y=31
mousemove button=0,shift=0,x=132,y=31
mousemove button=0,shift=0,x=132,y=31
mousemove button=0,shift=0,x=132,y=31
mousemove button=0,shift=0,x=132,y=31
mousemove button=0,shift=0,x=131,y=31
mousemove button=0,shift=0,x=127,y=31
mousemove button=0,shift=0,x=124,y=30
mousemove button=0,shift=0,x=121,y=29
mousemove button=0,shift=0,x=119,y=28
mousemove button=0,shift=0,x=117,y=28
mousemove button=0,shift=0,x=116,y=28
mousemove button=0,shift=0,x=115,y=27
mousemove button=0,shift=0,x=113,y=26
mousemove button=0,shift=0,x=112,y=26
mousemove button=0,shift=0,x=112,y=25
mousemove button=0,shift=0,x=110,y=24
BEFORESHOWMENU:FileColumnBar
beforeShowMenu end FileColumnBar
HandleControlEvent, BeforeShowMenu
beforeshowmenu:FileColumnBar
HandleControlEvent, AfterShowMenu
BEFORESHOWMENU:FileColumnBar
beforeShowMenu end FileColumnBar
HandleControlEvent, BeforeShowMenu
beforeshowmenu:FileColumnBar
HandleControlEvent, AfterShowMenu
BEFORESHOWMENU:FileColumnBar
beforeShowMenu end FileColumnBar
HandleControlEvent, BeforeShowMenu
beforeshowmenu:FileColumnBar
HandleControlEvent, ButtonHighlight
HandleControlEvent, AfterShowMenu
BEFORESHOWMENU:FileColumnBar
beforeShowMenu end FileColumnBar
HandleControlEvent, BeforeShowMenu
beforeshowmenu:FileColumnBar
HandleControlEvent, AfterShowMenu
mousemove button=1,shift=0,x=5,y=31
After:hwnd=1316596 umsg=70
WINDOWPOSCHANGING
After:hwnd=1316596 umsg=70
WINDOWPOSCHANGING
After:hwnd=1316596 umsg=70
WINDOWPOSCHANGING
After:hwnd=1316596 umsg=70
WINDOWPOSCHANGING
After:hwnd=1316596 umsg=70
WINDOWPOSCHANGING
After:hwnd=1316596 umsg=70
WINDOWPOSCHANGING
After:hwnd=1316596 umsg=70
WINDOWPOSCHANGING
After:hwnd=1316596 umsg=70
WINDOWPOSCHANGING
After:hwnd=1316596 umsg=70
WINDOWPOSCHANGING
After:hwnd=1316596 umsg=70
WINDOWPOSCHANGING
After:hwnd=1316596 umsg=70
WINDOWPOSCHANGING
After:hwnd=1316596 umsg=70
WINDOWPOSCHANGING
After:hwnd=1316596 umsg=70
WINDOWPOSCHANGING
After:hwnd=1316596 umsg=70
WINDOWPOSCHANGING
After:hwnd=1316596 umsg=70
WINDOWPOSCHANGING
After:hwnd=1316596 umsg=70
WINDOWPOSCHANGING
After:hwnd=1316596 umsg=70
WINDOWPOSCHANGING
After:hwnd=1316596 umsg=70
WINDOWPOSCHANGING
After:hwnd=1316596 umsg=70
WINDOWPOSCHANGING
After:hwnd=1316596 umsg=70
WINDOWPOSCHANGING
After:hwnd=1316596 umsg=70
WINDOWPOSCHANGING
After:hwnd=1316596 umsg=70
WINDOWPOSCHANGING
After:hwnd=1316596 umsg=70
WINDOWPOSCHANGING
After:hwnd=1316596 umsg=70
WINDOWPOSCHANGING
After:hwnd=1316596 umsg=70
WINDOWPOSCHANGING
After:hwnd=1316596 umsg=70
WINDOWPOSCHANGING
After:hwnd=1316596 umsg=70
WINDOWPOSCHANGING
After:hwnd=1316596 umsg=70
WINDOWPOSCHANGING
After:hwnd=1316596 umsg=70
WINDOWPOSCHANGING
After:hwnd=1316596 umsg=70
WINDOWPOSCHANGING
After:hwnd=1316596 umsg=70
WINDOWPOSCHANGING
After:hwnd=1316596 umsg=70
WINDOWPOSCHANGING
After:hwnd=1316596 umsg=70
WINDOWPOSCHANGING
After:hwnd=1316596 umsg=70
WINDOWPOSCHANGING
After:hwnd=1316596 umsg=70
WINDOWPOSCHANGING
After:hwnd=1316596 umsg=70
WINDOWPOSCHANGING
After:hwnd=1316596 umsg=70
WINDOWPOSCHANGING
After:hwnd=1316596 umsg=70
WINDOWPOSCHANGING
After:hwnd=1316596 umsg=70
WINDOWPOSCHANGING
After:hwnd=1316596 umsg=70
WINDOWPOSCHANGING
After:hwnd=1316596 umsg=70
WINDOWPOSCHANGING
After:hwnd=1316596 umsg=70
WINDOWPOSCHANGING
After:hwnd=1316596 umsg=70
WINDOWPOSCHANGING
After:hwnd=1316596 umsg=70
WINDOWPOSCHANGING
After:hwnd=1316596 umsg=70
WINDOWPOSCHANGING
After:hwnd=1316596 umsg=70
WINDOWPOSCHANGING
After:hwnd=1316596 umsg=70
WINDOWPOSCHANGING
After:hwnd=1316596 umsg=70
WINDOWPOSCHANGING
After:hwnd=1316596 umsg=70
WINDOWPOSCHANGING
After:hwnd=1316596 umsg=70
WINDOWPOSCHANGING
After:hwnd=1316596 umsg=70
WINDOWPOSCHANGING
After:hwnd=1316596 umsg=70
WINDOWPOSCHANGING
After:hwnd=1316596 umsg=70
WINDOWPOSCHANGING
After:hwnd=1316596 umsg=70
WINDOWPOSCHANGING
After:hwnd=1316596 umsg=70
WINDOWPOSCHANGING
After:hwnd=1316596 umsg=70
WINDOWPOSCHANGING
After:hwnd=1316596 umsg=70
WINDOWPOSCHANGING
After:hwnd=1316596 umsg=70
WINDOWPOSCHANGING
After:hwnd=1316596 umsg=70
WINDOWPOSCHANGING
After:hwnd=1316596 umsg=70
WINDOWPOSCHANGING
After:hwnd=1316596 umsg=70
WINDOWPOSCHANGING
After:hwnd=1316596 umsg=70
WINDOWPOSCHANGING
After:hwnd=1316596 umsg=70
WINDOWPOSCHANGING
After:hwnd=1316596 umsg=70
WINDOWPOSCHANGING
After:hwnd=1316596 umsg=70
WINDOWPOSCHANGING
After:hwnd=1316596 umsg=70
WINDOWPOSCHANGING
After:hwnd=1316596 umsg=70
WINDOWPOSCHANGING
After:hwnd=1316596 umsg=70
WINDOWPOSCHANGING
After:hwnd=1316596 umsg=70
WINDOWPOSCHANGING
After:hwnd=1316596 umsg=70
WINDOWPOSCHANGING
After:hwnd=1316596 umsg=70
WINDOWPOSCHANGING
After:hwnd=1316596 umsg=70
WINDOWPOSCHANGING
After:hwnd=1316596 umsg=70
WINDOWPOSCHANGING
After:hwnd=1316596 umsg=70
WINDOWPOSCHANGING
After:hwnd=1316596 umsg=70
WINDOWPOSCHANGING
After:hwnd=1316596 umsg=70
WINDOWPOSCHANGING
After:hwnd=1316596 umsg=70
WINDOWPOSCHANGING
After:hwnd=1316596 umsg=70
WINDOWPOSCHANGING
After:hwnd=1316596 umsg=70
WINDOWPOSCHANGING
After:hwnd=1316596 umsg=70
WINDOWPOSCHANGING
After:hwnd=1316596 umsg=70
WINDOWPOSCHANGING
After:hwnd=1316596 umsg=70
WINDOWPOSCHANGING
After:hwnd=1316596 umsg=70
WINDOWPOSCHANGING
After:hwnd=1316596 umsg=70
WINDOWPOSCHANGING
After:hwnd=1316596 umsg=70
WINDOWPOSCHANGING
After:hwnd=1316596 umsg=70
WINDOWPOSCHANGING
After:hwnd=1316596 umsg=70
WINDOWPOSCHANGING
After:hwnd=1316596 umsg=70
WINDOWPOSCHANGING
After:hwnd=1316596 umsg=70
WINDOWPOSCHANGING
After:hwnd=1316596 umsg=70
WINDOWPOSCHANGING
After:hwnd=1316596 umsg=70
WINDOWPOSCHANGING
After:hwnd=1316596 umsg=70
WINDOWPOSCHANGING
After:hwnd=1316596 umsg=70
WINDOWPOSCHANGING
After:hwnd=1316596 umsg=70
WINDOWPOSCHANGING
After:hwnd=1316596 umsg=70
WINDOWPOSCHANGING
After:hwnd=1316596 umsg=70
WINDOWPOSCHANGING
After:hwnd=1316596 umsg=70
WINDOWPOSCHANGING
After:hwnd=1316596 umsg=70
WINDOWPOSCHANGING
After:hwnd=1316596 umsg=70
WINDOWPOSCHANGING
After:hwnd=1316596 umsg=70
WINDOWPOSCHANGING
After:hwnd=1316596 umsg=70
WINDOWPOSCHANGING
After:hwnd=1316596 umsg=70
WINDOWPOSCHANGING
After:hwnd=1316596 umsg=70
WINDOWPOSCHANGING
After:hwnd=1316596 umsg=70
WINDOWPOSCHANGING
After:hwnd=1316596 umsg=70
WINDOWPOSCHANGING
After:hwnd=1316596 umsg=70
WINDOWPOSCHANGING
After:hwnd=1316596 umsg=70
WINDOWPOSCHANGING
After:hwnd=1316596 umsg=70
WINDOWPOSCHANGING
After:hwnd=1316596 umsg=70
WINDOWPOSCHANGING
After:hwnd=1316596 umsg=70
WINDOWPOSCHANGING
After:hwnd=1316596 umsg=70
WINDOWPOSCHANGING
After:hwnd=1316596 umsg=70
WINDOWPOSCHANGING
After:hwnd=1316596 umsg=70
WINDOWPOSCHANGING
After:hwnd=1316596 umsg=70
WINDOWPOSCHANGING
After:hwnd=1316596 umsg=70
WINDOWPOSCHANGING
After:hwnd=1316596 umsg=70
WINDOWPOSCHANGING
After:hwnd=1316596 umsg=70
WINDOWPOSCHANGING
After:hwnd=1316596 umsg=70
WINDOWPOSCHANGING
After:hwnd=1316596 umsg=70
WINDOWPOSCHANGING
After:hwnd=1316596 umsg=70
WINDOWPOSCHANGING
After:hwnd=1316596 umsg=70
WINDOWPOSCHANGING
After:hwnd=1316596 umsg=70
WINDOWPOSCHANGING
After:hwnd=1316596 umsg=70
WINDOWPOSCHANGING
After:hwnd=1316596 umsg=70
WINDOWPOSCHANGING
After:hwnd=1316596 umsg=70
WINDOWPOSCHANGING
After:hwnd=1316596 umsg=70
WINDOWPOSCHANGING
After:hwnd=1316596 umsg=70
WINDOWPOSCHANGING
After:hwnd=1316596 umsg=70
WINDOWPOSCHANGING
After:hwnd=1316596 umsg=70
WINDOWPOSCHANGING
After:hwnd=1316596 umsg=70
WINDOWPOSCHANGING
After:hwnd=1316596 umsg=70
WINDOWPOSCHANGING
After:hwnd=1316596 umsg=70
WINDOWPOSCHANGING
After:hwnd=1316596 umsg=70
WINDOWPOSCHANGING
After:hwnd=1316596 umsg=70
WINDOWPOSCHANGING
After:hwnd=1316596 umsg=70
WINDOWPOSCHANGING
After:hwnd=1316596 umsg=70
WINDOWPOSCHANGING
After:hwnd=1316596 umsg=70
WINDOWPOSCHANGING
After:hwnd=1316596 umsg=70
WINDOWPOSCHANGING
After:hwnd=1316596 umsg=70
WINDOWPOSCHANGING
After:hwnd=1316596 umsg=70
WINDOWPOSCHANGING
After:hwnd=1316596 umsg=70
WINDOWPOSCHANGING
After:hwnd=1316596 umsg=70
WINDOWPOSCHANGING
After:hwnd=1316596 umsg=70
WINDOWPOSCHANGING
After:hwnd=1316596 umsg=70
WINDOWPOSCHANGING
After:hwnd=1316596 umsg=70
WINDOWPOSCHANGING
After:hwnd=1316596 umsg=70
WINDOWPOSCHANGING
After:hwnd=1316596 umsg=70
WINDOWPOSCHANGING
After:hwnd=1316596 umsg=70
WINDOWPOSCHANGING
After:hwnd=1316596 umsg=70
WINDOWPOSCHANGING
After:hwnd=1316596 umsg=70
WINDOWPOSCHANGING
After:hwnd=1316596 umsg=70
WINDOWPOSCHANGING
After:hwnd=1316596 umsg=70
WINDOWPOSCHANGING
After:hwnd=1316596 umsg=70
WINDOWPOSCHANGING
After:hwnd=1316596 umsg=70
WINDOWPOSCHANGING
After:hwnd=1316596 umsg=70
WINDOWPOSCHANGING
After:hwnd=1316596 umsg=70
WINDOWPOSCHANGING
After:hwnd=1316596 umsg=70
WINDOWPOSCHANGING
BEFORESHOWMENU:FileColumnBar
beforeShowMenu end FileColumnBar
HandleControlEvent, BeforeShowMenu
beforeshowmenu:FileColumnBar
HandleControlEvent, AfterShowMenu
BEFORESHOWMENU:FileColumnBar
beforeShowMenu end FileColumnBar
HandleControlEvent, BeforeShowMenu
beforeshowmenu:FileColumnBar
HandleControlEvent, AfterShowMenu
buttondropdown FILE;MENU::FILE
HandleControlEvent, ButtonDropDown
BEFORESHOWMENU:FILE::SUBMENU
File::SUBMENU
beforeShowMenu end FILE::SUBMENU
HandleControlEvent, BeforeShowMenu
beforeshowmenu:FILE::SUBMENU
playing:C:\Users\BC_Programming\AppData\Roaming\BCSearch\Resource\Sound\SHOWMENU.WAV
HandleControlEvent, Resize
HandleControlEvent, Resize
HandleControlEvent, ButtonHighlight
HandleControlEvent, ButtonHighlight
HandleControlEvent, ButtonHighlight
HandleControlEvent, ButtonHighlight
HandleControlEvent, ButtonHighlight
HandleControlEvent, ButtonHighlight
HandleControlEvent, ButtonHighlight
HandleControlEvent, ButtonHighlight
HandleControlEvent, ButtonHighlight
HandleControlEvent, AfterShowMenu
BEFORESHOWMENU:UTILITY::SUBMENU
beforeShowMenu end UTILITY::SUBMENU
HandleControlEvent, BeforeShowMenu
beforeshowmenu:UTILITY::SUBMENU
playing:C:\Users\BC_Programming\AppData\Roaming\BCSearch\Resource\Sound\SHOWMENU.WAV
HandleControlEvent, Resize
HandleControlEvent, Resize
HandleControlEvent, ButtonHighlight
HandleControlEvent, AfterShowMenu
BEFORESHOWMENU:VIEW::SUBMENU
beforeShowMenu end VIEW::SUBMENU
HandleControlEvent, BeforeShowMenu
beforeshowmenu:VIEW::SUBMENU
playing:C:\Users\BC_Programming\AppData\Roaming\BCSearch\Resource\Sound\SHOWMENU.WAV
HandleControlEvent, Resize
HandleControlEvent, Resize
HandleControlEvent, ButtonHighlight
HandleControlEvent, ButtonHighlight
HandleControlEvent, ButtonHighlight
HandleControlEvent, ButtonHighlight
HandleControlEvent, AfterShowMenu
BEFORESHOWMENU:FILE::SUBMENU
File::SUBMENU
beforeShowMenu end FILE::SUBMENU
HandleControlEvent, BeforeShowMenu
beforeshowmenu:FILE::SUBMENU
playing:C:\Users\BC_Programming\AppData\Roaming\BCSearch\Resource\Sound\SHOWMENU.WAV
HandleControlEvent, Resize
HandleControlEvent, Resize
HandleControlEvent, ButtonHighlight
HandleControlEvent, ButtonHighlight
HandleControlEvent, ButtonHighlight
HandleControlEvent, ButtonHighlight
HandleControlEvent, ButtonHighlight
HandleControlEvent, ButtonHighlight
HandleControlEvent, AfterShowMenu
Clicked: caption=&Exit key=FILE::EXIT TAG=FILE::EXIT
ButtonClick
Persisting Combo/List box- section = PersistProperties.cboLookin...
After:hwnd=1316596 umsg=70
WINDOWPOSCHANGING
