BASeCamp CDebug Class Debug Log output.
log at 12/29/2009 on TERATRON as BC_Programming at 11:59.37
################################################################################
System Info for this session:
Environment variables:

ALLUSERSPROFILE=C:\ProgramData
APPDATA=C:\Users\BC_Programming\AppData\Roaming
CG_BOOST_ROOT=C:\Program Files (x86)\CodeGear\RAD Studio\6.0\include\boost_1_35
CommonProgramFiles=C:\Program Files (x86)\Common Files
CommonProgramFiles(x86)=C:\Program Files (x86)\Common Files
CommonProgramW6432=C:\Program Files\Common Files
COMPUTERNAME=TERATRON
ComSpec=C:\Windows\system32\cmd.exe
FP_NO_HOST_CHECK=NO
HOMEDRIVE=C:
HOMEPATH=\Users\BC_Programming
LOCALAPPDATA=C:\Users\BC_Programming\AppData\Local
LOGONSERVER=\\TERATRON
NUMBER_OF_PROCESSORS=4
OPENSSL_CONF=C:\OpenSSL\bin\openssl.cfg
OS=Windows_NT
Path=C:\Python\Scripts;C:\Python\;C:\Program Files (x86)\CodeGear\RAD Studio\6.0\bin;C:\Users\Public\Documents\RAD Studio\6.0\Bpl;C:\Perl\site\bin;C:\Perl\bin;C:\Windows\system32;C:\Windows;C:\Windows\System32\Wbem;C:\Windows\System32\WindowsPowerShell\v1.0\;c:\Program Files (x86)\Microsoft SQL Server\90\Tools\binn\;C:\Program Files (x86)\Microsoft Visual Studio 9.0\VC\bin;C:\Program Files (x86)\Common Files\microsoft shared\MSENV;C:\Program Files (x86)\Common Files\microsoft shared\VSA\9.0\VsaEnv;C:\PROGRA~2\Borland\Delphi6\Bin;C:\PROGRA~2\Borland\Delphi6\Projects\Bpl;C:\Program Files (x86)\Common Files\Autodesk Shared\;C:\Program Files (x86)\backburner 2\;C:\Users\BC_Programming\AppData\Roaming\Python\Scripts;C:\Windows\system32;C:\Windows;C:\Windows\System32\Wbem;C:\Windows\System32\WindowsPowerShell\v1.0\;c:\Program Files (x86)\Microsoft SQL Server\90\Tools\binn\;C:\Program Files (x86)\Microsoft Visual Studio 9.0\VC\bin;C:\Program Files (x86)\Common Files\microsoft shared\MSENV;C:\Program Files (x86)\Common Fi
PATHEXT=.COM;.EXE;.BAT;.CMD;.VBS;.VBE;.JS;.JSE;.WSF;.WSH;.MSC;.py;.pyw
PROCESSOR_ARCHITECTURE=x86
PROCESSOR_ARCHITEW6432=AMD64
PROCESSOR_IDENTIFIER=Intel64 Family 6 Model 23 Stepping 7, GenuineIntel
PROCESSOR_LEVEL=6
PROCESSOR_REVISION=1707
ProgramData=C:\ProgramData
ProgramFiles=C:\Program Files (x86)
ProgramFiles(x86)=C:\Program Files (x86)
ProgramW6432=C:\Program Files
PUBLIC=C:\Users\Public
SystemDrive=C:
SystemRoot=C:\Windows
TEMP=C:\Users\BC_PRO~1\AppData\Local\Temp
TMP=C:\Users\BC_PRO~1\AppData\Local\Temp
USERDOMAIN=TERATRON
USERNAME=BC_Programming
USERPROFILE=C:\Users\BC_Programming
VS90COMNTOOLS=C:\Program Files (x86)\Microsoft Visual Studio 9.0\Common7\Tools\
windir=C:\Windows
__COMPAT_LAYER=RunAsAdmin RunAsAdmin 


################################################################################
***************BEGIN LOG*******************
After:hwnd=2364764 umsg=70
WINDOWPOSCHANGING
After:hwnd=2364764 umsg=70
WINDOWPOSCHANGING
After:hwnd=2364764 umsg=70
WINDOWPOSCHANGING
After:hwnd=2364764 umsg=70
WINDOWPOSCHANGING
XML load successful in CXMLLoader::LoadXML
optimal bitdepth is 32 bits.
unrecognized NodeName for commandbar load:SCRIPTS
unrecognized NodeName for commandbar load:
unrecognized NodeName for commandbar load:IMAGELIST
unrecognized NodeName for commandbar load:IMAGELIST
DefClick=C:\Users\BC_Programming\AppData\Roaming\BCSearch\Resource\Sound\CLICK.WAV
Click=C:\Users\BC_Programming\AppData\Roaming\BCSearch\Resource\Sound\CLICK.WAV
picindex=8
Click=C:\Users\BC_Programming\AppData\Roaming\BCSearch\Resource\Sound\CLICK.WAV
picindex=13
Click=C:\Users\BC_Programming\AppData\Roaming\BCSearch\Resource\Sound\CLICK.WAV
picindex=-1
Click=C:\Users\BC_Programming\AppData\Roaming\BCSearch\Resource\Sound\CLICK.WAV
picindex=15
Click=C:\Users\BC_Programming\AppData\Roaming\BCSearch\Resource\Sound\CLICK.WAV
picindex=14
Click=C:\Users\BC_Programming\AppData\Roaming\BCSearch\Resource\Sound\CLICK.WAV
picindex=16
Click=C:\Users\BC_Programming\AppData\Roaming\BCSearch\Resource\Sound\CLICK.WAV
picindex=13
Click=C:\Users\BC_Programming\AppData\Roaming\BCSearch\Resource\Sound\CLICK.WAV
picindex=-1
Click=C:\Users\BC_Programming\AppData\Roaming\BCSearch\Resource\Sound\CLICK.WAV
picindex=17
Click=C:\Users\BC_Programming\AppData\Roaming\BCSearch\Resource\Sound\CLICK.WAV
picindex=11
HandleControlEvent, Resize
DefClick=C:\Users\BC_Programming\AppData\Roaming\BCSearch\Resource\Sound\CLICK.WAV
Click=C:\Users\BC_Programming\AppData\Roaming\BCSearch\Resource\Sound\CLICK.WAV
picindex=18
Click=C:\Users\BC_Programming\AppData\Roaming\BCSearch\Resource\Sound\CLICK.WAV
picindex=20
Click=C:\Users\BC_Programming\AppData\Roaming\BCSearch\Resource\Sound\CLICK.WAV
picindex=-1
DefClick=C:\Users\BC_Programming\AppData\Roaming\BCSearch\Resource\Sound\CLICK.WAV
Click=C:\Users\BC_Programming\AppData\Roaming\BCSearch\Resource\Sound\CLICK.WAV
picindex=5
Click=C:\Users\BC_Programming\AppData\Roaming\BCSearch\Resource\Sound\CLICK.WAV
picindex=6
Click=C:\Users\BC_Programming\AppData\Roaming\BCSearch\Resource\Sound\CLICK.WAV
picindex=-1
Click=C:\Users\BC_Programming\AppData\Roaming\BCSearch\Resource\Sound\CLICK.WAV
picindex=-1
Click=C:\Users\BC_Programming\AppData\Roaming\BCSearch\Resource\Sound\CLICK.WAV
picindex=-1
Click=C:\Users\BC_Programming\AppData\Roaming\BCSearch\Resource\Sound\CLICK.WAV
picindex=-1
Click=C:\Users\BC_Programming\AppData\Roaming\BCSearch\Resource\Sound\CLICK.WAV
picindex=-1
Click=C:\Users\BC_Programming\AppData\Roaming\BCSearch\Resource\Sound\CLICK.WAV
picindex=-1
Click=C:\Users\BC_Programming\AppData\Roaming\BCSearch\Resource\Sound\CLICK.WAV
picindex=-1
Click=C:\Users\BC_Programming\AppData\Roaming\BCSearch\Resource\Sound\CLICK.WAV
picindex=-1
Click=C:\Users\BC_Programming\AppData\Roaming\BCSearch\Resource\Sound\CLICK.WAV
picindex=-1
DefClick=
Click=
picindex=2
Click=
picindex=-1
Click=
picindex=-1
DefClick=C:\Users\BC_Programming\AppData\Roaming\BCSearch\Resource\Sound\CLICK.WAV
Click=C:\Users\BC_Programming\AppData\Roaming\BCSearch\Resource\Sound\CLICK.WAV
picindex=-1
Click=C:\Users\BC_Programming\AppData\Roaming\BCSearch\Resource\Sound\CLICK.WAV
picindex=-1
Click=C:\Users\BC_Programming\AppData\Roaming\BCSearch\Resource\Sound\CLICK.WAV
picindex=-1
Click=C:\Users\BC_Programming\AppData\Roaming\BCSearch\Resource\Sound\CLICK.WAV
picindex=-1
Click=C:\Users\BC_Programming\AppData\Roaming\BCSearch\Resource\Sound\CLICK.WAV
picindex=1
Click=C:\Users\BC_Programming\AppData\Roaming\BCSearch\Resource\Sound\CLICK.WAV
picindex=-1
Click=C:\Users\BC_Programming\AppData\Roaming\BCSearch\Resource\Sound\CLICK.WAV
picindex=-1
Click=C:\Users\BC_Programming\AppData\Roaming\BCSearch\Resource\Sound\CLICK.WAV
picindex=-1
Click=C:\Users\BC_Programming\AppData\Roaming\BCSearch\Resource\Sound\CLICK.WAV
picindex=-1
Click=C:\Users\BC_Programming\AppData\Roaming\BCSearch\Resource\Sound\CLICK.WAV
picindex=-1
Click=C:\Users\BC_Programming\AppData\Roaming\BCSearch\Resource\Sound\CLICK.WAV
picindex=11
Click=C:\Users\BC_Programming\AppData\Roaming\BCSearch\Resource\Sound\CLICK.WAV
picindex=12
Click=C:\Users\BC_Programming\AppData\Roaming\BCSearch\Resource\Sound\CLICK.WAV
picindex=-1
Click=C:\Users\BC_Programming\AppData\Roaming\BCSearch\Resource\Sound\CLICK.WAV
picindex=-1
Click=C:\Users\BC_Programming\AppData\Roaming\BCSearch\Resource\Sound\CLICK.WAV
picindex=10
Click=C:\Users\BC_Programming\AppData\Roaming\BCSearch\Resource\Sound\CLICK.WAV
picindex=9
HandleControlEvent, Resize
unrecognized NodeName for commandbar load:TOOLBAR
setting toolbarimagelist(1)...
setting toolbarimagelist(2)...
After:hwnd=2364764 umsg=36
After:hwnd=2364764 umsg=70
WINDOWPOSCHANGING
HandleControlEvent, Resize
HandleControlEvent, Resize
After:hwnd=2364764 umsg=36
After:hwnd=2364764 umsg=70
WINDOWPOSCHANGING
Loading Combo/List box- section = PersistProperties.cboLookin...
After:hwnd=2364764 umsg=70
WINDOWPOSCHANGING
not duplicating List item.
1
Loading Combo/List box- section = PersistProperties.cboFilter...
After:hwnd=2364764 umsg=70
WINDOWPOSCHANGING
After:hwnd=2364764 umsg=70
WINDOWPOSCHANGING

not duplicating List item.
Change
Change
Change
Change
Change
Change
Change
Change
0
0
Change
Change
Change
Change
Change
Change
Change
Change
0
0
Persisting Combo/List box- section = PersistProperties.cboSizesuffix.1...
Persisting Combo/List box- section = PersistProperties.cboSizesuffix.0...
Persisting Combo/List box- section = PersistProperties.cboOperation...
Persisting Combo/List box- section = PersistProperties.cboFilter...
Persisting Combo/List box- section = PersistProperties.cboADSThanMultiplier.1...
Persisting Combo/List box- section = PersistProperties.cboADSThanMultiplier.0...
After:hwnd=2364764 umsg=70
WINDOWPOSCHANGING
After:hwnd=2364764 umsg=70
WINDOWPOSCHANGING
mousemove button=1,shift=0,x=473,y=135
mousemove button=0,shift=0,x=467,y=130
mousemove button=0,shift=0,x=451,y=121
mousemove button=0,shift=0,x=447,y=118
mousemove button=0,shift=0,x=441,y=114
mousemove button=0,shift=0,x=436,y=110
mousemove button=0,shift=0,x=430,y=106
mousemove button=0,shift=0,x=427,y=105
mousemove button=0,shift=0,x=424,y=102
mousemove button=0,shift=0,x=420,y=99
mousemove button=0,shift=0,x=418,y=98
mousemove button=0,shift=0,x=416,y=96
mousemove button=0,shift=0,x=412,y=93
mousemove button=0,shift=0,x=411,y=92
mousemove button=0,shift=0,x=409,y=90
mousemove button=0,shift=0,x=406,y=88
mousemove button=0,shift=0,x=404,y=87
mousemove button=0,shift=0,x=398,y=83
mousemove button=0,shift=0,x=394,y=81
mousemove button=0,shift=0,x=391,y=78
mousemove button=0,shift=0,x=387,y=75
mousemove button=0,shift=0,x=382,y=72
mousemove button=0,shift=0,x=377,y=67
mousemove button=0,shift=0,x=374,y=65
mousemove button=0,shift=0,x=372,y=64
mousemove button=0,shift=0,x=371,y=64
mousemove button=0,shift=0,x=370,y=64
mousemove button=0,shift=0,x=369,y=63
mousemove button=0,shift=0,x=369,y=62
mousemove button=0,shift=0,x=369,y=61
mousemove button=0,shift=0,x=369,y=59
mousemove button=0,shift=0,x=371,y=55
mousemove button=0,shift=0,x=373,y=49
mousemove button=0,shift=0,x=376,y=43
mousemove button=0,shift=0,x=378,y=39
mousemove button=0,shift=0,x=379,y=33
optimal bitdepth is 32 bits.
HandleControlEvent, Resize
mouseup button=0,shift=0,x=79,y=13
C:\eula.1028.txt
mouseup button=0,shift=0,x=79,y=13
C:\eula.1028.txt
mouseup button=0,shift=0,x=79,y=13
C:\eula.1028.txt
mouseup button=0,shift=0,x=79,y=13
C:\eula.1028.txt
mouseup button=0,shift=0,x=79,y=13
C:\eula.1028.txt
mouseup button=0,shift=0,x=79,y=13
C:\eula.1028.txt
mouseup button=0,shift=0,x=79,y=13
C:\eula.1028.txt
mouseup button=0,shift=0,x=79,y=12
C:\eula.1028.txt
mouseup button=0,shift=0,x=79,y=12
C:\eula.1028.txt
mouseup button=0,shift=0,x=79,y=12
C:\eula.1028.txt
mouseup button=0,shift=0,x=79,y=12
C:\eula.1028.txt
mouseup button=0,shift=0,x=79,y=12
C:\eula.1028.txt
mouseup button=0,shift=0,x=79,y=12
C:\eula.1028.txt
mouseup button=0,shift=0,x=79,y=12
C:\eula.1028.txt
mouseup button=0,shift=0,x=79,y=12
C:\eula.1028.txt
mouseup button=0,shift=0,x=79,y=12
C:\eula.1028.txt
mouseup button=0,shift=0,x=79,y=12
C:\eula.1028.txt
mouseup button=0,shift=0,x=79,y=12
C:\eula.1028.txt
mouseup button=0,shift=0,x=79,y=12
C:\eula.1028.txt
mouseup button=0,shift=0,x=304,y=15
C:\eula.1028.txt
mouseup button=0,shift=0,x=304,y=15
C:\eula.1028.txt
mouseup button=0,shift=0,x=304,y=15
C:\eula.1028.txt
mouseup button=0,shift=0,x=514,y=12
C:\eula.1028.txt
mouseup button=0,shift=0,x=514,y=12
C:\eula.1028.txt
mousemove button=1,shift=0,x=234,y=25
mousemove button=2,shift=0,x=214,y=32
mousemove button=0,shift=0,x=206,y=34
mousemove button=0,shift=0,x=198,y=36
mousemove button=0,shift=0,x=189,y=38
mousemove button=0,shift=0,x=185,y=40
mousemove button=0,shift=0,x=177,y=42
mousemove button=0,shift=0,x=172,y=44
mousemove button=0,shift=0,x=169,y=45
mousemove button=0,shift=0,x=163,y=48
mousemove button=0,shift=0,x=162,y=48
mousemove button=0,shift=0,x=160,y=49
mousemove button=0,shift=0,x=159,y=50
mousemove button=0,shift=0,x=157,y=51
mousemove button=0,shift=0,x=151,y=55
mousemove button=0,shift=0,x=150,y=55
mousemove button=0,shift=0,x=148,y=55
mousemove button=0,shift=0,x=147,y=56
mousemove button=0,shift=0,x=145,y=57
mousemove button=0,shift=0,x=143,y=58
mousemove button=0,shift=0,x=140,y=60
mousemove button=0,shift=0,x=139,y=60
mousemove button=0,shift=0,x=137,y=62
mousemove button=0,shift=0,x=133,y=64
mousemove button=0,shift=0,x=129,y=68
mousemove button=0,shift=0,x=128,y=68
mousemove button=0,shift=0,x=126,y=69
mousemove button=0,shift=0,x=126,y=70
mousemove button=0,shift=0,x=124,y=71
mousemove button=0,shift=0,x=123,y=72
mousemove button=0,shift=0,x=121,y=74
mousemove button=0,shift=0,x=120,y=75
mousemove button=0,shift=0,x=118,y=75
mousemove button=0,shift=0,x=114,y=78
mousemove button=0,shift=0,x=112,y=79
mousemove button=0,shift=0,x=109,y=81
mousemove button=0,shift=0,x=103,y=84
mousemove button=0,shift=0,x=100,y=85
mousemove button=0,shift=0,x=98,y=85
mousemove button=0,shift=0,x=97,y=86
mousemove button=0,shift=0,x=95,y=86
mousemove button=0,shift=0,x=95,y=86
mousemove button=0,shift=0,x=95,y=86
mousemove button=0,shift=0,x=94,y=86
mouseup button=1,shift=0,x=94,y=86
C:\eula.1036.txt
mousemove button=1,shift=0,x=94,y=86
mousemove button=0,shift=0,x=94,y=84
mousemove button=0,shift=0,x=94,y=82
mousemove button=0,shift=0,x=92,y=79
mousemove button=0,shift=0,x=92,y=77
mousemove button=0,shift=0,x=92,y=74
mousemove button=0,shift=0,x=90,y=72
mousemove button=0,shift=0,x=90,y=68
mousemove button=0,shift=0,x=90,y=64
mousemove button=0,shift=0,x=90,y=62
mousemove button=0,shift=0,x=89,y=59
mousemove button=0,shift=0,x=89,y=53
mousemove button=0,shift=0,x=88,y=49
mousemove button=0,shift=0,x=88,y=47
mousemove button=0,shift=0,x=88,y=42
mousemove button=0,shift=0,x=88,y=40
mousemove button=0,shift=0,x=88,y=37
mousemove button=0,shift=0,x=88,y=36
mousemove button=0,shift=0,x=88,y=34
mousemove button=0,shift=0,x=88,y=32
mousemove button=0,shift=0,x=88,y=31
mousemove button=0,shift=0,x=88,y=29
mousemove button=0,shift=0,x=88,y=28
mousemove button=0,shift=0,x=88,y=26
mousemove button=0,shift=0,x=88,y=24
mouseup button=1,shift=0,x=91,y=8
C:\eula.1028.txt
mousemove button=2,shift=0,x=101,y=24
mousemove button=0,shift=0,x=103,y=28
mousemove button=0,shift=0,x=105,y=32
mousemove button=0,shift=0,x=105,y=34
mousemove button=0,shift=0,x=106,y=38
mousemove button=0,shift=0,x=105,y=45
mousemove button=0,shift=0,x=103,y=51
mousemove button=0,shift=0,x=102,y=58
mousemove button=0,shift=0,x=100,y=63
mousemove button=0,shift=0,x=99,y=65
mousemove button=0,shift=0,x=97,y=68
mousemove button=0,shift=0,x=97,y=71
mousemove button=0,shift=0,x=94,y=76
mousemove button=0,shift=0,x=93,y=77
mousemove button=0,shift=0,x=91,y=81
mousemove button=0,shift=0,x=89,y=85
mousemove button=0,shift=0,x=86,y=88
mousemove button=0,shift=0,x=83,y=95
mousemove button=0,shift=0,x=82,y=97
mousemove button=0,shift=0,x=81,y=99
mousemove button=0,shift=0,x=80,y=101
mousemove button=0,shift=0,x=80,y=102
mousemove button=0,shift=0,x=80,y=103
mousemove button=0,shift=0,x=79,y=104
mousemove button=0,shift=0,x=79,y=105
mousemove button=0,shift=0,x=78,y=106
mousemove button=0,shift=0,x=78,y=107
mouseup button=2,shift=0,x=78,y=107
C:\eula.1040.txt
before show menu 574558793
Count of items is 18
ret=1
after show menu ID=0
mouseup button=2,shift=0,x=52,y=3
setting menuimagelist to 171069752
New Control Instance Obtained:1381160
HandleControlEvent, RequestNewInstance
BEFORESHOWMENU:VIEW::SUBMENU
beforeShowMenu end VIEW::SUBMENU
HandleControlEvent, BeforeShowMenu
beforeshowmenu:VIEW::SUBMENU
playing:C:\Users\BC_Programming\AppData\Roaming\BCSearch\Resource\Sound\SHOWMENU.WAV
HandleControlEvent, Resize
HandleControlEvent, Resize
HandleControlEvent, ButtonHighlight
HandleControlEvent, ButtonHighlight
HandleControlEvent, ButtonHighlight
HandleControlEvent, ButtonHighlight
HandleControlEvent, ButtonHighlight
HandleControlEvent, ButtonHighlight
HandleControlEvent, ButtonHighlight
setting menuimagelist to 171069752
New Control Instance Obtained:2097850
HandleControlEvent, RequestNewInstance
BEFORESHOWMENU:VIEW::COLUMNS::SUBMENU
column: key=FILENAME tag = 
checking off Key=COLUMNVIEW::FILENAME Tag=SHOWHIDE:FILENAME
column: key=DIRECTORY tag = 
checking off Key=COLUMNVIEW::DIRECTORY Tag=SHOWHIDE:DIRECTORY
column: key=EXTENSION tag = 
checking off Key=COLUMNVIEW::EXTENSION Tag=SHOWHIDE:EXTENSION
column: key=TYPE tag = 
checking off Key=COLUMNVIEW::TYPE Tag=SHOWHIDE:TYPE
column: key=SIZE tag = 
checking off Key=COLUMNVIEW::SIZE Tag=SHOWHIDE:SIZE
column: key=DISKSIZE tag = 
checking off Key=COLUMNVIEW::DISKSIZE Tag=SHOWHIDE:DISKSIZE
column: key=MODIFIED tag = 
checking off Key=COLUMNVIEW::MODIFIED Tag=SHOWHIDE:MODIFIED
column: key=ACCESSED tag = 
checking off Key=COLUMNVIEW::ACCESSED Tag=SHOWHIDE:ACCESSED
column: key=CREATED tag = 
checking off Key=COLUMNVIEW::CREATED Tag=SHOWHIDE:CREATED
column: key=PLUGIN:1:1 tag = 
checking off Key=COLUMNVIEW::PLUGIN:1:1 Tag=SHOWHIDE:PLUGIN:1:1
column: key=PLUGIN:1:2 tag = 
checking off Key=COLUMNVIEW::PLUGIN:1:2 Tag=SHOWHIDE:PLUGIN:1:2
column: key=PLUGIN:2:1 tag = 
checking off Key=COLUMNVIEW::PLUGIN:2:1 Tag=SHOWHIDE:PLUGIN:2:1
column: key=PLUGIN:3:1 tag = 
checking off Key=COLUMNVIEW::PLUGIN:3:1 Tag=SHOWHIDE:PLUGIN:3:1
column: key=PLUGIN:3:2 tag = 
checking off Key=COLUMNVIEW::PLUGIN:3:2 Tag=SHOWHIDE:PLUGIN:3:2
beforeShowMenu end VIEW::COLUMNS::SUBMENU
HandleControlEvent, BeforeShowMenu
beforeshowmenu:VIEW::COLUMNS::SUBMENU
playing:C:\Users\BC_Programming\AppData\Roaming\BCSearch\Resource\Sound\SHOWMENU.WAV
HandleControlEvent, Resize
HandleControlEvent, Resize
HandleControlEvent, ButtonHighlight
HandleControlEvent, ButtonHighlight
HandleControlEvent, ButtonHighlight
HandleControlEvent, ButtonHighlight
HandleControlEvent, ButtonHighlight
HandleControlEvent, ButtonHighlight
HandleControlEvent, ButtonHighlight
HandleControlEvent, ButtonHighlight
HandleControlEvent, ButtonHighlight
HandleControlEvent, AfterShowMenu
HandleControlEvent, AfterShowMenu
Clicked: caption=Created key=COLUMNVIEW::CREATED TAG=SHOWHIDE:CREATED
ButtonClick
HandleControlEvent, ButtonClick
mousemove button=1,shift=0,x=228,y=336
mousemove button=2,shift=0,x=228,y=334
mousemove button=0,shift=0,x=226,y=330
mousemove button=0,shift=0,x=225,y=327
mousemove button=0,shift=0,x=221,y=316
mousemove button=0,shift=0,x=216,y=304
mousemove button=0,shift=0,x=212,y=294
mousemove button=0,shift=0,x=193,y=254
mousemove button=0,shift=0,x=188,y=245
mousemove button=0,shift=0,x=180,y=225
mousemove button=0,shift=0,x=167,y=196
mousemove button=0,shift=0,x=156,y=171
mousemove button=0,shift=0,x=145,y=150
mousemove button=0,shift=0,x=134,y=127
mousemove button=0,shift=0,x=128,y=112
mousemove button=0,shift=0,x=124,y=101
mousemove button=0,shift=0,x=110,y=69
mousemove button=0,shift=0,x=106,y=58
mousemove button=0,shift=0,x=103,y=51
mousemove button=0,shift=0,x=99,y=42
mousemove button=0,shift=0,x=99,y=40
mousemove button=0,shift=0,x=98,y=35
mousemove button=0,shift=0,x=97,y=32
mousemove button=0,shift=0,x=97,y=32
mousemove button=0,shift=0,x=97,y=29
mousemove button=0,shift=0,x=97,y=27
mousemove button=0,shift=0,x=97,y=25
mouseup button=2,shift=0,x=101,y=14
C:\eula.1028.txt
BEFORESHOWMENU:VIEW::SUBMENU
beforeShowMenu end VIEW::SUBMENU
HandleControlEvent, BeforeShowMenu
beforeshowmenu:VIEW::SUBMENU
playing:C:\Users\BC_Programming\AppData\Roaming\BCSearch\Resource\Sound\SHOWMENU.WAV
HandleControlEvent, ButtonHighlight
HandleControlEvent, ButtonHighlight
HandleControlEvent, ButtonHighlight
HandleControlEvent, ButtonHighlight
HandleControlEvent, ButtonHighlight
HandleControlEvent, ButtonHighlight
HandleControlEvent, ButtonHighlight
BEFORESHOWMENU:VIEW::COLUMNS::SUBMENU
column: key=FILENAME tag = 
checking off Key=COLUMNVIEW::FILENAME Tag=SHOWHIDE:FILENAME
HandleControlEvent, Resize
HandleControlEvent, Resize
column: key=DIRECTORY tag = 
checking off Key=COLUMNVIEW::DIRECTORY Tag=SHOWHIDE:DIRECTORY
HandleControlEvent, Resize
column: key=EXTENSION tag = 
checking off Key=COLUMNVIEW::EXTENSION Tag=SHOWHIDE:EXTENSION
HandleControlEvent, Resize
HandleControlEvent, Resize
column: key=TYPE tag = 
checking off Key=COLUMNVIEW::TYPE Tag=SHOWHIDE:TYPE
HandleControlEvent, Resize
column: key=SIZE tag = 
checking off Key=COLUMNVIEW::SIZE Tag=SHOWHIDE:SIZE
HandleControlEvent, Resize
column: key=DISKSIZE tag = 
checking off Key=COLUMNVIEW::DISKSIZE Tag=SHOWHIDE:DISKSIZE
HandleControlEvent, Resize
HandleControlEvent, Resize
column: key=MODIFIED tag = 
checking off Key=COLUMNVIEW::MODIFIED Tag=SHOWHIDE:MODIFIED
HandleControlEvent, Resize
column: key=ACCESSED tag = 
checking off Key=COLUMNVIEW::ACCESSED Tag=SHOWHIDE:ACCESSED
HandleControlEvent, Resize
column: key=CREATED tag = 
checking on Key=COLUMNVIEW::CREATED Tag=SHOWHIDE:CREATED
HandleControlEvent, Resize
column: key=PLUGIN:1:1 tag = 
checking off Key=COLUMNVIEW::PLUGIN:1:1 Tag=SHOWHIDE:PLUGIN:1:1
HandleControlEvent, Resize
column: key=PLUGIN:1:2 tag = 
checking off Key=COLUMNVIEW::PLUGIN:1:2 Tag=SHOWHIDE:PLUGIN:1:2
HandleControlEvent, Resize
column: key=PLUGIN:2:1 tag = 
checking off Key=COLUMNVIEW::PLUGIN:2:1 Tag=SHOWHIDE:PLUGIN:2:1
HandleControlEvent, Resize
column: key=PLUGIN:3:1 tag = 
checking off Key=COLUMNVIEW::PLUGIN:3:1 Tag=SHOWHIDE:PLUGIN:3:1
HandleControlEvent, Resize
column: key=PLUGIN:3:2 tag = 
checking off Key=COLUMNVIEW::PLUGIN:3:2 Tag=SHOWHIDE:PLUGIN:3:2
HandleControlEvent, Resize
beforeShowMenu end VIEW::COLUMNS::SUBMENU
HandleControlEvent, BeforeShowMenu
beforeshowmenu:VIEW::COLUMNS::SUBMENU
playing:C:\Users\BC_Programming\AppData\Roaming\BCSearch\Resource\Sound\SHOWMENU.WAV
HandleControlEvent, ButtonHighlight
HandleControlEvent, ButtonHighlight
HandleControlEvent, ButtonHighlight
HandleControlEvent, ButtonHighlight
HandleControlEvent, ButtonHighlight
HandleControlEvent, ButtonHighlight
HandleControlEvent, ButtonHighlight
HandleControlEvent, ButtonHighlight
HandleControlEvent, ButtonHighlight
HandleControlEvent, ButtonHighlight
HandleControlEvent, AfterShowMenu
HandleControlEvent, AfterShowMenu
Clicked: caption=Created key=COLUMNVIEW::CREATED TAG=SHOWHIDE:CREATED
ButtonClick
HandleControlEvent, ButtonClick
mousemove button=1,shift=0,x=300,y=342
mousemove button=2,shift=0,x=300,y=342
mousemove button=0,shift=0,x=300,y=342
mousemove button=0,shift=0,x=300,y=343
mousemove button=0,shift=0,x=300,y=344
mousemove button=0,shift=0,x=301,y=344
mousemove button=0,shift=0,x=301,y=345
mousemove button=0,shift=0,x=302,y=345
mousemove button=0,shift=0,x=301,y=344
mousemove button=0,shift=0,x=298,y=339
mousemove button=0,shift=0,x=293,y=332
mousemove button=0,shift=0,x=287,y=326
mousemove button=0,shift=0,x=281,y=317
mousemove button=0,shift=0,x=255,y=280
mousemove button=0,shift=0,x=244,y=261
mousemove button=0,shift=0,x=233,y=238
mousemove button=0,shift=0,x=227,y=226
mousemove button=0,shift=0,x=210,y=187
mousemove button=0,shift=0,x=200,y=165
mousemove button=0,shift=0,x=188,y=131
mousemove button=0,shift=0,x=154,y=34
buttondropdown FILE;MENU::FILE
HandleControlEvent, ButtonDropDown
BEFORESHOWMENU:FILE::SUBMENU
File::SUBMENU
beforeShowMenu end FILE::SUBMENU
HandleControlEvent, BeforeShowMenu
beforeshowmenu:FILE::SUBMENU
playing:C:\Users\BC_Programming\AppData\Roaming\BCSearch\Resource\Sound\SHOWMENU.WAV
HandleControlEvent, Resize
HandleControlEvent, Resize
HandleControlEvent, ButtonHighlight
HandleControlEvent, ButtonHighlight
HandleControlEvent, ButtonHighlight
HandleControlEvent, ButtonHighlight
HandleControlEvent, ButtonHighlight
HandleControlEvent, ButtonHighlight
HandleControlEvent, AfterShowMenu
Clicked: caption=&Exit key=FILE::EXIT TAG=FILE::EXIT
ButtonClick
Persisting Combo/List box- section = PersistProperties.cboLookin...
After:hwnd=2364764 umsg=70
WINDOWPOSCHANGING
