BASeCamp CDebug Class Debug Log output.
log at 12/29/2009 on TERATRON as BC_Programming at 15:55.30
################################################################################
System Info for this session:
Environment variables:

ALLUSERSPROFILE=C:\ProgramData
APPDATA=C:\Users\BC_Programming\AppData\Roaming
CG_BOOST_ROOT=C:\Program Files (x86)\CodeGear\RAD Studio\6.0\include\boost_1_35
CommonProgramFiles=C:\Program Files (x86)\Common Files
CommonProgramFiles(x86)=C:\Program Files (x86)\Common Files
CommonProgramW6432=C:\Program Files\Common Files
COMPUTERNAME=TERATRON
ComSpec=C:\Windows\system32\cmd.exe
FP_NO_HOST_CHECK=NO
HOMEDRIVE=C:
HOMEPATH=\Users\BC_Programming
LOCALAPPDATA=C:\Users\BC_Programming\AppData\Local
LOGONSERVER=\\TERATRON
NUMBER_OF_PROCESSORS=4
OPENSSL_CONF=C:\OpenSSL\bin\openssl.cfg
OS=Windows_NT
Path=C:\Python\Scripts;C:\Python\;C:\Program Files (x86)\CodeGear\RAD Studio\6.0\bin;C:\Users\Public\Documents\RAD Studio\6.0\Bpl;C:\Perl\site\bin;C:\Perl\bin;C:\Windows\system32;C:\Windows;C:\Windows\System32\Wbem;C:\Windows\System32\WindowsPowerShell\v1.0\;c:\Program Files (x86)\Microsoft SQL Server\90\Tools\binn\;C:\Program Files (x86)\Microsoft Visual Studio 9.0\VC\bin;C:\Program Files (x86)\Common Files\microsoft shared\MSENV;C:\Program Files (x86)\Common Files\microsoft shared\VSA\9.0\VsaEnv;C:\PROGRA~2\Borland\Delphi6\Bin;C:\PROGRA~2\Borland\Delphi6\Projects\Bpl;C:\Program Files (x86)\Common Files\Autodesk Shared\;C:\Program Files (x86)\backburner 2\;C:\Users\BC_Programming\AppData\Roaming\Python\Scripts;C:\Windows\system32;C:\Windows;C:\Windows\System32\Wbem;C:\Windows\System32\WindowsPowerShell\v1.0\;c:\Program Files (x86)\Microsoft SQL Server\90\Tools\binn\;C:\Program Files (x86)\Microsoft Visual Studio 9.0\VC\bin;C:\Program Files (x86)\Common Files\microsoft shared\MSENV;C:\Program Files (x86)\Common Fi
PATHEXT=.COM;.EXE;.BAT;.CMD;.VBS;.VBE;.JS;.JSE;.WSF;.WSH;.MSC;.py;.pyw
PROCESSOR_ARCHITECTURE=x86
PROCESSOR_ARCHITEW6432=AMD64
PROCESSOR_IDENTIFIER=Intel64 Family 6 Model 23 Stepping 7, GenuineIntel
PROCESSOR_LEVEL=6
PROCESSOR_REVISION=1707
ProgramData=C:\ProgramData
ProgramFiles=C:\Program Files (x86)
ProgramFiles(x86)=C:\Program Files (x86)
ProgramW6432=C:\Program Files
PUBLIC=C:\Users\Public
SystemDrive=C:
SystemRoot=C:\Windows
TEMP=C:\Users\BC_PRO~1\AppData\Local\Temp
TMP=C:\Users\BC_PRO~1\AppData\Local\Temp
USERDOMAIN=TERATRON
USERNAME=BC_Programming
USERPROFILE=C:\Users\BC_Programming
VS90COMNTOOLS=C:\Program Files (x86)\Microsoft Visual Studio 9.0\Common7\Tools\
windir=C:\Windows
__COMPAT_LAYER=RunAsAdmin RunAsAdmin 


################################################################################
***************BEGIN LOG*******************
After:hwnd=985686 umsg=70
WINDOWPOSCHANGING
After:hwnd=985686 umsg=70
WINDOWPOSCHANGING
After:hwnd=985686 umsg=70
WINDOWPOSCHANGING
XML load successful in CXMLLoader::LoadXML
optimal bitdepth is 32 bits.
unrecognized NodeName for commandbar load:SCRIPTS
unrecognized NodeName for commandbar load:
unrecognized NodeName for commandbar load:IMAGELIST
unrecognized NodeName for commandbar load:IMAGELIST
DefClick=C:\Users\BC_Programming\AppData\Roaming\BCSearch\Resource\Sound\CLICK.WAV
Click=C:\Users\BC_Programming\AppData\Roaming\BCSearch\Resource\Sound\CLICK.WAV
picindex=8
Click=C:\Users\BC_Programming\AppData\Roaming\BCSearch\Resource\Sound\CLICK.WAV
picindex=13
Click=C:\Users\BC_Programming\AppData\Roaming\BCSearch\Resource\Sound\CLICK.WAV
picindex=-1
Click=C:\Users\BC_Programming\AppData\Roaming\BCSearch\Resource\Sound\CLICK.WAV
picindex=15
Click=C:\Users\BC_Programming\AppData\Roaming\BCSearch\Resource\Sound\CLICK.WAV
picindex=14
Click=C:\Users\BC_Programming\AppData\Roaming\BCSearch\Resource\Sound\CLICK.WAV
picindex=16
Click=C:\Users\BC_Programming\AppData\Roaming\BCSearch\Resource\Sound\CLICK.WAV
picindex=13
Click=C:\Users\BC_Programming\AppData\Roaming\BCSearch\Resource\Sound\CLICK.WAV
picindex=-1
Click=C:\Users\BC_Programming\AppData\Roaming\BCSearch\Resource\Sound\CLICK.WAV
picindex=17
Click=C:\Users\BC_Programming\AppData\Roaming\BCSearch\Resource\Sound\CLICK.WAV
picindex=11
HandleControlEvent, Resize
DefClick=C:\Users\BC_Programming\AppData\Roaming\BCSearch\Resource\Sound\CLICK.WAV
Click=C:\Users\BC_Programming\AppData\Roaming\BCSearch\Resource\Sound\CLICK.WAV
picindex=18
Click=C:\Users\BC_Programming\AppData\Roaming\BCSearch\Resource\Sound\CLICK.WAV
picindex=20
Click=C:\Users\BC_Programming\AppData\Roaming\BCSearch\Resource\Sound\CLICK.WAV
picindex=-1
Click=C:\Users\BC_Programming\AppData\Roaming\BCSearch\Resource\Sound\CLICK.WAV
picindex=7
Click=C:\Users\BC_Programming\AppData\Roaming\BCSearch\Resource\Sound\CLICK.WAV
picindex=-1
DefClick=C:\Users\BC_Programming\AppData\Roaming\BCSearch\Resource\Sound\CLICK.WAV
Click=C:\Users\BC_Programming\AppData\Roaming\BCSearch\Resource\Sound\CLICK.WAV
picindex=5
Click=C:\Users\BC_Programming\AppData\Roaming\BCSearch\Resource\Sound\CLICK.WAV
picindex=6
Click=C:\Users\BC_Programming\AppData\Roaming\BCSearch\Resource\Sound\CLICK.WAV
picindex=-1
Click=C:\Users\BC_Programming\AppData\Roaming\BCSearch\Resource\Sound\CLICK.WAV
picindex=-1
Click=C:\Users\BC_Programming\AppData\Roaming\BCSearch\Resource\Sound\CLICK.WAV
picindex=-1
Click=C:\Users\BC_Programming\AppData\Roaming\BCSearch\Resource\Sound\CLICK.WAV
picindex=-1
Click=C:\Users\BC_Programming\AppData\Roaming\BCSearch\Resource\Sound\CLICK.WAV
picindex=-1
Click=C:\Users\BC_Programming\AppData\Roaming\BCSearch\Resource\Sound\CLICK.WAV
picindex=-1
Click=C:\Users\BC_Programming\AppData\Roaming\BCSearch\Resource\Sound\CLICK.WAV
picindex=-1
DefClick=
Click=
picindex=2
Click=
picindex=-1
Click=
picindex=-1
DefClick=C:\Users\BC_Programming\AppData\Roaming\BCSearch\Resource\Sound\CLICK.WAV
Click=C:\Users\BC_Programming\AppData\Roaming\BCSearch\Resource\Sound\CLICK.WAV
picindex=-1
Click=C:\Users\BC_Programming\AppData\Roaming\BCSearch\Resource\Sound\CLICK.WAV
picindex=-1
Click=C:\Users\BC_Programming\AppData\Roaming\BCSearch\Resource\Sound\CLICK.WAV
picindex=-1
Click=C:\Users\BC_Programming\AppData\Roaming\BCSearch\Resource\Sound\CLICK.WAV
picindex=-1
Click=C:\Users\BC_Programming\AppData\Roaming\BCSearch\Resource\Sound\CLICK.WAV
picindex=1
Click=C:\Users\BC_Programming\AppData\Roaming\BCSearch\Resource\Sound\CLICK.WAV
picindex=-1
Click=C:\Users\BC_Programming\AppData\Roaming\BCSearch\Resource\Sound\CLICK.WAV
picindex=-1
Click=C:\Users\BC_Programming\AppData\Roaming\BCSearch\Resource\Sound\CLICK.WAV
picindex=-1
Click=C:\Users\BC_Programming\AppData\Roaming\BCSearch\Resource\Sound\CLICK.WAV
picindex=-1
Click=C:\Users\BC_Programming\AppData\Roaming\BCSearch\Resource\Sound\CLICK.WAV
picindex=-1
Click=C:\Users\BC_Programming\AppData\Roaming\BCSearch\Resource\Sound\CLICK.WAV
picindex=11
Click=C:\Users\BC_Programming\AppData\Roaming\BCSearch\Resource\Sound\CLICK.WAV
picindex=12
Click=C:\Users\BC_Programming\AppData\Roaming\BCSearch\Resource\Sound\CLICK.WAV
picindex=-1
Click=C:\Users\BC_Programming\AppData\Roaming\BCSearch\Resource\Sound\CLICK.WAV
picindex=-1
Click=C:\Users\BC_Programming\AppData\Roaming\BCSearch\Resource\Sound\CLICK.WAV
picindex=10
Click=C:\Users\BC_Programming\AppData\Roaming\BCSearch\Resource\Sound\CLICK.WAV
picindex=9
HandleControlEvent, Resize
unrecognized NodeName for commandbar load:TOOLBAR
setting toolbarimagelist(1)...
setting toolbarimagelist(2)...
After:hwnd=985686 umsg=36
After:hwnd=985686 umsg=70
WINDOWPOSCHANGING
HandleControlEvent, Resize
HandleControlEvent, Resize
After:hwnd=985686 umsg=36
After:hwnd=985686 umsg=70
WINDOWPOSCHANGING
Loading Combo/List box- section = PersistProperties.cboLookin...
1
Loading Combo/List box- section = PersistProperties.cboFilter...
After:hwnd=985686 umsg=70
WINDOWPOSCHANGING
After:hwnd=985686 umsg=70
WINDOWPOSCHANGING

not duplicating List item.
Change
Change
Change
Change
Change
Change
Change
Change
0
0
Change
Change
Change
Change
Change
Change
Change
Change
0
0
Persisting Combo/List box- section = PersistProperties.cboSizesuffix.1...
Persisting Combo/List box- section = PersistProperties.cboSizesuffix.0...
Persisting Combo/List box- section = PersistProperties.cboOperation...
Persisting Combo/List box- section = PersistProperties.cboFilter...
Persisting Combo/List box- section = PersistProperties.cboADSThanMultiplier.1...
Persisting Combo/List box- section = PersistProperties.cboADSThanMultiplier.0...
After:hwnd=985686 umsg=70
WINDOWPOSCHANGING
After:hwnd=985686 umsg=70
WINDOWPOSCHANGING
mousemove button=1,shift=0,x=796,y=135
mousemove button=0,shift=0,x=773,y=112
mousemove button=0,shift=0,x=761,y=100
mousemove button=0,shift=0,x=729,y=71
mousemove button=0,shift=0,x=696,y=41
optimal bitdepth is 32 bits.
HandleControlEvent, Resize
mousemove button=0,shift=0,x=191,y=25
mousemove button=0,shift=0,x=189,y=26
mousemove button=0,shift=0,x=187,y=28
mousemove button=0,shift=0,x=184,y=28
mousemove button=0,shift=0,x=182,y=29
mousemove button=0,shift=0,x=181,y=29
mousemove button=0,shift=0,x=181,y=29
mousemove button=0,shift=0,x=182,y=29
mousemove button=0,shift=0,x=183,y=30
mousemove button=0,shift=0,x=181,y=30
mousemove button=0,shift=0,x=180,y=30
mousemove button=0,shift=0,x=175,y=31
mousemove button=0,shift=0,x=166,y=34
mousemove button=0,shift=0,x=157,y=38
mousemove button=0,shift=0,x=147,y=41
mousemove button=0,shift=0,x=139,y=44
mousemove button=0,shift=0,x=134,y=47
mousemove button=0,shift=0,x=129,y=50
mousemove button=0,shift=0,x=128,y=51
mousemove button=0,shift=0,x=126,y=53
mousemove button=0,shift=0,x=123,y=56
mousemove button=0,shift=0,x=120,y=59
mousemove button=0,shift=0,x=115,y=64
mousemove button=0,shift=0,x=111,y=68
mousemove button=0,shift=0,x=106,y=73
mousemove button=0,shift=0,x=100,y=77
mousemove button=0,shift=0,x=96,y=81
mousemove button=0,shift=0,x=83,y=93
mousemove button=0,shift=0,x=81,y=94
mousemove button=0,shift=0,x=78,y=96
mousemove button=0,shift=0,x=78,y=97
mousemove button=0,shift=0,x=77,y=97
mousemove button=0,shift=0,x=76,y=99
mousemove button=0,shift=0,x=75,y=99
mousemove button=0,shift=0,x=75,y=100
mousemove button=0,shift=0,x=74,y=101
mousemove button=0,shift=0,x=72,y=103
mousemove button=0,shift=0,x=72,y=105
mousemove button=0,shift=0,x=70,y=107
mousemove button=0,shift=0,x=68,y=110
mousemove button=0,shift=0,x=64,y=116
mousemove button=0,shift=0,x=63,y=119
mousemove button=0,shift=0,x=63,y=120
mousemove button=0,shift=0,x=62,y=121
mousemove button=0,shift=0,x=62,y=122
mousemove button=0,shift=0,x=61,y=122
mousemove button=0,shift=0,x=61,y=125
mousemove button=0,shift=0,x=60,y=128
mousemove button=0,shift=0,x=59,y=130
mousemove button=0,shift=0,x=59,y=131
mousemove button=0,shift=0,x=59,y=132
mousemove button=0,shift=0,x=58,y=134
mousemove button=0,shift=0,x=57,y=134
mousemove button=0,shift=0,x=57,y=135
mousemove button=0,shift=0,x=57,y=136
mousemove button=0,shift=0,x=57,y=137
mousemove button=0,shift=0,x=56,y=138
mousemove button=0,shift=0,x=56,y=139
mousemove button=0,shift=0,x=56,y=141
mousemove button=0,shift=0,x=56,y=142
mousemove button=0,shift=0,x=56,y=144
mouseup button=1,shift=0,x=56,y=144
C:\eula.1042.txt
mousemove button=1,shift=0,x=56,y=144
mousemove button=0,shift=0,x=56,y=144
mousemove button=0,shift=0,x=57,y=143
mousemove button=0,shift=0,x=61,y=139
mousemove button=0,shift=0,x=67,y=135
mousemove button=0,shift=0,x=71,y=133
mousemove button=0,shift=0,x=74,y=130
mousemove button=0,shift=0,x=83,y=125
mousemove button=0,shift=0,x=85,y=123
mousemove button=0,shift=0,x=87,y=121
mousemove button=0,shift=0,x=94,y=115
mousemove button=0,shift=0,x=94,y=114
mousemove button=0,shift=0,x=96,y=110
mousemove button=0,shift=0,x=97,y=108
mousemove button=0,shift=0,x=98,y=106
mousemove button=0,shift=0,x=99,y=105
mousemove button=0,shift=0,x=99,y=101
mousemove button=0,shift=0,x=100,y=99
mousemove button=0,shift=0,x=102,y=94
mousemove button=0,shift=0,x=103,y=90
mousemove button=0,shift=0,x=105,y=84
mousemove button=0,shift=0,x=107,y=75
mousemove button=0,shift=0,x=107,y=73
mousemove button=0,shift=0,x=107,y=71
mousemove button=0,shift=0,x=108,y=68
mousemove button=0,shift=0,x=108,y=65
mousemove button=0,shift=0,x=109,y=63
mousemove button=0,shift=0,x=110,y=60
mousemove button=0,shift=0,x=111,y=53
mousemove button=0,shift=0,x=111,y=51
mousemove button=0,shift=0,x=112,y=48
mousemove button=0,shift=0,x=112,y=46
mousemove button=0,shift=0,x=112,y=46
mousemove button=0,shift=0,x=114,y=39
mousemove button=0,shift=0,x=115,y=37
mousemove button=0,shift=0,x=115,y=35
mousemove button=0,shift=0,x=115,y=33
mousemove button=0,shift=0,x=115,y=32
mousemove button=0,shift=0,x=115,y=29
mousemove button=0,shift=0,x=115,y=28
mousemove button=0,shift=0,x=116,y=26
mousemove button=0,shift=0,x=117,y=25
buttondropdown POPUP::COPYCLIP;POPUP::COPYCLIP
HandleControlEvent, ButtonDropDown
setting menuimagelist to 171411856
New Control Instance Obtained:1316594
HandleControlEvent, RequestNewInstance
BEFORESHOWMENU:POPUP::COPYCLIP::SUBMENU
beforeShowMenu end POPUP::COPYCLIP::SUBMENU
HandleControlEvent, BeforeShowMenu
beforeshowmenu:POPUP::COPYCLIP::SUBMENU
playing:C:\Users\BC_Programming\AppData\Roaming\BCSearch\Resource\Sound\SHOWMENU.WAV
HandleControlEvent, Resize
HandleControlEvent, Resize
HandleControlEvent, ButtonHighlight
HandleControlEvent, ButtonHighlight
HandleControlEvent, ButtonHighlight
HandleControlEvent, ButtonHighlight
HandleControlEvent, ButtonHighlight
HandleControlEvent, ButtonHighlight
HandleControlEvent, AfterShowMenu
Clicked: caption=File Ver. key=COPYCLIP::COLUMN::PLUGIN:3:1 TAG=
ButtonClick
HandleControlEvent, ButtonClick
mousemove button=1,shift=0,x=138,y=81
mousemove button=0,shift=0,x=139,y=80
mousemove button=0,shift=0,x=140,y=79
mousemove button=0,shift=0,x=143,y=79
mousemove button=0,shift=0,x=144,y=79
mousemove button=0,shift=0,x=144,y=79
mousemove button=0,shift=0,x=142,y=79
mousemove button=0,shift=0,x=142,y=79
mousemove button=0,shift=0,x=141,y=79
mousemove button=0,shift=0,x=141,y=79
mousemove button=0,shift=0,x=140,y=79
mousemove button=0,shift=0,x=139,y=79
mousemove button=0,shift=0,x=138,y=80
mousemove button=0,shift=0,x=137,y=80
mousemove button=0,shift=0,x=136,y=81
mousemove button=0,shift=0,x=135,y=81
mousemove button=0,shift=0,x=135,y=81
mousemove button=0,shift=0,x=133,y=81
mousemove button=0,shift=0,x=132,y=82
mousemove button=0,shift=0,x=130,y=82
mousemove button=0,shift=0,x=129,y=82
mousemove button=0,shift=0,x=127,y=83
mousemove button=0,shift=0,x=126,y=84
mousemove button=0,shift=0,x=122,y=85
mousemove button=0,shift=0,x=110,y=89
mousemove button=0,shift=0,x=103,y=91
mousemove button=0,shift=0,x=95,y=96
mousemove button=0,shift=0,x=87,y=103
mousemove button=0,shift=0,x=77,y=111
mousemove button=0,shift=0,x=46,y=141
mousemove button=0,shift=0,x=31,y=156
mousemove button=0,shift=0,x=9,y=179
After:hwnd=985686 umsg=70
WINDOWPOSCHANGING
buttondropdown POPUP::COPYCLIP;POPUP::COPYCLIP
HandleControlEvent, ButtonDropDown
BEFORESHOWMENU:POPUP::COPYCLIP::SUBMENU
HandleControlEvent, Resize
HandleControlEvent, Resize
HandleControlEvent, Resize
HandleControlEvent, Resize
HandleControlEvent, Resize
HandleControlEvent, Resize
HandleControlEvent, Resize
HandleControlEvent, Resize
HandleControlEvent, Resize
HandleControlEvent, Resize
HandleControlEvent, Resize
HandleControlEvent, Resize
HandleControlEvent, Resize
HandleControlEvent, Resize
HandleControlEvent, Resize
HandleControlEvent, Resize
HandleControlEvent, Resize
beforeShowMenu end POPUP::COPYCLIP::SUBMENU
HandleControlEvent, BeforeShowMenu
beforeshowmenu:POPUP::COPYCLIP::SUBMENU
playing:C:\Users\BC_Programming\AppData\Roaming\BCSearch\Resource\Sound\SHOWMENU.WAV
HandleControlEvent, ButtonHighlight
HandleControlEvent, ButtonHighlight
HandleControlEvent, ButtonHighlight
HandleControlEvent, ButtonHighlight
HandleControlEvent, ButtonHighlight
HandleControlEvent, ButtonHighlight
HandleControlEvent, ButtonHighlight
HandleControlEvent, ButtonHighlight
HandleControlEvent, ButtonHighlight
HandleControlEvent, ButtonHighlight
HandleControlEvent, ButtonHighlight
HandleControlEvent, ButtonHighlight
HandleControlEvent, ButtonHighlight
HandleControlEvent, ButtonHighlight
HandleControlEvent, ButtonHighlight
HandleControlEvent, ButtonHighlight
HandleControlEvent, AfterShowMenu
Clicked: caption=Dir key=COPYCLIP::COLUMN::DIRECTORY TAG=
ButtonClick
HandleControlEvent, ButtonClick
mousemove button=1,shift=0,x=140,y=354
mousemove button=0,shift=0,x=140,y=355
mousemove button=0,shift=0,x=137,y=366
mousemove button=0,shift=0,x=133,y=375
mousemove button=0,shift=0,x=123,y=360
mousemove button=0,shift=0,x=123,y=341
mousemove button=0,shift=0,x=123,y=282
mousemove button=0,shift=0,x=116,y=221
mousemove button=0,shift=0,x=106,y=165
mousemove button=0,shift=0,x=77,y=73
mousemove button=0,shift=0,x=63,y=37
buttondropdown POPUP::COPYCLIP;POPUP::COPYCLIP
HandleControlEvent, ButtonDropDown
BEFORESHOWMENU:POPUP::COPYCLIP::SUBMENU
HandleControlEvent, Resize
HandleControlEvent, Resize
HandleControlEvent, Resize
HandleControlEvent, Resize
HandleControlEvent, Resize
HandleControlEvent, Resize
HandleControlEvent, Resize
HandleControlEvent, Resize
HandleControlEvent, Resize
HandleControlEvent, Resize
HandleControlEvent, Resize
HandleControlEvent, Resize
HandleControlEvent, Resize
HandleControlEvent, Resize
HandleControlEvent, Resize
HandleControlEvent, Resize
HandleControlEvent, Resize
beforeShowMenu end POPUP::COPYCLIP::SUBMENU
HandleControlEvent, BeforeShowMenu
beforeshowmenu:POPUP::COPYCLIP::SUBMENU
playing:C:\Users\BC_Programming\AppData\Roaming\BCSearch\Resource\Sound\SHOWMENU.WAV
HandleControlEvent, ButtonHighlight
HandleControlEvent, ButtonHighlight
HandleControlEvent, ButtonHighlight
HandleControlEvent, ButtonHighlight
HandleControlEvent, ButtonHighlight
HandleControlEvent, ButtonHighlight
HandleControlEvent, ButtonHighlight
HandleControlEvent, ButtonHighlight
HandleControlEvent, ButtonHighlight
HandleControlEvent, ButtonHighlight
HandleControlEvent, ButtonHighlight
HandleControlEvent, AfterShowMenu
Clicked: caption=Size On Disk key=COPYCLIP::COLUMN::DISKSIZE TAG=
ButtonClick
HandleControlEvent, ButtonClick
mousemove button=1,shift=0,x=125,y=251
mousemove button=0,shift=0,x=123,y=251
mousemove button=0,shift=0,x=118,y=251
mousemove button=0,shift=0,x=112,y=251
mousemove button=0,shift=0,x=105,y=250
mousemove button=0,shift=0,x=94,y=249
mousemove button=0,shift=0,x=79,y=247
mousemove button=0,shift=0,x=66,y=245
mousemove button=0,shift=0,x=49,y=244
After:hwnd=985686 umsg=70
WINDOWPOSCHANGING
mousemove button=0,shift=0,x=313,y=326
mousemove button=0,shift=0,x=312,y=306
mousemove button=0,shift=0,x=305,y=269
mousemove button=0,shift=0,x=294,y=243
mousemove button=0,shift=0,x=281,y=217
mousemove button=0,shift=0,x=269,y=199
mousemove button=0,shift=0,x=265,y=193
mousemove button=0,shift=0,x=264,y=193
mousemove button=0,shift=0,x=263,y=193
mousemove button=0,shift=0,x=263,y=193
mousemove button=0,shift=0,x=263,y=191
mousemove button=0,shift=0,x=261,y=174
mousemove button=0,shift=0,x=249,y=128
mousemove button=0,shift=0,x=246,y=116
mousemove button=0,shift=0,x=243,y=103
mousemove button=0,shift=0,x=239,y=93
mousemove button=0,shift=0,x=237,y=80
mousemove button=0,shift=0,x=233,y=60
mousemove button=0,shift=0,x=229,y=37
mousemove button=0,shift=0,x=229,y=37
mousemove button=0,shift=0,x=211,y=28
mousemove button=0,shift=0,x=212,y=30
mousemove button=0,shift=0,x=212,y=32
mousemove button=0,shift=0,x=212,y=34
mousemove button=0,shift=0,x=210,y=36
mousemove button=0,shift=0,x=208,y=37
mousemove button=0,shift=0,x=207,y=37
mousemove button=0,shift=0,x=205,y=37
mousemove button=0,shift=0,x=204,y=38
mousemove button=0,shift=0,x=202,y=39
mousemove button=0,shift=0,x=199,y=39
mousemove button=0,shift=0,x=197,y=39
mousemove button=0,shift=0,x=189,y=40
mousemove button=0,shift=0,x=183,y=40
mousemove button=0,shift=0,x=179,y=40
mousemove button=0,shift=0,x=174,y=40
mousemove button=0,shift=0,x=174,y=40
mousemove button=0,shift=0,x=169,y=39
mousemove button=0,shift=0,x=165,y=38
mousemove button=0,shift=0,x=162,y=36
mousemove button=0,shift=0,x=160,y=35
mousemove button=0,shift=0,x=151,y=29
mousemove button=0,shift=0,x=147,y=26
mousemove button=0,shift=0,x=146,y=25
mousemove button=0,shift=0,x=144,y=24
mousemove button=0,shift=0,x=143,y=24
mouseup button=1,shift=0,x=140,y=10
C:\eula.1028.txt
BEFORESHOWMENU:FileColumnBar
beforeShowMenu end FileColumnBar
HandleControlEvent, BeforeShowMenu
beforeshowmenu:FileColumnBar
HandleControlEvent, Resize
mousemove button=2,shift=0,x=135,y=24
mousemove button=0,shift=0,x=136,y=25
mousemove button=0,shift=0,x=136,y=27
mousemove button=0,shift=0,x=136,y=29
mousemove button=0,shift=0,x=136,y=30
mousemove button=0,shift=0,x=138,y=34
mousemove button=0,shift=0,x=138,y=36
HandleControlEvent, ButtonHighlight
HandleControlEvent, ButtonHighlight
HandleControlEvent, ButtonHighlight
HandleControlEvent, ButtonHighlight
HandleControlEvent, ButtonHighlight
HandleControlEvent, ButtonHighlight
HandleControlEvent, AfterShowMenu
Clicked: caption=Size On Disk key=DISKSIZE TAG=SHOWHIDE:DISKSIZE
ButtonClick
HandleControlEvent, ButtonClick
mousemove button=1,shift=0,x=179,y=148
mousemove button=0,shift=0,x=179,y=147
mousemove button=0,shift=0,x=177,y=146
mousemove button=0,shift=0,x=176,y=143
mousemove button=0,shift=0,x=172,y=138
mousemove button=0,shift=0,x=169,y=133
mousemove button=0,shift=0,x=157,y=114
mousemove button=0,shift=0,x=151,y=107
mousemove button=0,shift=0,x=145,y=97
mousemove button=0,shift=0,x=145,y=97
mousemove button=0,shift=0,x=139,y=86
mousemove button=0,shift=0,x=131,y=69
mousemove button=0,shift=0,x=123,y=52
mousemove button=0,shift=0,x=117,y=41
mousemove button=0,shift=0,x=110,y=24
buttondropdown POPUP::COPYCLIP;POPUP::COPYCLIP
HandleControlEvent, ButtonDropDown
BEFORESHOWMENU:POPUP::COPYCLIP::SUBMENU
beforeShowMenu end POPUP::COPYCLIP::SUBMENU
HandleControlEvent, BeforeShowMenu
beforeshowmenu:POPUP::COPYCLIP::SUBMENU
playing:C:\Users\BC_Programming\AppData\Roaming\BCSearch\Resource\Sound\SHOWMENU.WAV
HandleControlEvent, Resize
HandleControlEvent, AfterShowMenu
buttondropdown FILE;MENU::FILE
HandleControlEvent, ButtonDropDown
BEFORESHOWMENU:FILE::SUBMENU
File::SUBMENU
beforeShowMenu end FILE::SUBMENU
HandleControlEvent, BeforeShowMenu
beforeshowmenu:FILE::SUBMENU
playing:C:\Users\BC_Programming\AppData\Roaming\BCSearch\Resource\Sound\SHOWMENU.WAV
HandleControlEvent, Resize
HandleControlEvent, Resize
HandleControlEvent, ButtonHighlight
HandleControlEvent, ButtonHighlight
HandleControlEvent, ButtonHighlight
HandleControlEvent, ButtonHighlight
HandleControlEvent, ButtonHighlight
HandleControlEvent, AfterShowMenu
Clicked: caption=&Exit key=FILE::EXIT TAG=FILE::EXIT
ButtonClick
Persisting Combo/List box- section = PersistProperties.cboLookin...
After:hwnd=985686 umsg=70
WINDOWPOSCHANGING
