BASeCamp CDebug Class Debug Log output.
log at 12/29/2009 on TERATRON as BC_Programming at 12:17.39
################################################################################
System Info for this session:
Environment variables:

ALLUSERSPROFILE=C:\ProgramData
APPDATA=C:\Users\BC_Programming\AppData\Roaming
CG_BOOST_ROOT=C:\Program Files (x86)\CodeGear\RAD Studio\6.0\include\boost_1_35
CommonProgramFiles=C:\Program Files (x86)\Common Files
CommonProgramFiles(x86)=C:\Program Files (x86)\Common Files
CommonProgramW6432=C:\Program Files\Common Files
COMPUTERNAME=TERATRON
ComSpec=C:\Windows\system32\cmd.exe
FP_NO_HOST_CHECK=NO
HOMEDRIVE=C:
HOMEPATH=\Users\BC_Programming
LOCALAPPDATA=C:\Users\BC_Programming\AppData\Local
LOGONSERVER=\\TERATRON
NUMBER_OF_PROCESSORS=4
OPENSSL_CONF=C:\OpenSSL\bin\openssl.cfg
OS=Windows_NT
Path=C:\Python\Scripts;C:\Python\;C:\Program Files (x86)\CodeGear\RAD Studio\6.0\bin;C:\Users\Public\Documents\RAD Studio\6.0\Bpl;C:\Perl\site\bin;C:\Perl\bin;C:\Windows\system32;C:\Windows;C:\Windows\System32\Wbem;C:\Windows\System32\WindowsPowerShell\v1.0\;c:\Program Files (x86)\Microsoft SQL Server\90\Tools\binn\;C:\Program Files (x86)\Microsoft Visual Studio 9.0\VC\bin;C:\Program Files (x86)\Common Files\microsoft shared\MSENV;C:\Program Files (x86)\Common Files\microsoft shared\VSA\9.0\VsaEnv;C:\PROGRA~2\Borland\Delphi6\Bin;C:\PROGRA~2\Borland\Delphi6\Projects\Bpl;C:\Program Files (x86)\Common Files\Autodesk Shared\;C:\Program Files (x86)\backburner 2\;C:\Users\BC_Programming\AppData\Roaming\Python\Scripts;C:\Windows\system32;C:\Windows;C:\Windows\System32\Wbem;C:\Windows\System32\WindowsPowerShell\v1.0\;c:\Program Files (x86)\Microsoft SQL Server\90\Tools\binn\;C:\Program Files (x86)\Microsoft Visual Studio 9.0\VC\bin;C:\Program Files (x86)\Common Files\microsoft shared\MSENV;C:\Program Files (x86)\Common Fi
PATHEXT=.COM;.EXE;.BAT;.CMD;.VBS;.VBE;.JS;.JSE;.WSF;.WSH;.MSC;.py;.pyw
PROCESSOR_ARCHITECTURE=x86
PROCESSOR_ARCHITEW6432=AMD64
PROCESSOR_IDENTIFIER=Intel64 Family 6 Model 23 Stepping 7, GenuineIntel
PROCESSOR_LEVEL=6
PROCESSOR_REVISION=1707
ProgramData=C:\ProgramData
ProgramFiles=C:\Program Files (x86)
ProgramFiles(x86)=C:\Program Files (x86)
ProgramW6432=C:\Program Files
PUBLIC=C:\Users\Public
SystemDrive=C:
SystemRoot=C:\Windows
TEMP=C:\Users\BC_PRO~1\AppData\Local\Temp
TMP=C:\Users\BC_PRO~1\AppData\Local\Temp
USERDOMAIN=TERATRON
USERNAME=BC_Programming
USERPROFILE=C:\Users\BC_Programming
VS90COMNTOOLS=C:\Program Files (x86)\Microsoft Visual Studio 9.0\Common7\Tools\
windir=C:\Windows
__COMPAT_LAYER=RunAsAdmin RunAsAdmin 


################################################################################
***************BEGIN LOG*******************
After:hwnd=1247704 umsg=70
WINDOWPOSCHANGING
After:hwnd=1247704 umsg=70
WINDOWPOSCHANGING
After:hwnd=1247704 umsg=70
WINDOWPOSCHANGING
XML load successful in CXMLLoader::LoadXML
optimal bitdepth is 32 bits.
unrecognized NodeName for commandbar load:SCRIPTS
unrecognized NodeName for commandbar load:
unrecognized NodeName for commandbar load:IMAGELIST
unrecognized NodeName for commandbar load:IMAGELIST
DefClick=C:\Users\BC_Programming\AppData\Roaming\BCSearch\Resource\Sound\CLICK.WAV
Click=C:\Users\BC_Programming\AppData\Roaming\BCSearch\Resource\Sound\CLICK.WAV
picindex=8
Click=C:\Users\BC_Programming\AppData\Roaming\BCSearch\Resource\Sound\CLICK.WAV
picindex=13
Click=C:\Users\BC_Programming\AppData\Roaming\BCSearch\Resource\Sound\CLICK.WAV
picindex=-1
Click=C:\Users\BC_Programming\AppData\Roaming\BCSearch\Resource\Sound\CLICK.WAV
picindex=15
Click=C:\Users\BC_Programming\AppData\Roaming\BCSearch\Resource\Sound\CLICK.WAV
picindex=14
Click=C:\Users\BC_Programming\AppData\Roaming\BCSearch\Resource\Sound\CLICK.WAV
picindex=16
Click=C:\Users\BC_Programming\AppData\Roaming\BCSearch\Resource\Sound\CLICK.WAV
picindex=13
Click=C:\Users\BC_Programming\AppData\Roaming\BCSearch\Resource\Sound\CLICK.WAV
picindex=-1
Click=C:\Users\BC_Programming\AppData\Roaming\BCSearch\Resource\Sound\CLICK.WAV
picindex=17
Click=C:\Users\BC_Programming\AppData\Roaming\BCSearch\Resource\Sound\CLICK.WAV
picindex=11
HandleControlEvent, Resize
DefClick=C:\Users\BC_Programming\AppData\Roaming\BCSearch\Resource\Sound\CLICK.WAV
Click=C:\Users\BC_Programming\AppData\Roaming\BCSearch\Resource\Sound\CLICK.WAV
picindex=18
Click=C:\Users\BC_Programming\AppData\Roaming\BCSearch\Resource\Sound\CLICK.WAV
picindex=20
Click=C:\Users\BC_Programming\AppData\Roaming\BCSearch\Resource\Sound\CLICK.WAV
picindex=-1
DefClick=C:\Users\BC_Programming\AppData\Roaming\BCSearch\Resource\Sound\CLICK.WAV
Click=C:\Users\BC_Programming\AppData\Roaming\BCSearch\Resource\Sound\CLICK.WAV
picindex=5
Click=C:\Users\BC_Programming\AppData\Roaming\BCSearch\Resource\Sound\CLICK.WAV
picindex=6
Click=C:\Users\BC_Programming\AppData\Roaming\BCSearch\Resource\Sound\CLICK.WAV
picindex=-1
Click=C:\Users\BC_Programming\AppData\Roaming\BCSearch\Resource\Sound\CLICK.WAV
picindex=-1
Click=C:\Users\BC_Programming\AppData\Roaming\BCSearch\Resource\Sound\CLICK.WAV
picindex=-1
Click=C:\Users\BC_Programming\AppData\Roaming\BCSearch\Resource\Sound\CLICK.WAV
picindex=-1
Click=C:\Users\BC_Programming\AppData\Roaming\BCSearch\Resource\Sound\CLICK.WAV
picindex=-1
Click=C:\Users\BC_Programming\AppData\Roaming\BCSearch\Resource\Sound\CLICK.WAV
picindex=-1
Click=C:\Users\BC_Programming\AppData\Roaming\BCSearch\Resource\Sound\CLICK.WAV
picindex=-1
Click=C:\Users\BC_Programming\AppData\Roaming\BCSearch\Resource\Sound\CLICK.WAV
picindex=-1
Click=C:\Users\BC_Programming\AppData\Roaming\BCSearch\Resource\Sound\CLICK.WAV
picindex=-1
DefClick=
Click=
picindex=2
Click=
picindex=-1
Click=
picindex=-1
DefClick=C:\Users\BC_Programming\AppData\Roaming\BCSearch\Resource\Sound\CLICK.WAV
Click=C:\Users\BC_Programming\AppData\Roaming\BCSearch\Resource\Sound\CLICK.WAV
picindex=-1
Click=C:\Users\BC_Programming\AppData\Roaming\BCSearch\Resource\Sound\CLICK.WAV
picindex=-1
Click=C:\Users\BC_Programming\AppData\Roaming\BCSearch\Resource\Sound\CLICK.WAV
picindex=-1
Click=C:\Users\BC_Programming\AppData\Roaming\BCSearch\Resource\Sound\CLICK.WAV
picindex=-1
Click=C:\Users\BC_Programming\AppData\Roaming\BCSearch\Resource\Sound\CLICK.WAV
picindex=1
Click=C:\Users\BC_Programming\AppData\Roaming\BCSearch\Resource\Sound\CLICK.WAV
picindex=-1
Click=C:\Users\BC_Programming\AppData\Roaming\BCSearch\Resource\Sound\CLICK.WAV
picindex=-1
Click=C:\Users\BC_Programming\AppData\Roaming\BCSearch\Resource\Sound\CLICK.WAV
picindex=-1
Click=C:\Users\BC_Programming\AppData\Roaming\BCSearch\Resource\Sound\CLICK.WAV
picindex=-1
Click=C:\Users\BC_Programming\AppData\Roaming\BCSearch\Resource\Sound\CLICK.WAV
picindex=-1
Click=C:\Users\BC_Programming\AppData\Roaming\BCSearch\Resource\Sound\CLICK.WAV
picindex=11
Click=C:\Users\BC_Programming\AppData\Roaming\BCSearch\Resource\Sound\CLICK.WAV
picindex=12
Click=C:\Users\BC_Programming\AppData\Roaming\BCSearch\Resource\Sound\CLICK.WAV
picindex=-1
Click=C:\Users\BC_Programming\AppData\Roaming\BCSearch\Resource\Sound\CLICK.WAV
picindex=-1
Click=C:\Users\BC_Programming\AppData\Roaming\BCSearch\Resource\Sound\CLICK.WAV
picindex=10
Click=C:\Users\BC_Programming\AppData\Roaming\BCSearch\Resource\Sound\CLICK.WAV
picindex=9
HandleControlEvent, Resize
unrecognized NodeName for commandbar load:TOOLBAR
setting toolbarimagelist(1)...
setting toolbarimagelist(2)...
After:hwnd=1247704 umsg=36
After:hwnd=1247704 umsg=70
WINDOWPOSCHANGING
HandleControlEvent, Resize
HandleControlEvent, Resize
After:hwnd=1247704 umsg=36
After:hwnd=1247704 umsg=70
WINDOWPOSCHANGING
Loading Combo/List box- section = PersistProperties.cboLookin...
After:hwnd=1247704 umsg=70
WINDOWPOSCHANGING
not duplicating List item.
control+Enter pressed.
optimal bitdepth is 32 bits.
1
Loading Combo/List box- section = PersistProperties.cboFilter...
After:hwnd=1247704 umsg=70
WINDOWPOSCHANGING
After:hwnd=1247704 umsg=70
WINDOWPOSCHANGING

mousemove button=1,shift=0,x=658,y=241
mousemove button=0,shift=0,x=654,y=241
mousemove button=0,shift=0,x=634,y=241
mousemove button=0,shift=0,x=634,y=243
mousemove button=0,shift=0,x=633,y=243
mousemove button=0,shift=0,x=632,y=243
mousemove button=0,shift=0,x=630,y=241
mousemove button=0,shift=0,x=629,y=241
not duplicating List item.
Change
Change
Change
Change
Change
Change
Change
Change
0
0
Change
Change
Change
Change
Change
Change
Change
Change
0
0
Change
Change
Change
Change
Change
Change
Change
Change
0
0
Persisting Combo/List box- section = PersistProperties.cboSizesuffix.1...
Persisting Combo/List box- section = PersistProperties.cboSizesuffix.0...
Persisting Combo/List box- section = PersistProperties.cboOperation...
Persisting Combo/List box- section = PersistProperties.cboFilter...
Persisting Combo/List box- section = PersistProperties.cboADSThanMultiplier.1...
Persisting Combo/List box- section = PersistProperties.cboADSThanMultiplier.0...
After:hwnd=1247704 umsg=70
WINDOWPOSCHANGING
After:hwnd=1247704 umsg=70
WINDOWPOSCHANGING
mousemove button=1,shift=0,x=644,y=221
mousemove button=0,shift=0,x=644,y=221
mousemove button=0,shift=0,x=643,y=221
mousemove button=0,shift=0,x=641,y=221
mousemove button=0,shift=0,x=639,y=220
mousemove button=0,shift=0,x=636,y=219
mousemove button=0,shift=0,x=634,y=218
mousemove button=0,shift=0,x=630,y=218
mousemove button=0,shift=0,x=627,y=217
mousemove button=0,shift=0,x=625,y=216
mousemove button=0,shift=0,x=623,y=216
mousemove button=0,shift=0,x=619,y=214
mousemove button=0,shift=0,x=615,y=214
mousemove button=0,shift=0,x=599,y=210
mousemove button=0,shift=0,x=590,y=208
mousemove button=0,shift=0,x=580,y=206
mousemove button=0,shift=0,x=568,y=204
mousemove button=0,shift=0,x=557,y=200
mousemove button=0,shift=0,x=519,y=186
mousemove button=0,shift=0,x=511,y=183
mousemove button=0,shift=0,x=474,y=161
mousemove button=0,shift=0,x=465,y=152
mousemove button=0,shift=0,x=457,y=140
mousemove button=0,shift=0,x=449,y=129
mousemove button=0,shift=0,x=445,y=118
mousemove button=0,shift=0,x=442,y=107
mousemove button=0,shift=0,x=439,y=94
mousemove button=0,shift=0,x=438,y=82
mousemove button=0,shift=0,x=438,y=70
mousemove button=0,shift=0,x=442,y=31
control+Enter pressed.
HandleControlEvent, Resize
mousemove button=0,shift=0,x=99,y=25
mousemove button=0,shift=0,x=84,y=33
mousemove button=0,shift=0,x=53,y=58
mousemove button=0,shift=0,x=53,y=58
mousemove button=0,shift=0,x=45,y=69
mousemove button=0,shift=0,x=45,y=71
mousemove button=0,shift=0,x=45,y=72
mousemove button=0,shift=0,x=44,y=73
mousemove button=0,shift=0,x=45,y=73
mousemove button=0,shift=0,x=47,y=73
mousemove button=0,shift=0,x=47,y=74
mousemove button=0,shift=0,x=48,y=74
mousemove button=0,shift=0,x=50,y=74
mousemove button=0,shift=0,x=51,y=75
mousemove button=0,shift=0,x=52,y=76
mousemove button=0,shift=0,x=53,y=76
mousemove button=0,shift=0,x=57,y=80
mousemove button=0,shift=0,x=59,y=81
mousemove button=0,shift=0,x=60,y=83
mousemove button=0,shift=0,x=61,y=83
mousemove button=0,shift=0,x=61,y=84
mousemove button=0,shift=0,x=63,y=84
mousemove button=0,shift=0,x=63,y=84
mousemove button=0,shift=0,x=63,y=82
mousemove button=0,shift=0,x=64,y=80
mousemove button=0,shift=0,x=65,y=78
mousemove button=0,shift=0,x=65,y=77
mousemove button=0,shift=0,x=67,y=75
mousemove button=0,shift=0,x=68,y=72
mousemove button=0,shift=0,x=71,y=63
mousemove button=0,shift=0,x=73,y=59
mousemove button=0,shift=0,x=74,y=55
mousemove button=0,shift=0,x=74,y=54
mousemove button=0,shift=0,x=76,y=52
mousemove button=0,shift=0,x=77,y=49
mousemove button=0,shift=0,x=77,y=47
mousemove button=0,shift=0,x=78,y=44
mousemove button=0,shift=0,x=79,y=42
mousemove button=0,shift=0,x=80,y=41
mousemove button=0,shift=0,x=81,y=38
mousemove button=0,shift=0,x=82,y=35
mousemove button=0,shift=0,x=84,y=29
mousemove button=0,shift=0,x=84,y=28
mousemove button=0,shift=0,x=84,y=25
mousemove button=0,shift=0,x=85,y=25
mousemove button=0,shift=0,x=86,y=25
mousemove button=0,shift=0,x=87,y=25
mousemove button=0,shift=0,x=88,y=25
mousemove button=0,shift=0,x=89,y=24
mouseup button=0,shift=0,x=97,y=11
D:\%desktop%.txt
mouseup button=0,shift=0,x=97,y=11
D:\%desktop%.txt
mouseup button=0,shift=0,x=97,y=11
D:\%desktop%.txt
mouseup button=0,shift=0,x=97,y=11
D:\%desktop%.txt
mouseup button=0,shift=0,x=97,y=11
D:\%desktop%.txt
mouseup button=0,shift=0,x=97,y=11
D:\%desktop%.txt
mouseup button=0,shift=0,x=97,y=11
D:\%desktop%.txt
mouseup button=0,shift=0,x=97,y=11
D:\%desktop%.txt
mousemove button=2,shift=0,x=91,y=25
mousemove button=0,shift=0,x=89,y=29
mousemove button=0,shift=0,x=88,y=33
mousemove button=0,shift=0,x=87,y=36
mousemove button=0,shift=0,x=85,y=41
mousemove button=0,shift=0,x=84,y=45
mousemove button=0,shift=0,x=83,y=50
mousemove button=0,shift=0,x=82,y=52
mousemove button=0,shift=0,x=82,y=54
mousemove button=0,shift=0,x=82,y=56
mousemove button=0,shift=0,x=81,y=57
mousemove button=0,shift=0,x=81,y=58
mousemove button=0,shift=0,x=81,y=60
mousemove button=0,shift=0,x=81,y=61
mousemove button=0,shift=0,x=80,y=62
mousemove button=0,shift=0,x=80,y=64
mousemove button=0,shift=0,x=80,y=67
mousemove button=0,shift=0,x=80,y=70
mousemove button=0,shift=0,x=80,y=73
mousemove button=0,shift=0,x=80,y=75
mousemove button=0,shift=0,x=80,y=77
mousemove button=0,shift=0,x=80,y=78
mousemove button=0,shift=0,x=80,y=83
mousemove button=0,shift=0,x=80,y=86
mousemove button=0,shift=0,x=80,y=88
mousemove button=0,shift=0,x=80,y=92
mousemove button=0,shift=0,x=80,y=93
mousemove button=0,shift=0,x=80,y=96
mousemove button=0,shift=0,x=81,y=102
mousemove button=0,shift=0,x=81,y=103
mousemove button=0,shift=0,x=81,y=105
mousemove button=0,shift=0,x=81,y=107
mousemove button=0,shift=0,x=81,y=110
mousemove button=0,shift=0,x=81,y=111
mousemove button=0,shift=0,x=81,y=112
mousemove button=0,shift=0,x=82,y=114
mousemove button=0,shift=0,x=82,y=115
mousemove button=0,shift=0,x=82,y=117
mousemove button=0,shift=0,x=82,y=118
mousemove button=0,shift=0,x=82,y=119
mousemove button=0,shift=0,x=82,y=120
mousemove button=0,shift=0,x=82,y=120
mousemove button=0,shift=0,x=82,y=121
mousemove button=0,shift=0,x=82,y=122
mousemove button=0,shift=0,x=82,y=123
mousemove button=0,shift=0,x=82,y=125
mouseup button=2,shift=0,x=82,y=125
D:\erasegpuwork.txt
before show menu 93589997
Count of items is 18
ret=1
after show menu ID=0
mouseup button=2,shift=0,x=74,y=14
D:\%desktop%.txt
setting menuimagelist to 171071488
New Control Instance Obtained:1575352
HandleControlEvent, RequestNewInstance
BEFORESHOWMENU:VIEW::SUBMENU
beforeShowMenu end VIEW::SUBMENU
HandleControlEvent, BeforeShowMenu
beforeshowmenu:VIEW::SUBMENU
playing:C:\Users\BC_Programming\AppData\Roaming\BCSearch\Resource\Sound\SHOWMENU.WAV
HandleControlEvent, Resize
HandleControlEvent, Resize
HandleControlEvent, AfterShowMenu
mouseup button=2,shift=0,x=71,y=14
D:\%desktop%.txt
BEFORESHOWMENU:VIEW::SUBMENU
beforeShowMenu end VIEW::SUBMENU
HandleControlEvent, BeforeShowMenu
beforeshowmenu:VIEW::SUBMENU
playing:C:\Users\BC_Programming\AppData\Roaming\BCSearch\Resource\Sound\SHOWMENU.WAV
HandleControlEvent, ButtonHighlight
HandleControlEvent, AfterShowMenu
mouseup button=2,shift=0,x=216,y=12
D:\%desktop%.txt
BEFORESHOWMENU:VIEW::SUBMENU
beforeShowMenu end VIEW::SUBMENU
HandleControlEvent, BeforeShowMenu
beforeshowmenu:VIEW::SUBMENU
playing:C:\Users\BC_Programming\AppData\Roaming\BCSearch\Resource\Sound\SHOWMENU.WAV
mousemove button=2,shift=0,x=205,y=24
mousemove button=0,shift=0,x=207,y=25
mousemove button=0,shift=0,x=208,y=26
mousemove button=0,shift=0,x=209,y=28
mousemove button=0,shift=0,x=211,y=30
mousemove button=0,shift=0,x=214,y=36
HandleControlEvent, ButtonHighlight
HandleControlEvent, ButtonHighlight
HandleControlEvent, ButtonHighlight
HandleControlEvent, ButtonHighlight
HandleControlEvent, ButtonHighlight
HandleControlEvent, ButtonHighlight
setting menuimagelist to 171071488
New Control Instance Obtained:1705016
HandleControlEvent, RequestNewInstance
BEFORESHOWMENU:VIEW::COLUMNS::SUBMENU
column: key=FILENAME tag = 
checking off Key=COLUMNVIEW::FILENAME Tag=SHOWHIDE:FILENAME
column: key=DIRECTORY tag = 
checking off Key=COLUMNVIEW::DIRECTORY Tag=SHOWHIDE:DIRECTORY
column: key=EXTENSION tag = 
checking off Key=COLUMNVIEW::EXTENSION Tag=SHOWHIDE:EXTENSION
column: key=TYPE tag = 
checking off Key=COLUMNVIEW::TYPE Tag=SHOWHIDE:TYPE
column: key=SIZE tag = 
checking off Key=COLUMNVIEW::SIZE Tag=SHOWHIDE:SIZE
column: key=DISKSIZE tag = 
checking off Key=COLUMNVIEW::DISKSIZE Tag=SHOWHIDE:DISKSIZE
column: key=MODIFIED tag = 
checking off Key=COLUMNVIEW::MODIFIED Tag=SHOWHIDE:MODIFIED
column: key=ACCESSED tag = 
checking off Key=COLUMNVIEW::ACCESSED Tag=SHOWHIDE:ACCESSED
column: key=CREATED tag = 
checking off Key=COLUMNVIEW::CREATED Tag=SHOWHIDE:CREATED
column: key=PLUGIN:1:1 tag = 
checking off Key=COLUMNVIEW::PLUGIN:1:1 Tag=SHOWHIDE:PLUGIN:1:1
column: key=PLUGIN:1:2 tag = 
checking off Key=COLUMNVIEW::PLUGIN:1:2 Tag=SHOWHIDE:PLUGIN:1:2
column: key=PLUGIN:2:1 tag = 
checking off Key=COLUMNVIEW::PLUGIN:2:1 Tag=SHOWHIDE:PLUGIN:2:1
column: key=PLUGIN:3:1 tag = 
checking off Key=COLUMNVIEW::PLUGIN:3:1 Tag=SHOWHIDE:PLUGIN:3:1
column: key=PLUGIN:3:2 tag = 
checking off Key=COLUMNVIEW::PLUGIN:3:2 Tag=SHOWHIDE:PLUGIN:3:2
beforeShowMenu end VIEW::COLUMNS::SUBMENU
HandleControlEvent, BeforeShowMenu
beforeshowmenu:VIEW::COLUMNS::SUBMENU
playing:C:\Users\BC_Programming\AppData\Roaming\BCSearch\Resource\Sound\SHOWMENU.WAV
HandleControlEvent, Resize
HandleControlEvent, Resize
HandleControlEvent, ButtonHighlight
HandleControlEvent, ButtonHighlight
HandleControlEvent, AfterShowMenu
HandleControlEvent, AfterShowMenu
Clicked: caption=Filename key=COLUMNVIEW::FILENAME TAG=SHOWHIDE:FILENAME
ButtonClick
HandleControlEvent, ButtonClick
mousemove button=1,shift=0,x=372,y=151
mousemove button=0,shift=0,x=369,y=150
mousemove button=0,shift=0,x=344,y=145
mousemove button=0,shift=0,x=326,y=142
mousemove button=0,shift=0,x=301,y=142
mousemove button=0,shift=0,x=282,y=142
mousemove button=0,shift=0,x=260,y=142
mousemove button=0,shift=0,x=241,y=142
mousemove button=0,shift=0,x=228,y=141
mousemove button=0,shift=0,x=218,y=141
mousemove button=0,shift=0,x=210,y=141
mousemove button=0,shift=0,x=206,y=140
mousemove button=0,shift=0,x=204,y=140
mousemove button=0,shift=0,x=201,y=139
mousemove button=0,shift=0,x=200,y=139
mousemove button=0,shift=0,x=199,y=139
mousemove button=0,shift=0,x=198,y=138
mousemove button=0,shift=0,x=197,y=138
mousemove button=0,shift=0,x=197,y=138
mousemove button=0,shift=0,x=197,y=138
mousemove button=0,shift=0,x=197,y=137
mousemove button=0,shift=0,x=196,y=137
mousemove button=0,shift=0,x=192,y=137
mousemove button=0,shift=0,x=186,y=135
mousemove button=0,shift=0,x=174,y=132
mousemove button=0,shift=0,x=156,y=127
mousemove button=0,shift=0,x=135,y=123
mousemove button=0,shift=0,x=108,y=115
mousemove button=0,shift=0,x=68,y=107
mousemove button=0,shift=0,x=31,y=98
After:hwnd=1247704 umsg=70
WINDOWPOSCHANGING
After:hwnd=1247704 umsg=70
WINDOWPOSCHANGING
mousemove button=1,shift=0,x=225,y=133
mousemove button=0,shift=0,x=225,y=133
mousemove button=0,shift=0,x=225,y=134
mousemove button=0,shift=0,x=225,y=135
mousemove button=0,shift=0,x=224,y=139
mousemove button=0,shift=0,x=224,y=141
mousemove button=0,shift=0,x=224,y=142
mousemove button=0,shift=0,x=223,y=147
mousemove button=0,shift=0,x=222,y=149
mousemove button=0,shift=0,x=222,y=153
mousemove button=0,shift=0,x=221,y=159
mousemove button=0,shift=0,x=220,y=164
mousemove button=0,shift=0,x=219,y=174
mousemove button=0,shift=0,x=218,y=183
mousemove button=0,shift=0,x=216,y=193
mousemove button=0,shift=0,x=214,y=206
mousemove button=0,shift=0,x=212,y=215
mousemove button=0,shift=0,x=202,y=254
After:hwnd=1247704 umsg=70
WINDOWPOSCHANGING
After:hwnd=1247704 umsg=70
WINDOWPOSCHANGING
mousemove button=1,shift=0,x=211,y=139
mousemove button=0,shift=0,x=209,y=138
mousemove button=0,shift=0,x=204,y=136
mousemove button=0,shift=0,x=201,y=134
mousemove button=0,shift=0,x=198,y=134
mousemove button=0,shift=0,x=192,y=132
mousemove button=0,shift=0,x=188,y=131
mousemove button=0,shift=0,x=182,y=128
mousemove button=0,shift=0,x=176,y=125
mousemove button=0,shift=0,x=156,y=114
mousemove button=0,shift=0,x=146,y=107
mousemove button=0,shift=0,x=122,y=90
mousemove button=0,shift=0,x=114,y=85
mousemove button=0,shift=0,x=104,y=78
mousemove button=0,shift=0,x=99,y=76
mousemove button=0,shift=0,x=92,y=71
mousemove button=0,shift=0,x=83,y=65
mousemove button=0,shift=0,x=75,y=60
mousemove button=0,shift=0,x=66,y=55
mousemove button=0,shift=0,x=66,y=55
mousemove button=0,shift=0,x=58,y=49
mousemove button=0,shift=0,x=50,y=46
mousemove button=0,shift=0,x=44,y=42
mousemove button=0,shift=0,x=40,y=38
mousemove button=0,shift=0,x=32,y=34
mousemove button=0,shift=0,x=30,y=32
mousemove button=0,shift=0,x=28,y=31
mousemove button=0,shift=0,x=26,y=30
mousemove button=0,shift=0,x=24,y=28
mousemove button=0,shift=0,x=23,y=27
mousemove button=0,shift=0,x=22,y=26
mousemove button=0,shift=0,x=21,y=25
mousemove button=0,shift=0,x=20,y=24
After:hwnd=1247704 umsg=70
WINDOWPOSCHANGING
mousemove button=0,shift=0,x=98,y=28
mousemove button=0,shift=0,x=99,y=33
mousemove button=0,shift=0,x=101,y=45
mousemove button=0,shift=0,x=102,y=48
mousemove button=0,shift=0,x=103,y=51
mousemove button=0,shift=0,x=103,y=54
mousemove button=0,shift=0,x=104,y=57
mousemove button=0,shift=0,x=105,y=58
mousemove button=0,shift=0,x=105,y=59
mousemove button=0,shift=0,x=106,y=60
mousemove button=0,shift=0,x=106,y=61
mousemove button=0,shift=0,x=106,y=62
mousemove button=0,shift=0,x=106,y=64
mousemove button=0,shift=0,x=107,y=69
mousemove button=0,shift=0,x=108,y=70
mousemove button=0,shift=0,x=108,y=71
mousemove button=0,shift=0,x=108,y=72
mousemove button=0,shift=0,x=109,y=72
mousemove button=0,shift=0,x=109,y=73
mousemove button=0,shift=0,x=109,y=74
mousemove button=0,shift=0,x=109,y=75
mousemove button=0,shift=0,x=109,y=76
mousemove button=0,shift=0,x=109,y=77
mousemove button=0,shift=0,x=109,y=78
mousemove button=0,shift=0,x=109,y=77
mousemove button=0,shift=0,x=109,y=76
mousemove button=0,shift=0,x=109,y=74
mousemove button=0,shift=0,x=107,y=68
mousemove button=0,shift=0,x=105,y=60
mousemove button=0,shift=0,x=105,y=60
mousemove button=0,shift=0,x=104,y=53
mousemove button=0,shift=0,x=100,y=34
mousemove button=0,shift=0,x=99,y=29
mouseup button=2,shift=0,x=101,y=9
D:\%desktop%.txt
BEFORESHOWMENU:VIEW::SUBMENU
beforeShowMenu end VIEW::SUBMENU
HandleControlEvent, BeforeShowMenu
beforeshowmenu:VIEW::SUBMENU
playing:C:\Users\BC_Programming\AppData\Roaming\BCSearch\Resource\Sound\SHOWMENU.WAV
After:hwnd=1247704 umsg=70
WINDOWPOSCHANGING
After:hwnd=1247704 umsg=70
WINDOWPOSCHANGING
After:hwnd=1247704 umsg=70
WINDOWPOSCHANGING
After:hwnd=1247704 umsg=70
WINDOWPOSCHANGING
After:hwnd=1247704 umsg=70
WINDOWPOSCHANGING
After:hwnd=1247704 umsg=70
WINDOWPOSCHANGING
After:hwnd=1247704 umsg=70
WINDOWPOSCHANGING
After:hwnd=1247704 umsg=70
WINDOWPOSCHANGING
After:hwnd=1247704 umsg=70
WINDOWPOSCHANGING
After:hwnd=1247704 umsg=70
WINDOWPOSCHANGING
After:hwnd=1247704 umsg=70
WINDOWPOSCHANGING
After:hwnd=1247704 umsg=70
WINDOWPOSCHANGING
After:hwnd=1247704 umsg=70
WINDOWPOSCHANGING
After:hwnd=1247704 umsg=70
WINDOWPOSCHANGING
After:hwnd=1247704 umsg=70
WINDOWPOSCHANGING
After:hwnd=1247704 umsg=70
WINDOWPOSCHANGING
After:hwnd=1247704 umsg=70
WINDOWPOSCHANGING
After:hwnd=1247704 umsg=70
WINDOWPOSCHANGING
After:hwnd=1247704 umsg=70
WINDOWPOSCHANGING
After:hwnd=1247704 umsg=70
WINDOWPOSCHANGING
After:hwnd=1247704 umsg=70
WINDOWPOSCHANGING
After:hwnd=1247704 umsg=70
WINDOWPOSCHANGING
After:hwnd=1247704 umsg=70
WINDOWPOSCHANGING
After:hwnd=1247704 umsg=70
WINDOWPOSCHANGING
After:hwnd=1247704 umsg=70
WINDOWPOSCHANGING
After:hwnd=1247704 umsg=70
WINDOWPOSCHANGING
After:hwnd=1247704 umsg=70
WINDOWPOSCHANGING
After:hwnd=1247704 umsg=70
WINDOWPOSCHANGING
After:hwnd=1247704 umsg=70
WINDOWPOSCHANGING
After:hwnd=1247704 umsg=70
WINDOWPOSCHANGING
After:hwnd=1247704 umsg=70
WINDOWPOSCHANGING
After:hwnd=1247704 umsg=70
WINDOWPOSCHANGING
After:hwnd=1247704 umsg=70
WINDOWPOSCHANGING
After:hwnd=1247704 umsg=70
WINDOWPOSCHANGING
After:hwnd=1247704 umsg=70
WINDOWPOSCHANGING
After:hwnd=1247704 umsg=70
WINDOWPOSCHANGING
After:hwnd=1247704 umsg=70
WINDOWPOSCHANGING
After:hwnd=1247704 umsg=70
WINDOWPOSCHANGING
After:hwnd=1247704 umsg=70
WINDOWPOSCHANGING
After:hwnd=1247704 umsg=70
WINDOWPOSCHANGING
After:hwnd=1247704 umsg=70
WINDOWPOSCHANGING
After:hwnd=1247704 umsg=70
WINDOWPOSCHANGING
After:hwnd=1247704 umsg=70
WINDOWPOSCHANGING
After:hwnd=1247704 umsg=70
WINDOWPOSCHANGING
After:hwnd=1247704 umsg=70
WINDOWPOSCHANGING
After:hwnd=1247704 umsg=70
WINDOWPOSCHANGING
After:hwnd=1247704 umsg=70
WINDOWPOSCHANGING
After:hwnd=1247704 umsg=70
WINDOWPOSCHANGING
After:hwnd=1247704 umsg=70
WINDOWPOSCHANGING
After:hwnd=1247704 umsg=70
WINDOWPOSCHANGING
After:hwnd=1247704 umsg=70
WINDOWPOSCHANGING
After:hwnd=1247704 umsg=70
WINDOWPOSCHANGING
After:hwnd=1247704 umsg=70
WINDOWPOSCHANGING
After:hwnd=1247704 umsg=70
WINDOWPOSCHANGING
After:hwnd=1247704 umsg=70
WINDOWPOSCHANGING
After:hwnd=1247704 umsg=70
WINDOWPOSCHANGING
After:hwnd=1247704 umsg=70
WINDOWPOSCHANGING
After:hwnd=1247704 umsg=70
WINDOWPOSCHANGING
After:hwnd=1247704 umsg=70
WINDOWPOSCHANGING
After:hwnd=1247704 umsg=70
WINDOWPOSCHANGING
After:hwnd=1247704 umsg=70
WINDOWPOSCHANGING
After:hwnd=1247704 umsg=70
WINDOWPOSCHANGING
After:hwnd=1247704 umsg=70
WINDOWPOSCHANGING
After:hwnd=1247704 umsg=70
WINDOWPOSCHANGING
After:hwnd=1247704 umsg=70
WINDOWPOSCHANGING
After:hwnd=1247704 umsg=70
WINDOWPOSCHANGING
After:hwnd=1247704 umsg=70
WINDOWPOSCHANGING
After:hwnd=1247704 umsg=70
WINDOWPOSCHANGING
After:hwnd=1247704 umsg=70
WINDOWPOSCHANGING
After:hwnd=1247704 umsg=70
WINDOWPOSCHANGING
After:hwnd=1247704 umsg=70
WINDOWPOSCHANGING
After:hwnd=1247704 umsg=70
WINDOWPOSCHANGING
After:hwnd=1247704 umsg=70
WINDOWPOSCHANGING
After:hwnd=1247704 umsg=70
WINDOWPOSCHANGING
After:hwnd=1247704 umsg=70
WINDOWPOSCHANGING
After:hwnd=1247704 umsg=70
WINDOWPOSCHANGING
After:hwnd=1247704 umsg=70
WINDOWPOSCHANGING
After:hwnd=1247704 umsg=70
WINDOWPOSCHANGING
After:hwnd=1247704 umsg=70
WINDOWPOSCHANGING
After:hwnd=1247704 umsg=70
WINDOWPOSCHANGING
After:hwnd=1247704 umsg=70
WINDOWPOSCHANGING
After:hwnd=1247704 umsg=70
WINDOWPOSCHANGING
After:hwnd=1247704 umsg=70
WINDOWPOSCHANGING
After:hwnd=1247704 umsg=70
WINDOWPOSCHANGING
After:hwnd=1247704 umsg=70
WINDOWPOSCHANGING
After:hwnd=1247704 umsg=70
WINDOWPOSCHANGING
After:hwnd=1247704 umsg=70
WINDOWPOSCHANGING
After:hwnd=1247704 umsg=70
WINDOWPOSCHANGING
After:hwnd=1247704 umsg=70
WINDOWPOSCHANGING
After:hwnd=1247704 umsg=70
WINDOWPOSCHANGING
After:hwnd=1247704 umsg=70
WINDOWPOSCHANGING
After:hwnd=1247704 umsg=70
WINDOWPOSCHANGING
After:hwnd=1247704 umsg=70
WINDOWPOSCHANGING
After:hwnd=1247704 umsg=70
WINDOWPOSCHANGING
After:hwnd=1247704 umsg=70
WINDOWPOSCHANGING
After:hwnd=1247704 umsg=70
WINDOWPOSCHANGING
After:hwnd=1247704 umsg=70
WINDOWPOSCHANGING
After:hwnd=1247704 umsg=70
WINDOWPOSCHANGING
After:hwnd=1247704 umsg=70
WINDOWPOSCHANGING
After:hwnd=1247704 umsg=70
WINDOWPOSCHANGING
After:hwnd=1247704 umsg=70
WINDOWPOSCHANGING
After:hwnd=1247704 umsg=70
WINDOWPOSCHANGING
After:hwnd=1247704 umsg=70
WINDOWPOSCHANGING
After:hwnd=1247704 umsg=70
WINDOWPOSCHANGING
After:hwnd=1247704 umsg=70
WINDOWPOSCHANGING
After:hwnd=1247704 umsg=70
WINDOWPOSCHANGING
mousemove button=1,shift=0,x=73,y=43
mousemove button=2,shift=0,x=73,y=43
mousemove button=0,shift=0,x=73,y=42
mousemove button=0,shift=0,x=73,y=42
mousemove button=0,shift=0,x=73,y=41
mousemove button=0,shift=0,x=74,y=39
mousemove button=0,shift=0,x=74,y=38
mousemove button=0,shift=0,x=75,y=35
mousemove button=0,shift=0,x=75,y=34
mousemove button=0,shift=0,x=76,y=32
mousemove button=0,shift=0,x=77,y=30
mousemove button=0,shift=0,x=78,y=27
mousemove button=0,shift=0,x=79,y=26
mousemove button=0,shift=0,x=80,y=24
mouseup button=2,shift=0,x=84,y=15
D:\%desktop%.txt
BEFORESHOWMENU:VIEW::SUBMENU
beforeShowMenu end VIEW::SUBMENU
HandleControlEvent, BeforeShowMenu
beforeshowmenu:VIEW::SUBMENU
playing:C:\Users\BC_Programming\AppData\Roaming\BCSearch\Resource\Sound\SHOWMENU.WAV
HandleControlEvent, AfterShowMenu
mouseup button=2,shift=0,x=75,y=14
D:\%desktop%.txt
BEFORESHOWMENU:VIEW::SUBMENU
beforeShowMenu end VIEW::SUBMENU
HandleControlEvent, BeforeShowMenu
beforeshowmenu:VIEW::SUBMENU
playing:C:\Users\BC_Programming\AppData\Roaming\BCSearch\Resource\Sound\SHOWMENU.WAV
HandleControlEvent, AfterShowMenu
mouseup button=2,shift=0,x=67,y=13
D:\%desktop%.txt
BEFORESHOWMENU:VIEW::SUBMENU
beforeShowMenu end VIEW::SUBMENU
HandleControlEvent, BeforeShowMenu
beforeshowmenu:VIEW::SUBMENU
playing:C:\Users\BC_Programming\AppData\Roaming\BCSearch\Resource\Sound\SHOWMENU.WAV
HandleControlEvent, ButtonHighlight
mousemove button=2,shift=0,x=66,y=24
mousemove button=0,shift=0,x=66,y=28
mousemove button=0,shift=0,x=65,y=35
mousemove button=0,shift=0,x=65,y=38
mousemove button=0,shift=0,x=65,y=43
mousemove button=0,shift=0,x=65,y=49
mousemove button=0,shift=0,x=65,y=54
mousemove button=0,shift=0,x=65,y=61
mousemove button=0,shift=0,x=65,y=68
mousemove button=0,shift=0,x=66,y=76
HandleControlEvent, ButtonHighlight
HandleControlEvent, ButtonHighlight
HandleControlEvent, ButtonHighlight
mousemove button=0,shift=0,x=76,y=163
mousemove button=0,shift=0,x=77,y=168
mousemove button=0,shift=0,x=78,y=171
mousemove button=0,shift=0,x=80,y=177
mousemove button=0,shift=0,x=80,y=179
mousemove button=0,shift=0,x=82,y=185
mousemove button=0,shift=0,x=82,y=186
mousemove button=0,shift=0,x=82,y=187
mousemove button=0,shift=0,x=82,y=188
mousemove button=0,shift=0,x=82,y=191
mousemove button=0,shift=0,x=82,y=194
mousemove button=0,shift=0,x=82,y=197
mousemove button=0,shift=0,x=81,y=198
mousemove button=0,shift=0,x=81,y=202
mousemove button=0,shift=0,x=81,y=203
mousemove button=0,shift=0,x=80,y=205
mousemove button=0,shift=0,x=80,y=207
mousemove button=0,shift=0,x=78,y=214
mousemove button=0,shift=0,x=78,y=216
mousemove button=0,shift=0,x=77,y=219
mousemove button=0,shift=0,x=76,y=222
mousemove button=0,shift=0,x=73,y=230
mousemove button=0,shift=0,x=73,y=232
mousemove button=0,shift=0,x=71,y=234
mousemove button=0,shift=0,x=71,y=235
mousemove button=0,shift=0,x=71,y=237
mousemove button=0,shift=0,x=70,y=238
mousemove button=0,shift=0,x=69,y=239
mousemove button=0,shift=0,x=69,y=240
mousemove button=0,shift=0,x=68,y=240
mousemove button=0,shift=0,x=68,y=240
mousemove button=0,shift=0,x=68,y=241
mousemove button=0,shift=0,x=67,y=240
mousemove button=0,shift=0,x=67,y=239
mousemove button=0,shift=0,x=66,y=239
mousemove button=0,shift=0,x=65,y=239
mousemove button=0,shift=0,x=64,y=238
mousemove button=0,shift=0,x=62,y=237
mousemove button=0,shift=0,x=61,y=236
mousemove button=0,shift=0,x=59,y=234
mousemove button=0,shift=0,x=57,y=233
mousemove button=0,shift=0,x=57,y=232
mousemove button=0,shift=0,x=55,y=231
mousemove button=0,shift=0,x=54,y=230
mousemove button=0,shift=0,x=53,y=230
mousemove button=0,shift=0,x=52,y=230
mousemove button=0,shift=0,x=50,y=230
mousemove button=0,shift=0,x=50,y=229
mousemove button=0,shift=0,x=49,y=229
mousemove button=0,shift=0,x=49,y=229
mousemove button=0,shift=0,x=49,y=228
mousemove button=0,shift=0,x=48,y=228
mousemove button=0,shift=0,x=47,y=228
HandleControlEvent, AfterShowMenu
mouseup button=1,shift=0,x=46,y=228
D:\hijack.txt
mousemove button=1,shift=0,x=46,y=228
mousemove button=0,shift=0,x=46,y=228
mousemove button=0,shift=0,x=46,y=228
mousemove button=0,shift=0,x=46,y=227
mousemove button=0,shift=0,x=46,y=220
mousemove button=0,shift=0,x=46,y=210
mousemove button=0,shift=0,x=47,y=199
mousemove button=0,shift=0,x=48,y=190
mousemove button=0,shift=0,x=51,y=180
mousemove button=0,shift=0,x=52,y=171
mousemove button=0,shift=0,x=53,y=160
mousemove button=0,shift=0,x=54,y=150
mousemove button=0,shift=0,x=56,y=138
mousemove button=0,shift=0,x=59,y=126
mousemove button=0,shift=0,x=61,y=120
mousemove button=0,shift=0,x=66,y=106
mousemove button=0,shift=0,x=69,y=98
mousemove button=0,shift=0,x=70,y=95
mousemove button=0,shift=0,x=72,y=88
mousemove button=0,shift=0,x=74,y=82
mousemove button=0,shift=0,x=75,y=77
mousemove button=0,shift=0,x=76,y=72
mousemove button=0,shift=0,x=80,y=57
mousemove button=0,shift=0,x=81,y=54
mousemove button=0,shift=0,x=82,y=49
mousemove button=0,shift=0,x=82,y=46
mousemove button=0,shift=0,x=83,y=43
mousemove button=0,shift=0,x=84,y=40
mousemove button=0,shift=0,x=84,y=36
mousemove button=0,shift=0,x=85,y=34
mousemove button=0,shift=0,x=85,y=30
mousemove button=0,shift=0,x=85,y=27
mouseup button=1,shift=0,x=87,y=15
D:\%desktop%.txt
mouseup button=1,shift=0,x=87,y=15
D:\%desktop%.txt
mouseup button=1,shift=0,x=87,y=15
D:\%desktop%.txt
mouseup button=1,shift=0,x=87,y=15
D:\%desktop%.txt
After:hwnd=1247704 umsg=70
WINDOWPOSCHANGING
mouseup button=1,shift=0,x=107,y=8
D:\%desktop%.txt
mouseup button=1,shift=0,x=107,y=8
D:\%desktop%.txt
mouseup button=1,shift=0,x=107,y=8
D:\%desktop%.txt
mouseup button=1,shift=0,x=107,y=8
D:\%desktop%.txt
mouseup button=1,shift=0,x=107,y=8
D:\%desktop%.txt
mouseup button=1,shift=0,x=107,y=8
D:\%desktop%.txt
mouseup button=1,shift=0,x=107,y=8
D:\%desktop%.txt
mouseup button=1,shift=0,x=107,y=8
D:\%desktop%.txt
mouseup button=1,shift=0,x=107,y=8
D:\%desktop%.txt
mouseup button=1,shift=0,x=107,y=8
D:\%desktop%.txt
mouseup button=1,shift=0,x=107,y=8
D:\%desktop%.txt
mouseup button=1,shift=0,x=107,y=8
D:\%desktop%.txt
mouseup button=1,shift=0,x=107,y=8
D:\%desktop%.txt
mouseup button=1,shift=0,x=107,y=8
D:\%desktop%.txt
mouseup button=1,shift=0,x=107,y=8
D:\%desktop%.txt
mouseup button=1,shift=0,x=107,y=8
D:\%desktop%.txt
mouseup button=1,shift=0,x=107,y=8
D:\%desktop%.txt
mouseup button=1,shift=0,x=107,y=8
D:\%desktop%.txt
mouseup button=1,shift=0,x=107,y=8
D:\%desktop%.txt
mouseup button=1,shift=0,x=107,y=8
D:\%desktop%.txt
mouseup button=1,shift=0,x=107,y=8
D:\%desktop%.txt
mouseup button=1,shift=0,x=107,y=8
D:\%desktop%.txt
mouseup button=1,shift=0,x=107,y=8
D:\%desktop%.txt
mouseup button=1,shift=0,x=107,y=8
D:\%desktop%.txt
mouseup button=1,shift=0,x=107,y=8
D:\%desktop%.txt
mouseup button=1,shift=0,x=107,y=8
D:\%desktop%.txt
mouseup button=1,shift=0,x=107,y=8
D:\%desktop%.txt
mouseup button=1,shift=0,x=107,y=8
D:\%desktop%.txt
After:hwnd=1247704 umsg=70
WINDOWPOSCHANGING
mouseup button=1,shift=0,x=121,y=11
D:\%desktop%.txt
mouseup button=1,shift=0,x=121,y=11
D:\%desktop%.txt
mouseup button=1,shift=0,x=121,y=11
D:\%desktop%.txt
mouseup button=1,shift=0,x=121,y=11
D:\%desktop%.txt
mouseup button=1,shift=0,x=121,y=11
D:\%desktop%.txt
mouseup button=1,shift=0,x=121,y=11
D:\%desktop%.txt
mouseup button=1,shift=0,x=121,y=11
D:\%desktop%.txt
mouseup button=1,shift=0,x=121,y=11
D:\%desktop%.txt
mouseup button=1,shift=0,x=121,y=11
D:\%desktop%.txt
mouseup button=1,shift=0,x=121,y=11
D:\%desktop%.txt
mouseup button=1,shift=0,x=121,y=11
D:\%desktop%.txt
buttondropdown FILE;MENU::FILE
HandleControlEvent, ButtonDropDown
BEFORESHOWMENU:FILE::SUBMENU
File::SUBMENU
beforeShowMenu end FILE::SUBMENU
HandleControlEvent, BeforeShowMenu
beforeshowmenu:FILE::SUBMENU
playing:C:\Users\BC_Programming\AppData\Roaming\BCSearch\Resource\Sound\SHOWMENU.WAV
HandleControlEvent, Resize
HandleControlEvent, Resize
HandleControlEvent, ButtonHighlight
HandleControlEvent, ButtonHighlight
HandleControlEvent, ButtonHighlight
HandleControlEvent, ButtonHighlight
HandleControlEvent, ButtonHighlight
HandleControlEvent, ButtonHighlight
HandleControlEvent, AfterShowMenu
Clicked: caption=&Exit key=FILE::EXIT TAG=FILE::EXIT
ButtonClick
Persisting Combo/List box- section = PersistProperties.cboLookin...
After:hwnd=1247704 umsg=70
WINDOWPOSCHANGING
