BASeCamp CDebug Class Debug Log output.
log at 12/29/2009 on TERATRON as BC_Programming at 12:13.48
################################################################################
System Info for this session:
Environment variables:

ALLUSERSPROFILE=C:\ProgramData
APPDATA=C:\Users\BC_Programming\AppData\Roaming
CG_BOOST_ROOT=C:\Program Files (x86)\CodeGear\RAD Studio\6.0\include\boost_1_35
CommonProgramFiles=C:\Program Files (x86)\Common Files
CommonProgramFiles(x86)=C:\Program Files (x86)\Common Files
CommonProgramW6432=C:\Program Files\Common Files
COMPUTERNAME=TERATRON
ComSpec=C:\Windows\system32\cmd.exe
FP_NO_HOST_CHECK=NO
HOMEDRIVE=C:
HOMEPATH=\Users\BC_Programming
LOCALAPPDATA=C:\Users\BC_Programming\AppData\Local
LOGONSERVER=\\TERATRON
NUMBER_OF_PROCESSORS=4
OPENSSL_CONF=C:\OpenSSL\bin\openssl.cfg
OS=Windows_NT
Path=C:\Python\Scripts;C:\Python\;C:\Program Files (x86)\CodeGear\RAD Studio\6.0\bin;C:\Users\Public\Documents\RAD Studio\6.0\Bpl;C:\Perl\site\bin;C:\Perl\bin;C:\Windows\system32;C:\Windows;C:\Windows\System32\Wbem;C:\Windows\System32\WindowsPowerShell\v1.0\;c:\Program Files (x86)\Microsoft SQL Server\90\Tools\binn\;C:\Program Files (x86)\Microsoft Visual Studio 9.0\VC\bin;C:\Program Files (x86)\Common Files\microsoft shared\MSENV;C:\Program Files (x86)\Common Files\microsoft shared\VSA\9.0\VsaEnv;C:\PROGRA~2\Borland\Delphi6\Bin;C:\PROGRA~2\Borland\Delphi6\Projects\Bpl;C:\Program Files (x86)\Common Files\Autodesk Shared\;C:\Program Files (x86)\backburner 2\;C:\Users\BC_Programming\AppData\Roaming\Python\Scripts;C:\Windows\system32;C:\Windows;C:\Windows\System32\Wbem;C:\Windows\System32\WindowsPowerShell\v1.0\;c:\Program Files (x86)\Microsoft SQL Server\90\Tools\binn\;C:\Program Files (x86)\Microsoft Visual Studio 9.0\VC\bin;C:\Program Files (x86)\Common Files\microsoft shared\MSENV;C:\Program Files (x86)\Common Fi
PATHEXT=.COM;.EXE;.BAT;.CMD;.VBS;.VBE;.JS;.JSE;.WSF;.WSH;.MSC;.py;.pyw
PROCESSOR_ARCHITECTURE=x86
PROCESSOR_ARCHITEW6432=AMD64
PROCESSOR_IDENTIFIER=Intel64 Family 6 Model 23 Stepping 7, GenuineIntel
PROCESSOR_LEVEL=6
PROCESSOR_REVISION=1707
ProgramData=C:\ProgramData
ProgramFiles=C:\Program Files (x86)
ProgramFiles(x86)=C:\Program Files (x86)
ProgramW6432=C:\Program Files
PUBLIC=C:\Users\Public
SystemDrive=C:
SystemRoot=C:\Windows
TEMP=C:\Users\BC_PRO~1\AppData\Local\Temp
TMP=C:\Users\BC_PRO~1\AppData\Local\Temp
USERDOMAIN=TERATRON
USERNAME=BC_Programming
USERPROFILE=C:\Users\BC_Programming
VS90COMNTOOLS=C:\Program Files (x86)\Microsoft Visual Studio 9.0\Common7\Tools\
windir=C:\Windows
__COMPAT_LAYER=RunAsAdmin RunAsAdmin 


################################################################################
***************BEGIN LOG*******************
After:hwnd=1054596 umsg=70
WINDOWPOSCHANGING
After:hwnd=1054596 umsg=70
WINDOWPOSCHANGING
After:hwnd=1054596 umsg=70
WINDOWPOSCHANGING
XML load successful in CXMLLoader::LoadXML
optimal bitdepth is 32 bits.
unrecognized NodeName for commandbar load:SCRIPTS
unrecognized NodeName for commandbar load:
unrecognized NodeName for commandbar load:IMAGELIST
unrecognized NodeName for commandbar load:IMAGELIST
DefClick=C:\Users\BC_Programming\AppData\Roaming\BCSearch\Resource\Sound\CLICK.WAV
Click=C:\Users\BC_Programming\AppData\Roaming\BCSearch\Resource\Sound\CLICK.WAV
picindex=8
Click=C:\Users\BC_Programming\AppData\Roaming\BCSearch\Resource\Sound\CLICK.WAV
picindex=13
Click=C:\Users\BC_Programming\AppData\Roaming\BCSearch\Resource\Sound\CLICK.WAV
picindex=-1
Click=C:\Users\BC_Programming\AppData\Roaming\BCSearch\Resource\Sound\CLICK.WAV
picindex=15
Click=C:\Users\BC_Programming\AppData\Roaming\BCSearch\Resource\Sound\CLICK.WAV
picindex=14
Click=C:\Users\BC_Programming\AppData\Roaming\BCSearch\Resource\Sound\CLICK.WAV
picindex=16
Click=C:\Users\BC_Programming\AppData\Roaming\BCSearch\Resource\Sound\CLICK.WAV
picindex=13
Click=C:\Users\BC_Programming\AppData\Roaming\BCSearch\Resource\Sound\CLICK.WAV
picindex=-1
Click=C:\Users\BC_Programming\AppData\Roaming\BCSearch\Resource\Sound\CLICK.WAV
picindex=17
Click=C:\Users\BC_Programming\AppData\Roaming\BCSearch\Resource\Sound\CLICK.WAV
picindex=11
HandleControlEvent, Resize
DefClick=C:\Users\BC_Programming\AppData\Roaming\BCSearch\Resource\Sound\CLICK.WAV
Click=C:\Users\BC_Programming\AppData\Roaming\BCSearch\Resource\Sound\CLICK.WAV
picindex=18
Click=C:\Users\BC_Programming\AppData\Roaming\BCSearch\Resource\Sound\CLICK.WAV
picindex=20
Click=C:\Users\BC_Programming\AppData\Roaming\BCSearch\Resource\Sound\CLICK.WAV
picindex=-1
DefClick=C:\Users\BC_Programming\AppData\Roaming\BCSearch\Resource\Sound\CLICK.WAV
Click=C:\Users\BC_Programming\AppData\Roaming\BCSearch\Resource\Sound\CLICK.WAV
picindex=5
Click=C:\Users\BC_Programming\AppData\Roaming\BCSearch\Resource\Sound\CLICK.WAV
picindex=6
Click=C:\Users\BC_Programming\AppData\Roaming\BCSearch\Resource\Sound\CLICK.WAV
picindex=-1
Click=C:\Users\BC_Programming\AppData\Roaming\BCSearch\Resource\Sound\CLICK.WAV
picindex=-1
Click=C:\Users\BC_Programming\AppData\Roaming\BCSearch\Resource\Sound\CLICK.WAV
picindex=-1
Click=C:\Users\BC_Programming\AppData\Roaming\BCSearch\Resource\Sound\CLICK.WAV
picindex=-1
Click=C:\Users\BC_Programming\AppData\Roaming\BCSearch\Resource\Sound\CLICK.WAV
picindex=-1
Click=C:\Users\BC_Programming\AppData\Roaming\BCSearch\Resource\Sound\CLICK.WAV
picindex=-1
Click=C:\Users\BC_Programming\AppData\Roaming\BCSearch\Resource\Sound\CLICK.WAV
picindex=-1
Click=C:\Users\BC_Programming\AppData\Roaming\BCSearch\Resource\Sound\CLICK.WAV
picindex=-1
Click=C:\Users\BC_Programming\AppData\Roaming\BCSearch\Resource\Sound\CLICK.WAV
picindex=-1
DefClick=
Click=
picindex=2
Click=
picindex=-1
Click=
picindex=-1
DefClick=C:\Users\BC_Programming\AppData\Roaming\BCSearch\Resource\Sound\CLICK.WAV
Click=C:\Users\BC_Programming\AppData\Roaming\BCSearch\Resource\Sound\CLICK.WAV
picindex=-1
Click=C:\Users\BC_Programming\AppData\Roaming\BCSearch\Resource\Sound\CLICK.WAV
picindex=-1
Click=C:\Users\BC_Programming\AppData\Roaming\BCSearch\Resource\Sound\CLICK.WAV
picindex=-1
Click=C:\Users\BC_Programming\AppData\Roaming\BCSearch\Resource\Sound\CLICK.WAV
picindex=-1
Click=C:\Users\BC_Programming\AppData\Roaming\BCSearch\Resource\Sound\CLICK.WAV
picindex=1
Click=C:\Users\BC_Programming\AppData\Roaming\BCSearch\Resource\Sound\CLICK.WAV
picindex=-1
Click=C:\Users\BC_Programming\AppData\Roaming\BCSearch\Resource\Sound\CLICK.WAV
picindex=-1
Click=C:\Users\BC_Programming\AppData\Roaming\BCSearch\Resource\Sound\CLICK.WAV
picindex=-1
Click=C:\Users\BC_Programming\AppData\Roaming\BCSearch\Resource\Sound\CLICK.WAV
picindex=-1
Click=C:\Users\BC_Programming\AppData\Roaming\BCSearch\Resource\Sound\CLICK.WAV
picindex=-1
Click=C:\Users\BC_Programming\AppData\Roaming\BCSearch\Resource\Sound\CLICK.WAV
picindex=11
Click=C:\Users\BC_Programming\AppData\Roaming\BCSearch\Resource\Sound\CLICK.WAV
picindex=12
Click=C:\Users\BC_Programming\AppData\Roaming\BCSearch\Resource\Sound\CLICK.WAV
picindex=-1
Click=C:\Users\BC_Programming\AppData\Roaming\BCSearch\Resource\Sound\CLICK.WAV
picindex=-1
Click=C:\Users\BC_Programming\AppData\Roaming\BCSearch\Resource\Sound\CLICK.WAV
picindex=10
Click=C:\Users\BC_Programming\AppData\Roaming\BCSearch\Resource\Sound\CLICK.WAV
picindex=9
HandleControlEvent, Resize
unrecognized NodeName for commandbar load:TOOLBAR
setting toolbarimagelist(1)...
setting toolbarimagelist(2)...
After:hwnd=1054596 umsg=36
After:hwnd=1054596 umsg=70
WINDOWPOSCHANGING
HandleControlEvent, Resize
HandleControlEvent, Resize
After:hwnd=1054596 umsg=36
After:hwnd=1054596 umsg=70
WINDOWPOSCHANGING
Loading Combo/List box- section = PersistProperties.cboLookin...
not duplicating List item.
1
Loading Combo/List box- section = PersistProperties.cboFilter...
After:hwnd=1054596 umsg=70
WINDOWPOSCHANGING
After:hwnd=1054596 umsg=70
WINDOWPOSCHANGING

not duplicating List item.
Change
Change
Change
Change
Change
Change
Change
Change
0
0
Change
Change
Change
Change
Change
Change
Change
Change
0
0
Persisting Combo/List box- section = PersistProperties.cboSizesuffix.1...
Persisting Combo/List box- section = PersistProperties.cboSizesuffix.0...
Persisting Combo/List box- section = PersistProperties.cboOperation...
Persisting Combo/List box- section = PersistProperties.cboFilter...
Persisting Combo/List box- section = PersistProperties.cboADSThanMultiplier.1...
Persisting Combo/List box- section = PersistProperties.cboADSThanMultiplier.0...
After:hwnd=1054596 umsg=70
WINDOWPOSCHANGING
After:hwnd=1054596 umsg=70
WINDOWPOSCHANGING
mousemove button=1,shift=0,x=574,y=134
mousemove button=0,shift=0,x=565,y=125
mousemove button=0,shift=0,x=557,y=118
mousemove button=0,shift=0,x=554,y=116
mousemove button=0,shift=0,x=554,y=118
mousemove button=0,shift=0,x=554,y=118
mousemove button=0,shift=0,x=555,y=118
mousemove button=0,shift=0,x=553,y=118
mousemove button=0,shift=0,x=553,y=117
mousemove button=0,shift=0,x=553,y=110
mousemove button=0,shift=0,x=553,y=105
mousemove button=0,shift=0,x=553,y=105
mousemove button=0,shift=0,x=555,y=97
mousemove button=0,shift=0,x=558,y=88
mousemove button=0,shift=0,x=568,y=61
mousemove button=0,shift=0,x=571,y=53
mousemove button=0,shift=0,x=576,y=44
mousemove button=0,shift=0,x=582,y=36
mousemove button=0,shift=0,x=588,y=26
control+Enter pressed.
optimal bitdepth is 32 bits.
HandleControlEvent, Resize
mouseup button=0,shift=0,x=64,y=3
mouseup button=0,shift=0,x=68,y=9
D:\%desktop%.txt
mousemove button=2,shift=0,x=74,y=26
mousemove button=0,shift=0,x=78,y=33
mousemove button=0,shift=0,x=83,y=40
mousemove button=0,shift=0,x=87,y=47
mousemove button=0,shift=0,x=92,y=57
mousemove button=0,shift=0,x=96,y=66
mousemove button=0,shift=0,x=101,y=74
mousemove button=0,shift=0,x=105,y=87
mousemove button=0,shift=0,x=111,y=98
mousemove button=0,shift=0,x=116,y=109
mousemove button=0,shift=0,x=121,y=119
mousemove button=0,shift=0,x=125,y=128
mousemove button=0,shift=0,x=128,y=135
mousemove button=0,shift=0,x=132,y=145
mousemove button=0,shift=0,x=145,y=181
mousemove button=0,shift=0,x=153,y=208
mousemove button=0,shift=0,x=155,y=219
mousemove button=0,shift=0,x=158,y=229
mousemove button=0,shift=0,x=160,y=236
mousemove button=0,shift=0,x=162,y=248
mousemove button=0,shift=0,x=167,y=260
mousemove button=0,shift=0,x=174,y=290
mousemove button=0,shift=0,x=176,y=297
mousemove button=0,shift=0,x=177,y=302
mousemove button=0,shift=0,x=178,y=305
mousemove button=0,shift=0,x=178,y=308
mousemove button=0,shift=0,x=177,y=310
mousemove button=0,shift=0,x=176,y=310
mousemove button=0,shift=0,x=175,y=310
mousemove button=0,shift=0,x=174,y=310
mousemove button=0,shift=0,x=172,y=310
mousemove button=0,shift=0,x=169,y=309
mousemove button=0,shift=0,x=164,y=307
mousemove button=0,shift=0,x=158,y=305
mousemove button=0,shift=0,x=154,y=302
mousemove button=0,shift=0,x=146,y=298
mousemove button=0,shift=0,x=128,y=280
mousemove button=0,shift=0,x=123,y=273
mousemove button=0,shift=0,x=111,y=246
mousemove button=0,shift=0,x=106,y=212
mousemove button=0,shift=0,x=107,y=202
mousemove button=0,shift=0,x=108,y=192
mousemove button=0,shift=0,x=109,y=184
mousemove button=0,shift=0,x=110,y=182
mousemove button=0,shift=0,x=114,y=178
mousemove button=0,shift=0,x=118,y=176
mousemove button=0,shift=0,x=123,y=173
mousemove button=0,shift=0,x=130,y=172
mousemove button=0,shift=0,x=137,y=170
mousemove button=0,shift=0,x=150,y=170
mousemove button=0,shift=0,x=159,y=170
mousemove button=0,shift=0,x=164,y=170
mousemove button=0,shift=0,x=165,y=171
mousemove button=0,shift=0,x=166,y=172
mousemove button=0,shift=0,x=165,y=174
mousemove button=0,shift=0,x=162,y=179
mousemove button=0,shift=0,x=160,y=184
mousemove button=0,shift=0,x=151,y=203
mousemove button=0,shift=0,x=146,y=211
mousemove button=0,shift=0,x=139,y=220
mousemove button=0,shift=0,x=132,y=226
mousemove button=0,shift=0,x=123,y=233
mousemove button=0,shift=0,x=118,y=236
mousemove button=0,shift=0,x=113,y=238
mousemove button=0,shift=0,x=98,y=235
mousemove button=0,shift=0,x=96,y=235
mousemove button=0,shift=0,x=95,y=234
mousemove button=0,shift=0,x=94,y=232
mousemove button=0,shift=0,x=93,y=228
mousemove button=0,shift=0,x=93,y=224
mousemove button=0,shift=0,x=93,y=219
mousemove button=0,shift=0,x=93,y=219
mousemove button=0,shift=0,x=95,y=213
mousemove button=0,shift=0,x=99,y=202
mousemove button=0,shift=0,x=102,y=192
mousemove button=0,shift=0,x=107,y=180
mousemove button=0,shift=0,x=130,y=141
mousemove button=0,shift=0,x=141,y=129
mousemove button=0,shift=0,x=151,y=122
mousemove button=0,shift=0,x=159,y=119
mousemove button=0,shift=0,x=184,y=119
mousemove button=0,shift=0,x=192,y=121
mousemove button=0,shift=0,x=195,y=122
mousemove button=0,shift=0,x=197,y=123
mousemove button=0,shift=0,x=197,y=127
mousemove button=0,shift=0,x=196,y=133
mousemove button=0,shift=0,x=193,y=143
mousemove button=0,shift=0,x=190,y=153
mousemove button=0,shift=0,x=186,y=163
mousemove button=0,shift=0,x=182,y=173
mousemove button=0,shift=0,x=168,y=197
mousemove button=0,shift=0,x=165,y=202
mousemove button=0,shift=0,x=160,y=209
mousemove button=0,shift=0,x=156,y=212
mousemove button=0,shift=0,x=149,y=215
mousemove button=0,shift=0,x=146,y=215
mousemove button=0,shift=0,x=144,y=215
mousemove button=0,shift=0,x=140,y=213
mousemove button=0,shift=0,x=138,y=212
mousemove button=0,shift=0,x=137,y=211
mousemove button=0,shift=0,x=136,y=209
mousemove button=0,shift=0,x=134,y=205
mousemove button=0,shift=0,x=133,y=193
mousemove button=0,shift=0,x=132,y=155
mousemove button=0,shift=0,x=133,y=144
mousemove button=0,shift=0,x=135,y=136
mousemove button=0,shift=0,x=138,y=125
mousemove button=0,shift=0,x=143,y=116
mousemove button=0,shift=0,x=158,y=106
mousemove button=0,shift=0,x=164,y=105
mousemove button=0,shift=0,x=171,y=105
mousemove button=0,shift=0,x=174,y=105
mousemove button=0,shift=0,x=178,y=105
mousemove button=0,shift=0,x=180,y=107
mousemove button=0,shift=0,x=185,y=112
mousemove button=0,shift=0,x=186,y=116
mousemove button=0,shift=0,x=187,y=121
mousemove button=0,shift=0,x=187,y=131
mousemove button=0,shift=0,x=187,y=139
mousemove button=0,shift=0,x=185,y=147
mousemove button=0,shift=0,x=182,y=156
mousemove button=0,shift=0,x=178,y=167
mousemove button=0,shift=0,x=172,y=176
mousemove button=0,shift=0,x=167,y=183
mousemove button=0,shift=0,x=158,y=191
mousemove button=0,shift=0,x=129,y=200
mousemove button=0,shift=0,x=122,y=200
mousemove button=0,shift=0,x=116,y=199
mousemove button=0,shift=0,x=107,y=195
mousemove button=0,shift=0,x=100,y=192
mousemove button=0,shift=0,x=94,y=189
mousemove button=0,shift=0,x=88,y=185
mousemove button=0,shift=0,x=82,y=179
mousemove button=0,shift=0,x=74,y=163
mousemove button=0,shift=0,x=72,y=154
mousemove button=0,shift=0,x=71,y=146
mousemove button=0,shift=0,x=72,y=124
mousemove button=0,shift=0,x=76,y=118
mousemove button=0,shift=0,x=78,y=115
mousemove button=0,shift=0,x=82,y=112
mousemove button=0,shift=0,x=88,y=110
mousemove button=0,shift=0,x=94,y=109
mousemove button=0,shift=0,x=101,y=109
mousemove button=0,shift=0,x=105,y=108
mousemove button=0,shift=0,x=116,y=110
mousemove button=0,shift=0,x=123,y=112
mousemove button=0,shift=0,x=128,y=113
mousemove button=0,shift=0,x=135,y=119
mousemove button=0,shift=0,x=160,y=148
mousemove button=0,shift=0,x=163,y=155
mousemove button=0,shift=0,x=164,y=164
mousemove button=0,shift=0,x=164,y=172
mousemove button=0,shift=0,x=163,y=179
mousemove button=0,shift=0,x=160,y=187
mousemove button=0,shift=0,x=156,y=195
mousemove button=0,shift=0,x=152,y=203
mousemove button=0,shift=0,x=146,y=210
mousemove button=0,shift=0,x=134,y=219
mousemove button=0,shift=0,x=116,y=223
mousemove button=0,shift=0,x=111,y=223
mousemove button=0,shift=0,x=107,y=221
mousemove button=0,shift=0,x=101,y=218
mousemove button=0,shift=0,x=97,y=216
mousemove button=0,shift=0,x=92,y=212
mousemove button=0,shift=0,x=88,y=208
mousemove button=0,shift=0,x=85,y=203
mousemove button=0,shift=0,x=83,y=198
mousemove button=0,shift=0,x=82,y=194
mousemove button=0,shift=0,x=82,y=187
mousemove button=0,shift=0,x=82,y=180
mousemove button=0,shift=0,x=85,y=172
mousemove button=0,shift=0,x=103,y=145
mousemove button=0,shift=0,x=106,y=142
mousemove button=0,shift=0,x=113,y=137
mousemove button=0,shift=0,x=119,y=134
mousemove button=0,shift=0,x=126,y=132
mousemove button=0,shift=0,x=133,y=132
mousemove button=0,shift=0,x=138,y=132
mousemove button=0,shift=0,x=144,y=132
mousemove button=0,shift=0,x=150,y=133
mousemove button=0,shift=0,x=153,y=137
mousemove button=0,shift=0,x=158,y=141
mousemove button=0,shift=0,x=161,y=147
mousemove button=0,shift=0,x=165,y=166
mousemove button=0,shift=0,x=165,y=173
mousemove button=0,shift=0,x=165,y=177
mousemove button=0,shift=0,x=165,y=186
mousemove button=0,shift=0,x=165,y=186
mousemove button=0,shift=0,x=163,y=192
mousemove button=0,shift=0,x=160,y=194
mousemove button=0,shift=0,x=156,y=200
mousemove button=0,shift=0,x=151,y=205
mousemove button=0,shift=0,x=147,y=208
mousemove button=0,shift=0,x=142,y=209
mousemove button=0,shift=0,x=138,y=210
mousemove button=0,shift=0,x=138,y=210
mousemove button=0,shift=0,x=129,y=210
mousemove button=0,shift=0,x=126,y=209
mousemove button=0,shift=0,x=123,y=208
mousemove button=0,shift=0,x=120,y=206
mousemove button=0,shift=0,x=111,y=199
mousemove button=0,shift=0,x=108,y=194
mousemove button=0,shift=0,x=105,y=187
mousemove button=0,shift=0,x=101,y=180
mousemove button=0,shift=0,x=98,y=170
mousemove button=0,shift=0,x=97,y=161
mousemove button=0,shift=0,x=96,y=151
mousemove button=0,shift=0,x=95,y=143
mousemove button=0,shift=0,x=95,y=136
mousemove button=0,shift=0,x=97,y=133
mousemove button=0,shift=0,x=101,y=129
mousemove button=0,shift=0,x=106,y=125
mousemove button=0,shift=0,x=111,y=122
mousemove button=0,shift=0,x=130,y=120
mousemove button=0,shift=0,x=145,y=121
mousemove button=0,shift=0,x=152,y=123
mousemove button=0,shift=0,x=158,y=125
mousemove button=0,shift=0,x=161,y=126
mousemove button=0,shift=0,x=171,y=135
mousemove button=0,shift=0,x=178,y=145
mousemove button=0,shift=0,x=180,y=149
mousemove button=0,shift=0,x=183,y=157
mousemove button=0,shift=0,x=189,y=180
mousemove button=0,shift=0,x=189,y=188
mousemove button=0,shift=0,x=187,y=196
mousemove button=0,shift=0,x=183,y=204
mousemove button=0,shift=0,x=178,y=209
mousemove button=0,shift=0,x=172,y=214
mousemove button=0,shift=0,x=164,y=216
mousemove button=0,shift=0,x=159,y=218
mousemove button=0,shift=0,x=151,y=220
mousemove button=0,shift=0,x=141,y=220
mousemove button=0,shift=0,x=130,y=218
mousemove button=0,shift=0,x=118,y=216
mousemove button=0,shift=0,x=86,y=204
mousemove button=0,shift=0,x=75,y=198
mousemove button=0,shift=0,x=59,y=187
mousemove button=0,shift=0,x=54,y=181
mousemove button=0,shift=0,x=51,y=174
mousemove button=0,shift=0,x=49,y=167
mousemove button=0,shift=0,x=49,y=161
mousemove button=0,shift=0,x=55,y=145
mousemove button=0,shift=0,x=67,y=134
mousemove button=0,shift=0,x=72,y=132
mousemove button=0,shift=0,x=75,y=130
mousemove button=0,shift=0,x=81,y=128
mousemove button=0,shift=0,x=87,y=125
mousemove button=0,shift=0,x=91,y=124
mousemove button=0,shift=0,x=99,y=123
mousemove button=0,shift=0,x=106,y=122
mousemove button=0,shift=0,x=113,y=122
mousemove button=0,shift=0,x=117,y=122
mousemove button=0,shift=0,x=127,y=126
mousemove button=0,shift=0,x=132,y=127
mousemove button=0,shift=0,x=137,y=130
mousemove button=0,shift=0,x=156,y=144
mousemove button=0,shift=0,x=159,y=146
mousemove button=0,shift=0,x=162,y=151
mousemove button=0,shift=0,x=163,y=153
mousemove button=0,shift=0,x=164,y=162
mousemove button=0,shift=0,x=164,y=165
mousemove button=0,shift=0,x=161,y=169
mousemove button=0,shift=0,x=157,y=172
mousemove button=0,shift=0,x=156,y=173
mousemove button=0,shift=0,x=145,y=179
mousemove button=0,shift=0,x=135,y=181
mousemove button=0,shift=0,x=130,y=181
mousemove button=0,shift=0,x=126,y=181
mousemove button=0,shift=0,x=120,y=180
mousemove button=0,shift=0,x=115,y=180
mousemove button=0,shift=0,x=109,y=179
mousemove button=0,shift=0,x=103,y=176
mousemove button=0,shift=0,x=100,y=175
mousemove button=0,shift=0,x=97,y=174
mousemove button=0,shift=0,x=94,y=172
mousemove button=0,shift=0,x=92,y=169
mousemove button=0,shift=0,x=90,y=167
mousemove button=0,shift=0,x=89,y=165
mousemove button=0,shift=0,x=87,y=161
mousemove button=0,shift=0,x=87,y=158
mousemove button=0,shift=0,x=88,y=149
mousemove button=0,shift=0,x=89,y=145
mousemove button=0,shift=0,x=92,y=139
mousemove button=0,shift=0,x=97,y=132
mousemove button=0,shift=0,x=101,y=127
mousemove button=0,shift=0,x=104,y=124
mousemove button=0,shift=0,x=107,y=122
mousemove button=0,shift=0,x=114,y=120
mousemove button=0,shift=0,x=116,y=120
mousemove button=0,shift=0,x=119,y=120
mousemove button=0,shift=0,x=122,y=120
mousemove button=0,shift=0,x=127,y=122
mousemove button=0,shift=0,x=130,y=123
mousemove button=0,shift=0,x=133,y=125
mousemove button=0,shift=0,x=136,y=126
mousemove button=0,shift=0,x=140,y=130
mousemove button=0,shift=0,x=144,y=136
mousemove button=0,shift=0,x=145,y=137
mousemove button=0,shift=0,x=147,y=143
mousemove button=0,shift=0,x=149,y=149
mousemove button=0,shift=0,x=151,y=155
mousemove button=0,shift=0,x=152,y=161
mousemove button=0,shift=0,x=152,y=167
mousemove button=0,shift=0,x=152,y=173
mousemove button=0,shift=0,x=147,y=184
mousemove button=0,shift=0,x=146,y=185
mousemove button=0,shift=0,x=146,y=185
mousemove button=0,shift=0,x=142,y=187
mousemove button=0,shift=0,x=141,y=187
mousemove button=0,shift=0,x=140,y=186
mousemove button=0,shift=0,x=140,y=186
mousemove button=0,shift=0,x=139,y=185
mouseup button=1,shift=0,x=139,y=185
D:\glitchblogprog.txt
mousemove button=1,shift=0,x=139,y=185
mousemove button=0,shift=0,x=139,y=184
mousemove button=0,shift=0,x=139,y=182
mousemove button=0,shift=0,x=138,y=178
mousemove button=0,shift=0,x=138,y=175
mousemove button=0,shift=0,x=137,y=173
mousemove button=0,shift=0,x=137,y=172
mousemove button=0,shift=0,x=137,y=169
mousemove button=0,shift=0,x=136,y=167
mousemove button=0,shift=0,x=136,y=166
mousemove button=0,shift=0,x=136,y=165
mousemove button=0,shift=0,x=136,y=164
mousemove button=0,shift=0,x=136,y=162
mousemove button=0,shift=0,x=136,y=160
mousemove button=0,shift=0,x=136,y=158
mousemove button=0,shift=0,x=136,y=157
mousemove button=0,shift=0,x=136,y=154
mousemove button=0,shift=0,x=136,y=151
mousemove button=0,shift=0,x=136,y=148
mousemove button=0,shift=0,x=137,y=148
mousemove button=0,shift=0,x=137,y=146
mousemove button=0,shift=0,x=137,y=145
mousemove button=0,shift=0,x=137,y=144
mousemove button=0,shift=0,x=137,y=143
mousemove button=0,shift=0,x=138,y=143
mouseup button=1,shift=0,x=138,y=143
D:\file.txt
mousemove button=1,shift=0,x=138,y=143
mousemove button=0,shift=0,x=138,y=143
mousemove button=0,shift=0,x=138,y=143
mousemove button=0,shift=0,x=139,y=143
mousemove button=0,shift=0,x=139,y=152
mousemove button=0,shift=0,x=139,y=158
mousemove button=0,shift=0,x=139,y=160
mousemove button=0,shift=0,x=139,y=165
mousemove button=0,shift=0,x=140,y=168
mousemove button=0,shift=0,x=140,y=170
mousemove button=0,shift=0,x=141,y=172
mousemove button=0,shift=0,x=141,y=174
mousemove button=0,shift=0,x=142,y=177
mousemove button=0,shift=0,x=142,y=179
mousemove button=0,shift=0,x=142,y=180
mousemove button=0,shift=0,x=142,y=182
mousemove button=0,shift=0,x=142,y=183
mousemove button=0,shift=0,x=142,y=186
mousemove button=0,shift=0,x=143,y=190
mousemove button=0,shift=0,x=146,y=195
mousemove button=0,shift=0,x=146,y=198
mousemove button=0,shift=0,x=147,y=198
mousemove button=0,shift=0,x=148,y=201
mousemove button=0,shift=0,x=148,y=203
mousemove button=0,shift=0,x=149,y=205
mousemove button=0,shift=0,x=150,y=209
mousemove button=0,shift=0,x=150,y=214
mousemove button=0,shift=0,x=150,y=215
mousemove button=0,shift=0,x=150,y=221
mousemove button=0,shift=0,x=150,y=223
mousemove button=0,shift=0,x=151,y=224
mousemove button=0,shift=0,x=152,y=226
mousemove button=0,shift=0,x=152,y=227
mousemove button=0,shift=0,x=152,y=228
mousemove button=0,shift=0,x=153,y=229
mousemove button=0,shift=0,x=153,y=230
mousemove button=0,shift=0,x=154,y=230
mousemove button=0,shift=0,x=154,y=231
mousemove button=0,shift=0,x=155,y=232
mouseup button=1,shift=0,x=155,y=232
D:\hijack.txt
mousemove button=1,shift=0,x=155,y=232
mousemove button=0,shift=0,x=155,y=233
mousemove button=0,shift=0,x=153,y=238
mousemove button=0,shift=0,x=153,y=239
mousemove button=0,shift=0,x=153,y=243
mousemove button=0,shift=0,x=153,y=250
mousemove button=0,shift=0,x=154,y=252
mousemove button=0,shift=0,x=155,y=255
mousemove button=0,shift=0,x=156,y=257
mousemove button=0,shift=0,x=156,y=258
mousemove button=0,shift=0,x=157,y=259
mousemove button=0,shift=0,x=159,y=262
mousemove button=0,shift=0,x=159,y=263
mousemove button=0,shift=0,x=159,y=264
mousemove button=0,shift=0,x=159,y=269
mousemove button=0,shift=0,x=159,y=270
mousemove button=0,shift=0,x=159,y=271
mousemove button=0,shift=0,x=159,y=273
mousemove button=0,shift=0,x=159,y=274
mousemove button=0,shift=0,x=159,y=275
mousemove button=0,shift=0,x=159,y=276
mousemove button=0,shift=0,x=159,y=277
mousemove button=0,shift=0,x=160,y=277
mousemove button=0,shift=0,x=160,y=278
mousemove button=0,shift=0,x=160,y=278
mousemove button=0,shift=0,x=160,y=279
mousemove button=0,shift=0,x=160,y=279
mouseup button=1,shift=0,x=160,y=279
D:\myphp.php.txt
mousemove button=1,shift=0,x=160,y=279
mousemove button=0,shift=0,x=159,y=277
mousemove button=0,shift=0,x=159,y=272
mousemove button=0,shift=0,x=159,y=270
mousemove button=0,shift=0,x=158,y=265
mousemove button=0,shift=0,x=158,y=262
mousemove button=0,shift=0,x=157,y=259
mousemove button=0,shift=0,x=156,y=254
mousemove button=0,shift=0,x=156,y=251
mousemove button=0,shift=0,x=156,y=249
mousemove button=0,shift=0,x=156,y=245
mousemove button=0,shift=0,x=156,y=243
mousemove button=0,shift=0,x=156,y=240
mousemove button=0,shift=0,x=156,y=239
mousemove button=0,shift=0,x=155,y=236
mousemove button=0,shift=0,x=155,y=234
mousemove button=0,shift=0,x=155,y=226
mousemove button=0,shift=0,x=155,y=224
mousemove button=0,shift=0,x=155,y=222
mousemove button=0,shift=0,x=155,y=221
mousemove button=0,shift=0,x=155,y=220
mousemove button=0,shift=0,x=155,y=217
mousemove button=0,shift=0,x=155,y=216
mousemove button=0,shift=0,x=155,y=215
mousemove button=0,shift=0,x=155,y=214
mouseup button=1,shift=0,x=155,y=214
D:\hijack.txt
mousemove button=1,shift=0,x=155,y=214
mousemove button=0,shift=0,x=155,y=210
mousemove button=0,shift=0,x=154,y=205
mousemove button=0,shift=0,x=153,y=200
mousemove button=0,shift=0,x=153,y=198
mousemove button=0,shift=0,x=152,y=196
mousemove button=0,shift=0,x=151,y=190
mousemove button=0,shift=0,x=151,y=187
mousemove button=0,shift=0,x=151,y=184
mousemove button=0,shift=0,x=151,y=182
mousemove button=0,shift=0,x=151,y=179
mousemove button=0,shift=0,x=151,y=178
mousemove button=0,shift=0,x=151,y=176
mousemove button=0,shift=0,x=151,y=173
mousemove button=0,shift=0,x=151,y=172
mousemove button=0,shift=0,x=151,y=172
mousemove button=0,shift=0,x=151,y=170
mousemove button=0,shift=0,x=151,y=169
mousemove button=0,shift=0,x=151,y=168
mousemove button=0,shift=0,x=151,y=168
mousemove button=0,shift=0,x=151,y=167
mousemove button=0,shift=0,x=151,y=166
mouseup button=1,shift=0,x=151,y=165
D:\findlocale.txt
mousemove button=1,shift=0,x=151,y=165
mousemove button=0,shift=0,x=151,y=166
mousemove button=0,shift=0,x=152,y=173
mousemove button=0,shift=0,x=154,y=179
mousemove button=0,shift=0,x=156,y=184
mousemove button=0,shift=0,x=159,y=191
mousemove button=0,shift=0,x=162,y=197
mousemove button=0,shift=0,x=167,y=208
mousemove button=0,shift=0,x=168,y=212
mousemove button=0,shift=0,x=169,y=214
mousemove button=0,shift=0,x=170,y=219
mousemove button=0,shift=0,x=170,y=222
mousemove button=0,shift=0,x=171,y=225
mousemove button=0,shift=0,x=171,y=228
mousemove button=0,shift=0,x=171,y=232
mousemove button=0,shift=0,x=171,y=233
mousemove button=0,shift=0,x=171,y=235
mousemove button=0,shift=0,x=171,y=236
mousemove button=0,shift=0,x=171,y=237
mousemove button=0,shift=0,x=172,y=238
mousemove button=0,shift=0,x=172,y=240
mousemove button=0,shift=0,x=172,y=241
mousemove button=0,shift=0,x=172,y=243
mousemove button=0,shift=0,x=172,y=244
mouseup button=1,shift=0,x=172,y=244
D:\inanis-glass.txt
mousemove button=1,shift=0,x=172,y=244
mousemove button=0,shift=0,x=172,y=242
mousemove button=0,shift=0,x=172,y=241
mousemove button=0,shift=0,x=172,y=239
mousemove button=0,shift=0,x=170,y=227
mousemove button=0,shift=0,x=170,y=227
mousemove button=0,shift=0,x=168,y=223
mousemove button=0,shift=0,x=167,y=218
mousemove button=0,shift=0,x=166,y=213
mousemove button=0,shift=0,x=164,y=207
mousemove button=0,shift=0,x=162,y=200
mousemove button=0,shift=0,x=160,y=194
mousemove button=0,shift=0,x=160,y=194
mousemove button=0,shift=0,x=157,y=179
mousemove button=0,shift=0,x=157,y=175
mousemove button=0,shift=0,x=156,y=167
mousemove button=0,shift=0,x=155,y=160
mousemove button=0,shift=0,x=155,y=156
mousemove button=0,shift=0,x=154,y=152
mousemove button=0,shift=0,x=154,y=151
mousemove button=0,shift=0,x=153,y=149
mousemove button=0,shift=0,x=153,y=148
mousemove button=0,shift=0,x=153,y=147
mouseup button=1,shift=0,x=153,y=147
D:\file.txt
mousemove button=1,shift=0,x=153,y=147
mousemove button=0,shift=0,x=152,y=146
mousemove button=1,shift=0,x=152,y=146
mousemove button=1,shift=0,x=152,y=146
After:hwnd=1054596 umsg=70
WINDOWPOSCHANGING
mousemove button=0,shift=0,x=320,y=28
mousemove button=0,shift=0,x=313,y=34
mousemove button=0,shift=0,x=306,y=41
mousemove button=0,shift=0,x=300,y=47
mousemove button=0,shift=0,x=292,y=55
mousemove button=0,shift=0,x=257,y=82
mousemove button=0,shift=0,x=237,y=99
mousemove button=0,shift=0,x=231,y=102
mousemove button=0,shift=0,x=225,y=105
mousemove button=0,shift=0,x=219,y=108
mousemove button=0,shift=0,x=213,y=110
mousemove button=0,shift=0,x=213,y=110
mousemove button=0,shift=0,x=209,y=111
mousemove button=0,shift=0,x=203,y=112
mousemove button=0,shift=0,x=196,y=114
mousemove button=0,shift=0,x=192,y=116
mousemove button=0,shift=0,x=189,y=117
mousemove button=0,shift=0,x=183,y=119
mousemove button=0,shift=0,x=183,y=119
mousemove button=0,shift=0,x=180,y=120
mousemove button=0,shift=0,x=178,y=121
mousemove button=0,shift=0,x=175,y=123
mousemove button=0,shift=0,x=173,y=123
mousemove button=0,shift=0,x=172,y=123
mousemove button=0,shift=0,x=171,y=123
mousemove button=0,shift=0,x=170,y=123
mousemove button=0,shift=0,x=168,y=122
mousemove button=0,shift=0,x=167,y=122
mousemove button=0,shift=0,x=166,y=122
mousemove button=0,shift=0,x=165,y=123
mousemove button=0,shift=0,x=164,y=123
mousemove button=0,shift=0,x=163,y=124
mousemove button=0,shift=0,x=161,y=125
mousemove button=0,shift=0,x=161,y=126
mousemove button=0,shift=0,x=159,y=127
mousemove button=0,shift=0,x=157,y=129
mousemove button=0,shift=0,x=154,y=130
mousemove button=0,shift=0,x=152,y=133
mousemove button=0,shift=0,x=145,y=138
mousemove button=0,shift=0,x=142,y=140
mousemove button=0,shift=0,x=137,y=143
mousemove button=0,shift=0,x=133,y=147
mousemove button=0,shift=0,x=129,y=150
mousemove button=0,shift=0,x=124,y=153
mousemove button=0,shift=0,x=121,y=154
mousemove button=0,shift=0,x=118,y=157
mousemove button=0,shift=0,x=116,y=158
mousemove button=0,shift=0,x=114,y=159
mousemove button=0,shift=0,x=109,y=161
mousemove button=0,shift=0,x=107,y=161
mousemove button=0,shift=0,x=106,y=161
mousemove button=0,shift=0,x=105,y=161
mousemove button=0,shift=0,x=104,y=161
mousemove button=0,shift=0,x=102,y=161
mousemove button=0,shift=0,x=100,y=161
mousemove button=0,shift=0,x=99,y=161
mousemove button=0,shift=0,x=98,y=160
mousemove button=0,shift=0,x=98,y=159
mousemove button=0,shift=0,x=97,y=159
mousemove button=0,shift=0,x=96,y=159
mousemove button=0,shift=0,x=95,y=159
mousemove button=0,shift=0,x=94,y=159
mousemove button=0,shift=0,x=92,y=160
mousemove button=0,shift=0,x=91,y=160
mousemove button=0,shift=0,x=90,y=160
mousemove button=0,shift=0,x=89,y=160
mousemove button=0,shift=0,x=89,y=162
mousemove button=0,shift=0,x=88,y=162
mousemove button=0,shift=0,x=87,y=163
mousemove button=0,shift=0,x=86,y=164
mousemove button=0,shift=0,x=85,y=166
mousemove button=0,shift=0,x=84,y=167
mousemove button=0,shift=0,x=83,y=169
mousemove button=0,shift=0,x=82,y=170
mouseup button=1,shift=0,x=82,y=170
D:\findlocale.txt
mousemove button=1,shift=0,x=82,y=170
mousemove button=0,shift=0,x=82,y=170
mousemove button=0,shift=0,x=82,y=170
mousemove button=0,shift=0,x=83,y=170
mousemove button=0,shift=0,x=84,y=175
mousemove button=0,shift=0,x=85,y=176
mousemove button=0,shift=0,x=86,y=178
mousemove button=0,shift=0,x=86,y=180
mousemove button=0,shift=0,x=87,y=183
mousemove button=0,shift=0,x=88,y=185
mousemove button=0,shift=0,x=88,y=186
mousemove button=0,shift=0,x=89,y=189
mousemove button=0,shift=0,x=90,y=191
mousemove button=0,shift=0,x=90,y=195
mousemove button=0,shift=0,x=90,y=196
mousemove button=0,shift=0,x=91,y=197
mousemove button=0,shift=0,x=92,y=199
mousemove button=0,shift=0,x=91,y=202
mousemove button=0,shift=0,x=91,y=204
mousemove button=0,shift=0,x=91,y=205
mousemove button=0,shift=0,x=90,y=208
mousemove button=0,shift=0,x=89,y=210
mousemove button=0,shift=0,x=89,y=212
mousemove button=0,shift=0,x=89,y=214
mousemove button=0,shift=0,x=89,y=215
mouseup button=1,shift=0,x=89,y=215
D:\hijack.txt
mousemove button=1,shift=0,x=89,y=215
mousemove button=0,shift=0,x=89,y=213
mousemove button=0,shift=0,x=88,y=212
mousemove button=0,shift=0,x=88,y=212
mousemove button=0,shift=0,x=88,y=212
mousemove button=0,shift=0,x=90,y=211
mousemove button=0,shift=0,x=64,y=202
mousemove button=0,shift=0,x=26,y=192
mousemove button=0,shift=0,x=1,y=269
mousemove button=0,shift=0,x=12,y=267
mousemove button=0,shift=0,x=16,y=264
mousemove button=0,shift=0,x=20,y=262
mousemove button=0,shift=0,x=25,y=261
mousemove button=0,shift=0,x=34,y=257
mousemove button=0,shift=0,x=36,y=257
mousemove button=0,shift=0,x=39,y=255
mousemove button=0,shift=0,x=40,y=255
mousemove button=0,shift=0,x=42,y=255
mousemove button=0,shift=0,x=43,y=254
mousemove button=0,shift=0,x=45,y=258
mousemove button=0,shift=0,x=48,y=264
mousemove button=0,shift=0,x=53,y=271
mousemove button=0,shift=0,x=58,y=280
mousemove button=0,shift=0,x=64,y=288
mousemove button=0,shift=0,x=70,y=298
mousemove button=0,shift=0,x=84,y=312
mousemove button=0,shift=0,x=88,y=317
mousemove button=0,shift=0,x=91,y=320
mousemove button=0,shift=0,x=93,y=322
mousemove button=0,shift=0,x=95,y=324
mousemove button=0,shift=0,x=95,y=325
mousemove button=0,shift=0,x=96,y=326
mousemove button=0,shift=0,x=97,y=328
mousemove button=0,shift=0,x=97,y=328
mousemove button=0,shift=0,x=98,y=330
mousemove button=0,shift=0,x=98,y=331
mousemove button=0,shift=0,x=99,y=332
mousemove button=0,shift=0,x=100,y=333
mousemove button=0,shift=0,x=100,y=334
mousemove button=0,shift=0,x=100,y=334
mousemove button=0,shift=0,x=101,y=336
mousemove button=0,shift=0,x=102,y=337
mousemove button=0,shift=0,x=103,y=338
mousemove button=0,shift=0,x=103,y=339
mousemove button=0,shift=0,x=103,y=340
mouseup button=1,shift=0,x=103,y=340
D:\supportedemail.txt
mousemove button=1,shift=0,x=103,y=340
mousemove button=0,shift=0,x=103,y=338
mousemove button=0,shift=0,x=103,y=322
mousemove button=0,shift=0,x=103,y=316
mousemove button=0,shift=0,x=103,y=310
mousemove button=0,shift=0,x=102,y=306
mousemove button=0,shift=0,x=102,y=303
mousemove button=0,shift=0,x=101,y=299
mousemove button=0,shift=0,x=100,y=296
mousemove button=0,shift=0,x=98,y=291
mousemove button=0,shift=0,x=98,y=291
mousemove button=0,shift=0,x=98,y=288
mousemove button=0,shift=0,x=97,y=284
mousemove button=0,shift=0,x=97,y=282
mousemove button=0,shift=0,x=97,y=277
mousemove button=0,shift=0,x=96,y=271
mousemove button=0,shift=0,x=96,y=266
mousemove button=0,shift=0,x=96,y=266
mousemove button=0,shift=0,x=94,y=261
mousemove button=0,shift=0,x=94,y=258
mousemove button=0,shift=0,x=92,y=253
mousemove button=0,shift=0,x=91,y=246
mousemove button=0,shift=0,x=90,y=239
mousemove button=0,shift=0,x=89,y=231
mousemove button=0,shift=0,x=88,y=224
mousemove button=0,shift=0,x=85,y=192
mousemove button=0,shift=0,x=85,y=187
mousemove button=0,shift=0,x=85,y=183
mousemove button=0,shift=0,x=84,y=179
mousemove button=0,shift=0,x=84,y=175
mousemove button=0,shift=0,x=84,y=168
mousemove button=0,shift=0,x=84,y=164
mousemove button=0,shift=0,x=83,y=158
mousemove button=0,shift=0,x=83,y=154
mousemove button=0,shift=0,x=83,y=149
mousemove button=0,shift=0,x=83,y=147
mousemove button=0,shift=0,x=82,y=141
mousemove button=0,shift=0,x=82,y=140
mousemove button=0,shift=0,x=82,y=137
mousemove button=0,shift=0,x=82,y=135
mousemove button=0,shift=0,x=82,y=132
mousemove button=0,shift=0,x=82,y=130
mousemove button=0,shift=0,x=83,y=126
mousemove button=0,shift=0,x=83,y=123
mousemove button=0,shift=0,x=83,y=120
mousemove button=0,shift=0,x=84,y=117
mousemove button=0,shift=0,x=84,y=113
mousemove button=0,shift=0,x=84,y=110
mousemove button=0,shift=0,x=84,y=97
mousemove button=0,shift=0,x=84,y=95
mousemove button=0,shift=0,x=84,y=93
mousemove button=0,shift=0,x=83,y=91
mousemove button=0,shift=0,x=83,y=90
mousemove button=0,shift=0,x=83,y=88
mousemove button=0,shift=0,x=83,y=87
mouseup button=1,shift=0,x=83,y=87
D:\defaultPerfLog.txt
mousemove button=1,shift=0,x=83,y=87
mousemove button=0,shift=0,x=87,y=89
mousemove button=0,shift=0,x=90,y=92
mousemove button=0,shift=0,x=94,y=96
mousemove button=0,shift=0,x=96,y=99
mousemove button=0,shift=0,x=100,y=102
mousemove button=0,shift=0,x=107,y=107
mousemove button=0,shift=0,x=110,y=108
mousemove button=0,shift=0,x=114,y=112
mousemove button=0,shift=0,x=115,y=113
mousemove button=0,shift=0,x=118,y=114
mousemove button=0,shift=0,x=120,y=116
mousemove button=0,shift=0,x=121,y=116
mousemove button=0,shift=0,x=122,y=117
mousemove button=0,shift=0,x=123,y=118
mousemove button=0,shift=0,x=124,y=118
mousemove button=0,shift=0,x=124,y=118
mousemove button=0,shift=0,x=125,y=119
mousemove button=0,shift=0,x=127,y=120
mousemove button=0,shift=0,x=129,y=121
mousemove button=0,shift=0,x=130,y=121
mousemove button=0,shift=0,x=130,y=121
mousemove button=0,shift=0,x=131,y=123
mousemove button=0,shift=0,x=134,y=124
mousemove button=0,shift=0,x=135,y=126
mousemove button=0,shift=0,x=138,y=128
mousemove button=0,shift=0,x=140,y=129
mousemove button=0,shift=0,x=141,y=130
mousemove button=0,shift=0,x=143,y=132
mousemove button=0,shift=0,x=145,y=132
mousemove button=0,shift=0,x=145,y=133
mousemove button=0,shift=0,x=145,y=133
mousemove button=0,shift=0,x=145,y=134
mousemove button=0,shift=0,x=144,y=135
mousemove button=0,shift=0,x=143,y=135
mousemove button=0,shift=0,x=142,y=137
mousemove button=0,shift=0,x=141,y=137
mousemove button=0,shift=0,x=141,y=137
mousemove button=0,shift=0,x=141,y=137
mousemove button=0,shift=0,x=141,y=137
mousemove button=0,shift=0,x=140,y=136
mouseup button=1,shift=0,x=140,y=136
D:\erasegpuwork.txt
mousemove button=1,shift=0,x=140,y=136
mousemove button=0,shift=0,x=140,y=136
mousemove button=0,shift=0,x=139,y=137
mousemove button=0,shift=0,x=138,y=140
mousemove button=0,shift=0,x=136,y=146
mousemove button=0,shift=0,x=135,y=150
mousemove button=0,shift=0,x=135,y=150
mousemove button=0,shift=0,x=133,y=158
mousemove button=0,shift=0,x=129,y=167
mousemove button=0,shift=0,x=124,y=188
mousemove button=0,shift=0,x=122,y=197
mousemove button=0,shift=0,x=117,y=214
mousemove button=0,shift=0,x=116,y=224
mousemove button=0,shift=0,x=113,y=233
mousemove button=0,shift=0,x=111,y=240
mousemove button=0,shift=0,x=109,y=247
mousemove button=0,shift=0,x=108,y=255
mousemove button=0,shift=0,x=106,y=261
mousemove button=0,shift=0,x=105,y=264
mousemove button=0,shift=0,x=103,y=271
mousemove button=0,shift=0,x=102,y=277
mousemove button=0,shift=0,x=101,y=280
mousemove button=0,shift=0,x=101,y=282
mousemove button=0,shift=0,x=101,y=283
mousemove button=0,shift=0,x=101,y=284
mousemove button=0,shift=0,x=101,y=285
mousemove button=0,shift=0,x=101,y=286
mousemove button=0,shift=0,x=101,y=287
mouseup button=1,shift=0,x=101,y=287
D:\myphp.php.txt
mousemove button=1,shift=0,x=101,y=287
mousemove button=0,shift=0,x=101,y=285
mousemove button=0,shift=0,x=101,y=281
mousemove button=0,shift=0,x=101,y=276
mousemove button=0,shift=0,x=102,y=269
mousemove button=0,shift=0,x=103,y=261
mousemove button=0,shift=0,x=104,y=254
mousemove button=0,shift=0,x=104,y=251
mousemove button=0,shift=0,x=105,y=245
mousemove button=0,shift=0,x=105,y=244
mousemove button=0,shift=0,x=105,y=243
mousemove button=0,shift=0,x=105,y=242
mousemove button=0,shift=0,x=105,y=241
mousemove button=0,shift=0,x=105,y=239
mousemove button=0,shift=0,x=106,y=236
mousemove button=0,shift=0,x=106,y=235
mousemove button=0,shift=0,x=106,y=234
mousemove button=0,shift=0,x=106,y=233
mousemove button=0,shift=0,x=106,y=232
mousemove button=0,shift=0,x=106,y=231
mousemove button=0,shift=0,x=106,y=230
mouseup button=1,shift=0,x=106,y=230
D:\hijack.txt
mousemove button=1,shift=0,x=106,y=230
mousemove button=0,shift=0,x=106,y=230
mousemove button=0,shift=0,x=106,y=230
mousemove button=0,shift=0,x=106,y=229
mousemove button=0,shift=0,x=107,y=226
mousemove button=0,shift=0,x=110,y=221
mousemove button=0,shift=0,x=110,y=218
mousemove button=0,shift=0,x=110,y=215
mousemove button=0,shift=0,x=111,y=212
mousemove button=0,shift=0,x=112,y=208
mousemove button=0,shift=0,x=113,y=205
mousemove button=0,shift=0,x=113,y=202
mousemove button=0,shift=0,x=114,y=200
mousemove button=0,shift=0,x=114,y=197
mousemove button=0,shift=0,x=115,y=193
mousemove button=0,shift=0,x=116,y=191
mousemove button=0,shift=0,x=116,y=189
mousemove button=0,shift=0,x=116,y=188
mousemove button=0,shift=0,x=116,y=185
mousemove button=0,shift=0,x=116,y=183
mousemove button=0,shift=0,x=117,y=180
mousemove button=0,shift=0,x=119,y=173
mousemove button=0,shift=0,x=119,y=170
mousemove button=0,shift=0,x=119,y=169
mousemove button=0,shift=0,x=120,y=167
mousemove button=0,shift=0,x=120,y=166
mousemove button=0,shift=0,x=120,y=164
mousemove button=0,shift=0,x=121,y=161
mousemove button=0,shift=0,x=121,y=160
mouseup button=1,shift=0,x=121,y=160
D:\findlocale.txt
mousemove button=1,shift=0,x=121,y=160
mousemove button=0,shift=0,x=122,y=161
mousemove button=0,shift=0,x=123,y=162
mousemove button=0,shift=0,x=124,y=163
mousemove button=0,shift=0,x=125,y=169
mousemove button=0,shift=0,x=125,y=174
mousemove button=0,shift=0,x=127,y=179
mousemove button=0,shift=0,x=128,y=186
mousemove button=0,shift=0,x=130,y=195
mousemove button=0,shift=0,x=134,y=214
mousemove button=0,shift=0,x=135,y=222
mousemove button=0,shift=0,x=137,y=228
mousemove button=0,shift=0,x=141,y=245
mousemove button=0,shift=0,x=143,y=251
mousemove button=0,shift=0,x=144,y=256
mousemove button=0,shift=0,x=146,y=263
mousemove button=0,shift=0,x=147,y=272
mousemove button=0,shift=0,x=150,y=279
mousemove button=0,shift=0,x=152,y=287
mousemove button=0,shift=0,x=154,y=295
mousemove button=0,shift=0,x=155,y=298
mousemove button=0,shift=0,x=158,y=308
mousemove button=0,shift=0,x=160,y=314
mousemove button=0,shift=0,x=161,y=318
mousemove button=0,shift=0,x=164,y=325
mousemove button=0,shift=0,x=164,y=327
mousemove button=0,shift=0,x=165,y=327
mousemove button=0,shift=0,x=166,y=327
mousemove button=0,shift=0,x=168,y=327
mousemove button=0,shift=0,x=169,y=327
mousemove button=0,shift=0,x=170,y=324
mousemove button=0,shift=0,x=171,y=323
mousemove button=0,shift=0,x=173,y=320
mousemove button=0,shift=0,x=173,y=318
mousemove button=0,shift=0,x=173,y=318
mousemove button=0,shift=0,x=173,y=316
mousemove button=0,shift=0,x=174,y=314
mousemove button=0,shift=0,x=174,y=313
mousemove button=0,shift=0,x=173,y=310
mousemove button=0,shift=0,x=173,y=309
mousemove button=0,shift=0,x=172,y=309
mousemove button=0,shift=0,x=172,y=309
mousemove button=0,shift=0,x=171,y=307
mousemove button=0,shift=0,x=170,y=306
mousemove button=0,shift=0,x=170,y=305
mousemove button=0,shift=0,x=169,y=305
mousemove button=0,shift=0,x=169,y=304
mouseup button=1,shift=0,x=169,y=304
D:\readme.txt
mousemove button=1,shift=0,x=169,y=304
mousemove button=0,shift=0,x=170,y=296
mousemove button=0,shift=0,x=170,y=290
mousemove button=0,shift=0,x=170,y=282
mousemove button=0,shift=0,x=171,y=273
mousemove button=0,shift=0,x=171,y=263
mousemove button=0,shift=0,x=171,y=253
mousemove button=0,shift=0,x=171,y=244
mousemove button=0,shift=0,x=171,y=235
mousemove button=0,shift=0,x=169,y=225
mousemove button=0,shift=0,x=168,y=218
mousemove button=0,shift=0,x=167,y=206
mousemove button=0,shift=0,x=167,y=203
mousemove button=0,shift=0,x=165,y=199
mousemove button=0,shift=0,x=165,y=198
mousemove button=0,shift=0,x=165,y=194
mousemove button=0,shift=0,x=165,y=187
mousemove button=0,shift=0,x=164,y=184
mousemove button=0,shift=0,x=164,y=182
mousemove button=0,shift=0,x=164,y=180
mousemove button=0,shift=0,x=164,y=177
mousemove button=0,shift=0,x=163,y=173
mousemove button=0,shift=0,x=163,y=171
mousemove button=0,shift=0,x=163,y=170
mouseup button=1,shift=0,x=163,y=170
D:\findlocale.txt
mousemove button=1,shift=0,x=163,y=170
mousemove button=0,shift=0,x=163,y=170
mousemove button=0,shift=0,x=163,y=170
mousemove button=0,shift=0,x=163,y=169
mousemove button=0,shift=0,x=163,y=166
mousemove button=0,shift=0,x=164,y=154
mousemove button=0,shift=0,x=163,y=149
mousemove button=0,shift=0,x=162,y=144
mousemove button=0,shift=0,x=161,y=139
mousemove button=0,shift=0,x=161,y=136
mousemove button=0,shift=0,x=159,y=133
mousemove button=0,shift=0,x=159,y=131
mousemove button=0,shift=0,x=159,y=129
mousemove button=0,shift=0,x=158,y=126
mousemove button=0,shift=0,x=158,y=125
mousemove button=0,shift=0,x=158,y=122
mousemove button=0,shift=0,x=158,y=120
mousemove button=0,shift=0,x=158,y=118
mousemove button=0,shift=0,x=158,y=114
mousemove button=0,shift=0,x=158,y=113
mousemove button=0,shift=0,x=158,y=112
mousemove button=0,shift=0,x=158,y=110
mousemove button=0,shift=0,x=159,y=109
mousemove button=0,shift=0,x=160,y=107
mousemove button=0,shift=0,x=160,y=105
mousemove button=0,shift=0,x=161,y=104
mousemove button=0,shift=0,x=162,y=103
mousemove button=0,shift=0,x=162,y=101
mousemove button=0,shift=0,x=163,y=99
mousemove button=0,shift=0,x=164,y=98
mousemove button=0,shift=0,x=164,y=96
mousemove button=0,shift=0,x=164,y=95
mousemove button=0,shift=0,x=164,y=94
mousemove button=0,shift=0,x=164,y=93
mouseup button=1,shift=0,x=164,y=93
D:\defaultPerfLog.txt
mousemove button=1,shift=0,x=164,y=93
mousemove button=0,shift=0,x=164,y=94
mousemove button=0,shift=0,x=164,y=95
mousemove button=0,shift=0,x=164,y=98
mousemove button=0,shift=0,x=164,y=102
mousemove button=0,shift=0,x=164,y=107
mousemove button=0,shift=0,x=164,y=111
mousemove button=0,shift=0,x=165,y=120
mousemove button=0,shift=0,x=165,y=125
mousemove button=0,shift=0,x=166,y=131
mousemove button=0,shift=0,x=168,y=149
mousemove button=0,shift=0,x=168,y=168
mousemove button=0,shift=0,x=168,y=178
mousemove button=0,shift=0,x=168,y=184
mousemove button=0,shift=0,x=168,y=191
mousemove button=0,shift=0,x=168,y=198
mousemove button=0,shift=0,x=167,y=203
mousemove button=0,shift=0,x=167,y=206
mousemove button=0,shift=0,x=167,y=213
mousemove button=0,shift=0,x=167,y=216
mousemove button=0,shift=0,x=167,y=220
mousemove button=0,shift=0,x=167,y=224
mousemove button=0,shift=0,x=167,y=227
mousemove button=0,shift=0,x=166,y=230
mousemove button=0,shift=0,x=166,y=233
mousemove button=0,shift=0,x=166,y=235
mousemove button=0,shift=0,x=166,y=240
mousemove button=0,shift=0,x=166,y=242
mousemove button=0,shift=0,x=166,y=244
mousemove button=0,shift=0,x=166,y=246
mousemove button=0,shift=0,x=166,y=247
mouseup button=1,shift=0,x=166,y=247
D:\inanis-glass.txt
mousemove button=1,shift=0,x=166,y=247
mousemove button=0,shift=0,x=166,y=247
mousemove button=0,shift=0,x=166,y=247
mousemove button=0,shift=0,x=164,y=246
mousemove button=0,shift=0,x=164,y=244
mousemove button=0,shift=0,x=163,y=242
mousemove button=0,shift=0,x=162,y=238
mousemove button=0,shift=0,x=161,y=234
mousemove button=0,shift=0,x=161,y=230
mousemove button=0,shift=0,x=160,y=226
mousemove button=0,shift=0,x=159,y=221
mousemove button=0,shift=0,x=159,y=214
mousemove button=0,shift=0,x=158,y=207
mousemove button=0,shift=0,x=158,y=198
mousemove button=0,shift=0,x=157,y=190
mousemove button=0,shift=0,x=157,y=180
mousemove button=0,shift=0,x=156,y=172
mousemove button=0,shift=0,x=151,y=158
mousemove button=0,shift=0,x=150,y=155
mousemove button=0,shift=0,x=146,y=148
mousemove button=0,shift=0,x=146,y=146
mousemove button=0,shift=0,x=145,y=144
mousemove button=0,shift=0,x=144,y=142
mousemove button=0,shift=0,x=144,y=140
mousemove button=0,shift=0,x=143,y=139
mousemove button=0,shift=0,x=143,y=138
mousemove button=0,shift=0,x=143,y=137
mouseup button=1,shift=0,x=143,y=137
D:\erasegpuwork.txt
mousemove button=1,shift=0,x=143,y=137
mousemove button=0,shift=0,x=143,y=138
mousemove button=0,shift=0,x=143,y=141
mousemove button=0,shift=0,x=143,y=145
mousemove button=0,shift=0,x=142,y=151
mousemove button=0,shift=0,x=142,y=156
mousemove button=0,shift=0,x=140,y=175
mousemove button=0,shift=0,x=138,y=183
mousemove button=0,shift=0,x=137,y=193
mousemove button=0,shift=0,x=136,y=201
mousemove button=0,shift=0,x=136,y=208
mousemove button=0,shift=0,x=135,y=216
mousemove button=0,shift=0,x=135,y=230
mousemove button=0,shift=0,x=134,y=236
mousemove button=0,shift=0,x=134,y=241
mousemove button=0,shift=0,x=134,y=246
mousemove button=0,shift=0,x=134,y=250
mousemove button=0,shift=0,x=134,y=255
mousemove button=0,shift=0,x=134,y=259
mousemove button=0,shift=0,x=134,y=262
mousemove button=0,shift=0,x=134,y=266
mousemove button=0,shift=0,x=134,y=269
mousemove button=0,shift=0,x=134,y=271
mousemove button=0,shift=0,x=134,y=273
mousemove button=0,shift=0,x=134,y=274
mousemove button=0,shift=0,x=135,y=278
mousemove button=0,shift=0,x=135,y=281
mousemove button=0,shift=0,x=136,y=283
mousemove button=0,shift=0,x=136,y=285
mouseup button=1,shift=0,x=136,y=285
D:\myphp.php.txt
mousemove button=1,shift=0,x=136,y=285
mousemove button=0,shift=0,x=136,y=285
mousemove button=0,shift=0,x=136,y=285
mousemove button=0,shift=0,x=134,y=285
mousemove button=0,shift=0,x=134,y=283
mousemove button=0,shift=0,x=134,y=276
mousemove button=0,shift=0,x=133,y=264
mousemove button=0,shift=0,x=133,y=248
mousemove button=0,shift=0,x=133,y=223
mousemove button=0,shift=0,x=136,y=195
mousemove button=0,shift=0,x=137,y=172
mousemove button=0,shift=0,x=139,y=157
mousemove button=0,shift=0,x=142,y=144
mousemove button=0,shift=0,x=144,y=134
mousemove button=0,shift=0,x=146,y=128
mousemove button=0,shift=0,x=149,y=120
mousemove button=0,shift=0,x=151,y=113
mousemove button=0,shift=0,x=158,y=97
mousemove button=0,shift=0,x=161,y=91
mousemove button=0,shift=0,x=166,y=80
mousemove button=0,shift=0,x=168,y=75
mousemove button=0,shift=0,x=171,y=68
mousemove button=0,shift=0,x=172,y=65
mousemove button=0,shift=0,x=174,y=63
mousemove button=0,shift=0,x=174,y=60
mousemove button=0,shift=0,x=176,y=58
mousemove button=0,shift=0,x=177,y=56
mousemove button=0,shift=0,x=180,y=50
mousemove button=0,shift=0,x=181,y=47
mousemove button=0,shift=0,x=182,y=44
mousemove button=0,shift=0,x=183,y=40
mousemove button=0,shift=0,x=183,y=37
mousemove button=0,shift=0,x=183,y=34
mousemove button=0,shift=0,x=183,y=32
mousemove button=0,shift=0,x=184,y=31
mousemove button=0,shift=0,x=184,y=30
mousemove button=0,shift=0,x=184,y=29
mousemove button=0,shift=0,x=185,y=28
mousemove button=0,shift=0,x=185,y=27
mousemove button=0,shift=0,x=185,y=25
mouseup button=1,shift=0,x=187,y=13
D:\wlan.txt
mouseup button=1,shift=0,x=187,y=13
D:\wlan.txt
mouseup button=1,shift=0,x=187,y=13
D:\wlan.txt
mouseup button=1,shift=0,x=187,y=13
D:\wlan.txt
mousemove button=1,shift=0,x=286,y=25
mousemove button=2,shift=0,x=289,y=25
mousemove button=0,shift=0,x=292,y=25
mousemove button=0,shift=0,x=295,y=25
mousemove button=0,shift=0,x=297,y=25
mousemove button=0,shift=0,x=299,y=25
mousemove button=0,shift=0,x=300,y=25
mousemove button=0,shift=0,x=301,y=24
mousemove button=0,shift=0,x=301,y=24
mousemove button=0,shift=0,x=301,y=24
mousemove button=0,shift=0,x=303,y=24
mousemove button=0,shift=0,x=304,y=24
mouseup button=1,shift=0,x=306,y=15
D:\wlan.txt
mouseup button=1,shift=0,x=306,y=15
D:\wlan.txt
mouseup button=1,shift=0,x=306,y=15
D:\wlan.txt
mouseup button=1,shift=0,x=306,y=15
D:\wlan.txt
mouseup button=1,shift=0,x=306,y=15
D:\wlan.txt
mouseup button=1,shift=0,x=306,y=15
D:\wlan.txt
mouseup button=1,shift=0,x=306,y=15
D:\wlan.txt
mouseup button=1,shift=0,x=306,y=15
D:\wlan.txt
mouseup button=1,shift=0,x=306,y=16
D:\wlan.txt
mouseup button=1,shift=0,x=306,y=16
D:\wlan.txt
mouseup button=1,shift=0,x=306,y=16
D:\wlan.txt
mouseup button=1,shift=0,x=306,y=16
D:\wlan.txt
mouseup button=1,shift=0,x=306,y=16
D:\wlan.txt
mouseup button=1,shift=0,x=306,y=16
D:\wlan.txt
mouseup button=1,shift=0,x=306,y=16
D:\wlan.txt
mousemove button=2,shift=0,x=348,y=24
mousemove button=0,shift=0,x=354,y=25
mousemove button=0,shift=0,x=359,y=25
mousemove button=0,shift=0,x=361,y=25
mousemove button=0,shift=0,x=362,y=25
mousemove button=0,shift=0,x=363,y=25
mousemove button=0,shift=0,x=364,y=25
mousemove button=0,shift=0,x=366,y=24
mousemove button=0,shift=0,x=367,y=24
mousemove button=0,shift=0,x=369,y=24
mouseup button=1,shift=0,x=465,y=14
D:\wlan.txt
mouseup button=1,shift=0,x=465,y=14
D:\wlan.txt
mouseup button=1,shift=0,x=494,y=12
D:\wlan.txt
mouseup button=1,shift=0,x=494,y=12
D:\wlan.txt
mouseup button=1,shift=0,x=494,y=12
D:\wlan.txt
mouseup button=1,shift=0,x=494,y=12
D:\wlan.txt
mouseup button=1,shift=0,x=494,y=12
D:\wlan.txt
mouseup button=1,shift=0,x=494,y=12
D:\wlan.txt
mouseup button=1,shift=0,x=494,y=12
D:\wlan.txt
mouseup button=1,shift=0,x=494,y=12
D:\wlan.txt
mouseup button=1,shift=0,x=494,y=12
D:\wlan.txt
mouseup button=1,shift=0,x=494,y=12
D:\wlan.txt
mouseup button=1,shift=0,x=494,y=12
D:\wlan.txt
mouseup button=1,shift=0,x=494,y=12
D:\wlan.txt
mouseup button=1,shift=0,x=494,y=12
D:\wlan.txt
mouseup button=1,shift=0,x=494,y=12
D:\wlan.txt
mouseup button=1,shift=0,x=494,y=12
D:\wlan.txt
mouseup button=1,shift=0,x=494,y=12
D:\wlan.txt
mouseup button=1,shift=0,x=494,y=12
D:\wlan.txt
mouseup button=1,shift=0,x=494,y=12
D:\wlan.txt
mouseup button=1,shift=0,x=494,y=12
D:\wlan.txt
mouseup button=1,shift=0,x=494,y=12
D:\wlan.txt
mouseup button=1,shift=0,x=494,y=12
D:\wlan.txt
mouseup button=1,shift=0,x=494,y=12
D:\wlan.txt
mouseup button=1,shift=0,x=494,y=12
D:\wlan.txt
mouseup button=1,shift=0,x=494,y=12
D:\wlan.txt
mouseup button=1,shift=0,x=493,y=12
D:\wlan.txt
mouseup button=1,shift=0,x=493,y=12
D:\wlan.txt
mouseup button=1,shift=0,x=493,y=12
D:\wlan.txt
mouseup button=1,shift=0,x=493,y=12
D:\wlan.txt
mouseup button=1,shift=0,x=493,y=12
D:\wlan.txt
mouseup button=1,shift=0,x=493,y=12
D:\wlan.txt
mouseup button=1,shift=0,x=493,y=12
D:\wlan.txt
mouseup button=1,shift=0,x=493,y=12
D:\wlan.txt
mouseup button=1,shift=0,x=493,y=12
D:\wlan.txt
mouseup button=1,shift=0,x=493,y=12
D:\wlan.txt
mouseup button=1,shift=0,x=493,y=12
D:\wlan.txt
mouseup button=1,shift=0,x=493,y=12
D:\wlan.txt
mouseup button=1,shift=0,x=493,y=12
D:\wlan.txt
mouseup button=1,shift=0,x=493,y=12
D:\wlan.txt
mouseup button=1,shift=0,x=493,y=12
D:\wlan.txt
mouseup button=1,shift=0,x=493,y=12
D:\wlan.txt
mouseup button=1,shift=0,x=493,y=12
D:\wlan.txt
mouseup button=1,shift=0,x=493,y=12
D:\wlan.txt
mouseup button=1,shift=0,x=493,y=12
D:\wlan.txt
mouseup button=1,shift=0,x=493,y=12
D:\wlan.txt
mouseup button=1,shift=0,x=493,y=12
D:\wlan.txt
mouseup button=1,shift=0,x=493,y=12
D:\wlan.txt
mouseup button=1,shift=0,x=493,y=12
D:\wlan.txt
mouseup button=1,shift=0,x=493,y=12
D:\wlan.txt
mouseup button=1,shift=0,x=493,y=12
D:\wlan.txt
mouseup button=1,shift=0,x=493,y=12
D:\wlan.txt
mouseup button=1,shift=0,x=493,y=12
D:\wlan.txt
mouseup button=1,shift=0,x=494,y=12
D:\wlan.txt
mouseup button=1,shift=0,x=494,y=12
D:\wlan.txt
mousemove button=2,shift=0,x=496,y=24
mousemove button=0,shift=0,x=496,y=25
mousemove button=0,shift=0,x=495,y=25
mousemove button=0,shift=0,x=494,y=25
buttondropdown FILE;MENU::FILE
HandleControlEvent, ButtonDropDown
setting menuimagelist to 171071488
New Control Instance Obtained:920266
HandleControlEvent, RequestNewInstance
BEFORESHOWMENU:FILE::SUBMENU
File::SUBMENU
beforeShowMenu end FILE::SUBMENU
HandleControlEvent, BeforeShowMenu
beforeshowmenu:FILE::SUBMENU
playing:C:\Users\BC_Programming\AppData\Roaming\BCSearch\Resource\Sound\SHOWMENU.WAV
HandleControlEvent, Resize
HandleControlEvent, Resize
HandleControlEvent, ButtonHighlight
HandleControlEvent, ButtonHighlight
HandleControlEvent, ButtonHighlight
HandleControlEvent, ButtonHighlight
HandleControlEvent, ButtonHighlight
HandleControlEvent, AfterShowMenu
Clicked: caption=&Exit key=FILE::EXIT TAG=FILE::EXIT
ButtonClick
Persisting Combo/List box- section = PersistProperties.cboLookin...
After:hwnd=1054596 umsg=70
WINDOWPOSCHANGING
