BASeCamp CDebug Class Debug Log output.
log at 12/29/2009 on TERATRON as BC_Programming at 12:15.27
################################################################################
System Info for this session:
Environment variables:

ALLUSERSPROFILE=C:\ProgramData
APPDATA=C:\Users\BC_Programming\AppData\Roaming
CG_BOOST_ROOT=C:\Program Files (x86)\CodeGear\RAD Studio\6.0\include\boost_1_35
CommonProgramFiles=C:\Program Files (x86)\Common Files
CommonProgramFiles(x86)=C:\Program Files (x86)\Common Files
CommonProgramW6432=C:\Program Files\Common Files
COMPUTERNAME=TERATRON
ComSpec=C:\Windows\system32\cmd.exe
FP_NO_HOST_CHECK=NO
HOMEDRIVE=C:
HOMEPATH=\Users\BC_Programming
LOCALAPPDATA=C:\Users\BC_Programming\AppData\Local
LOGONSERVER=\\TERATRON
NUMBER_OF_PROCESSORS=4
OPENSSL_CONF=C:\OpenSSL\bin\openssl.cfg
OS=Windows_NT
Path=C:\Python\Scripts;C:\Python\;C:\Program Files (x86)\CodeGear\RAD Studio\6.0\bin;C:\Users\Public\Documents\RAD Studio\6.0\Bpl;C:\Perl\site\bin;C:\Perl\bin;C:\Windows\system32;C:\Windows;C:\Windows\System32\Wbem;C:\Windows\System32\WindowsPowerShell\v1.0\;c:\Program Files (x86)\Microsoft SQL Server\90\Tools\binn\;C:\Program Files (x86)\Microsoft Visual Studio 9.0\VC\bin;C:\Program Files (x86)\Common Files\microsoft shared\MSENV;C:\Program Files (x86)\Common Files\microsoft shared\VSA\9.0\VsaEnv;C:\PROGRA~2\Borland\Delphi6\Bin;C:\PROGRA~2\Borland\Delphi6\Projects\Bpl;C:\Program Files (x86)\Common Files\Autodesk Shared\;C:\Program Files (x86)\backburner 2\;C:\Users\BC_Programming\AppData\Roaming\Python\Scripts;C:\Windows\system32;C:\Windows;C:\Windows\System32\Wbem;C:\Windows\System32\WindowsPowerShell\v1.0\;c:\Program Files (x86)\Microsoft SQL Server\90\Tools\binn\;C:\Program Files (x86)\Microsoft Visual Studio 9.0\VC\bin;C:\Program Files (x86)\Common Files\microsoft shared\MSENV;C:\Program Files (x86)\Common Fi
PATHEXT=.COM;.EXE;.BAT;.CMD;.VBS;.VBE;.JS;.JSE;.WSF;.WSH;.MSC;.py;.pyw
PROCESSOR_ARCHITECTURE=x86
PROCESSOR_ARCHITEW6432=AMD64
PROCESSOR_IDENTIFIER=Intel64 Family 6 Model 23 Stepping 7, GenuineIntel
PROCESSOR_LEVEL=6
PROCESSOR_REVISION=1707
ProgramData=C:\ProgramData
ProgramFiles=C:\Program Files (x86)
ProgramFiles(x86)=C:\Program Files (x86)
ProgramW6432=C:\Program Files
PUBLIC=C:\Users\Public
SystemDrive=C:
SystemRoot=C:\Windows
TEMP=C:\Users\BC_PRO~1\AppData\Local\Temp
TMP=C:\Users\BC_PRO~1\AppData\Local\Temp
USERDOMAIN=TERATRON
USERNAME=BC_Programming
USERPROFILE=C:\Users\BC_Programming
VS90COMNTOOLS=C:\Program Files (x86)\Microsoft Visual Studio 9.0\Common7\Tools\
windir=C:\Windows
__COMPAT_LAYER=RunAsAdmin RunAsAdmin 


################################################################################
***************BEGIN LOG*******************
After:hwnd=2884282 umsg=70
WINDOWPOSCHANGING
After:hwnd=2884282 umsg=70
WINDOWPOSCHANGING
After:hwnd=2884282 umsg=70
WINDOWPOSCHANGING
XML load successful in CXMLLoader::LoadXML
optimal bitdepth is 32 bits.
unrecognized NodeName for commandbar load:SCRIPTS
unrecognized NodeName for commandbar load:
unrecognized NodeName for commandbar load:IMAGELIST
unrecognized NodeName for commandbar load:IMAGELIST
DefClick=C:\Users\BC_Programming\AppData\Roaming\BCSearch\Resource\Sound\CLICK.WAV
Click=C:\Users\BC_Programming\AppData\Roaming\BCSearch\Resource\Sound\CLICK.WAV
picindex=8
Click=C:\Users\BC_Programming\AppData\Roaming\BCSearch\Resource\Sound\CLICK.WAV
picindex=13
Click=C:\Users\BC_Programming\AppData\Roaming\BCSearch\Resource\Sound\CLICK.WAV
picindex=-1
Click=C:\Users\BC_Programming\AppData\Roaming\BCSearch\Resource\Sound\CLICK.WAV
picindex=15
Click=C:\Users\BC_Programming\AppData\Roaming\BCSearch\Resource\Sound\CLICK.WAV
picindex=14
Click=C:\Users\BC_Programming\AppData\Roaming\BCSearch\Resource\Sound\CLICK.WAV
picindex=16
Click=C:\Users\BC_Programming\AppData\Roaming\BCSearch\Resource\Sound\CLICK.WAV
picindex=13
Click=C:\Users\BC_Programming\AppData\Roaming\BCSearch\Resource\Sound\CLICK.WAV
picindex=-1
Click=C:\Users\BC_Programming\AppData\Roaming\BCSearch\Resource\Sound\CLICK.WAV
picindex=17
Click=C:\Users\BC_Programming\AppData\Roaming\BCSearch\Resource\Sound\CLICK.WAV
picindex=11
HandleControlEvent, Resize
DefClick=C:\Users\BC_Programming\AppData\Roaming\BCSearch\Resource\Sound\CLICK.WAV
Click=C:\Users\BC_Programming\AppData\Roaming\BCSearch\Resource\Sound\CLICK.WAV
picindex=18
Click=C:\Users\BC_Programming\AppData\Roaming\BCSearch\Resource\Sound\CLICK.WAV
picindex=20
Click=C:\Users\BC_Programming\AppData\Roaming\BCSearch\Resource\Sound\CLICK.WAV
picindex=-1
DefClick=C:\Users\BC_Programming\AppData\Roaming\BCSearch\Resource\Sound\CLICK.WAV
Click=C:\Users\BC_Programming\AppData\Roaming\BCSearch\Resource\Sound\CLICK.WAV
picindex=5
Click=C:\Users\BC_Programming\AppData\Roaming\BCSearch\Resource\Sound\CLICK.WAV
picindex=6
Click=C:\Users\BC_Programming\AppData\Roaming\BCSearch\Resource\Sound\CLICK.WAV
picindex=-1
Click=C:\Users\BC_Programming\AppData\Roaming\BCSearch\Resource\Sound\CLICK.WAV
picindex=-1
Click=C:\Users\BC_Programming\AppData\Roaming\BCSearch\Resource\Sound\CLICK.WAV
picindex=-1
Click=C:\Users\BC_Programming\AppData\Roaming\BCSearch\Resource\Sound\CLICK.WAV
picindex=-1
Click=C:\Users\BC_Programming\AppData\Roaming\BCSearch\Resource\Sound\CLICK.WAV
picindex=-1
Click=C:\Users\BC_Programming\AppData\Roaming\BCSearch\Resource\Sound\CLICK.WAV
picindex=-1
Click=C:\Users\BC_Programming\AppData\Roaming\BCSearch\Resource\Sound\CLICK.WAV
picindex=-1
Click=C:\Users\BC_Programming\AppData\Roaming\BCSearch\Resource\Sound\CLICK.WAV
picindex=-1
Click=C:\Users\BC_Programming\AppData\Roaming\BCSearch\Resource\Sound\CLICK.WAV
picindex=-1
DefClick=
Click=
picindex=2
Click=
picindex=-1
Click=
picindex=-1
DefClick=C:\Users\BC_Programming\AppData\Roaming\BCSearch\Resource\Sound\CLICK.WAV
Click=C:\Users\BC_Programming\AppData\Roaming\BCSearch\Resource\Sound\CLICK.WAV
picindex=-1
Click=C:\Users\BC_Programming\AppData\Roaming\BCSearch\Resource\Sound\CLICK.WAV
picindex=-1
Click=C:\Users\BC_Programming\AppData\Roaming\BCSearch\Resource\Sound\CLICK.WAV
picindex=-1
Click=C:\Users\BC_Programming\AppData\Roaming\BCSearch\Resource\Sound\CLICK.WAV
picindex=-1
Click=C:\Users\BC_Programming\AppData\Roaming\BCSearch\Resource\Sound\CLICK.WAV
picindex=1
Click=C:\Users\BC_Programming\AppData\Roaming\BCSearch\Resource\Sound\CLICK.WAV
picindex=-1
Click=C:\Users\BC_Programming\AppData\Roaming\BCSearch\Resource\Sound\CLICK.WAV
picindex=-1
Click=C:\Users\BC_Programming\AppData\Roaming\BCSearch\Resource\Sound\CLICK.WAV
picindex=-1
Click=C:\Users\BC_Programming\AppData\Roaming\BCSearch\Resource\Sound\CLICK.WAV
picindex=-1
Click=C:\Users\BC_Programming\AppData\Roaming\BCSearch\Resource\Sound\CLICK.WAV
picindex=-1
Click=C:\Users\BC_Programming\AppData\Roaming\BCSearch\Resource\Sound\CLICK.WAV
picindex=11
Click=C:\Users\BC_Programming\AppData\Roaming\BCSearch\Resource\Sound\CLICK.WAV
picindex=12
Click=C:\Users\BC_Programming\AppData\Roaming\BCSearch\Resource\Sound\CLICK.WAV
picindex=-1
Click=C:\Users\BC_Programming\AppData\Roaming\BCSearch\Resource\Sound\CLICK.WAV
picindex=-1
Click=C:\Users\BC_Programming\AppData\Roaming\BCSearch\Resource\Sound\CLICK.WAV
picindex=10
Click=C:\Users\BC_Programming\AppData\Roaming\BCSearch\Resource\Sound\CLICK.WAV
picindex=9
HandleControlEvent, Resize
unrecognized NodeName for commandbar load:TOOLBAR
setting toolbarimagelist(1)...
setting toolbarimagelist(2)...
After:hwnd=2884282 umsg=36
After:hwnd=2884282 umsg=70
WINDOWPOSCHANGING
HandleControlEvent, Resize
HandleControlEvent, Resize
After:hwnd=2884282 umsg=36
After:hwnd=2884282 umsg=70
WINDOWPOSCHANGING
Loading Combo/List box- section = PersistProperties.cboLookin...
not duplicating List item.
1
Loading Combo/List box- section = PersistProperties.cboFilter...
After:hwnd=2884282 umsg=70
WINDOWPOSCHANGING
After:hwnd=2884282 umsg=70
WINDOWPOSCHANGING

not duplicating List item.
Change
Change
Change
Change
Change
Change
Change
Change
0
0
Change
Change
Change
Change
Change
Change
Change
Change
0
0
Persisting Combo/List box- section = PersistProperties.cboSizesuffix.1...
Persisting Combo/List box- section = PersistProperties.cboSizesuffix.0...
Persisting Combo/List box- section = PersistProperties.cboOperation...
Persisting Combo/List box- section = PersistProperties.cboFilter...
Persisting Combo/List box- section = PersistProperties.cboADSThanMultiplier.1...
Persisting Combo/List box- section = PersistProperties.cboADSThanMultiplier.0...
After:hwnd=2884282 umsg=70
WINDOWPOSCHANGING
After:hwnd=2884282 umsg=70
WINDOWPOSCHANGING
mousemove button=1,shift=0,x=722,y=135
mousemove button=0,shift=0,x=742,y=118
mousemove button=0,shift=0,x=752,y=108
mousemove button=0,shift=0,x=779,y=76
mousemove button=0,shift=0,x=789,y=64
mousemove button=0,shift=0,x=808,y=35
control+Enter pressed.
optimal bitdepth is 32 bits.
HandleControlEvent, Resize
mousemove button=0,shift=0,x=397,y=34
mousemove button=0,shift=0,x=397,y=34
mousemove button=0,shift=0,x=356,y=64
mousemove button=0,shift=0,x=340,y=76
mousemove button=0,shift=0,x=319,y=93
mousemove button=0,shift=0,x=299,y=110
mousemove button=0,shift=0,x=280,y=125
mousemove button=0,shift=0,x=254,y=146
mousemove button=0,shift=0,x=200,y=188
mousemove button=0,shift=0,x=181,y=201
mousemove button=0,shift=0,x=164,y=214
mousemove button=0,shift=0,x=156,y=218
mousemove button=0,shift=0,x=145,y=226
mousemove button=0,shift=0,x=135,y=231
mousemove button=0,shift=0,x=129,y=235
mousemove button=0,shift=0,x=124,y=237
mousemove button=0,shift=0,x=121,y=238
mousemove button=0,shift=0,x=118,y=239
mousemove button=0,shift=0,x=117,y=240
mousemove button=0,shift=0,x=116,y=241
mousemove button=0,shift=0,x=116,y=242
mousemove button=0,shift=0,x=116,y=243
mousemove button=0,shift=0,x=115,y=244
mousemove button=0,shift=0,x=115,y=245
mousemove button=0,shift=0,x=114,y=245
mousemove button=0,shift=0,x=114,y=247
mousemove button=0,shift=0,x=113,y=246
mousemove button=0,shift=0,x=113,y=245
mousemove button=0,shift=0,x=111,y=243
mousemove button=0,shift=0,x=110,y=241
mousemove button=0,shift=0,x=110,y=237
mousemove button=0,shift=0,x=109,y=229
mousemove button=0,shift=0,x=107,y=223
mousemove button=0,shift=0,x=105,y=216
mousemove button=0,shift=0,x=104,y=206
mousemove button=0,shift=0,x=102,y=201
mousemove button=0,shift=0,x=101,y=195
mousemove button=0,shift=0,x=101,y=195
mousemove button=0,shift=0,x=99,y=189
mousemove button=0,shift=0,x=99,y=189
mousemove button=0,shift=0,x=98,y=182
mousemove button=0,shift=0,x=96,y=177
mousemove button=0,shift=0,x=96,y=173
mousemove button=0,shift=0,x=95,y=168
mousemove button=0,shift=0,x=95,y=164
mousemove button=0,shift=0,x=94,y=161
mousemove button=0,shift=0,x=94,y=158
mousemove button=0,shift=0,x=94,y=155
mousemove button=0,shift=0,x=95,y=144
mousemove button=0,shift=0,x=95,y=141
mousemove button=0,shift=0,x=96,y=133
mousemove button=0,shift=0,x=96,y=131
mousemove button=0,shift=0,x=96,y=129
mousemove button=0,shift=0,x=96,y=126
mousemove button=0,shift=0,x=97,y=120
mousemove button=0,shift=0,x=98,y=119
mousemove button=0,shift=0,x=99,y=115
mousemove button=0,shift=0,x=99,y=112
mousemove button=0,shift=0,x=99,y=110
mousemove button=0,shift=0,x=99,y=107
mousemove button=0,shift=0,x=100,y=105
mousemove button=0,shift=0,x=101,y=103
mousemove button=0,shift=0,x=102,y=99
mousemove button=0,shift=0,x=102,y=96
mousemove button=0,shift=0,x=102,y=95
mousemove button=0,shift=0,x=102,y=93
mousemove button=0,shift=0,x=102,y=91
mousemove button=0,shift=0,x=102,y=91
mousemove button=0,shift=0,x=102,y=90
mousemove button=0,shift=0,x=103,y=89
mousemove button=0,shift=0,x=103,y=88
mousemove button=0,shift=0,x=104,y=86
mousemove button=0,shift=0,x=104,y=85
mousemove button=0,shift=0,x=104,y=84
mousemove button=0,shift=0,x=104,y=85
mousemove button=0,shift=0,x=105,y=86
mousemove button=0,shift=0,x=105,y=89
mousemove button=0,shift=0,x=107,y=93
mousemove button=0,shift=0,x=108,y=99
mousemove button=0,shift=0,x=109,y=103
mousemove button=0,shift=0,x=111,y=109
mousemove button=0,shift=0,x=113,y=115
mousemove button=0,shift=0,x=119,y=127
mousemove button=0,shift=0,x=122,y=132
mousemove button=0,shift=0,x=123,y=136
mousemove button=0,shift=0,x=123,y=139
mousemove button=0,shift=0,x=123,y=139
mousemove button=0,shift=0,x=124,y=141
mousemove button=0,shift=0,x=124,y=143
mousemove button=0,shift=0,x=126,y=146
mousemove button=0,shift=0,x=126,y=148
mousemove button=0,shift=0,x=126,y=151
mousemove button=0,shift=0,x=126,y=153
mousemove button=0,shift=0,x=126,y=159
mousemove button=0,shift=0,x=127,y=164
mousemove button=0,shift=0,x=127,y=168
mousemove button=0,shift=0,x=127,y=171
mousemove button=0,shift=0,x=127,y=174
mousemove button=0,shift=0,x=128,y=177
mousemove button=0,shift=0,x=128,y=180
mousemove button=0,shift=0,x=128,y=183
mousemove button=0,shift=0,x=129,y=187
mousemove button=0,shift=0,x=130,y=191
mousemove button=0,shift=0,x=131,y=194
mousemove button=0,shift=0,x=132,y=200
mousemove button=0,shift=0,x=132,y=203
mousemove button=0,shift=0,x=136,y=220
mousemove button=0,shift=0,x=137,y=223
mousemove button=0,shift=0,x=137,y=225
mousemove button=0,shift=0,x=137,y=227
mousemove button=0,shift=0,x=136,y=227
mousemove button=0,shift=0,x=133,y=225
mousemove button=0,shift=0,x=132,y=224
mousemove button=0,shift=0,x=130,y=223
mousemove button=0,shift=0,x=129,y=222
mousemove button=0,shift=0,x=128,y=219
mousemove button=0,shift=0,x=128,y=218
mousemove button=0,shift=0,x=126,y=212
mousemove button=0,shift=0,x=125,y=207
mousemove button=0,shift=0,x=124,y=202
mousemove button=0,shift=0,x=123,y=195
mousemove button=0,shift=0,x=122,y=189
mousemove button=0,shift=0,x=121,y=185
mousemove button=0,shift=0,x=120,y=181
mousemove button=0,shift=0,x=120,y=175
mousemove button=0,shift=0,x=119,y=171
mousemove button=0,shift=0,x=119,y=168
mousemove button=0,shift=0,x=119,y=166
mousemove button=0,shift=0,x=119,y=163
mousemove button=0,shift=0,x=119,y=162
mousemove button=0,shift=0,x=118,y=156
mousemove button=0,shift=0,x=118,y=153
mousemove button=0,shift=0,x=117,y=151
mousemove button=0,shift=0,x=117,y=148
mousemove button=0,shift=0,x=116,y=146
mousemove button=0,shift=0,x=116,y=145
mousemove button=0,shift=0,x=116,y=141
mousemove button=0,shift=0,x=115,y=140
mousemove button=0,shift=0,x=114,y=138
mousemove button=0,shift=0,x=113,y=137
mousemove button=0,shift=0,x=113,y=136
mousemove button=0,shift=0,x=113,y=135
mousemove button=0,shift=0,x=112,y=134
mousemove button=0,shift=0,x=112,y=132
mousemove button=0,shift=0,x=112,y=131
mousemove button=0,shift=0,x=111,y=131
mousemove button=0,shift=0,x=111,y=129
mousemove button=0,shift=0,x=111,y=128
mousemove button=0,shift=0,x=111,y=127
mousemove button=0,shift=0,x=111,y=126
mousemove button=0,shift=0,x=111,y=125
mousemove button=0,shift=0,x=111,y=124
mousemove button=0,shift=0,x=111,y=123
mousemove button=0,shift=0,x=111,y=122
mousemove button=0,shift=0,x=111,y=122
mousemove button=0,shift=0,x=111,y=120
mousemove button=0,shift=0,x=111,y=117
mousemove button=0,shift=0,x=111,y=116
mousemove button=0,shift=0,x=111,y=115
mousemove button=0,shift=0,x=111,y=114
mousemove button=0,shift=0,x=111,y=114
mouseup button=1,shift=0,x=111,y=114
D:\buttonback - Copy.png
mousemove button=1,shift=0,x=111,y=114
mousemove button=0,shift=0,x=111,y=114
mousemove button=0,shift=0,x=111,y=114
mousemove button=0,shift=0,x=111,y=114
mousemove button=0,shift=0,x=111,y=114
mousemove button=0,shift=0,x=111,y=114
mousemove button=0,shift=0,x=111,y=115
mousemove button=0,shift=0,x=111,y=118
mousemove button=0,shift=0,x=110,y=120
mousemove button=0,shift=0,x=110,y=122
mousemove button=0,shift=0,x=109,y=125
mousemove button=0,shift=0,x=107,y=129
mousemove button=0,shift=0,x=107,y=131
mousemove button=0,shift=0,x=107,y=135
mousemove button=0,shift=0,x=106,y=138
mousemove button=0,shift=0,x=106,y=141
mousemove button=0,shift=0,x=106,y=141
mousemove button=0,shift=0,x=105,y=150
mousemove button=0,shift=0,x=105,y=151
mousemove button=0,shift=0,x=105,y=153
mousemove button=0,shift=0,x=105,y=154
mousemove button=0,shift=0,x=105,y=155
mousemove button=0,shift=0,x=104,y=156
mousemove button=0,shift=0,x=104,y=158
mousemove button=0,shift=0,x=104,y=160
mousemove button=0,shift=0,x=104,y=161
mousemove button=0,shift=0,x=104,y=163
mousemove button=0,shift=0,x=105,y=164
mousemove button=0,shift=0,x=105,y=166
mousemove button=0,shift=0,x=105,y=167
mousemove button=0,shift=0,x=105,y=169
mousemove button=0,shift=0,x=105,y=171
mousemove button=0,shift=0,x=105,y=173
mousemove button=0,shift=0,x=105,y=175
mousemove button=0,shift=0,x=105,y=176
mousemove button=0,shift=0,x=105,y=180
mousemove button=0,shift=0,x=105,y=181
mousemove button=0,shift=0,x=105,y=184
mousemove button=0,shift=0,x=105,y=186
mousemove button=0,shift=0,x=105,y=191
mousemove button=0,shift=0,x=105,y=194
mousemove button=0,shift=0,x=105,y=196
mousemove button=0,shift=0,x=104,y=197
mousemove button=0,shift=0,x=104,y=198
mousemove button=0,shift=0,x=104,y=199
mousemove button=0,shift=0,x=104,y=200
mousemove button=0,shift=0,x=104,y=200
mousemove button=0,shift=0,x=104,y=200
mouseup button=1,shift=0,x=104,y=200
D:\Chrono_Trigger_Lavos_Battle_dnBoss_OC_ReMix.mp3
mousemove button=1,shift=0,x=104,y=200
mousemove button=0,shift=0,x=104,y=200
mousemove button=0,shift=0,x=104,y=201
mousemove button=0,shift=0,x=107,y=206
mousemove button=0,shift=0,x=108,y=216
mousemove button=0,shift=0,x=111,y=224
mousemove button=0,shift=0,x=113,y=231
mousemove button=0,shift=0,x=116,y=241
mousemove button=0,shift=0,x=120,y=252
mousemove button=0,shift=0,x=126,y=263
mousemove button=0,shift=0,x=133,y=276
mousemove button=0,shift=0,x=138,y=287
mousemove button=0,shift=0,x=145,y=297
mousemove button=0,shift=0,x=152,y=309
mousemove button=0,shift=0,x=166,y=331
mousemove button=0,shift=0,x=170,y=341
mousemove button=0,shift=0,x=173,y=344
mousemove button=0,shift=0,x=176,y=351
mousemove button=0,shift=0,x=178,y=354
mousemove button=0,shift=0,x=180,y=356
mousemove button=0,shift=0,x=180,y=357
mousemove button=0,shift=0,x=180,y=358
mousemove button=0,shift=0,x=180,y=360
mousemove button=0,shift=0,x=181,y=361
mousemove button=0,shift=0,x=181,y=363
mousemove button=0,shift=0,x=182,y=366
mousemove button=0,shift=0,x=182,y=367
mousemove button=0,shift=0,x=183,y=368
mousemove button=0,shift=0,x=183,y=369
mousemove button=0,shift=0,x=183,y=370
mousemove button=0,shift=0,x=182,y=371
mousemove button=0,shift=0,x=182,y=373
mousemove button=0,shift=0,x=182,y=374
mousemove button=0,shift=0,x=182,y=375
mousemove button=0,shift=0,x=214,y=375
mousemove button=0,shift=0,x=235,y=328
mousemove button=0,shift=0,x=246,y=303
mousemove button=0,shift=0,x=253,y=285
mousemove button=0,shift=0,x=270,y=241
mousemove button=0,shift=0,x=287,y=200
mousemove button=0,shift=0,x=293,y=187
mousemove button=0,shift=0,x=297,y=178
mousemove button=0,shift=0,x=301,y=168
mousemove button=0,shift=0,x=305,y=158
mousemove button=0,shift=0,x=309,y=151
mousemove button=0,shift=0,x=312,y=146
mousemove button=0,shift=0,x=315,y=138
mousemove button=0,shift=0,x=319,y=131
mousemove button=0,shift=0,x=322,y=122
mousemove button=0,shift=0,x=336,y=92
mousemove button=0,shift=0,x=337,y=89
mousemove button=0,shift=0,x=338,y=84
mousemove button=0,shift=0,x=341,y=80
mousemove button=0,shift=0,x=343,y=75
mousemove button=0,shift=0,x=345,y=71
mousemove button=0,shift=0,x=346,y=67
mousemove button=0,shift=0,x=348,y=63
mousemove button=0,shift=0,x=350,y=59
mousemove button=0,shift=0,x=351,y=57
mousemove button=0,shift=0,x=356,y=49
mousemove button=0,shift=0,x=358,y=43
mousemove button=0,shift=0,x=362,y=38
mousemove button=0,shift=0,x=364,y=35
mousemove button=0,shift=0,x=372,y=25
mousemove button=1,shift=0,x=619,y=26
mousemove button=0,shift=0,x=619,y=28
mousemove button=0,shift=0,x=620,y=31
mousemove button=0,shift=0,x=621,y=33
mousemove button=0,shift=0,x=622,y=36
mousemove button=0,shift=0,x=622,y=37
mousemove button=0,shift=0,x=623,y=40
mousemove button=0,shift=0,x=624,y=45
mousemove button=0,shift=0,x=625,y=47
mousemove button=0,shift=0,x=626,y=48
mousemove button=0,shift=0,x=629,y=53
mousemove button=0,shift=0,x=631,y=55
mousemove button=0,shift=0,x=634,y=60
mousemove button=0,shift=0,x=636,y=63
mousemove button=0,shift=0,x=639,y=68
mousemove button=0,shift=0,x=643,y=71
mousemove button=0,shift=0,x=651,y=80
mousemove button=0,shift=0,x=657,y=86
mousemove button=0,shift=0,x=658,y=88
mousemove button=0,shift=0,x=660,y=91
mousemove button=0,shift=0,x=671,y=100
mousemove button=0,shift=0,x=673,y=102
mousemove button=0,shift=0,x=672,y=101
mousemove button=0,shift=0,x=671,y=100
mousemove button=0,shift=0,x=670,y=99
mousemove button=0,shift=0,x=669,y=98
mousemove button=0,shift=0,x=669,y=97
mousemove button=0,shift=0,x=669,y=95
mousemove button=0,shift=0,x=668,y=94
mousemove button=0,shift=0,x=667,y=93
mousemove button=0,shift=0,x=665,y=90
mousemove button=0,shift=0,x=665,y=90
mousemove button=0,shift=0,x=664,y=88
mousemove button=0,shift=0,x=662,y=87
mousemove button=0,shift=0,x=659,y=83
mousemove button=0,shift=0,x=658,y=82
mousemove button=0,shift=0,x=653,y=75
mousemove button=0,shift=0,x=651,y=73
mousemove button=0,shift=0,x=649,y=70
mousemove button=0,shift=0,x=649,y=68
mousemove button=0,shift=0,x=648,y=66
mousemove button=0,shift=0,x=647,y=62
mousemove button=0,shift=0,x=645,y=58
mousemove button=0,shift=0,x=645,y=55
mousemove button=0,shift=0,x=644,y=50
mousemove button=0,shift=0,x=643,y=47
mousemove button=0,shift=0,x=643,y=44
mousemove button=0,shift=0,x=642,y=40
mousemove button=0,shift=0,x=642,y=39
mousemove button=0,shift=0,x=642,y=37
mousemove button=0,shift=0,x=642,y=37
mousemove button=0,shift=0,x=644,y=28
mousemove button=0,shift=0,x=644,y=27
mousemove button=0,shift=0,x=645,y=24
mousemove button=1,shift=0,x=644,y=26
mousemove button=0,shift=0,x=649,y=28
mousemove button=0,shift=0,x=652,y=31
mousemove button=0,shift=0,x=665,y=38
mousemove button=0,shift=0,x=670,y=42
mousemove button=0,shift=0,x=676,y=45
mousemove button=0,shift=0,x=683,y=48
mousemove button=0,shift=0,x=690,y=52
mousemove button=0,shift=0,x=694,y=53
mousemove button=0,shift=0,x=704,y=57
mousemove button=0,shift=0,x=711,y=59
mousemove button=0,shift=0,x=718,y=61
mousemove button=0,shift=0,x=737,y=65
mousemove button=0,shift=0,x=744,y=65
mousemove button=0,shift=0,x=750,y=65
mousemove button=0,shift=0,x=763,y=63
mousemove button=0,shift=0,x=767,y=63
mousemove button=0,shift=0,x=770,y=62
mousemove button=0,shift=0,x=770,y=62
mousemove button=0,shift=0,x=774,y=60
mousemove button=0,shift=0,x=776,y=59
mousemove button=0,shift=0,x=778,y=57
mousemove button=0,shift=0,x=780,y=55
mousemove button=0,shift=0,x=785,y=49
mousemove button=0,shift=0,x=787,y=47
mousemove button=0,shift=0,x=788,y=46
mousemove button=0,shift=0,x=789,y=44
mousemove button=0,shift=0,x=790,y=41
mousemove button=0,shift=0,x=790,y=37
mousemove button=0,shift=0,x=790,y=35
mousemove button=0,shift=0,x=789,y=34
mousemove button=0,shift=0,x=788,y=33
mousemove button=0,shift=0,x=787,y=31
mousemove button=0,shift=0,x=787,y=30
mousemove button=0,shift=0,x=787,y=29
mousemove button=0,shift=0,x=786,y=28
mousemove button=0,shift=0,x=787,y=28
mousemove button=0,shift=0,x=788,y=28
mousemove button=0,shift=0,x=789,y=28
mousemove button=0,shift=0,x=790,y=28
mousemove button=0,shift=0,x=791,y=28
mousemove button=0,shift=0,x=794,y=29
mousemove button=0,shift=0,x=796,y=30
mousemove button=0,shift=0,x=797,y=30
mousemove button=0,shift=0,x=799,y=30
mousemove button=0,shift=0,x=802,y=30
mousemove button=0,shift=0,x=806,y=31
mousemove button=0,shift=0,x=809,y=31
mousemove button=0,shift=0,x=807,y=39
mousemove button=0,shift=0,x=795,y=39
mousemove button=0,shift=0,x=785,y=37
mousemove button=0,shift=0,x=779,y=37
mousemove button=0,shift=0,x=774,y=37
mousemove button=0,shift=0,x=762,y=35
mousemove button=0,shift=0,x=759,y=35
mousemove button=0,shift=0,x=752,y=34
mousemove button=0,shift=0,x=742,y=31
mousemove button=0,shift=0,x=736,y=30
mousemove button=0,shift=0,x=727,y=27
mousemove button=0,shift=0,x=716,y=25
mousemove button=0,shift=0,x=712,y=24
mousemove button=0,shift=0,x=709,y=24
mouseup button=1,shift=0,x=623,y=13
D:\test.aiff
mouseup button=1,shift=0,x=623,y=13
D:\hijack.xor
mouseup button=1,shift=0,x=623,y=13
D:\test.aiff
mouseup button=1,shift=0,x=623,y=13
D:\hijack.xor
mouseup button=1,shift=0,x=623,y=13
D:\test.aiff
mouseup button=1,shift=0,x=623,y=13
D:\hijack.xor
mouseup button=1,shift=0,x=623,y=13
D:\test.aiff
mouseup button=1,shift=0,x=623,y=13
D:\hijack.xor
mouseup button=1,shift=0,x=623,y=13
D:\test.aiff
mouseup button=1,shift=0,x=623,y=13
D:\hijack.xor
mouseup button=1,shift=0,x=623,y=13
D:\test.aiff
mouseup button=1,shift=0,x=623,y=13
D:\hijack.xor
mouseup button=1,shift=0,x=623,y=13
D:\test.aiff
mouseup button=1,shift=0,x=623,y=13
D:\hijack.xor
mouseup button=1,shift=0,x=623,y=13
D:\test.aiff
mouseup button=1,shift=0,x=623,y=13
D:\test.aiff
mousemove button=1,shift=0,x=272,y=24
mousemove button=2,shift=0,x=270,y=25
mousemove button=4,shift=0,x=267,y=27
mousemove button=0,shift=0,x=264,y=28
mousemove button=0,shift=0,x=259,y=30
mousemove button=0,shift=0,x=256,y=31
mousemove button=0,shift=0,x=255,y=31
mousemove button=0,shift=0,x=253,y=31
mousemove button=0,shift=0,x=253,y=31
mousemove button=0,shift=0,x=252,y=31
mousemove button=0,shift=0,x=251,y=31
mousemove button=0,shift=0,x=250,y=32
mousemove button=0,shift=0,x=247,y=30
mousemove button=0,shift=0,x=246,y=29
mousemove button=0,shift=0,x=245,y=27
mousemove button=0,shift=0,x=244,y=26
mousemove button=0,shift=0,x=244,y=24
mousemove button=4,shift=0,x=212,y=30
mousemove button=0,shift=0,x=212,y=30
mousemove button=0,shift=0,x=206,y=41
mousemove button=0,shift=0,x=188,y=68
mousemove button=0,shift=0,x=181,y=78
mousemove button=0,shift=0,x=174,y=87
mousemove button=0,shift=0,x=169,y=93
mousemove button=0,shift=0,x=164,y=101
mousemove button=0,shift=0,x=160,y=107
mousemove button=0,shift=0,x=157,y=111
mousemove button=0,shift=0,x=152,y=120
mousemove button=0,shift=0,x=151,y=122
mousemove button=0,shift=0,x=149,y=124
mousemove button=0,shift=0,x=148,y=124
mousemove button=0,shift=0,x=147,y=125
mousemove button=0,shift=0,x=146,y=125
mousemove button=0,shift=0,x=144,y=125
mousemove button=0,shift=0,x=143,y=126
mousemove button=0,shift=0,x=139,y=126
mousemove button=0,shift=0,x=136,y=127
mousemove button=0,shift=0,x=133,y=127
mousemove button=0,shift=0,x=125,y=128
mousemove button=0,shift=0,x=121,y=129
mousemove button=0,shift=0,x=117,y=129
mousemove button=0,shift=0,x=113,y=130
mousemove button=0,shift=0,x=109,y=130
mousemove button=0,shift=0,x=106,y=130
mousemove button=0,shift=0,x=105,y=130
mousemove button=0,shift=0,x=98,y=130
mousemove button=0,shift=0,x=97,y=130
mousemove button=4,shift=0,x=97,y=130
mousemove button=4,shift=0,x=97,y=130
mousemove button=4,shift=0,x=97,y=130
mousemove button=4,shift=0,x=97,y=130
mousemove button=4,shift=0,x=97,y=130
mousemove button=0,shift=0,x=97,y=129
mousemove button=0,shift=0,x=95,y=121
mousemove button=0,shift=0,x=93,y=115
mousemove button=0,shift=0,x=92,y=113
mousemove button=0,shift=0,x=91,y=111
mousemove button=0,shift=0,x=90,y=108
mousemove button=0,shift=0,x=89,y=107
mousemove button=0,shift=0,x=88,y=105
mousemove button=0,shift=0,x=88,y=105
mousemove button=0,shift=0,x=88,y=101
mousemove button=0,shift=0,x=87,y=100
mousemove button=0,shift=0,x=86,y=98
mousemove button=0,shift=0,x=82,y=91
mousemove button=0,shift=0,x=82,y=87
mousemove button=0,shift=0,x=80,y=83
mousemove button=0,shift=0,x=79,y=80
mousemove button=0,shift=0,x=77,y=76
mousemove button=0,shift=0,x=77,y=73
mousemove button=0,shift=0,x=75,y=70
mousemove button=0,shift=0,x=74,y=68
mousemove button=0,shift=0,x=74,y=66
mousemove button=0,shift=0,x=73,y=65
mousemove button=0,shift=0,x=73,y=64
mousemove button=0,shift=0,x=73,y=62
mousemove button=0,shift=0,x=73,y=61
mousemove button=0,shift=0,x=72,y=60
mousemove button=0,shift=0,x=72,y=58
mousemove button=0,shift=0,x=71,y=57
mousemove button=0,shift=0,x=70,y=56
mousemove button=0,shift=0,x=70,y=55
mousemove button=0,shift=0,x=70,y=54
mousemove button=0,shift=0,x=70,y=53
mousemove button=0,shift=0,x=70,y=52
mousemove button=0,shift=0,x=70,y=51
mousemove button=0,shift=0,x=70,y=50
mousemove button=0,shift=0,x=69,y=48
mousemove button=0,shift=0,x=69,y=46
mousemove button=0,shift=0,x=69,y=45
mousemove button=0,shift=0,x=69,y=44
mousemove button=0,shift=0,x=70,y=43
mousemove button=0,shift=0,x=70,y=42
mousemove button=0,shift=0,x=70,y=41
mousemove button=0,shift=0,x=70,y=39
mousemove button=0,shift=0,x=70,y=38
mousemove button=0,shift=0,x=70,y=37
mousemove button=0,shift=0,x=70,y=35
mousemove button=0,shift=0,x=71,y=34
mousemove button=0,shift=0,x=71,y=32
mousemove button=0,shift=0,x=71,y=31
mousemove button=0,shift=0,x=72,y=29
mousemove button=0,shift=0,x=72,y=28
mousemove button=0,shift=0,x=72,y=27
mousemove button=0,shift=0,x=74,y=24
mousemove button=0,shift=0,x=74,y=31
mousemove button=0,shift=0,x=73,y=46
mousemove button=0,shift=0,x=72,y=53
mousemove button=0,shift=0,x=72,y=58
mousemove button=0,shift=0,x=71,y=62
mousemove button=0,shift=0,x=70,y=68
mousemove button=0,shift=0,x=70,y=71
mousemove button=0,shift=0,x=70,y=73
mousemove button=0,shift=0,x=69,y=76
mousemove button=0,shift=0,x=69,y=77
mousemove button=0,shift=0,x=69,y=79
mousemove button=0,shift=0,x=69,y=80
mousemove button=0,shift=0,x=69,y=81
mousemove button=0,shift=0,x=70,y=80
mousemove button=0,shift=0,x=70,y=79
mousemove button=0,shift=0,x=71,y=78
mousemove button=0,shift=0,x=72,y=77
mousemove button=0,shift=0,x=73,y=76
mousemove button=0,shift=0,x=73,y=75
mousemove button=0,shift=0,x=73,y=74
mousemove button=0,shift=0,x=74,y=73
mousemove button=0,shift=0,x=74,y=73
mouseup button=2,shift=0,x=74,y=73
D:\copyjpg.bat
before show menu 109647175
Count of items is 18
ret=1
after show menu ID=0
mouseup button=2,shift=0,x=108,y=13
D:\hijack.xor
setting menuimagelist to 171071488
New Control Instance Obtained:1444262
HandleControlEvent, RequestNewInstance
BEFORESHOWMENU:VIEW::SUBMENU
beforeShowMenu end VIEW::SUBMENU
HandleControlEvent, BeforeShowMenu
beforeshowmenu:VIEW::SUBMENU
playing:C:\Users\BC_Programming\AppData\Roaming\BCSearch\Resource\Sound\SHOWMENU.WAV
HandleControlEvent, Resize
HandleControlEvent, Resize
HandleControlEvent, AfterShowMenu
mouseup button=2,shift=0,x=97,y=12
D:\hijack.xor
BEFORESHOWMENU:VIEW::SUBMENU
beforeShowMenu end VIEW::SUBMENU
HandleControlEvent, BeforeShowMenu
beforeshowmenu:VIEW::SUBMENU
playing:C:\Users\BC_Programming\AppData\Roaming\BCSearch\Resource\Sound\SHOWMENU.WAV
HandleControlEvent, AfterShowMenu
mouseup button=2,shift=0,x=77,y=8
D:\hijack.xor
BEFORESHOWMENU:VIEW::SUBMENU
beforeShowMenu end VIEW::SUBMENU
HandleControlEvent, BeforeShowMenu
beforeshowmenu:VIEW::SUBMENU
playing:C:\Users\BC_Programming\AppData\Roaming\BCSearch\Resource\Sound\SHOWMENU.WAV
HandleControlEvent, AfterShowMenu
mouseup button=2,shift=0,x=275,y=7
D:\hijack.xor
BEFORESHOWMENU:VIEW::SUBMENU
beforeShowMenu end VIEW::SUBMENU
HandleControlEvent, BeforeShowMenu
beforeshowmenu:VIEW::SUBMENU
playing:C:\Users\BC_Programming\AppData\Roaming\BCSearch\Resource\Sound\SHOWMENU.WAV
HandleControlEvent, AfterShowMenu
mouseup button=2,shift=0,x=439,y=9
D:\hijack.xor
BEFORESHOWMENU:VIEW::SUBMENU
beforeShowMenu end VIEW::SUBMENU
HandleControlEvent, BeforeShowMenu
beforeshowmenu:VIEW::SUBMENU
playing:C:\Users\BC_Programming\AppData\Roaming\BCSearch\Resource\Sound\SHOWMENU.WAV
HandleControlEvent, AfterShowMenu
mouseup button=2,shift=0,x=369,y=11
D:\hijack.xor
BEFORESHOWMENU:VIEW::SUBMENU
beforeShowMenu end VIEW::SUBMENU
HandleControlEvent, BeforeShowMenu
beforeshowmenu:VIEW::SUBMENU
playing:C:\Users\BC_Programming\AppData\Roaming\BCSearch\Resource\Sound\SHOWMENU.WAV
HandleControlEvent, AfterShowMenu
mouseup button=2,shift=0,x=194,y=13
D:\hijack.xor
BEFORESHOWMENU:VIEW::SUBMENU
beforeShowMenu end VIEW::SUBMENU
HandleControlEvent, BeforeShowMenu
beforeshowmenu:VIEW::SUBMENU
playing:C:\Users\BC_Programming\AppData\Roaming\BCSearch\Resource\Sound\SHOWMENU.WAV
HandleControlEvent, AfterShowMenu
mouseup button=2,shift=0,x=99,y=9
D:\hijack.xor
BEFORESHOWMENU:VIEW::SUBMENU
beforeShowMenu end VIEW::SUBMENU
HandleControlEvent, BeforeShowMenu
beforeshowmenu:VIEW::SUBMENU
playing:C:\Users\BC_Programming\AppData\Roaming\BCSearch\Resource\Sound\SHOWMENU.WAV
HandleControlEvent, AfterShowMenu
mouseup button=2,shift=0,x=294,y=5
BEFORESHOWMENU:VIEW::SUBMENU
beforeShowMenu end VIEW::SUBMENU
HandleControlEvent, BeforeShowMenu
beforeshowmenu:VIEW::SUBMENU
playing:C:\Users\BC_Programming\AppData\Roaming\BCSearch\Resource\Sound\SHOWMENU.WAV
HandleControlEvent, AfterShowMenu
mouseup button=2,shift=0,x=216,y=10
D:\hijack.xor
BEFORESHOWMENU:VIEW::SUBMENU
beforeShowMenu end VIEW::SUBMENU
HandleControlEvent, BeforeShowMenu
beforeshowmenu:VIEW::SUBMENU
playing:C:\Users\BC_Programming\AppData\Roaming\BCSearch\Resource\Sound\SHOWMENU.WAV
HandleControlEvent, AfterShowMenu
mouseup button=2,shift=0,x=352,y=10
D:\hijack.xor
BEFORESHOWMENU:VIEW::SUBMENU
beforeShowMenu end VIEW::SUBMENU
HandleControlEvent, BeforeShowMenu
beforeshowmenu:VIEW::SUBMENU
playing:C:\Users\BC_Programming\AppData\Roaming\BCSearch\Resource\Sound\SHOWMENU.WAV
HandleControlEvent, AfterShowMenu
mouseup button=2,shift=0,x=209,y=12
D:\hijack.xor
BEFORESHOWMENU:VIEW::SUBMENU
beforeShowMenu end VIEW::SUBMENU
HandleControlEvent, BeforeShowMenu
beforeshowmenu:VIEW::SUBMENU
playing:C:\Users\BC_Programming\AppData\Roaming\BCSearch\Resource\Sound\SHOWMENU.WAV
HandleControlEvent, AfterShowMenu
mouseup button=2,shift=0,x=142,y=8
D:\hijack.xor
BEFORESHOWMENU:VIEW::SUBMENU
beforeShowMenu end VIEW::SUBMENU
HandleControlEvent, BeforeShowMenu
beforeshowmenu:VIEW::SUBMENU
playing:C:\Users\BC_Programming\AppData\Roaming\BCSearch\Resource\Sound\SHOWMENU.WAV
HandleControlEvent, AfterShowMenu
mouseup button=2,shift=0,x=100,y=6
D:\hijack.xor
BEFORESHOWMENU:VIEW::SUBMENU
beforeShowMenu end VIEW::SUBMENU
HandleControlEvent, BeforeShowMenu
beforeshowmenu:VIEW::SUBMENU
playing:C:\Users\BC_Programming\AppData\Roaming\BCSearch\Resource\Sound\SHOWMENU.WAV
HandleControlEvent, AfterShowMenu
mouseup button=2,shift=0,x=341,y=12
D:\hijack.xor
BEFORESHOWMENU:VIEW::SUBMENU
beforeShowMenu end VIEW::SUBMENU
HandleControlEvent, BeforeShowMenu
beforeshowmenu:VIEW::SUBMENU
playing:C:\Users\BC_Programming\AppData\Roaming\BCSearch\Resource\Sound\SHOWMENU.WAV
HandleControlEvent, AfterShowMenu
mousemove button=1,shift=0,x=355,y=26
mousemove button=2,shift=0,x=368,y=37
mousemove button=0,shift=0,x=412,y=71
mousemove button=0,shift=0,x=435,y=89
mousemove button=0,shift=0,x=462,y=109
mousemove button=0,shift=0,x=528,y=159
mousemove button=0,shift=0,x=528,y=159
mousemove button=0,shift=0,x=612,y=225
mousemove button=0,shift=0,x=640,y=250
mousemove button=0,shift=0,x=666,y=272
mousemove button=0,shift=0,x=681,y=286
mousemove button=0,shift=0,x=701,y=305
mousemove button=0,shift=0,x=716,y=325
After:hwnd=2884282 umsg=70
WINDOWPOSCHANGING
buttondropdown FILE;MENU::FILE
HandleControlEvent, ButtonDropDown
BEFORESHOWMENU:FILE::SUBMENU
File::SUBMENU
beforeShowMenu end FILE::SUBMENU
HandleControlEvent, BeforeShowMenu
beforeshowmenu:FILE::SUBMENU
playing:C:\Users\BC_Programming\AppData\Roaming\BCSearch\Resource\Sound\SHOWMENU.WAV
HandleControlEvent, Resize
HandleControlEvent, Resize
HandleControlEvent, ButtonHighlight
HandleControlEvent, ButtonHighlight
HandleControlEvent, ButtonHighlight
HandleControlEvent, ButtonHighlight
HandleControlEvent, ButtonHighlight
HandleControlEvent, ButtonHighlight
HandleControlEvent, AfterShowMenu
Clicked: caption=&Exit key=FILE::EXIT TAG=FILE::EXIT
ButtonClick
Persisting Combo/List box- section = PersistProperties.cboLookin...
After:hwnd=2884282 umsg=70
WINDOWPOSCHANGING
