BASeCamp CDebug Class Debug Log output.
log at 12/29/2009 on TERATRON as BC_Programming at 12:38.19
################################################################################
System Info for this session:
Environment variables:

ALLUSERSPROFILE=C:\ProgramData
APPDATA=C:\Users\BC_Programming\AppData\Roaming
CG_BOOST_ROOT=C:\Program Files (x86)\CodeGear\RAD Studio\6.0\include\boost_1_35
CommonProgramFiles=C:\Program Files (x86)\Common Files
CommonProgramFiles(x86)=C:\Program Files (x86)\Common Files
CommonProgramW6432=C:\Program Files\Common Files
COMPUTERNAME=TERATRON
ComSpec=C:\Windows\system32\cmd.exe
FP_NO_HOST_CHECK=NO
HOMEDRIVE=C:
HOMEPATH=\Users\BC_Programming
LOCALAPPDATA=C:\Users\BC_Programming\AppData\Local
LOGONSERVER=\\TERATRON
NUMBER_OF_PROCESSORS=4
OPENSSL_CONF=C:\OpenSSL\bin\openssl.cfg
OS=Windows_NT
Path=C:\Python\Scripts;C:\Python\;C:\Program Files (x86)\CodeGear\RAD Studio\6.0\bin;C:\Users\Public\Documents\RAD Studio\6.0\Bpl;C:\Perl\site\bin;C:\Perl\bin;C:\Windows\system32;C:\Windows;C:\Windows\System32\Wbem;C:\Windows\System32\WindowsPowerShell\v1.0\;c:\Program Files (x86)\Microsoft SQL Server\90\Tools\binn\;C:\Program Files (x86)\Microsoft Visual Studio 9.0\VC\bin;C:\Program Files (x86)\Common Files\microsoft shared\MSENV;C:\Program Files (x86)\Common Files\microsoft shared\VSA\9.0\VsaEnv;C:\PROGRA~2\Borland\Delphi6\Bin;C:\PROGRA~2\Borland\Delphi6\Projects\Bpl;C:\Program Files (x86)\Common Files\Autodesk Shared\;C:\Program Files (x86)\backburner 2\;C:\Users\BC_Programming\AppData\Roaming\Python\Scripts;C:\Windows\system32;C:\Windows;C:\Windows\System32\Wbem;C:\Windows\System32\WindowsPowerShell\v1.0\;c:\Program Files (x86)\Microsoft SQL Server\90\Tools\binn\;C:\Program Files (x86)\Microsoft Visual Studio 9.0\VC\bin;C:\Program Files (x86)\Common Files\microsoft shared\MSENV;C:\Program Files (x86)\Common Fi
PATHEXT=.COM;.EXE;.BAT;.CMD;.VBS;.VBE;.JS;.JSE;.WSF;.WSH;.MSC;.py;.pyw
PROCESSOR_ARCHITECTURE=x86
PROCESSOR_ARCHITEW6432=AMD64
PROCESSOR_IDENTIFIER=Intel64 Family 6 Model 23 Stepping 7, GenuineIntel
PROCESSOR_LEVEL=6
PROCESSOR_REVISION=1707
ProgramData=C:\ProgramData
ProgramFiles=C:\Program Files (x86)
ProgramFiles(x86)=C:\Program Files (x86)
ProgramW6432=C:\Program Files
PUBLIC=C:\Users\Public
SystemDrive=C:
SystemRoot=C:\Windows
TEMP=C:\Users\BC_PRO~1\AppData\Local\Temp
TMP=C:\Users\BC_PRO~1\AppData\Local\Temp
USERDOMAIN=TERATRON
USERNAME=BC_Programming
USERPROFILE=C:\Users\BC_Programming
VS90COMNTOOLS=C:\Program Files (x86)\Microsoft Visual Studio 9.0\Common7\Tools\
windir=C:\Windows
__COMPAT_LAYER=RunAsAdmin RunAsAdmin 


################################################################################
***************BEGIN LOG*******************
After:hwnd=398956 umsg=70
WINDOWPOSCHANGING
After:hwnd=398956 umsg=70
WINDOWPOSCHANGING
After:hwnd=398956 umsg=70
WINDOWPOSCHANGING
XML load successful in CXMLLoader::LoadXML
optimal bitdepth is 32 bits.
unrecognized NodeName for commandbar load:SCRIPTS
unrecognized NodeName for commandbar load:
unrecognized NodeName for commandbar load:IMAGELIST
unrecognized NodeName for commandbar load:IMAGELIST
DefClick=C:\Users\BC_Programming\AppData\Roaming\BCSearch\Resource\Sound\CLICK.WAV
Click=C:\Users\BC_Programming\AppData\Roaming\BCSearch\Resource\Sound\CLICK.WAV
picindex=8
Click=C:\Users\BC_Programming\AppData\Roaming\BCSearch\Resource\Sound\CLICK.WAV
picindex=13
Click=C:\Users\BC_Programming\AppData\Roaming\BCSearch\Resource\Sound\CLICK.WAV
picindex=-1
Click=C:\Users\BC_Programming\AppData\Roaming\BCSearch\Resource\Sound\CLICK.WAV
picindex=15
Click=C:\Users\BC_Programming\AppData\Roaming\BCSearch\Resource\Sound\CLICK.WAV
picindex=14
Click=C:\Users\BC_Programming\AppData\Roaming\BCSearch\Resource\Sound\CLICK.WAV
picindex=16
Click=C:\Users\BC_Programming\AppData\Roaming\BCSearch\Resource\Sound\CLICK.WAV
picindex=13
Click=C:\Users\BC_Programming\AppData\Roaming\BCSearch\Resource\Sound\CLICK.WAV
picindex=-1
Click=C:\Users\BC_Programming\AppData\Roaming\BCSearch\Resource\Sound\CLICK.WAV
picindex=17
Click=C:\Users\BC_Programming\AppData\Roaming\BCSearch\Resource\Sound\CLICK.WAV
picindex=11
HandleControlEvent, Resize
DefClick=C:\Users\BC_Programming\AppData\Roaming\BCSearch\Resource\Sound\CLICK.WAV
Click=C:\Users\BC_Programming\AppData\Roaming\BCSearch\Resource\Sound\CLICK.WAV
picindex=18
Click=C:\Users\BC_Programming\AppData\Roaming\BCSearch\Resource\Sound\CLICK.WAV
picindex=20
Click=C:\Users\BC_Programming\AppData\Roaming\BCSearch\Resource\Sound\CLICK.WAV
picindex=-1
DefClick=C:\Users\BC_Programming\AppData\Roaming\BCSearch\Resource\Sound\CLICK.WAV
Click=C:\Users\BC_Programming\AppData\Roaming\BCSearch\Resource\Sound\CLICK.WAV
picindex=5
Click=C:\Users\BC_Programming\AppData\Roaming\BCSearch\Resource\Sound\CLICK.WAV
picindex=6
Click=C:\Users\BC_Programming\AppData\Roaming\BCSearch\Resource\Sound\CLICK.WAV
picindex=-1
Click=C:\Users\BC_Programming\AppData\Roaming\BCSearch\Resource\Sound\CLICK.WAV
picindex=-1
Click=C:\Users\BC_Programming\AppData\Roaming\BCSearch\Resource\Sound\CLICK.WAV
picindex=-1
Click=C:\Users\BC_Programming\AppData\Roaming\BCSearch\Resource\Sound\CLICK.WAV
picindex=-1
Click=C:\Users\BC_Programming\AppData\Roaming\BCSearch\Resource\Sound\CLICK.WAV
picindex=-1
Click=C:\Users\BC_Programming\AppData\Roaming\BCSearch\Resource\Sound\CLICK.WAV
picindex=-1
Click=C:\Users\BC_Programming\AppData\Roaming\BCSearch\Resource\Sound\CLICK.WAV
picindex=-1
Click=C:\Users\BC_Programming\AppData\Roaming\BCSearch\Resource\Sound\CLICK.WAV
picindex=-1
Click=C:\Users\BC_Programming\AppData\Roaming\BCSearch\Resource\Sound\CLICK.WAV
picindex=-1
DefClick=
Click=
picindex=2
Click=
picindex=-1
Click=
picindex=-1
DefClick=C:\Users\BC_Programming\AppData\Roaming\BCSearch\Resource\Sound\CLICK.WAV
Click=C:\Users\BC_Programming\AppData\Roaming\BCSearch\Resource\Sound\CLICK.WAV
picindex=-1
Click=C:\Users\BC_Programming\AppData\Roaming\BCSearch\Resource\Sound\CLICK.WAV
picindex=-1
Click=C:\Users\BC_Programming\AppData\Roaming\BCSearch\Resource\Sound\CLICK.WAV
picindex=-1
Click=C:\Users\BC_Programming\AppData\Roaming\BCSearch\Resource\Sound\CLICK.WAV
picindex=-1
Click=C:\Users\BC_Programming\AppData\Roaming\BCSearch\Resource\Sound\CLICK.WAV
picindex=1
Click=C:\Users\BC_Programming\AppData\Roaming\BCSearch\Resource\Sound\CLICK.WAV
picindex=-1
Click=C:\Users\BC_Programming\AppData\Roaming\BCSearch\Resource\Sound\CLICK.WAV
picindex=-1
Click=C:\Users\BC_Programming\AppData\Roaming\BCSearch\Resource\Sound\CLICK.WAV
picindex=-1
Click=C:\Users\BC_Programming\AppData\Roaming\BCSearch\Resource\Sound\CLICK.WAV
picindex=-1
Click=C:\Users\BC_Programming\AppData\Roaming\BCSearch\Resource\Sound\CLICK.WAV
picindex=-1
Click=C:\Users\BC_Programming\AppData\Roaming\BCSearch\Resource\Sound\CLICK.WAV
picindex=11
Click=C:\Users\BC_Programming\AppData\Roaming\BCSearch\Resource\Sound\CLICK.WAV
picindex=12
Click=C:\Users\BC_Programming\AppData\Roaming\BCSearch\Resource\Sound\CLICK.WAV
picindex=-1
Click=C:\Users\BC_Programming\AppData\Roaming\BCSearch\Resource\Sound\CLICK.WAV
picindex=-1
Click=C:\Users\BC_Programming\AppData\Roaming\BCSearch\Resource\Sound\CLICK.WAV
picindex=10
Click=C:\Users\BC_Programming\AppData\Roaming\BCSearch\Resource\Sound\CLICK.WAV
picindex=9
HandleControlEvent, Resize
unrecognized NodeName for commandbar load:TOOLBAR
setting toolbarimagelist(1)...
setting toolbarimagelist(2)...
After:hwnd=398956 umsg=36
After:hwnd=398956 umsg=70
WINDOWPOSCHANGING
HandleControlEvent, Resize
HandleControlEvent, Resize
After:hwnd=398956 umsg=36
After:hwnd=398956 umsg=70
WINDOWPOSCHANGING
Loading Combo/List box- section = PersistProperties.cboLookin...
not duplicating List item.
1
Loading Combo/List box- section = PersistProperties.cboFilter...
After:hwnd=398956 umsg=70
WINDOWPOSCHANGING
After:hwnd=398956 umsg=70
WINDOWPOSCHANGING

not duplicating List item.
Change
Change
Change
Change
Change
Change
Change
Change
0
0
Change
Change
Change
Change
Change
Change
Change
Change
0
0
Persisting Combo/List box- section = PersistProperties.cboSizesuffix.1...
Persisting Combo/List box- section = PersistProperties.cboSizesuffix.0...
Persisting Combo/List box- section = PersistProperties.cboOperation...
Persisting Combo/List box- section = PersistProperties.cboFilter...
Persisting Combo/List box- section = PersistProperties.cboADSThanMultiplier.1...
Persisting Combo/List box- section = PersistProperties.cboADSThanMultiplier.0...
After:hwnd=398956 umsg=70
WINDOWPOSCHANGING
After:hwnd=398956 umsg=70
WINDOWPOSCHANGING
mousemove button=1,shift=0,x=646,y=134
mousemove button=0,shift=0,x=641,y=120
mousemove button=0,shift=0,x=637,y=110
mousemove button=0,shift=0,x=634,y=102
mousemove button=0,shift=0,x=629,y=90
mousemove button=0,shift=0,x=608,y=58
mousemove button=0,shift=0,x=594,y=36
optimal bitdepth is 32 bits.
HandleControlEvent, Resize
mouseup button=2,shift=0,x=125,y=17
D:\%desktop%.txt
mouseup button=2,shift=0,x=125,y=17
D:\%desktop%.txt
setting menuimagelist to 171197984
New Control Instance Obtained:854728
HandleControlEvent, RequestNewInstance
BEFORESHOWMENU:VIEW::SUBMENU
beforeShowMenu end VIEW::SUBMENU
HandleControlEvent, BeforeShowMenu
beforeshowmenu:VIEW::SUBMENU
playing:C:\Users\BC_Programming\AppData\Roaming\BCSearch\Resource\Sound\SHOWMENU.WAV
HandleControlEvent, Resize
HandleControlEvent, Resize
HandleControlEvent, ButtonHighlight
HandleControlEvent, AfterShowMenu
mousemove button=1,shift=0,x=95,y=24
mousemove button=2,shift=0,x=89,y=28
mousemove button=0,shift=0,x=85,y=31
mousemove button=0,shift=0,x=81,y=35
mousemove button=0,shift=0,x=77,y=39
mousemove button=0,shift=0,x=73,y=42
mousemove button=0,shift=0,x=62,y=51
mousemove button=0,shift=0,x=59,y=55
mousemove button=0,shift=0,x=55,y=58
mousemove button=0,shift=0,x=54,y=58
mousemove button=0,shift=0,x=53,y=60
mousemove button=0,shift=0,x=52,y=60
mousemove button=0,shift=0,x=51,y=61
mousemove button=0,shift=0,x=51,y=61
mousemove button=0,shift=0,x=51,y=61
mousemove button=0,shift=0,x=51,y=59
mousemove button=0,shift=0,x=59,y=95
mousemove button=0,shift=0,x=61,y=101
mousemove button=0,shift=0,x=63,y=109
mousemove button=0,shift=0,x=64,y=115
mousemove button=0,shift=0,x=66,y=119
mousemove button=0,shift=0,x=66,y=122
mousemove button=0,shift=0,x=66,y=125
mousemove button=0,shift=0,x=68,y=128
mousemove button=0,shift=0,x=68,y=131
mousemove button=0,shift=0,x=69,y=134
mousemove button=0,shift=0,x=70,y=137
mousemove button=0,shift=0,x=71,y=145
mousemove button=0,shift=0,x=72,y=150
mousemove button=0,shift=0,x=74,y=163
mousemove button=0,shift=0,x=76,y=168
mousemove button=0,shift=0,x=77,y=172
mousemove button=0,shift=0,x=77,y=173
mousemove button=0,shift=0,x=78,y=174
mousemove button=0,shift=0,x=76,y=176
mousemove button=0,shift=0,x=75,y=178
mousemove button=0,shift=0,x=74,y=179
mousemove button=0,shift=0,x=74,y=180
mousemove button=0,shift=0,x=73,y=182
mousemove button=0,shift=0,x=72,y=182
mousemove button=0,shift=0,x=71,y=184
mousemove button=0,shift=0,x=71,y=186
mousemove button=0,shift=0,x=68,y=191
mousemove button=0,shift=0,x=67,y=194
mousemove button=0,shift=0,x=62,y=201
mousemove button=0,shift=0,x=62,y=204
mousemove button=0,shift=0,x=62,y=206
mousemove button=0,shift=0,x=62,y=209
mousemove button=0,shift=0,x=62,y=210
mousemove button=0,shift=0,x=61,y=213
mousemove button=0,shift=0,x=61,y=217
mousemove button=0,shift=0,x=61,y=223
mousemove button=0,shift=0,x=60,y=223
mousemove button=0,shift=0,x=60,y=224
mousemove button=0,shift=0,x=60,y=226
mousemove button=0,shift=0,x=60,y=227
mousemove button=0,shift=0,x=60,y=229
mousemove button=0,shift=0,x=60,y=230
mousemove button=0,shift=0,x=60,y=233
mousemove button=0,shift=0,x=60,y=236
mousemove button=0,shift=0,x=60,y=240
mousemove button=0,shift=0,x=60,y=244
mousemove button=0,shift=0,x=60,y=246
mousemove button=0,shift=0,x=59,y=249
mousemove button=0,shift=0,x=59,y=252
mousemove button=0,shift=0,x=59,y=255
mousemove button=0,shift=0,x=57,y=264
mousemove button=0,shift=0,x=57,y=268
mousemove button=0,shift=0,x=56,y=271
mousemove button=0,shift=0,x=55,y=272
mousemove button=0,shift=0,x=55,y=275
mousemove button=0,shift=0,x=55,y=277
mousemove button=0,shift=0,x=55,y=280
mousemove button=0,shift=0,x=55,y=281
mousemove button=0,shift=0,x=55,y=282
mousemove button=0,shift=0,x=55,y=283
mousemove button=0,shift=0,x=55,y=284
mousemove button=0,shift=0,x=55,y=286
mousemove button=0,shift=0,x=55,y=287
mousemove button=0,shift=0,x=55,y=290
mousemove button=0,shift=0,x=55,y=291
mousemove button=0,shift=0,x=55,y=291
mousemove button=0,shift=0,x=55,y=293
mousemove button=0,shift=0,x=55,y=294
mousemove button=0,shift=0,x=55,y=295
mousemove button=0,shift=0,x=55,y=296
mousemove button=0,shift=0,x=55,y=301
mousemove button=0,shift=0,x=55,y=304
mousemove button=0,shift=0,x=54,y=307
mousemove button=0,shift=0,x=54,y=310
mousemove button=0,shift=0,x=54,y=314
mousemove button=0,shift=0,x=54,y=319
mousemove button=0,shift=0,x=54,y=321
mousemove button=0,shift=0,x=54,y=323
mousemove button=0,shift=0,x=54,y=324
mousemove button=0,shift=0,x=54,y=325
mousemove button=0,shift=0,x=54,y=326
mousemove button=0,shift=0,x=54,y=327
mousemove button=0,shift=0,x=55,y=329
mousemove button=0,shift=0,x=55,y=330
mousemove button=0,shift=0,x=56,y=332
mousemove button=0,shift=0,x=56,y=334
mousemove button=0,shift=0,x=56,y=334
mousemove button=0,shift=0,x=57,y=335
mousemove button=0,shift=0,x=58,y=338
mousemove button=0,shift=0,x=58,y=339
mousemove button=0,shift=0,x=59,y=343
mousemove button=0,shift=0,x=60,y=345
mousemove button=0,shift=0,x=61,y=348
mousemove button=0,shift=0,x=61,y=349
mousemove button=0,shift=0,x=63,y=358
mousemove button=0,shift=0,x=63,y=359
mousemove button=0,shift=0,x=63,y=362
mousemove button=0,shift=0,x=63,y=366
mousemove button=0,shift=0,x=64,y=374
mousemove button=0,shift=0,x=72,y=374
mousemove button=0,shift=0,x=73,y=369
mousemove button=0,shift=0,x=74,y=364
mousemove button=0,shift=0,x=79,y=345
mousemove button=0,shift=0,x=87,y=315
mousemove button=0,shift=0,x=89,y=308
mousemove button=0,shift=0,x=92,y=297
mousemove button=0,shift=0,x=96,y=285
mousemove button=0,shift=0,x=100,y=269
mousemove button=0,shift=0,x=111,y=229
mousemove button=0,shift=0,x=114,y=219
mousemove button=0,shift=0,x=116,y=213
mousemove button=0,shift=0,x=119,y=205
mousemove button=0,shift=0,x=123,y=195
mousemove button=0,shift=0,x=126,y=187
mousemove button=0,shift=0,x=131,y=176
mousemove button=0,shift=0,x=135,y=165
mousemove button=0,shift=0,x=137,y=155
mousemove button=0,shift=0,x=140,y=149
mousemove button=0,shift=0,x=146,y=124
mousemove button=0,shift=0,x=148,y=115
mousemove button=0,shift=0,x=150,y=105
mousemove button=0,shift=0,x=152,y=97
mousemove button=0,shift=0,x=153,y=88
mousemove button=0,shift=0,x=154,y=84
mousemove button=0,shift=0,x=155,y=77
mousemove button=0,shift=0,x=155,y=72
mousemove button=0,shift=0,x=156,y=62
mousemove button=0,shift=0,x=156,y=50
mousemove button=0,shift=0,x=156,y=48
mousemove button=0,shift=0,x=156,y=45
mousemove button=0,shift=0,x=156,y=43
mousemove button=0,shift=0,x=156,y=42
mousemove button=0,shift=0,x=156,y=38
mousemove button=0,shift=0,x=157,y=37
mousemove button=0,shift=0,x=157,y=34
mousemove button=0,shift=0,x=158,y=30
mousemove button=0,shift=0,x=159,y=28
mousemove button=0,shift=0,x=160,y=25
HandleControlEvent, RightClick
mouseup button=2,shift=0,x=137,y=11
D:\%desktop%.txt
BEFORESHOWMENU:VIEW::SUBMENU
beforeShowMenu end VIEW::SUBMENU
HandleControlEvent, BeforeShowMenu
beforeshowmenu:VIEW::SUBMENU
playing:C:\Users\BC_Programming\AppData\Roaming\BCSearch\Resource\Sound\SHOWMENU.WAV
HandleControlEvent, AfterShowMenu
mousemove button=1,shift=0,x=141,y=25
mousemove button=2,shift=0,x=137,y=34
mousemove button=0,shift=0,x=134,y=41
mousemove button=0,shift=0,x=120,y=67
mousemove button=0,shift=0,x=118,y=71
mousemove button=0,shift=0,x=113,y=82
mousemove button=0,shift=0,x=109,y=90
mousemove button=0,shift=0,x=105,y=101
mousemove button=0,shift=0,x=99,y=112
mousemove button=0,shift=0,x=96,y=123
mousemove button=0,shift=0,x=90,y=134
mousemove button=0,shift=0,x=87,y=147
mousemove button=0,shift=0,x=82,y=162
mousemove button=0,shift=0,x=78,y=175
mousemove button=0,shift=0,x=73,y=187
mousemove button=0,shift=0,x=66,y=211
mousemove button=0,shift=0,x=63,y=222
mousemove button=0,shift=0,x=59,y=241
mousemove button=0,shift=0,x=58,y=246
mousemove button=0,shift=0,x=57,y=251
mousemove button=0,shift=0,x=57,y=253
mousemove button=0,shift=0,x=57,y=255
mousemove button=0,shift=0,x=57,y=256
mousemove button=0,shift=0,x=57,y=258
mousemove button=0,shift=0,x=57,y=260
mousemove button=0,shift=0,x=57,y=262
mousemove button=0,shift=0,x=57,y=264
mousemove button=0,shift=0,x=57,y=265
mousemove button=0,shift=0,x=57,y=266
mousemove button=0,shift=0,x=57,y=268
mouseup button=1,shift=0,x=57,y=268
D:\money.txt
mousemove button=1,shift=0,x=57,y=268
mousemove button=0,shift=0,x=57,y=268
mousemove button=0,shift=0,x=55,y=270
mousemove button=0,shift=0,x=54,y=268
mousemove button=0,shift=0,x=56,y=262
mousemove button=0,shift=0,x=61,y=252
mousemove button=0,shift=0,x=64,y=244
mousemove button=0,shift=0,x=64,y=244
mousemove button=0,shift=0,x=69,y=234
mousemove button=0,shift=0,x=73,y=226
mousemove button=0,shift=0,x=78,y=217
mousemove button=0,shift=0,x=89,y=190
mousemove button=0,shift=0,x=94,y=179
mousemove button=0,shift=0,x=107,y=149
mousemove button=0,shift=0,x=112,y=138
mousemove button=0,shift=0,x=119,y=113
mousemove button=0,shift=0,x=120,y=109
mousemove button=0,shift=0,x=123,y=102
mousemove button=0,shift=0,x=124,y=97
mousemove button=0,shift=0,x=124,y=95
mousemove button=0,shift=0,x=125,y=91
mousemove button=0,shift=0,x=125,y=90
mousemove button=0,shift=0,x=125,y=89
mousemove button=0,shift=0,x=126,y=88
mousemove button=0,shift=0,x=126,y=86
mousemove button=0,shift=0,x=126,y=84
mousemove button=0,shift=0,x=126,y=83
mousemove button=0,shift=0,x=126,y=82
mousemove button=0,shift=0,x=126,y=81
mousemove button=0,shift=0,x=127,y=79
mousemove button=0,shift=0,x=127,y=75
mousemove button=0,shift=0,x=128,y=73
mousemove button=0,shift=0,x=129,y=70
mousemove button=0,shift=0,x=131,y=65
mousemove button=0,shift=0,x=131,y=62
mousemove button=0,shift=0,x=132,y=59
mousemove button=0,shift=0,x=134,y=55
mousemove button=0,shift=0,x=136,y=50
mousemove button=0,shift=0,x=137,y=47
mousemove button=0,shift=0,x=138,y=41
mousemove button=0,shift=0,x=138,y=40
mousemove button=0,shift=0,x=138,y=36
mousemove button=0,shift=0,x=139,y=33
mousemove button=0,shift=0,x=139,y=28
mousemove button=0,shift=0,x=139,y=25
mousemove button=0,shift=0,x=139,y=24
mouseup button=1,shift=0,x=140,y=11
D:\%desktop%.txt
mouseup button=1,shift=0,x=140,y=11
D:\%desktop%.txt
mouseup button=1,shift=0,x=140,y=11
D:\%desktop%.txt
mouseup button=1,shift=0,x=140,y=11
D:\%desktop%.txt
mouseup button=1,shift=0,x=140,y=11
D:\%desktop%.txt
mousemove button=2,shift=0,x=135,y=24
mousemove button=0,shift=0,x=131,y=31
mousemove button=0,shift=0,x=128,y=39
mousemove button=0,shift=0,x=125,y=48
mousemove button=0,shift=0,x=120,y=58
mousemove button=0,shift=0,x=116,y=69
mousemove button=0,shift=0,x=112,y=80
mousemove button=0,shift=0,x=106,y=92
mousemove button=0,shift=0,x=101,y=105
mousemove button=0,shift=0,x=99,y=112
mousemove button=0,shift=0,x=94,y=123
mousemove button=0,shift=0,x=94,y=123
mousemove button=0,shift=0,x=91,y=134
mousemove button=0,shift=0,x=86,y=145
mousemove button=0,shift=0,x=84,y=153
mousemove button=0,shift=0,x=78,y=169
mousemove button=0,shift=0,x=76,y=175
mousemove button=0,shift=0,x=74,y=181
mousemove button=0,shift=0,x=73,y=185
mousemove button=0,shift=0,x=73,y=186
mousemove button=0,shift=0,x=72,y=189
mousemove button=0,shift=0,x=71,y=192
mousemove button=0,shift=0,x=70,y=194
mousemove button=0,shift=0,x=70,y=196
mousemove button=0,shift=0,x=70,y=197
mousemove button=0,shift=0,x=69,y=199
mouseup button=1,shift=0,x=69,y=199
D:\hijack-2.txt
mousemove button=1,shift=0,x=69,y=199
mousemove button=0,shift=0,x=69,y=197
mousemove button=0,shift=0,x=70,y=187
mousemove button=0,shift=0,x=71,y=180
mousemove button=0,shift=0,x=71,y=177
mousemove button=0,shift=0,x=72,y=172
mousemove button=0,shift=0,x=73,y=167
mousemove button=0,shift=0,x=75,y=163
mousemove button=0,shift=0,x=76,y=158
mousemove button=0,shift=0,x=79,y=150
mousemove button=0,shift=0,x=80,y=147
mousemove button=0,shift=0,x=81,y=144
mousemove button=0,shift=0,x=83,y=139
mousemove button=0,shift=0,x=83,y=139
mousemove button=0,shift=0,x=84,y=133
mousemove button=0,shift=0,x=85,y=131
mousemove button=0,shift=0,x=87,y=122
mousemove button=0,shift=0,x=87,y=120
mousemove button=0,shift=0,x=88,y=117
mousemove button=0,shift=0,x=88,y=115
mousemove button=0,shift=0,x=88,y=114
mousemove button=0,shift=0,x=88,y=113
mousemove button=0,shift=0,x=88,y=113
mouseup button=1,shift=0,x=88,y=113
D:\dlistlogs.txt
mousemove button=1,shift=0,x=88,y=113
mousemove button=0,shift=0,x=88,y=113
mousemove button=0,shift=0,x=88,y=113
mousemove button=0,shift=0,x=88,y=113
mousemove button=0,shift=0,x=88,y=113
mousemove button=0,shift=0,x=88,y=113
mousemove button=0,shift=0,x=88,y=113
mousemove button=0,shift=0,x=88,y=113
mousemove button=0,shift=0,x=88,y=113
mousemove button=0,shift=0,x=88,y=113
mousemove button=0,shift=0,x=88,y=113
mousemove button=0,shift=0,x=88,y=113
mousemove button=0,shift=0,x=88,y=113
mousemove button=0,shift=0,x=88,y=113
mousemove button=0,shift=0,x=88,y=113
mousemove button=0,shift=0,x=87,y=113
mousemove button=0,shift=0,x=86,y=115
mousemove button=0,shift=0,x=85,y=116
mousemove button=0,shift=0,x=84,y=116
mousemove button=0,shift=0,x=84,y=117
mousemove button=0,shift=0,x=83,y=118
mousemove button=0,shift=0,x=83,y=119
mousemove button=0,shift=0,x=83,y=119
mousemove button=0,shift=0,x=83,y=120
mousemove button=0,shift=0,x=82,y=121
mousemove button=0,shift=0,x=82,y=122
mousemove button=0,shift=0,x=82,y=122
mousemove button=0,shift=0,x=82,y=123
mousemove button=0,shift=0,x=82,y=124
mousemove button=0,shift=0,x=82,y=125
mousemove button=0,shift=0,x=82,y=126
mousemove button=0,shift=0,x=82,y=126
mousemove button=0,shift=0,x=82,y=126
mousemove button=0,shift=0,x=82,y=126
mousemove button=0,shift=0,x=82,y=126
mousemove button=0,shift=0,x=82,y=126
mousemove button=0,shift=0,x=82,y=126
mousemove button=0,shift=0,x=82,y=126
mousemove button=0,shift=0,x=82,y=126
mousemove button=0,shift=0,x=82,y=126
mousemove button=0,shift=0,x=82,y=126
mousemove button=0,shift=0,x=82,y=126
mousemove button=0,shift=0,x=82,y=126
mousemove button=0,shift=0,x=82,y=126
mousemove button=0,shift=0,x=82,y=126
mousemove button=0,shift=0,x=82,y=126
mousemove button=0,shift=0,x=82,y=126
mousemove button=0,shift=0,x=82,y=126
mousemove button=0,shift=0,x=82,y=126
mousemove button=0,shift=0,x=80,y=126
mousemove button=0,shift=0,x=84,y=130
mousemove button=0,shift=0,x=96,y=134
mousemove button=0,shift=0,x=106,y=140
mousemove button=0,shift=0,x=114,y=143
mousemove button=0,shift=0,x=121,y=145
mousemove button=0,shift=0,x=149,y=155
mousemove button=0,shift=0,x=149,y=155
mousemove button=0,shift=0,x=166,y=160
mousemove button=0,shift=0,x=180,y=164
mousemove button=0,shift=0,x=193,y=168
mousemove button=0,shift=0,x=213,y=175
mousemove button=0,shift=0,x=225,y=181
mousemove button=0,shift=0,x=240,y=187
mousemove button=0,shift=0,x=248,y=190
mousemove button=0,shift=0,x=286,y=208
mousemove button=0,shift=0,x=307,y=216
mousemove button=0,shift=0,x=324,y=225
mousemove button=0,shift=0,x=342,y=233
mousemove button=0,shift=0,x=362,y=240
mousemove button=0,shift=0,x=396,y=256
mousemove button=0,shift=0,x=416,y=265
mousemove button=0,shift=0,x=428,y=270
mousemove button=0,shift=0,x=474,y=285
mousemove button=0,shift=0,x=493,y=289
mousemove button=0,shift=0,x=500,y=291
mousemove button=0,shift=0,x=517,y=293
mousemove button=0,shift=0,x=531,y=294
mousemove button=0,shift=0,x=546,y=296
mousemove button=0,shift=0,x=560,y=296
mousemove button=0,shift=0,x=560,y=296
mousemove button=0,shift=0,x=591,y=290
mousemove button=0,shift=0,x=604,y=285
mousemove button=0,shift=0,x=610,y=282
mousemove button=0,shift=0,x=637,y=259
mousemove button=0,shift=0,x=647,y=247
mousemove button=0,shift=0,x=653,y=236
mousemove button=0,shift=0,x=659,y=222
mousemove button=0,shift=0,x=665,y=210
mousemove button=0,shift=0,x=668,y=194
mousemove button=0,shift=0,x=671,y=176
mousemove button=0,shift=0,x=673,y=161
mousemove button=0,shift=0,x=673,y=146
mousemove button=0,shift=0,x=675,y=133
mousemove button=0,shift=0,x=675,y=109
mousemove button=0,shift=0,x=673,y=98
mousemove button=0,shift=0,x=669,y=73
mousemove button=0,shift=0,x=666,y=65
mousemove button=0,shift=0,x=664,y=57
mousemove button=0,shift=0,x=660,y=49
mousemove button=0,shift=0,x=656,y=41
mousemove button=0,shift=0,x=651,y=32
mousemove button=0,shift=0,x=646,y=24
mousemove button=0,shift=0,x=108,y=24
mousemove button=0,shift=0,x=111,y=24
mousemove button=0,shift=0,x=114,y=24
mousemove button=0,shift=0,x=118,y=24
mousemove button=0,shift=0,x=123,y=24
mousemove button=0,shift=0,x=129,y=24
mouseup button=1,shift=0,x=113,y=15
D:\%desktop%.txt
mouseup button=1,shift=0,x=113,y=15
D:\%desktop%.txt
buttondropdown FILE;MENU::FILE
HandleControlEvent, ButtonDropDown
BEFORESHOWMENU:FILE::SUBMENU
File::SUBMENU
beforeShowMenu end FILE::SUBMENU
HandleControlEvent, BeforeShowMenu
beforeshowmenu:FILE::SUBMENU
playing:C:\Users\BC_Programming\AppData\Roaming\BCSearch\Resource\Sound\SHOWMENU.WAV
HandleControlEvent, Resize
HandleControlEvent, Resize
HandleControlEvent, ButtonHighlight
HandleControlEvent, ButtonHighlight
HandleControlEvent, ButtonHighlight
HandleControlEvent, ButtonHighlight
HandleControlEvent, ButtonHighlight
HandleControlEvent, ButtonHighlight
HandleControlEvent, AfterShowMenu
Clicked: caption=&Exit key=FILE::EXIT TAG=FILE::EXIT
ButtonClick
Persisting Combo/List box- section = PersistProperties.cboLookin...
After:hwnd=398956 umsg=70
WINDOWPOSCHANGING
