BASeCamp CDebug Class Debug Log output.
log at 12/30/2009 on TERATRON as BC_Programming at 12:29.59
################################################################################
System Info for this session:
Environment variables:

ALLUSERSPROFILE=C:\ProgramData
APPDATA=C:\Users\BC_Programming\AppData\Roaming
CG_BOOST_ROOT=C:\Program Files (x86)\CodeGear\RAD Studio\6.0\include\boost_1_35
CommonProgramFiles=C:\Program Files (x86)\Common Files
CommonProgramFiles(x86)=C:\Program Files (x86)\Common Files
CommonProgramW6432=C:\Program Files\Common Files
COMPUTERNAME=TERATRON
ComSpec=C:\Windows\system32\cmd.exe
FP_NO_HOST_CHECK=NO
HOMEDRIVE=C:
HOMEPATH=\Users\BC_Programming
LOCALAPPDATA=C:\Users\BC_Programming\AppData\Local
LOGONSERVER=\\TERATRON
NUMBER_OF_PROCESSORS=4
OPENSSL_CONF=C:\OpenSSL\bin\openssl.cfg
OS=Windows_NT
Path=C:\Python\Scripts;C:\Python\;C:\Program Files (x86)\CodeGear\RAD Studio\6.0\bin;C:\Users\Public\Documents\RAD Studio\6.0\Bpl;C:\Perl\site\bin;C:\Perl\bin;C:\Windows\system32;C:\Windows;C:\Windows\System32\Wbem;C:\Windows\System32\WindowsPowerShell\v1.0\;c:\Program Files (x86)\Microsoft SQL Server\90\Tools\binn\;C:\Program Files (x86)\Microsoft Visual Studio 9.0\VC\bin;C:\Program Files (x86)\Common Files\microsoft shared\MSENV;C:\Program Files (x86)\Common Files\microsoft shared\VSA\9.0\VsaEnv;C:\PROGRA~2\Borland\Delphi6\Bin;C:\PROGRA~2\Borland\Delphi6\Projects\Bpl;C:\Program Files (x86)\Common Files\Autodesk Shared\;C:\Program Files (x86)\backburner 2\;C:\Users\BC_Programming\AppData\Roaming\Python\Scripts;C:\Windows\system32;C:\Windows;C:\Windows\System32\Wbem;C:\Windows\System32\WindowsPowerShell\v1.0\;c:\Program Files (x86)\Microsoft SQL Server\90\Tools\binn\;C:\Program Files (x86)\Microsoft Visual Studio 9.0\VC\bin;C:\Program Files (x86)\Common Files\microsoft shared\MSENV;C:\Program Files (x86)\Common Fi
PATHEXT=.COM;.EXE;.BAT;.CMD;.VBS;.VBE;.JS;.JSE;.WSF;.WSH;.MSC;.py;.pyw
PROCESSOR_ARCHITECTURE=x86
PROCESSOR_ARCHITEW6432=AMD64
PROCESSOR_IDENTIFIER=Intel64 Family 6 Model 23 Stepping 7, GenuineIntel
PROCESSOR_LEVEL=6
PROCESSOR_REVISION=1707
ProgramData=C:\ProgramData
ProgramFiles=C:\Program Files (x86)
ProgramFiles(x86)=C:\Program Files (x86)
ProgramW6432=C:\Program Files
PUBLIC=C:\Users\Public
SystemDrive=C:
SystemRoot=C:\Windows
TEMP=C:\Users\BC_PRO~1\AppData\Local\Temp
TMP=C:\Users\BC_PRO~1\AppData\Local\Temp
USERDOMAIN=TERATRON
USERNAME=BC_Programming
USERPROFILE=C:\Users\BC_Programming
VS90COMNTOOLS=C:\Program Files (x86)\Microsoft Visual Studio 9.0\Common7\Tools\
windir=C:\Windows
__COMPAT_LAYER=RunAsAdmin RunAsAdmin 


################################################################################
***************BEGIN LOG*******************
After:hwnd=525350 umsg=70
WINDOWPOSCHANGING
After:hwnd=525350 umsg=70
WINDOWPOSCHANGING
After:hwnd=525350 umsg=70
WINDOWPOSCHANGING
After:hwnd=525350 umsg=70
WINDOWPOSCHANGING
XML load successful in CXMLLoader::LoadXML
optimal bitdepth is 32 bits.
unrecognized NodeName for commandbar load:SCRIPTS
unrecognized NodeName for commandbar load:
unrecognized NodeName for commandbar load:IMAGELIST
unrecognized NodeName for commandbar load:IMAGELIST
DefClick=C:\Users\BC_Programming\AppData\Roaming\BCSearch\Resource\Sound\CLICK.WAV
Click=C:\Users\BC_Programming\AppData\Roaming\BCSearch\Resource\Sound\CLICK.WAV
picindex=8
Click=C:\Users\BC_Programming\AppData\Roaming\BCSearch\Resource\Sound\CLICK.WAV
picindex=13
Click=C:\Users\BC_Programming\AppData\Roaming\BCSearch\Resource\Sound\CLICK.WAV
picindex=-1
Click=C:\Users\BC_Programming\AppData\Roaming\BCSearch\Resource\Sound\CLICK.WAV
picindex=15
Click=C:\Users\BC_Programming\AppData\Roaming\BCSearch\Resource\Sound\CLICK.WAV
picindex=14
Click=C:\Users\BC_Programming\AppData\Roaming\BCSearch\Resource\Sound\CLICK.WAV
picindex=16
Click=C:\Users\BC_Programming\AppData\Roaming\BCSearch\Resource\Sound\CLICK.WAV
picindex=13
Click=C:\Users\BC_Programming\AppData\Roaming\BCSearch\Resource\Sound\CLICK.WAV
picindex=-1
Click=C:\Users\BC_Programming\AppData\Roaming\BCSearch\Resource\Sound\CLICK.WAV
picindex=17
Click=C:\Users\BC_Programming\AppData\Roaming\BCSearch\Resource\Sound\CLICK.WAV
picindex=11
Click=C:\Users\BC_Programming\AppData\Roaming\BCSearch\Resource\Sound\CLICK.WAV
picindex=18
Click=C:\Users\BC_Programming\AppData\Roaming\BCSearch\Resource\Sound\CLICK.WAV
picindex=25
Click=C:\Users\BC_Programming\AppData\Roaming\BCSearch\Resource\Sound\CLICK.WAV
picindex=17
Click=C:\Users\BC_Programming\AppData\Roaming\BCSearch\Resource\Sound\CLICK.WAV
picindex=26
Click=C:\Users\BC_Programming\AppData\Roaming\BCSearch\Resource\Sound\CLICK.WAV
picindex=27
Click=C:\Users\BC_Programming\AppData\Roaming\BCSearch\Resource\Sound\CLICK.WAV
picindex=28
Click=C:\Users\BC_Programming\AppData\Roaming\BCSearch\Resource\Sound\CLICK.WAV
picindex=29
Click=C:\Users\BC_Programming\AppData\Roaming\BCSearch\Resource\Sound\CLICK.WAV
picindex=8
Click=C:\Users\BC_Programming\AppData\Roaming\BCSearch\Resource\Sound\CLICK.WAV
picindex=-1
HandleControlEvent, Resize
DefClick=C:\Users\BC_Programming\AppData\Roaming\BCSearch\Resource\Sound\CLICK.WAV
Click=C:\Users\BC_Programming\AppData\Roaming\BCSearch\Resource\Sound\CLICK.WAV
picindex=18
Click=C:\Users\BC_Programming\AppData\Roaming\BCSearch\Resource\Sound\CLICK.WAV
picindex=20
Click=C:\Users\BC_Programming\AppData\Roaming\BCSearch\Resource\Sound\CLICK.WAV
picindex=-1
Click=C:\Users\BC_Programming\AppData\Roaming\BCSearch\Resource\Sound\CLICK.WAV
picindex=7
Click=C:\Users\BC_Programming\AppData\Roaming\BCSearch\Resource\Sound\CLICK.WAV
picindex=-1
DefClick=C:\Users\BC_Programming\AppData\Roaming\BCSearch\Resource\Sound\CLICK.WAV
Click=C:\Users\BC_Programming\AppData\Roaming\BCSearch\Resource\Sound\CLICK.WAV
picindex=5
Click=C:\Users\BC_Programming\AppData\Roaming\BCSearch\Resource\Sound\CLICK.WAV
picindex=6
Click=C:\Users\BC_Programming\AppData\Roaming\BCSearch\Resource\Sound\CLICK.WAV
picindex=-1
Click=C:\Users\BC_Programming\AppData\Roaming\BCSearch\Resource\Sound\CLICK.WAV
picindex=-1
Click=C:\Users\BC_Programming\AppData\Roaming\BCSearch\Resource\Sound\CLICK.WAV
picindex=-1
Click=C:\Users\BC_Programming\AppData\Roaming\BCSearch\Resource\Sound\CLICK.WAV
picindex=-1
Click=C:\Users\BC_Programming\AppData\Roaming\BCSearch\Resource\Sound\CLICK.WAV
picindex=-1
Click=C:\Users\BC_Programming\AppData\Roaming\BCSearch\Resource\Sound\CLICK.WAV
picindex=-1
Click=C:\Users\BC_Programming\AppData\Roaming\BCSearch\Resource\Sound\CLICK.WAV
picindex=-1
DefClick=
Click=
picindex=2
Click=
picindex=-1
Click=
picindex=-1
DefClick=C:\Users\BC_Programming\AppData\Roaming\BCSearch\Resource\Sound\CLICK.WAV
Click=C:\Users\BC_Programming\AppData\Roaming\BCSearch\Resource\Sound\CLICK.WAV
picindex=-1
Click=C:\Users\BC_Programming\AppData\Roaming\BCSearch\Resource\Sound\CLICK.WAV
picindex=-1
Click=C:\Users\BC_Programming\AppData\Roaming\BCSearch\Resource\Sound\CLICK.WAV
picindex=1
Click=C:\Users\BC_Programming\AppData\Roaming\BCSearch\Resource\Sound\CLICK.WAV
picindex=-1
Click=C:\Users\BC_Programming\AppData\Roaming\BCSearch\Resource\Sound\CLICK.WAV
picindex=-1
Click=C:\Users\BC_Programming\AppData\Roaming\BCSearch\Resource\Sound\CLICK.WAV
picindex=-1
Click=C:\Users\BC_Programming\AppData\Roaming\BCSearch\Resource\Sound\CLICK.WAV
picindex=-1
Click=C:\Users\BC_Programming\AppData\Roaming\BCSearch\Resource\Sound\CLICK.WAV
picindex=-1
Click=C:\Users\BC_Programming\AppData\Roaming\BCSearch\Resource\Sound\CLICK.WAV
picindex=-1
Click=C:\Users\BC_Programming\AppData\Roaming\BCSearch\Resource\Sound\CLICK.WAV
picindex=11
Click=C:\Users\BC_Programming\AppData\Roaming\BCSearch\Resource\Sound\CLICK.WAV
picindex=12
Click=C:\Users\BC_Programming\AppData\Roaming\BCSearch\Resource\Sound\CLICK.WAV
picindex=-1
Click=C:\Users\BC_Programming\AppData\Roaming\BCSearch\Resource\Sound\CLICK.WAV
picindex=-1
Click=C:\Users\BC_Programming\AppData\Roaming\BCSearch\Resource\Sound\CLICK.WAV
picindex=10
Click=C:\Users\BC_Programming\AppData\Roaming\BCSearch\Resource\Sound\CLICK.WAV
picindex=9
HandleControlEvent, Resize
unrecognized NodeName for commandbar load:TOOLBAR
setting toolbarimagelist(1)...
setting toolbarimagelist(2)...
After:hwnd=525350 umsg=36
After:hwnd=525350 umsg=70
WINDOWPOSCHANGING
HandleControlEvent, Resize
HandleControlEvent, Resize
After:hwnd=525350 umsg=36
After:hwnd=525350 umsg=70
WINDOWPOSCHANGING
Loading Combo/List box- section = PersistProperties.cboLookin...
After:hwnd=525350 umsg=70
WINDOWPOSCHANGING
not duplicating List item.
Clicked: caption=&Add... key=FILTERS::ADD TAG=FILTERS::ADD
ButtonClick
1
Loading Combo/List box- section = PersistProperties.cboFilter...
After:hwnd=525350 umsg=70
WINDOWPOSCHANGING
After:hwnd=525350 umsg=70
WINDOWPOSCHANGING

HandleControlEvent, ButtonClick
playing:C:\Users\BC_Programming\AppData\Roaming\BCSearch\Resource\Sound\CLICK.WAV
mousemove button=0,shift=0,x=388,y=51
mousemove button=0,shift=0,x=415,y=68
mousemove button=0,shift=0,x=439,y=84
mousemove button=0,shift=0,x=463,y=99
mousemove button=0,shift=0,x=485,y=111
mousemove button=0,shift=0,x=503,y=121
mousemove button=0,shift=0,x=514,y=125
mousemove button=0,shift=0,x=529,y=134
not duplicating List item.
Change
Change
Change
Change
Change
Change
Change
Change
0
0
Change
Change
Change
Change
Change
Change
Change
Change
0
0
Persisting Combo/List box- section = PersistProperties.cboSizesuffix.1...
Persisting Combo/List box- section = PersistProperties.cboSizesuffix.0...
Persisting Combo/List box- section = PersistProperties.cboOperation...
Persisting Combo/List box- section = PersistProperties.cboFilter...
Persisting Combo/List box- section = PersistProperties.cboADSThanMultiplier.1...
Persisting Combo/List box- section = PersistProperties.cboADSThanMultiplier.0...
After:hwnd=525350 umsg=70
WINDOWPOSCHANGING
After:hwnd=525350 umsg=70
WINDOWPOSCHANGING
not duplicating List item.
optimal bitdepth is 32 bits.
HandleControlEvent, Resize
mousemove button=0,shift=0,x=517,y=41
mousemove button=0,shift=0,x=503,y=53
mousemove button=0,shift=0,x=480,y=71
mousemove button=0,shift=0,x=436,y=104
mousemove button=0,shift=0,x=429,y=110
mousemove button=0,shift=0,x=426,y=111
mousemove button=0,shift=0,x=424,y=112
mousemove button=0,shift=0,x=423,y=112
mousemove button=0,shift=0,x=423,y=113
mousemove button=0,shift=0,x=424,y=113
mousemove button=0,shift=0,x=425,y=113
mousemove button=0,shift=0,x=425,y=114
mousemove button=0,shift=0,x=424,y=114
mousemove button=0,shift=0,x=418,y=113
mousemove button=0,shift=0,x=406,y=112
mousemove button=0,shift=0,x=393,y=109
mousemove button=0,shift=0,x=372,y=104
mousemove button=0,shift=0,x=347,y=98
mousemove button=0,shift=0,x=322,y=87
mousemove button=0,shift=0,x=297,y=79
mousemove button=0,shift=0,x=271,y=66
mousemove button=0,shift=0,x=254,y=59
mousemove button=0,shift=0,x=242,y=53
mousemove button=0,shift=0,x=238,y=49
mousemove button=0,shift=0,x=230,y=45
mousemove button=0,shift=0,x=226,y=40
mousemove button=0,shift=0,x=221,y=36
mousemove button=0,shift=0,x=209,y=27
mousemove button=1,shift=0,x=260,y=30
mousemove button=0,shift=0,x=258,y=31
mousemove button=0,shift=0,x=257,y=31
mousemove button=0,shift=0,x=256,y=31
mousemove button=0,shift=0,x=254,y=32
mousemove button=0,shift=0,x=251,y=34
mousemove button=0,shift=0,x=249,y=35
mousemove button=0,shift=0,x=246,y=37
mousemove button=0,shift=0,x=243,y=37
mousemove button=0,shift=0,x=240,y=40
mousemove button=0,shift=0,x=237,y=42
mousemove button=0,shift=0,x=234,y=43
mousemove button=0,shift=0,x=230,y=46
mousemove button=0,shift=0,x=225,y=49
mousemove button=0,shift=0,x=222,y=51
mousemove button=0,shift=0,x=220,y=53
mousemove button=0,shift=0,x=216,y=54
mousemove button=0,shift=0,x=211,y=57
mousemove button=0,shift=0,x=207,y=60
mousemove button=0,shift=0,x=200,y=66
mousemove button=0,shift=0,x=196,y=68
mousemove button=0,shift=0,x=181,y=81
mousemove button=0,shift=0,x=178,y=83
mousemove button=0,shift=0,x=175,y=85
mousemove button=0,shift=0,x=172,y=88
mousemove button=0,shift=0,x=169,y=89
mousemove button=0,shift=0,x=167,y=91
mousemove button=0,shift=0,x=164,y=94
mousemove button=0,shift=0,x=161,y=96
mousemove button=0,shift=0,x=154,y=103
mousemove button=0,shift=0,x=150,y=106
mousemove button=0,shift=0,x=147,y=109
mousemove button=0,shift=0,x=144,y=111
mousemove button=0,shift=0,x=142,y=113
mousemove button=0,shift=0,x=140,y=114
mousemove button=0,shift=0,x=138,y=116
mousemove button=0,shift=0,x=137,y=117
mousemove button=0,shift=0,x=135,y=119
mousemove button=0,shift=0,x=134,y=119
mousemove button=0,shift=0,x=134,y=120
mousemove button=0,shift=0,x=133,y=121
mousemove button=0,shift=0,x=132,y=122
mousemove button=0,shift=0,x=131,y=123
mousemove button=0,shift=0,x=131,y=124
mousemove button=0,shift=0,x=130,y=125
mousemove button=0,shift=0,x=129,y=125
mousemove button=0,shift=0,x=129,y=126
mousemove button=0,shift=0,x=129,y=126
mousemove button=0,shift=0,x=129,y=125
mousemove button=0,shift=0,x=129,y=122
mousemove button=0,shift=0,x=130,y=116
mousemove button=0,shift=0,x=131,y=104
mousemove button=0,shift=0,x=131,y=95
mousemove button=0,shift=0,x=131,y=85
mousemove button=0,shift=0,x=131,y=79
mousemove button=0,shift=0,x=131,y=74
mousemove button=0,shift=0,x=132,y=70
mousemove button=0,shift=0,x=132,y=67
mousemove button=0,shift=0,x=132,y=64
mousemove button=0,shift=0,x=132,y=61
mousemove button=0,shift=0,x=132,y=58
mousemove button=0,shift=0,x=132,y=51
mousemove button=0,shift=0,x=132,y=50
mousemove button=0,shift=0,x=133,y=47
mousemove button=0,shift=0,x=133,y=45
mousemove button=0,shift=0,x=135,y=38
mousemove button=0,shift=0,x=135,y=37
mousemove button=0,shift=0,x=136,y=34
mousemove button=0,shift=0,x=136,y=31
mousemove button=0,shift=0,x=137,y=30
mousemove button=0,shift=0,x=138,y=29
mousemove button=0,shift=0,x=138,y=27
mousemove button=0,shift=0,x=139,y=25
mousemove button=0,shift=0,x=140,y=24
mouseup button=0,shift=0,x=146,y=15
C:\.rnd
setting menuimagelist to 61757584
New Control Instance Obtained:983846
HandleControlEvent, RequestNewInstance
BEFORESHOWMENU:FileColumnBar
beforeShowMenu end FileColumnBar
HandleControlEvent, BeforeShowMenu
beforeshowmenu:FileColumnBar
HandleControlEvent, Resize
HandleControlEvent, Resize
mousemove button=2,shift=0,x=128,y=25
mousemove button=0,shift=0,x=123,y=32
mousemove button=0,shift=0,x=114,y=54
mousemove button=0,shift=0,x=109,y=64
mousemove button=0,shift=0,x=106,y=74
mousemove button=0,shift=0,x=105,y=79
mousemove button=0,shift=0,x=102,y=91
mousemove button=0,shift=0,x=101,y=103
mousemove button=0,shift=0,x=100,y=115
mousemove button=0,shift=0,x=100,y=115
mousemove button=0,shift=0,x=99,y=127
mousemove button=0,shift=0,x=100,y=160
mousemove button=0,shift=0,x=102,y=175
mousemove button=0,shift=0,x=105,y=201
mousemove button=0,shift=0,x=109,y=212
mousemove button=0,shift=0,x=111,y=221
mousemove button=0,shift=0,x=113,y=230
mousemove button=0,shift=0,x=116,y=238
mousemove button=0,shift=0,x=117,y=246
mousemove button=0,shift=0,x=119,y=252
mousemove button=0,shift=0,x=121,y=259
mousemove button=0,shift=0,x=124,y=271
mousemove button=0,shift=0,x=126,y=278
mousemove button=0,shift=0,x=127,y=284
mousemove button=0,shift=0,x=130,y=290
mousemove button=0,shift=0,x=132,y=297
mousemove button=0,shift=0,x=135,y=301
mousemove button=0,shift=0,x=137,y=307
mousemove button=0,shift=0,x=140,y=313
mousemove button=0,shift=0,x=145,y=324
HandleControlEvent, ButtonHighlight
HandleControlEvent, ButtonHighlight
HandleControlEvent, ButtonHighlight
HandleControlEvent, ButtonHighlight
HandleControlEvent, ButtonHighlight
HandleControlEvent, ButtonHighlight
HandleControlEvent, ButtonHighlight
HandleControlEvent, ButtonHighlight
HandleControlEvent, ButtonHighlight
HandleControlEvent, ButtonHighlight
HandleControlEvent, ButtonHighlight
HandleControlEvent, ButtonHighlight
HandleControlEvent, ButtonHighlight
HandleControlEvent, ButtonHighlight
HandleControlEvent, ButtonHighlight
HandleControlEvent, ButtonHighlight
HandleControlEvent, ButtonHighlight
HandleControlEvent, ButtonHighlight
HandleControlEvent, ButtonHighlight
HandleControlEvent, ButtonHighlight
HandleControlEvent, ButtonHighlight
HandleControlEvent, ButtonHighlight
HandleControlEvent, ButtonHighlight
HandleControlEvent, ButtonHighlight
HandleControlEvent, ButtonHighlight
HandleControlEvent, ButtonHighlight
HandleControlEvent, ButtonHighlight
HandleControlEvent, ButtonHighlight
HandleControlEvent, ButtonHighlight
HandleControlEvent, AfterShowMenu
buttondropdown VIEW;MENU::VIEW
HandleControlEvent, ButtonDropDown
BEFORESHOWMENU:VIEW::SUBMENU
beforeShowMenu end VIEW::SUBMENU
HandleControlEvent, BeforeShowMenu
beforeshowmenu:VIEW::SUBMENU
playing:C:\Users\BC_Programming\AppData\Roaming\BCSearch\Resource\Sound\SHOWMENU.WAV
HandleControlEvent, Resize
HandleControlEvent, Resize
HandleControlEvent, ButtonHighlight
HandleControlEvent, ButtonHighlight
HandleControlEvent, ButtonHighlight
HandleControlEvent, ButtonHighlight
HandleControlEvent, ButtonHighlight
HandleControlEvent, ButtonHighlight
HandleControlEvent, ButtonHighlight
setting menuimagelist to 61757584
New Control Instance Obtained:1050424
HandleControlEvent, RequestNewInstance
BEFORESHOWMENU:VIEW::COLUMNS::SUBMENU
column: key=FILENAME tag = 
checking off Key=COLUMNVIEW::FILENAME Tag=SHOWHIDE:FILENAME
column: key=DIRECTORY tag = 
checking off Key=COLUMNVIEW::DIRECTORY Tag=SHOWHIDE:DIRECTORY
column: key=EXTENSION tag = 
checking off Key=COLUMNVIEW::EXTENSION Tag=SHOWHIDE:EXTENSION
column: key=TYPE tag = 
checking off Key=COLUMNVIEW::TYPE Tag=SHOWHIDE:TYPE
column: key=SIZE tag = 
checking off Key=COLUMNVIEW::SIZE Tag=SHOWHIDE:SIZE
column: key=DISKSIZE tag = 
checking on Key=COLUMNVIEW::DISKSIZE Tag=SHOWHIDE:DISKSIZE
column: key=MODIFIED tag = 
checking off Key=COLUMNVIEW::MODIFIED Tag=SHOWHIDE:MODIFIED
column: key=ACCESSED tag = 
checking off Key=COLUMNVIEW::ACCESSED Tag=SHOWHIDE:ACCESSED
column: key=CREATED tag = 
checking off Key=COLUMNVIEW::CREATED Tag=SHOWHIDE:CREATED
column: key=PLUGIN:1:1 tag = 
checking off Key=COLUMNVIEW::PLUGIN:1:1 Tag=SHOWHIDE:PLUGIN:1:1
column: key=PLUGIN:1:2 tag = 
checking off Key=COLUMNVIEW::PLUGIN:1:2 Tag=SHOWHIDE:PLUGIN:1:2
column: key=PLUGIN:2:1 tag = 
checking off Key=COLUMNVIEW::PLUGIN:2:1 Tag=SHOWHIDE:PLUGIN:2:1
column: key=PLUGIN:3:1 tag = 
checking off Key=COLUMNVIEW::PLUGIN:3:1 Tag=SHOWHIDE:PLUGIN:3:1
column: key=PLUGIN:3:2 tag = 
checking off Key=COLUMNVIEW::PLUGIN:3:2 Tag=SHOWHIDE:PLUGIN:3:2
beforeShowMenu end VIEW::COLUMNS::SUBMENU
HandleControlEvent, BeforeShowMenu
beforeshowmenu:VIEW::COLUMNS::SUBMENU
playing:C:\Users\BC_Programming\AppData\Roaming\BCSearch\Resource\Sound\SHOWMENU.WAV
HandleControlEvent, Resize
HandleControlEvent, Resize
HandleControlEvent, ButtonHighlight
HandleControlEvent, AfterShowMenu
HandleControlEvent, ButtonHighlight
HandleControlEvent, AfterShowMenu
Clicked: caption=&Size Columns to fit key=VIEW::SIZEFIT TAG=VIEW::SIZEFIT
ButtonClick
HandleControlEvent, ButtonClick
playing:C:\Users\BC_Programming\AppData\Roaming\BCSearch\Resource\Sound\CLICK.WAV
mousemove button=0,shift=0,x=223,y=24
mousemove button=0,shift=0,x=228,y=29
mousemove button=0,shift=0,x=234,y=37
mousemove button=0,shift=0,x=253,y=59
mousemove button=0,shift=0,x=258,y=65
mousemove button=0,shift=0,x=271,y=79
mousemove button=0,shift=0,x=273,y=82
mousemove button=0,shift=0,x=275,y=87
mousemove button=0,shift=0,x=278,y=90
mousemove button=0,shift=0,x=279,y=94
mousemove button=0,shift=0,x=281,y=95
mousemove button=0,shift=0,x=281,y=97
mousemove button=0,shift=0,x=282,y=99
mousemove button=0,shift=0,x=283,y=100
mousemove button=0,shift=0,x=284,y=102
mousemove button=0,shift=0,x=284,y=104
mousemove button=0,shift=0,x=284,y=104
mousemove button=0,shift=0,x=284,y=102
mousemove button=0,shift=0,x=286,y=87
mousemove button=0,shift=0,x=289,y=72
mousemove button=0,shift=0,x=290,y=62
mousemove button=0,shift=0,x=294,y=41
buttondropdown FILE;MENU::FILE
HandleControlEvent, ButtonDropDown
BEFORESHOWMENU:FILE::SUBMENU
File::SUBMENU
beforeShowMenu end FILE::SUBMENU
HandleControlEvent, BeforeShowMenu
beforeshowmenu:FILE::SUBMENU
playing:C:\Users\BC_Programming\AppData\Roaming\BCSearch\Resource\Sound\SHOWMENU.WAV
HandleControlEvent, Resize
HandleControlEvent, Resize
HandleControlEvent, ButtonHighlight
HandleControlEvent, ButtonHighlight
HandleControlEvent, ButtonHighlight
HandleControlEvent, ButtonHighlight
HandleControlEvent, AfterShowMenu
Clicked: caption=&Exit key=FILE::EXIT TAG=FILE::EXIT
ButtonClick
Persisting Combo/List box- section = PersistProperties.cboLookin...
After:hwnd=525350 umsg=70
WINDOWPOSCHANGING
