BASeCamp CDebug Class Debug Log output.
log at 12/31/2009 on TERATRON as BC_Programming at 03:03.38
################################################################################
System Info for this session:
Environment variables:

ALLUSERSPROFILE=C:\ProgramData
APPDATA=C:\Users\BC_Programming\AppData\Roaming
CG_BOOST_ROOT=C:\Program Files (x86)\CodeGear\RAD Studio\6.0\include\boost_1_35
CommonProgramFiles=C:\Program Files (x86)\Common Files
CommonProgramFiles(x86)=C:\Program Files (x86)\Common Files
CommonProgramW6432=C:\Program Files\Common Files
COMPUTERNAME=TERATRON
ComSpec=C:\Windows\system32\cmd.exe
FP_NO_HOST_CHECK=NO
HOMEDRIVE=C:
HOMEPATH=\Users\BC_Programming
LOCALAPPDATA=C:\Users\BC_Programming\AppData\Local
LOGONSERVER=\\TERATRON
NUMBER_OF_PROCESSORS=4
OPENSSL_CONF=C:\OpenSSL\bin\openssl.cfg
OS=Windows_NT
Path=C:\Python\Scripts;C:\Python\;C:\Program Files (x86)\CodeGear\RAD Studio\6.0\bin;C:\Users\Public\Documents\RAD Studio\6.0\Bpl;C:\Perl\site\bin;C:\Perl\bin;C:\Windows\system32;C:\Windows;C:\Windows\System32\Wbem;C:\Windows\System32\WindowsPowerShell\v1.0\;c:\Program Files (x86)\Microsoft SQL Server\90\Tools\binn\;C:\Program Files (x86)\Microsoft Visual Studio 9.0\VC\bin;C:\Program Files (x86)\Common Files\microsoft shared\MSENV;C:\Program Files (x86)\Common Files\microsoft shared\VSA\9.0\VsaEnv;C:\PROGRA~2\Borland\Delphi6\Bin;C:\PROGRA~2\Borland\Delphi6\Projects\Bpl;C:\Program Files (x86)\Common Files\Autodesk Shared\;C:\Program Files (x86)\backburner 2\;C:\Users\BC_Programming\AppData\Roaming\Python\Scripts;C:\Windows\system32;C:\Windows;C:\Windows\System32\Wbem;C:\Windows\System32\WindowsPowerShell\v1.0\;c:\Program Files (x86)\Microsoft SQL Server\90\Tools\binn\;C:\Program Files (x86)\Microsoft Visual Studio 9.0\VC\bin;C:\Program Files (x86)\Common Files\microsoft shared\MSENV;C:\Program Files (x86)\Common Fi
PATHEXT=.COM;.EXE;.BAT;.CMD;.VBS;.VBE;.JS;.JSE;.WSF;.WSH;.MSC;.py;.pyw
PROCESSOR_ARCHITECTURE=x86
PROCESSOR_ARCHITEW6432=AMD64
PROCESSOR_IDENTIFIER=Intel64 Family 6 Model 23 Stepping 7, GenuineIntel
PROCESSOR_LEVEL=6
PROCESSOR_REVISION=1707
ProgramData=C:\ProgramData
ProgramFiles=C:\Program Files (x86)
ProgramFiles(x86)=C:\Program Files (x86)
ProgramW6432=C:\Program Files
PUBLIC=C:\Users\Public
SystemDrive=C:
SystemRoot=C:\Windows
TEMP=C:\Users\BC_PRO~1\AppData\Local\Temp
TMP=C:\Users\BC_PRO~1\AppData\Local\Temp
USERDOMAIN=TERATRON
USERNAME=BC_Programming
USERPROFILE=C:\Users\BC_Programming
VS90COMNTOOLS=C:\Program Files (x86)\Microsoft Visual Studio 9.0\Common7\Tools\
windir=C:\Windows
__COMPAT_LAYER=RunAsAdmin RunAsAdmin 


################################################################################
***************BEGIN LOG*******************
After:hwnd=656348 umsg=70
WINDOWPOSCHANGING
After:hwnd=656348 umsg=70
WINDOWPOSCHANGING
After:hwnd=656348 umsg=70
WINDOWPOSCHANGING
XML load successful in CXMLLoader::LoadXML
optimal bitdepth is 32 bits.
unrecognized NodeName for commandbar load:SCRIPTS
unrecognized NodeName for commandbar load:
unrecognized NodeName for commandbar load:IMAGELIST
unrecognized NodeName for commandbar load:IMAGELIST
DefClick=C:\Users\BC_Programming\AppData\Roaming\BCSearch\Resource\Sound\CLICK.WAV
Click=C:\Users\BC_Programming\AppData\Roaming\BCSearch\Resource\Sound\CLICK.WAV
picindex=8
Click=C:\Users\BC_Programming\AppData\Roaming\BCSearch\Resource\Sound\CLICK.WAV
picindex=13
Click=C:\Users\BC_Programming\AppData\Roaming\BCSearch\Resource\Sound\CLICK.WAV
picindex=-1
Click=C:\Users\BC_Programming\AppData\Roaming\BCSearch\Resource\Sound\CLICK.WAV
picindex=15
Click=C:\Users\BC_Programming\AppData\Roaming\BCSearch\Resource\Sound\CLICK.WAV
picindex=14
Click=C:\Users\BC_Programming\AppData\Roaming\BCSearch\Resource\Sound\CLICK.WAV
picindex=16
Click=C:\Users\BC_Programming\AppData\Roaming\BCSearch\Resource\Sound\CLICK.WAV
picindex=13
Click=C:\Users\BC_Programming\AppData\Roaming\BCSearch\Resource\Sound\CLICK.WAV
picindex=-1
Click=C:\Users\BC_Programming\AppData\Roaming\BCSearch\Resource\Sound\CLICK.WAV
picindex=17
Click=C:\Users\BC_Programming\AppData\Roaming\BCSearch\Resource\Sound\CLICK.WAV
picindex=11
Click=C:\Users\BC_Programming\AppData\Roaming\BCSearch\Resource\Sound\CLICK.WAV
picindex=18
Click=C:\Users\BC_Programming\AppData\Roaming\BCSearch\Resource\Sound\CLICK.WAV
picindex=25
Click=C:\Users\BC_Programming\AppData\Roaming\BCSearch\Resource\Sound\CLICK.WAV
picindex=17
Click=C:\Users\BC_Programming\AppData\Roaming\BCSearch\Resource\Sound\CLICK.WAV
picindex=26
Click=C:\Users\BC_Programming\AppData\Roaming\BCSearch\Resource\Sound\CLICK.WAV
picindex=27
Click=C:\Users\BC_Programming\AppData\Roaming\BCSearch\Resource\Sound\CLICK.WAV
picindex=28
Click=C:\Users\BC_Programming\AppData\Roaming\BCSearch\Resource\Sound\CLICK.WAV
picindex=29
Click=C:\Users\BC_Programming\AppData\Roaming\BCSearch\Resource\Sound\CLICK.WAV
picindex=8
Click=C:\Users\BC_Programming\AppData\Roaming\BCSearch\Resource\Sound\CLICK.WAV
picindex=-1
HandleControlEvent, Resize
DefClick=C:\Users\BC_Programming\AppData\Roaming\BCSearch\Resource\Sound\CLICK.WAV
Click=C:\Users\BC_Programming\AppData\Roaming\BCSearch\Resource\Sound\CLICK.WAV
picindex=18
Click=C:\Users\BC_Programming\AppData\Roaming\BCSearch\Resource\Sound\CLICK.WAV
picindex=20
Click=C:\Users\BC_Programming\AppData\Roaming\BCSearch\Resource\Sound\CLICK.WAV
picindex=-1
Click=C:\Users\BC_Programming\AppData\Roaming\BCSearch\Resource\Sound\CLICK.WAV
picindex=7
Click=C:\Users\BC_Programming\AppData\Roaming\BCSearch\Resource\Sound\CLICK.WAV
picindex=-1
DefClick=C:\Users\BC_Programming\AppData\Roaming\BCSearch\Resource\Sound\CLICK.WAV
Click=C:\Users\BC_Programming\AppData\Roaming\BCSearch\Resource\Sound\CLICK.WAV
picindex=5
Click=C:\Users\BC_Programming\AppData\Roaming\BCSearch\Resource\Sound\CLICK.WAV
picindex=6
Click=C:\Users\BC_Programming\AppData\Roaming\BCSearch\Resource\Sound\CLICK.WAV
picindex=-1
Click=C:\Users\BC_Programming\AppData\Roaming\BCSearch\Resource\Sound\CLICK.WAV
picindex=-1
Click=C:\Users\BC_Programming\AppData\Roaming\BCSearch\Resource\Sound\CLICK.WAV
picindex=-1
Click=C:\Users\BC_Programming\AppData\Roaming\BCSearch\Resource\Sound\CLICK.WAV
picindex=-1
Click=C:\Users\BC_Programming\AppData\Roaming\BCSearch\Resource\Sound\CLICK.WAV
picindex=-1
Click=C:\Users\BC_Programming\AppData\Roaming\BCSearch\Resource\Sound\CLICK.WAV
picindex=-1
Click=C:\Users\BC_Programming\AppData\Roaming\BCSearch\Resource\Sound\CLICK.WAV
picindex=-1
DefClick=
Click=
picindex=2
Click=
picindex=-1
Click=
picindex=-1
DefClick=C:\Users\BC_Programming\AppData\Roaming\BCSearch\Resource\Sound\CLICK.WAV
Click=C:\Users\BC_Programming\AppData\Roaming\BCSearch\Resource\Sound\CLICK.WAV
picindex=-1
Click=C:\Users\BC_Programming\AppData\Roaming\BCSearch\Resource\Sound\CLICK.WAV
picindex=-1
Click=C:\Users\BC_Programming\AppData\Roaming\BCSearch\Resource\Sound\CLICK.WAV
picindex=1
Click=C:\Users\BC_Programming\AppData\Roaming\BCSearch\Resource\Sound\CLICK.WAV
picindex=-1
Click=C:\Users\BC_Programming\AppData\Roaming\BCSearch\Resource\Sound\CLICK.WAV
picindex=-1
Click=C:\Users\BC_Programming\AppData\Roaming\BCSearch\Resource\Sound\CLICK.WAV
picindex=-1
Click=C:\Users\BC_Programming\AppData\Roaming\BCSearch\Resource\Sound\CLICK.WAV
picindex=-1
Click=C:\Users\BC_Programming\AppData\Roaming\BCSearch\Resource\Sound\CLICK.WAV
picindex=-1
Click=C:\Users\BC_Programming\AppData\Roaming\BCSearch\Resource\Sound\CLICK.WAV
picindex=-1
Click=C:\Users\BC_Programming\AppData\Roaming\BCSearch\Resource\Sound\CLICK.WAV
picindex=11
Click=C:\Users\BC_Programming\AppData\Roaming\BCSearch\Resource\Sound\CLICK.WAV
picindex=12
Click=C:\Users\BC_Programming\AppData\Roaming\BCSearch\Resource\Sound\CLICK.WAV
picindex=-1
Click=C:\Users\BC_Programming\AppData\Roaming\BCSearch\Resource\Sound\CLICK.WAV
picindex=-1
Click=C:\Users\BC_Programming\AppData\Roaming\BCSearch\Resource\Sound\CLICK.WAV
picindex=10
Click=C:\Users\BC_Programming\AppData\Roaming\BCSearch\Resource\Sound\CLICK.WAV
picindex=9
HandleControlEvent, Resize
unrecognized NodeName for commandbar load:TOOLBAR
setting toolbarimagelist(1)...
setting toolbarimagelist(2)...
After:hwnd=656348 umsg=36
After:hwnd=656348 umsg=70
WINDOWPOSCHANGING
HandleControlEvent, Resize
HandleControlEvent, Resize
After:hwnd=656348 umsg=36
After:hwnd=656348 umsg=70
WINDOWPOSCHANGING
Loading Combo/List box- section = PersistProperties.cboLookin...
HandleControlEvent, RightClick
After:hwnd=656348 umsg=36
After:hwnd=656348 umsg=36
After:hwnd=656348 umsg=70
WINDOWPOSCHANGING
After:hwnd=656348 umsg=36
After:hwnd=656348 umsg=70
WINDOWPOSCHANGING
After:hwnd=656348 umsg=36
After:hwnd=656348 umsg=70
WINDOWPOSCHANGING
After:hwnd=656348 umsg=36
After:hwnd=656348 umsg=70
WINDOWPOSCHANGING
After:hwnd=656348 umsg=36
After:hwnd=656348 umsg=70
WINDOWPOSCHANGING
After:hwnd=656348 umsg=36
After:hwnd=656348 umsg=70
WINDOWPOSCHANGING
After:hwnd=656348 umsg=36
After:hwnd=656348 umsg=70
WINDOWPOSCHANGING
After:hwnd=656348 umsg=36
After:hwnd=656348 umsg=70
WINDOWPOSCHANGING
After:hwnd=656348 umsg=36
After:hwnd=656348 umsg=70
WINDOWPOSCHANGING
After:hwnd=656348 umsg=36
After:hwnd=656348 umsg=70
WINDOWPOSCHANGING
After:hwnd=656348 umsg=36
After:hwnd=656348 umsg=70
WINDOWPOSCHANGING
After:hwnd=656348 umsg=36
After:hwnd=656348 umsg=70
WINDOWPOSCHANGING
After:hwnd=656348 umsg=36
After:hwnd=656348 umsg=70
WINDOWPOSCHANGING
After:hwnd=656348 umsg=36
After:hwnd=656348 umsg=70
WINDOWPOSCHANGING
After:hwnd=656348 umsg=36
After:hwnd=656348 umsg=70
WINDOWPOSCHANGING
After:hwnd=656348 umsg=36
After:hwnd=656348 umsg=70
WINDOWPOSCHANGING
After:hwnd=656348 umsg=36
After:hwnd=656348 umsg=70
WINDOWPOSCHANGING
After:hwnd=656348 umsg=36
After:hwnd=656348 umsg=70
WINDOWPOSCHANGING
After:hwnd=656348 umsg=36
After:hwnd=656348 umsg=70
WINDOWPOSCHANGING
After:hwnd=656348 umsg=36
After:hwnd=656348 umsg=70
WINDOWPOSCHANGING
After:hwnd=656348 umsg=36
After:hwnd=656348 umsg=70
WINDOWPOSCHANGING
After:hwnd=656348 umsg=36
After:hwnd=656348 umsg=70
WINDOWPOSCHANGING
After:hwnd=656348 umsg=36
After:hwnd=656348 umsg=70
WINDOWPOSCHANGING
After:hwnd=656348 umsg=36
After:hwnd=656348 umsg=70
WINDOWPOSCHANGING
After:hwnd=656348 umsg=36
After:hwnd=656348 umsg=70
WINDOWPOSCHANGING
After:hwnd=656348 umsg=36
After:hwnd=656348 umsg=70
WINDOWPOSCHANGING
After:hwnd=656348 umsg=36
After:hwnd=656348 umsg=70
WINDOWPOSCHANGING
After:hwnd=656348 umsg=36
After:hwnd=656348 umsg=70
WINDOWPOSCHANGING
After:hwnd=656348 umsg=36
After:hwnd=656348 umsg=70
WINDOWPOSCHANGING
After:hwnd=656348 umsg=36
After:hwnd=656348 umsg=70
WINDOWPOSCHANGING
After:hwnd=656348 umsg=36
After:hwnd=656348 umsg=70
WINDOWPOSCHANGING
After:hwnd=656348 umsg=36
After:hwnd=656348 umsg=70
WINDOWPOSCHANGING
After:hwnd=656348 umsg=36
After:hwnd=656348 umsg=70
WINDOWPOSCHANGING
After:hwnd=656348 umsg=36
After:hwnd=656348 umsg=70
WINDOWPOSCHANGING
After:hwnd=656348 umsg=36
After:hwnd=656348 umsg=70
WINDOWPOSCHANGING
After:hwnd=656348 umsg=36
After:hwnd=656348 umsg=70
WINDOWPOSCHANGING
After:hwnd=656348 umsg=36
After:hwnd=656348 umsg=70
WINDOWPOSCHANGING
After:hwnd=656348 umsg=36
After:hwnd=656348 umsg=70
WINDOWPOSCHANGING
After:hwnd=656348 umsg=36
After:hwnd=656348 umsg=70
WINDOWPOSCHANGING
After:hwnd=656348 umsg=36
After:hwnd=656348 umsg=70
WINDOWPOSCHANGING
After:hwnd=656348 umsg=36
After:hwnd=656348 umsg=70
WINDOWPOSCHANGING
After:hwnd=656348 umsg=36
After:hwnd=656348 umsg=70
WINDOWPOSCHANGING
After:hwnd=656348 umsg=36
After:hwnd=656348 umsg=70
WINDOWPOSCHANGING
After:hwnd=656348 umsg=36
After:hwnd=656348 umsg=70
WINDOWPOSCHANGING
After:hwnd=656348 umsg=36
After:hwnd=656348 umsg=70
WINDOWPOSCHANGING
After:hwnd=656348 umsg=36
After:hwnd=656348 umsg=70
WINDOWPOSCHANGING
After:hwnd=656348 umsg=36
After:hwnd=656348 umsg=70
WINDOWPOSCHANGING
After:hwnd=656348 umsg=36
After:hwnd=656348 umsg=70
WINDOWPOSCHANGING
After:hwnd=656348 umsg=36
After:hwnd=656348 umsg=70
WINDOWPOSCHANGING
After:hwnd=656348 umsg=36
After:hwnd=656348 umsg=70
WINDOWPOSCHANGING
After:hwnd=656348 umsg=36
After:hwnd=656348 umsg=70
WINDOWPOSCHANGING
After:hwnd=656348 umsg=36
After:hwnd=656348 umsg=70
WINDOWPOSCHANGING
After:hwnd=656348 umsg=36
After:hwnd=656348 umsg=70
WINDOWPOSCHANGING
After:hwnd=656348 umsg=36
After:hwnd=656348 umsg=70
WINDOWPOSCHANGING
After:hwnd=656348 umsg=36
After:hwnd=656348 umsg=70
WINDOWPOSCHANGING
After:hwnd=656348 umsg=36
After:hwnd=656348 umsg=70
WINDOWPOSCHANGING
After:hwnd=656348 umsg=36
After:hwnd=656348 umsg=70
WINDOWPOSCHANGING
After:hwnd=656348 umsg=36
After:hwnd=656348 umsg=70
WINDOWPOSCHANGING
After:hwnd=656348 umsg=36
After:hwnd=656348 umsg=70
WINDOWPOSCHANGING
After:hwnd=656348 umsg=36
After:hwnd=656348 umsg=70
WINDOWPOSCHANGING
After:hwnd=656348 umsg=36
After:hwnd=656348 umsg=70
WINDOWPOSCHANGING
After:hwnd=656348 umsg=36
After:hwnd=656348 umsg=70
WINDOWPOSCHANGING
After:hwnd=656348 umsg=36
After:hwnd=656348 umsg=70
WINDOWPOSCHANGING
After:hwnd=656348 umsg=36
After:hwnd=656348 umsg=70
WINDOWPOSCHANGING
After:hwnd=656348 umsg=36
After:hwnd=656348 umsg=70
WINDOWPOSCHANGING
After:hwnd=656348 umsg=36
After:hwnd=656348 umsg=70
WINDOWPOSCHANGING
After:hwnd=656348 umsg=36
After:hwnd=656348 umsg=70
WINDOWPOSCHANGING
After:hwnd=656348 umsg=36
After:hwnd=656348 umsg=70
WINDOWPOSCHANGING
After:hwnd=656348 umsg=36
After:hwnd=656348 umsg=70
WINDOWPOSCHANGING
After:hwnd=656348 umsg=36
After:hwnd=656348 umsg=70
WINDOWPOSCHANGING
After:hwnd=656348 umsg=36
After:hwnd=656348 umsg=70
WINDOWPOSCHANGING
After:hwnd=656348 umsg=36
After:hwnd=656348 umsg=70
WINDOWPOSCHANGING
After:hwnd=656348 umsg=36
After:hwnd=656348 umsg=70
WINDOWPOSCHANGING
After:hwnd=656348 umsg=36
After:hwnd=656348 umsg=70
WINDOWPOSCHANGING
After:hwnd=656348 umsg=36
After:hwnd=656348 umsg=70
WINDOWPOSCHANGING
After:hwnd=656348 umsg=36
After:hwnd=656348 umsg=70
WINDOWPOSCHANGING
After:hwnd=656348 umsg=36
After:hwnd=656348 umsg=70
WINDOWPOSCHANGING
After:hwnd=656348 umsg=36
After:hwnd=656348 umsg=70
WINDOWPOSCHANGING
After:hwnd=656348 umsg=36
After:hwnd=656348 umsg=70
WINDOWPOSCHANGING
After:hwnd=656348 umsg=36
After:hwnd=656348 umsg=70
WINDOWPOSCHANGING
After:hwnd=656348 umsg=36
After:hwnd=656348 umsg=70
WINDOWPOSCHANGING
After:hwnd=656348 umsg=36
After:hwnd=656348 umsg=70
WINDOWPOSCHANGING
After:hwnd=656348 umsg=36
After:hwnd=656348 umsg=70
WINDOWPOSCHANGING
After:hwnd=656348 umsg=36
After:hwnd=656348 umsg=70
WINDOWPOSCHANGING
After:hwnd=656348 umsg=36
After:hwnd=656348 umsg=70
WINDOWPOSCHANGING
After:hwnd=656348 umsg=36
After:hwnd=656348 umsg=70
WINDOWPOSCHANGING
After:hwnd=656348 umsg=36
After:hwnd=656348 umsg=70
WINDOWPOSCHANGING
After:hwnd=656348 umsg=36
After:hwnd=656348 umsg=70
WINDOWPOSCHANGING
After:hwnd=656348 umsg=36
After:hwnd=656348 umsg=70
WINDOWPOSCHANGING
After:hwnd=656348 umsg=36
After:hwnd=656348 umsg=70
WINDOWPOSCHANGING
After:hwnd=656348 umsg=36
After:hwnd=656348 umsg=70
WINDOWPOSCHANGING
After:hwnd=656348 umsg=36
After:hwnd=656348 umsg=70
WINDOWPOSCHANGING
After:hwnd=656348 umsg=36
After:hwnd=656348 umsg=70
WINDOWPOSCHANGING
After:hwnd=656348 umsg=36
After:hwnd=656348 umsg=70
WINDOWPOSCHANGING
After:hwnd=656348 umsg=36
After:hwnd=656348 umsg=70
WINDOWPOSCHANGING
After:hwnd=656348 umsg=36
After:hwnd=656348 umsg=70
WINDOWPOSCHANGING
After:hwnd=656348 umsg=36
After:hwnd=656348 umsg=70
WINDOWPOSCHANGING
After:hwnd=656348 umsg=36
After:hwnd=656348 umsg=70
WINDOWPOSCHANGING
After:hwnd=656348 umsg=36
After:hwnd=656348 umsg=70
WINDOWPOSCHANGING
After:hwnd=656348 umsg=36
After:hwnd=656348 umsg=70
WINDOWPOSCHANGING
After:hwnd=656348 umsg=36
After:hwnd=656348 umsg=70
WINDOWPOSCHANGING
After:hwnd=656348 umsg=36
After:hwnd=656348 umsg=70
WINDOWPOSCHANGING
After:hwnd=656348 umsg=36
After:hwnd=656348 umsg=70
WINDOWPOSCHANGING
After:hwnd=656348 umsg=36
After:hwnd=656348 umsg=70
WINDOWPOSCHANGING
After:hwnd=656348 umsg=36
After:hwnd=656348 umsg=70
WINDOWPOSCHANGING
After:hwnd=656348 umsg=36
After:hwnd=656348 umsg=70
WINDOWPOSCHANGING
After:hwnd=656348 umsg=36
After:hwnd=656348 umsg=70
WINDOWPOSCHANGING
After:hwnd=656348 umsg=36
After:hwnd=656348 umsg=70
WINDOWPOSCHANGING
After:hwnd=656348 umsg=36
After:hwnd=656348 umsg=70
WINDOWPOSCHANGING
After:hwnd=656348 umsg=36
After:hwnd=656348 umsg=70
WINDOWPOSCHANGING
After:hwnd=656348 umsg=36
After:hwnd=656348 umsg=70
WINDOWPOSCHANGING
After:hwnd=656348 umsg=36
After:hwnd=656348 umsg=70
WINDOWPOSCHANGING
After:hwnd=656348 umsg=36
After:hwnd=656348 umsg=70
WINDOWPOSCHANGING
After:hwnd=656348 umsg=36
After:hwnd=656348 umsg=70
WINDOWPOSCHANGING
After:hwnd=656348 umsg=36
After:hwnd=656348 umsg=70
WINDOWPOSCHANGING
After:hwnd=656348 umsg=36
After:hwnd=656348 umsg=70
WINDOWPOSCHANGING
After:hwnd=656348 umsg=36
After:hwnd=656348 umsg=70
WINDOWPOSCHANGING
After:hwnd=656348 umsg=70
WINDOWPOSCHANGING
not duplicating List item.
Clicked: caption=&Add... key=FILTERS::ADD TAG=FILTERS::ADD
ButtonClick
1
Loading Combo/List box- section = PersistProperties.cboFilter...
After:hwnd=656348 umsg=70
WINDOWPOSCHANGING
After:hwnd=656348 umsg=70
WINDOWPOSCHANGING

HandleControlEvent, ButtonClick
playing:C:\Users\BC_Programming\AppData\Roaming\BCSearch\Resource\Sound\CLICK.WAV
not duplicating List item.
Change
Change
Change
Change
Change
Change
Change
Change
0
0
Change
Change
Change
Change
Change
Change
Change
Change
0
0
Persisting Combo/List box- section = PersistProperties.cboSizesuffix.1...
Persisting Combo/List box- section = PersistProperties.cboSizesuffix.0...
Persisting Combo/List box- section = PersistProperties.cboOperation...
Persisting Combo/List box- section = PersistProperties.cboFilter...
Persisting Combo/List box- section = PersistProperties.cboADSThanMultiplier.1...
Persisting Combo/List box- section = PersistProperties.cboADSThanMultiplier.0...
After:hwnd=656348 umsg=70
WINDOWPOSCHANGING
After:hwnd=656348 umsg=70
WINDOWPOSCHANGING
mousemove button=1,shift=0,x=798,y=132
mousemove button=0,shift=0,x=768,y=100
mousemove button=0,shift=0,x=753,y=85
mousemove button=0,shift=0,x=735,y=68
mousemove button=0,shift=0,x=725,y=57
mousemove button=0,shift=0,x=707,y=36
not duplicating List item.
optimal bitdepth is 32 bits.
HandleControlEvent, Resize
mousemove button=0,shift=0,x=255,y=66
mousemove button=0,shift=0,x=214,y=79
mousemove button=0,shift=0,x=144,y=102
mousemove button=0,shift=0,x=144,y=103
mousemove button=0,shift=0,x=144,y=103
mousemove button=0,shift=0,x=144,y=104
mousemove button=0,shift=0,x=145,y=104
mousemove button=0,shift=0,x=146,y=102
mousemove button=0,shift=0,x=148,y=100
mousemove button=0,shift=0,x=149,y=100
mousemove button=0,shift=0,x=151,y=99
mousemove button=0,shift=0,x=151,y=97
mousemove button=0,shift=0,x=152,y=95
mousemove button=0,shift=0,x=152,y=94
mousemove button=0,shift=0,x=152,y=92
mousemove button=0,shift=0,x=152,y=89
mousemove button=0,shift=0,x=152,y=84
mousemove button=0,shift=0,x=152,y=80
mousemove button=0,shift=0,x=152,y=77
mousemove button=0,shift=0,x=152,y=73
mousemove button=0,shift=0,x=152,y=70
mousemove button=0,shift=0,x=153,y=67
mousemove button=0,shift=0,x=153,y=66
mousemove button=0,shift=0,x=155,y=62
mousemove button=0,shift=0,x=155,y=60
mousemove button=0,shift=0,x=155,y=59
mousemove button=0,shift=0,x=155,y=58
mousemove button=0,shift=0,x=155,y=57
mousemove button=0,shift=0,x=155,y=55
mousemove button=0,shift=0,x=155,y=54
mousemove button=0,shift=0,x=155,y=54
mousemove button=0,shift=0,x=156,y=49
mousemove button=0,shift=0,x=156,y=49
After:hwnd=656348 umsg=70
WINDOWPOSCHANGING
mousemove button=0,shift=0,x=156,y=49
mousemove button=0,shift=0,x=157,y=48
mousemove button=0,shift=0,x=157,y=48
mousemove button=0,shift=0,x=157,y=48
mousemove button=0,shift=0,x=157,y=48
mousemove button=0,shift=0,x=156,y=48
mousemove button=0,shift=0,x=154,y=48
mousemove button=0,shift=0,x=153,y=48
mousemove button=0,shift=0,x=152,y=47
mousemove button=0,shift=0,x=151,y=47
mousemove button=0,shift=0,x=150,y=47
mousemove button=0,shift=0,x=149,y=47
mousemove button=0,shift=0,x=148,y=46
mousemove button=0,shift=0,x=147,y=46
mousemove button=0,shift=0,x=146,y=46
mousemove button=0,shift=0,x=146,y=46
mousemove button=0,shift=0,x=145,y=46
mousemove button=0,shift=0,x=144,y=45
mousemove button=0,shift=0,x=143,y=45
mousemove button=0,shift=0,x=143,y=44
mousemove button=0,shift=0,x=143,y=43
mousemove button=0,shift=0,x=143,y=41
mousemove button=0,shift=0,x=143,y=40
mousemove button=0,shift=0,x=145,y=38
mousemove button=0,shift=0,x=145,y=37
mousemove button=0,shift=0,x=146,y=33
mousemove button=0,shift=0,x=148,y=31
mousemove button=0,shift=0,x=148,y=30
mousemove button=0,shift=0,x=150,y=28
mousemove button=0,shift=0,x=151,y=26
mousemove button=0,shift=0,x=151,y=26
mousemove button=0,shift=0,x=152,y=25
mousemove button=0,shift=0,x=153,y=24
mouseup button=0,shift=0,x=159,y=12
C:\.rnd
setting menuimagelist to 61762792
New Control Instance Obtained:724826
HandleControlEvent, RequestNewInstance
BEFORESHOWMENU:VIEW::SUBMENU
beforeShowMenu end VIEW::SUBMENU
HandleControlEvent, BeforeShowMenu
beforeshowmenu:VIEW::SUBMENU
playing:C:\Users\BC_Programming\AppData\Roaming\BCSearch\Resource\Sound\SHOWMENU.WAV
HandleControlEvent, Resize
HandleControlEvent, Resize
HandleControlEvent, ButtonHighlight
HandleControlEvent, ButtonHighlight
HandleControlEvent, ButtonHighlight
HandleControlEvent, ButtonHighlight
HandleControlEvent, ButtonHighlight
HandleControlEvent, ButtonHighlight
HandleControlEvent, ButtonHighlight
HandleControlEvent, ButtonHighlight
HandleControlEvent, AfterShowMenu
Clicked: caption=&Size Columns to fit key=VIEW::SIZEFIT TAG=VIEW::SIZEFIT
ButtonClick
After:hwnd=656348 umsg=70
WINDOWPOSCHANGING
After:hwnd=656348 umsg=70
WINDOWPOSCHANGING
After:hwnd=656348 umsg=70
WINDOWPOSCHANGING
After:hwnd=656348 umsg=70
WINDOWPOSCHANGING
After:hwnd=656348 umsg=70
WINDOWPOSCHANGING
After:hwnd=656348 umsg=70
WINDOWPOSCHANGING
After:hwnd=656348 umsg=70
WINDOWPOSCHANGING
After:hwnd=656348 umsg=70
WINDOWPOSCHANGING
After:hwnd=656348 umsg=70
WINDOWPOSCHANGING
After:hwnd=656348 umsg=70
WINDOWPOSCHANGING
After:hwnd=656348 umsg=70
WINDOWPOSCHANGING
After:hwnd=656348 umsg=70
WINDOWPOSCHANGING
After:hwnd=656348 umsg=70
WINDOWPOSCHANGING
After:hwnd=656348 umsg=70
WINDOWPOSCHANGING
After:hwnd=656348 umsg=70
WINDOWPOSCHANGING
After:hwnd=656348 umsg=70
WINDOWPOSCHANGING
After:hwnd=656348 umsg=70
WINDOWPOSCHANGING
After:hwnd=656348 umsg=70
WINDOWPOSCHANGING
After:hwnd=656348 umsg=70
WINDOWPOSCHANGING
After:hwnd=656348 umsg=70
WINDOWPOSCHANGING
After:hwnd=656348 umsg=70
WINDOWPOSCHANGING
After:hwnd=656348 umsg=70
WINDOWPOSCHANGING
After:hwnd=656348 umsg=70
WINDOWPOSCHANGING
After:hwnd=656348 umsg=70
WINDOWPOSCHANGING
After:hwnd=656348 umsg=70
WINDOWPOSCHANGING
After:hwnd=656348 umsg=70
WINDOWPOSCHANGING
After:hwnd=656348 umsg=70
WINDOWPOSCHANGING
After:hwnd=656348 umsg=70
WINDOWPOSCHANGING
After:hwnd=656348 umsg=70
WINDOWPOSCHANGING
After:hwnd=656348 umsg=70
WINDOWPOSCHANGING
After:hwnd=656348 umsg=70
WINDOWPOSCHANGING
After:hwnd=656348 umsg=70
WINDOWPOSCHANGING
After:hwnd=656348 umsg=70
WINDOWPOSCHANGING
After:hwnd=656348 umsg=70
WINDOWPOSCHANGING
After:hwnd=656348 umsg=70
WINDOWPOSCHANGING
After:hwnd=656348 umsg=70
WINDOWPOSCHANGING
After:hwnd=656348 umsg=70
WINDOWPOSCHANGING
After:hwnd=656348 umsg=70
WINDOWPOSCHANGING
After:hwnd=656348 umsg=70
WINDOWPOSCHANGING
After:hwnd=656348 umsg=70
WINDOWPOSCHANGING
After:hwnd=656348 umsg=70
WINDOWPOSCHANGING
After:hwnd=656348 umsg=70
WINDOWPOSCHANGING
After:hwnd=656348 umsg=70
WINDOWPOSCHANGING
After:hwnd=656348 umsg=70
WINDOWPOSCHANGING
After:hwnd=656348 umsg=70
WINDOWPOSCHANGING
After:hwnd=656348 umsg=70
WINDOWPOSCHANGING
After:hwnd=656348 umsg=70
WINDOWPOSCHANGING
After:hwnd=656348 umsg=70
WINDOWPOSCHANGING
After:hwnd=656348 umsg=70
WINDOWPOSCHANGING
After:hwnd=656348 umsg=70
WINDOWPOSCHANGING
After:hwnd=656348 umsg=70
WINDOWPOSCHANGING
After:hwnd=656348 umsg=70
WINDOWPOSCHANGING
After:hwnd=656348 umsg=70
WINDOWPOSCHANGING
After:hwnd=656348 umsg=70
WINDOWPOSCHANGING
After:hwnd=656348 umsg=70
WINDOWPOSCHANGING
After:hwnd=656348 umsg=70
WINDOWPOSCHANGING
After:hwnd=656348 umsg=70
WINDOWPOSCHANGING
After:hwnd=656348 umsg=70
WINDOWPOSCHANGING
After:hwnd=656348 umsg=70
WINDOWPOSCHANGING
After:hwnd=656348 umsg=70
WINDOWPOSCHANGING
After:hwnd=656348 umsg=70
WINDOWPOSCHANGING
After:hwnd=656348 umsg=70
WINDOWPOSCHANGING
After:hwnd=656348 umsg=70
WINDOWPOSCHANGING
After:hwnd=656348 umsg=70
WINDOWPOSCHANGING
After:hwnd=656348 umsg=70
WINDOWPOSCHANGING
After:hwnd=656348 umsg=70
WINDOWPOSCHANGING
After:hwnd=656348 umsg=70
WINDOWPOSCHANGING
After:hwnd=656348 umsg=70
WINDOWPOSCHANGING
After:hwnd=656348 umsg=70
WINDOWPOSCHANGING
After:hwnd=656348 umsg=70
WINDOWPOSCHANGING
After:hwnd=656348 umsg=70
WINDOWPOSCHANGING
After:hwnd=656348 umsg=70
WINDOWPOSCHANGING
After:hwnd=656348 umsg=70
WINDOWPOSCHANGING
After:hwnd=656348 umsg=70
WINDOWPOSCHANGING
After:hwnd=656348 umsg=70
WINDOWPOSCHANGING
After:hwnd=656348 umsg=70
WINDOWPOSCHANGING
After:hwnd=656348 umsg=70
WINDOWPOSCHANGING
After:hwnd=656348 umsg=70
WINDOWPOSCHANGING
After:hwnd=656348 umsg=70
WINDOWPOSCHANGING
After:hwnd=656348 umsg=70
WINDOWPOSCHANGING
After:hwnd=656348 umsg=70
WINDOWPOSCHANGING
After:hwnd=656348 umsg=70
WINDOWPOSCHANGING
After:hwnd=656348 umsg=70
WINDOWPOSCHANGING
After:hwnd=656348 umsg=70
WINDOWPOSCHANGING
After:hwnd=656348 umsg=70
WINDOWPOSCHANGING
After:hwnd=656348 umsg=70
WINDOWPOSCHANGING
After:hwnd=656348 umsg=70
WINDOWPOSCHANGING
After:hwnd=656348 umsg=70
WINDOWPOSCHANGING
After:hwnd=656348 umsg=70
WINDOWPOSCHANGING
After:hwnd=656348 umsg=70
WINDOWPOSCHANGING
After:hwnd=656348 umsg=70
WINDOWPOSCHANGING
After:hwnd=656348 umsg=70
WINDOWPOSCHANGING
After:hwnd=656348 umsg=70
WINDOWPOSCHANGING
After:hwnd=656348 umsg=70
WINDOWPOSCHANGING
After:hwnd=656348 umsg=70
WINDOWPOSCHANGING
After:hwnd=656348 umsg=70
WINDOWPOSCHANGING
After:hwnd=656348 umsg=70
WINDOWPOSCHANGING
After:hwnd=656348 umsg=70
WINDOWPOSCHANGING
After:hwnd=656348 umsg=70
WINDOWPOSCHANGING
After:hwnd=656348 umsg=70
WINDOWPOSCHANGING
After:hwnd=656348 umsg=70
WINDOWPOSCHANGING
After:hwnd=656348 umsg=70
WINDOWPOSCHANGING
After:hwnd=656348 umsg=70
WINDOWPOSCHANGING
After:hwnd=656348 umsg=70
WINDOWPOSCHANGING
After:hwnd=656348 umsg=70
WINDOWPOSCHANGING
After:hwnd=656348 umsg=70
WINDOWPOSCHANGING
After:hwnd=656348 umsg=70
WINDOWPOSCHANGING
After:hwnd=656348 umsg=70
WINDOWPOSCHANGING
After:hwnd=656348 umsg=70
WINDOWPOSCHANGING
After:hwnd=656348 umsg=70
WINDOWPOSCHANGING
After:hwnd=656348 umsg=70
WINDOWPOSCHANGING
After:hwnd=656348 umsg=70
WINDOWPOSCHANGING
After:hwnd=656348 umsg=70
WINDOWPOSCHANGING
After:hwnd=656348 umsg=70
WINDOWPOSCHANGING
After:hwnd=656348 umsg=70
WINDOWPOSCHANGING
After:hwnd=656348 umsg=70
WINDOWPOSCHANGING
After:hwnd=656348 umsg=70
WINDOWPOSCHANGING
After:hwnd=656348 umsg=70
WINDOWPOSCHANGING
After:hwnd=656348 umsg=70
WINDOWPOSCHANGING
After:hwnd=656348 umsg=70
WINDOWPOSCHANGING
After:hwnd=656348 umsg=70
WINDOWPOSCHANGING
After:hwnd=656348 umsg=70
WINDOWPOSCHANGING
After:hwnd=656348 umsg=70
WINDOWPOSCHANGING
After:hwnd=656348 umsg=70
WINDOWPOSCHANGING
After:hwnd=656348 umsg=70
WINDOWPOSCHANGING
After:hwnd=656348 umsg=70
WINDOWPOSCHANGING
After:hwnd=656348 umsg=70
WINDOWPOSCHANGING
After:hwnd=656348 umsg=70
WINDOWPOSCHANGING
After:hwnd=656348 umsg=70
WINDOWPOSCHANGING
After:hwnd=656348 umsg=70
WINDOWPOSCHANGING
After:hwnd=656348 umsg=70
WINDOWPOSCHANGING
After:hwnd=656348 umsg=70
WINDOWPOSCHANGING
After:hwnd=656348 umsg=70
WINDOWPOSCHANGING
After:hwnd=656348 umsg=70
WINDOWPOSCHANGING
After:hwnd=656348 umsg=70
WINDOWPOSCHANGING
After:hwnd=656348 umsg=70
WINDOWPOSCHANGING
After:hwnd=656348 umsg=70
WINDOWPOSCHANGING
After:hwnd=656348 umsg=70
WINDOWPOSCHANGING
After:hwnd=656348 umsg=70
WINDOWPOSCHANGING
After:hwnd=656348 umsg=70
WINDOWPOSCHANGING
After:hwnd=656348 umsg=70
WINDOWPOSCHANGING
After:hwnd=656348 umsg=70
WINDOWPOSCHANGING
After:hwnd=656348 umsg=70
WINDOWPOSCHANGING
After:hwnd=656348 umsg=70
WINDOWPOSCHANGING
After:hwnd=656348 umsg=70
WINDOWPOSCHANGING
After:hwnd=656348 umsg=70
WINDOWPOSCHANGING
After:hwnd=656348 umsg=70
WINDOWPOSCHANGING
After:hwnd=656348 umsg=70
WINDOWPOSCHANGING
After:hwnd=656348 umsg=70
WINDOWPOSCHANGING
After:hwnd=656348 umsg=70
WINDOWPOSCHANGING
After:hwnd=656348 umsg=70
WINDOWPOSCHANGING
After:hwnd=656348 umsg=70
WINDOWPOSCHANGING
After:hwnd=656348 umsg=70
WINDOWPOSCHANGING
After:hwnd=656348 umsg=70
WINDOWPOSCHANGING
After:hwnd=656348 umsg=70
WINDOWPOSCHANGING
After:hwnd=656348 umsg=70
WINDOWPOSCHANGING
After:hwnd=656348 umsg=70
WINDOWPOSCHANGING
After:hwnd=656348 umsg=70
WINDOWPOSCHANGING
After:hwnd=656348 umsg=70
WINDOWPOSCHANGING
After:hwnd=656348 umsg=70
WINDOWPOSCHANGING
After:hwnd=656348 umsg=70
WINDOWPOSCHANGING
After:hwnd=656348 umsg=70
WINDOWPOSCHANGING
After:hwnd=656348 umsg=70
WINDOWPOSCHANGING
After:hwnd=656348 umsg=70
WINDOWPOSCHANGING
After:hwnd=656348 umsg=70
WINDOWPOSCHANGING
After:hwnd=656348 umsg=70
WINDOWPOSCHANGING
After:hwnd=656348 umsg=70
WINDOWPOSCHANGING
After:hwnd=656348 umsg=70
WINDOWPOSCHANGING
After:hwnd=656348 umsg=70
WINDOWPOSCHANGING
After:hwnd=656348 umsg=70
WINDOWPOSCHANGING
After:hwnd=656348 umsg=70
WINDOWPOSCHANGING
After:hwnd=656348 umsg=70
WINDOWPOSCHANGING
After:hwnd=656348 umsg=70
WINDOWPOSCHANGING
After:hwnd=656348 umsg=70
WINDOWPOSCHANGING
After:hwnd=656348 umsg=70
WINDOWPOSCHANGING
After:hwnd=656348 umsg=70
WINDOWPOSCHANGING
After:hwnd=656348 umsg=70
WINDOWPOSCHANGING
After:hwnd=656348 umsg=70
WINDOWPOSCHANGING
After:hwnd=656348 umsg=70
WINDOWPOSCHANGING
After:hwnd=656348 umsg=70
WINDOWPOSCHANGING
After:hwnd=656348 umsg=70
WINDOWPOSCHANGING
After:hwnd=656348 umsg=70
WINDOWPOSCHANGING
After:hwnd=656348 umsg=70
WINDOWPOSCHANGING
After:hwnd=656348 umsg=70
WINDOWPOSCHANGING
After:hwnd=656348 umsg=70
WINDOWPOSCHANGING
After:hwnd=656348 umsg=70
WINDOWPOSCHANGING
After:hwnd=656348 umsg=70
WINDOWPOSCHANGING
After:hwnd=656348 umsg=70
WINDOWPOSCHANGING
After:hwnd=656348 umsg=70
WINDOWPOSCHANGING
After:hwnd=656348 umsg=70
WINDOWPOSCHANGING
After:hwnd=656348 umsg=70
WINDOWPOSCHANGING
After:hwnd=656348 umsg=70
WINDOWPOSCHANGING
After:hwnd=656348 umsg=70
WINDOWPOSCHANGING
After:hwnd=656348 umsg=70
WINDOWPOSCHANGING
After:hwnd=656348 umsg=70
WINDOWPOSCHANGING
After:hwnd=656348 umsg=70
WINDOWPOSCHANGING
After:hwnd=656348 umsg=70
WINDOWPOSCHANGING
After:hwnd=656348 umsg=70
WINDOWPOSCHANGING
After:hwnd=656348 umsg=70
WINDOWPOSCHANGING
After:hwnd=656348 umsg=70
WINDOWPOSCHANGING
After:hwnd=656348 umsg=70
WINDOWPOSCHANGING
After:hwnd=656348 umsg=70
WINDOWPOSCHANGING
After:hwnd=656348 umsg=70
WINDOWPOSCHANGING
After:hwnd=656348 umsg=70
WINDOWPOSCHANGING
After:hwnd=656348 umsg=70
WINDOWPOSCHANGING
After:hwnd=656348 umsg=70
WINDOWPOSCHANGING
After:hwnd=656348 umsg=70
WINDOWPOSCHANGING
After:hwnd=656348 umsg=70
WINDOWPOSCHANGING
After:hwnd=656348 umsg=70
WINDOWPOSCHANGING
After:hwnd=656348 umsg=70
WINDOWPOSCHANGING
After:hwnd=656348 umsg=70
WINDOWPOSCHANGING
After:hwnd=656348 umsg=70
WINDOWPOSCHANGING
After:hwnd=656348 umsg=70
WINDOWPOSCHANGING
After:hwnd=656348 umsg=70
WINDOWPOSCHANGING
After:hwnd=656348 umsg=70
WINDOWPOSCHANGING
After:hwnd=656348 umsg=70
WINDOWPOSCHANGING
After:hwnd=656348 umsg=70
WINDOWPOSCHANGING
After:hwnd=656348 umsg=70
WINDOWPOSCHANGING
After:hwnd=656348 umsg=70
WINDOWPOSCHANGING
After:hwnd=656348 umsg=70
WINDOWPOSCHANGING
After:hwnd=656348 umsg=70
WINDOWPOSCHANGING
After:hwnd=656348 umsg=70
WINDOWPOSCHANGING
After:hwnd=656348 umsg=70
WINDOWPOSCHANGING
After:hwnd=656348 umsg=70
WINDOWPOSCHANGING
After:hwnd=656348 umsg=70
WINDOWPOSCHANGING
After:hwnd=656348 umsg=70
WINDOWPOSCHANGING
After:hwnd=656348 umsg=70
WINDOWPOSCHANGING
After:hwnd=656348 umsg=70
WINDOWPOSCHANGING
After:hwnd=656348 umsg=70
WINDOWPOSCHANGING
After:hwnd=656348 umsg=70
WINDOWPOSCHANGING
After:hwnd=656348 umsg=70
WINDOWPOSCHANGING
After:hwnd=656348 umsg=70
WINDOWPOSCHANGING
After:hwnd=656348 umsg=70
WINDOWPOSCHANGING
After:hwnd=656348 umsg=70
WINDOWPOSCHANGING
After:hwnd=656348 umsg=70
WINDOWPOSCHANGING
After:hwnd=656348 umsg=70
WINDOWPOSCHANGING
After:hwnd=656348 umsg=70
WINDOWPOSCHANGING
After:hwnd=656348 umsg=70
WINDOWPOSCHANGING
After:hwnd=656348 umsg=70
WINDOWPOSCHANGING
After:hwnd=656348 umsg=70
WINDOWPOSCHANGING
After:hwnd=656348 umsg=70
WINDOWPOSCHANGING
After:hwnd=656348 umsg=70
WINDOWPOSCHANGING
After:hwnd=656348 umsg=70
WINDOWPOSCHANGING
After:hwnd=656348 umsg=70
WINDOWPOSCHANGING
After:hwnd=656348 umsg=70
WINDOWPOSCHANGING
After:hwnd=656348 umsg=70
WINDOWPOSCHANGING
After:hwnd=656348 umsg=70
WINDOWPOSCHANGING
After:hwnd=656348 umsg=70
WINDOWPOSCHANGING
After:hwnd=656348 umsg=70
WINDOWPOSCHANGING
After:hwnd=656348 umsg=70
WINDOWPOSCHANGING
After:hwnd=656348 umsg=70
WINDOWPOSCHANGING
After:hwnd=656348 umsg=70
WINDOWPOSCHANGING
After:hwnd=656348 umsg=70
WINDOWPOSCHANGING
After:hwnd=656348 umsg=70
WINDOWPOSCHANGING
After:hwnd=656348 umsg=70
WINDOWPOSCHANGING
After:hwnd=656348 umsg=70
WINDOWPOSCHANGING
After:hwnd=656348 umsg=70
WINDOWPOSCHANGING
After:hwnd=656348 umsg=70
WINDOWPOSCHANGING
After:hwnd=656348 umsg=70
WINDOWPOSCHANGING
After:hwnd=656348 umsg=70
WINDOWPOSCHANGING
After:hwnd=656348 umsg=70
WINDOWPOSCHANGING
After:hwnd=656348 umsg=70
WINDOWPOSCHANGING
After:hwnd=656348 umsg=70
WINDOWPOSCHANGING
After:hwnd=656348 umsg=70
WINDOWPOSCHANGING
After:hwnd=656348 umsg=70
WINDOWPOSCHANGING
After:hwnd=656348 umsg=70
WINDOWPOSCHANGING
After:hwnd=656348 umsg=70
WINDOWPOSCHANGING
After:hwnd=656348 umsg=70
WINDOWPOSCHANGING
After:hwnd=656348 umsg=70
WINDOWPOSCHANGING
After:hwnd=656348 umsg=70
WINDOWPOSCHANGING
After:hwnd=656348 umsg=70
WINDOWPOSCHANGING
After:hwnd=656348 umsg=70
WINDOWPOSCHANGING
After:hwnd=656348 umsg=70
WINDOWPOSCHANGING
After:hwnd=656348 umsg=70
WINDOWPOSCHANGING
After:hwnd=656348 umsg=70
WINDOWPOSCHANGING
After:hwnd=656348 umsg=70
WINDOWPOSCHANGING
After:hwnd=656348 umsg=70
WINDOWPOSCHANGING
After:hwnd=656348 umsg=70
WINDOWPOSCHANGING
After:hwnd=656348 umsg=70
WINDOWPOSCHANGING
After:hwnd=656348 umsg=70
WINDOWPOSCHANGING
After:hwnd=656348 umsg=70
WINDOWPOSCHANGING
After:hwnd=656348 umsg=70
WINDOWPOSCHANGING
After:hwnd=656348 umsg=70
WINDOWPOSCHANGING
After:hwnd=656348 umsg=70
WINDOWPOSCHANGING
After:hwnd=656348 umsg=70
WINDOWPOSCHANGING
After:hwnd=656348 umsg=70
WINDOWPOSCHANGING
After:hwnd=656348 umsg=70
WINDOWPOSCHANGING
After:hwnd=656348 umsg=70
WINDOWPOSCHANGING
After:hwnd=656348 umsg=70
WINDOWPOSCHANGING
After:hwnd=656348 umsg=70
WINDOWPOSCHANGING
After:hwnd=656348 umsg=70
WINDOWPOSCHANGING
After:hwnd=656348 umsg=70
WINDOWPOSCHANGING
After:hwnd=656348 umsg=70
WINDOWPOSCHANGING
After:hwnd=656348 umsg=70
WINDOWPOSCHANGING
After:hwnd=656348 umsg=70
WINDOWPOSCHANGING
After:hwnd=656348 umsg=70
WINDOWPOSCHANGING
After:hwnd=656348 umsg=70
WINDOWPOSCHANGING
After:hwnd=656348 umsg=70
WINDOWPOSCHANGING
After:hwnd=656348 umsg=70
WINDOWPOSCHANGING
After:hwnd=656348 umsg=70
WINDOWPOSCHANGING
After:hwnd=656348 umsg=70
WINDOWPOSCHANGING
After:hwnd=656348 umsg=70
WINDOWPOSCHANGING
After:hwnd=656348 umsg=70
WINDOWPOSCHANGING
After:hwnd=656348 umsg=70
WINDOWPOSCHANGING
After:hwnd=656348 umsg=70
WINDOWPOSCHANGING
After:hwnd=656348 umsg=70
WINDOWPOSCHANGING
After:hwnd=656348 umsg=70
WINDOWPOSCHANGING
After:hwnd=656348 umsg=70
WINDOWPOSCHANGING
After:hwnd=656348 umsg=70
WINDOWPOSCHANGING
After:hwnd=656348 umsg=70
WINDOWPOSCHANGING
After:hwnd=656348 umsg=70
WINDOWPOSCHANGING
After:hwnd=656348 umsg=70
WINDOWPOSCHANGING
After:hwnd=656348 umsg=70
WINDOWPOSCHANGING
After:hwnd=656348 umsg=70
WINDOWPOSCHANGING
After:hwnd=656348 umsg=70
WINDOWPOSCHANGING
After:hwnd=656348 umsg=70
WINDOWPOSCHANGING
After:hwnd=656348 umsg=70
WINDOWPOSCHANGING
After:hwnd=656348 umsg=70
WINDOWPOSCHANGING
After:hwnd=656348 umsg=70
WINDOWPOSCHANGING
After:hwnd=656348 umsg=70
WINDOWPOSCHANGING
After:hwnd=656348 umsg=70
WINDOWPOSCHANGING
After:hwnd=656348 umsg=70
WINDOWPOSCHANGING
After:hwnd=656348 umsg=70
WINDOWPOSCHANGING
After:hwnd=656348 umsg=70
WINDOWPOSCHANGING
After:hwnd=656348 umsg=70
WINDOWPOSCHANGING
After:hwnd=656348 umsg=70
WINDOWPOSCHANGING
After:hwnd=656348 umsg=70
WINDOWPOSCHANGING
After:hwnd=656348 umsg=70
WINDOWPOSCHANGING
After:hwnd=656348 umsg=70
WINDOWPOSCHANGING
After:hwnd=656348 umsg=70
WINDOWPOSCHANGING
After:hwnd=656348 umsg=70
WINDOWPOSCHANGING
After:hwnd=656348 umsg=70
WINDOWPOSCHANGING
After:hwnd=656348 umsg=70
WINDOWPOSCHANGING
After:hwnd=656348 umsg=70
WINDOWPOSCHANGING
After:hwnd=656348 umsg=70
WINDOWPOSCHANGING
After:hwnd=656348 umsg=70
WINDOWPOSCHANGING
After:hwnd=656348 umsg=70
WINDOWPOSCHANGING
After:hwnd=656348 umsg=70
WINDOWPOSCHANGING
After:hwnd=656348 umsg=70
WINDOWPOSCHANGING
After:hwnd=656348 umsg=70
WINDOWPOSCHANGING
After:hwnd=656348 umsg=70
WINDOWPOSCHANGING
After:hwnd=656348 umsg=70
WINDOWPOSCHANGING
After:hwnd=656348 umsg=70
WINDOWPOSCHANGING
After:hwnd=656348 umsg=70
WINDOWPOSCHANGING
After:hwnd=656348 umsg=70
WINDOWPOSCHANGING
After:hwnd=656348 umsg=70
WINDOWPOSCHANGING
After:hwnd=656348 umsg=70
WINDOWPOSCHANGING
After:hwnd=656348 umsg=70
WINDOWPOSCHANGING
After:hwnd=656348 umsg=70
WINDOWPOSCHANGING
After:hwnd=656348 umsg=70
WINDOWPOSCHANGING
After:hwnd=656348 umsg=70
WINDOWPOSCHANGING
After:hwnd=656348 umsg=70
WINDOWPOSCHANGING
After:hwnd=656348 umsg=70
WINDOWPOSCHANGING
After:hwnd=656348 umsg=70
WINDOWPOSCHANGING
After:hwnd=656348 umsg=70
WINDOWPOSCHANGING
After:hwnd=656348 umsg=70
WINDOWPOSCHANGING
After:hwnd=656348 umsg=70
WINDOWPOSCHANGING
After:hwnd=656348 umsg=70
WINDOWPOSCHANGING
After:hwnd=656348 umsg=70
WINDOWPOSCHANGING
After:hwnd=656348 umsg=70
WINDOWPOSCHANGING
After:hwnd=656348 umsg=70
WINDOWPOSCHANGING
After:hwnd=656348 umsg=70
WINDOWPOSCHANGING
After:hwnd=656348 umsg=70
WINDOWPOSCHANGING
After:hwnd=656348 umsg=70
WINDOWPOSCHANGING
After:hwnd=656348 umsg=70
WINDOWPOSCHANGING
After:hwnd=656348 umsg=70
WINDOWPOSCHANGING
After:hwnd=656348 umsg=70
WINDOWPOSCHANGING
After:hwnd=656348 umsg=70
WINDOWPOSCHANGING
After:hwnd=656348 umsg=70
WINDOWPOSCHANGING
After:hwnd=656348 umsg=70
WINDOWPOSCHANGING
After:hwnd=656348 umsg=70
WINDOWPOSCHANGING
After:hwnd=656348 umsg=70
WINDOWPOSCHANGING
After:hwnd=656348 umsg=70
WINDOWPOSCHANGING
After:hwnd=656348 umsg=70
WINDOWPOSCHANGING
After:hwnd=656348 umsg=70
WINDOWPOSCHANGING
After:hwnd=656348 umsg=70
WINDOWPOSCHANGING
After:hwnd=656348 umsg=70
WINDOWPOSCHANGING
After:hwnd=656348 umsg=70
WINDOWPOSCHANGING
After:hwnd=656348 umsg=70
WINDOWPOSCHANGING
After:hwnd=656348 umsg=70
WINDOWPOSCHANGING
After:hwnd=656348 umsg=70
WINDOWPOSCHANGING
After:hwnd=656348 umsg=70
WINDOWPOSCHANGING
After:hwnd=656348 umsg=70
WINDOWPOSCHANGING
After:hwnd=656348 umsg=70
WINDOWPOSCHANGING
After:hwnd=656348 umsg=70
WINDOWPOSCHANGING
After:hwnd=656348 umsg=70
WINDOWPOSCHANGING
After:hwnd=656348 umsg=70
WINDOWPOSCHANGING
After:hwnd=656348 umsg=70
WINDOWPOSCHANGING
After:hwnd=656348 umsg=70
WINDOWPOSCHANGING
After:hwnd=656348 umsg=70
WINDOWPOSCHANGING
After:hwnd=656348 umsg=70
WINDOWPOSCHANGING
After:hwnd=656348 umsg=70
WINDOWPOSCHANGING
After:hwnd=656348 umsg=70
WINDOWPOSCHANGING
After:hwnd=656348 umsg=70
WINDOWPOSCHANGING
After:hwnd=656348 umsg=70
WINDOWPOSCHANGING
After:hwnd=656348 umsg=70
WINDOWPOSCHANGING
After:hwnd=656348 umsg=70
WINDOWPOSCHANGING
After:hwnd=656348 umsg=70
WINDOWPOSCHANGING
After:hwnd=656348 umsg=70
WINDOWPOSCHANGING
After:hwnd=656348 umsg=70
WINDOWPOSCHANGING
After:hwnd=656348 umsg=70
WINDOWPOSCHANGING
After:hwnd=656348 umsg=70
WINDOWPOSCHANGING
After:hwnd=656348 umsg=70
WINDOWPOSCHANGING
After:hwnd=656348 umsg=70
WINDOWPOSCHANGING
After:hwnd=656348 umsg=70
WINDOWPOSCHANGING
After:hwnd=656348 umsg=70
WINDOWPOSCHANGING
After:hwnd=656348 umsg=70
WINDOWPOSCHANGING
After:hwnd=656348 umsg=70
WINDOWPOSCHANGING
After:hwnd=656348 umsg=70
WINDOWPOSCHANGING
After:hwnd=656348 umsg=70
WINDOWPOSCHANGING
After:hwnd=656348 umsg=70
WINDOWPOSCHANGING
After:hwnd=656348 umsg=70
WINDOWPOSCHANGING
After:hwnd=656348 umsg=70
WINDOWPOSCHANGING
After:hwnd=656348 umsg=70
WINDOWPOSCHANGING
After:hwnd=656348 umsg=70
WINDOWPOSCHANGING
After:hwnd=656348 umsg=70
WINDOWPOSCHANGING
After:hwnd=656348 umsg=70
WINDOWPOSCHANGING
After:hwnd=656348 umsg=70
WINDOWPOSCHANGING
After:hwnd=656348 umsg=70
WINDOWPOSCHANGING
After:hwnd=656348 umsg=70
WINDOWPOSCHANGING
After:hwnd=656348 umsg=70
WINDOWPOSCHANGING
After:hwnd=656348 umsg=70
WINDOWPOSCHANGING
After:hwnd=656348 umsg=70
WINDOWPOSCHANGING
After:hwnd=656348 umsg=70
WINDOWPOSCHANGING
After:hwnd=656348 umsg=70
WINDOWPOSCHANGING
After:hwnd=656348 umsg=70
WINDOWPOSCHANGING
After:hwnd=656348 umsg=70
WINDOWPOSCHANGING
After:hwnd=656348 umsg=70
WINDOWPOSCHANGING
After:hwnd=656348 umsg=70
WINDOWPOSCHANGING
After:hwnd=656348 umsg=70
WINDOWPOSCHANGING
After:hwnd=656348 umsg=70
WINDOWPOSCHANGING
After:hwnd=656348 umsg=70
WINDOWPOSCHANGING
After:hwnd=656348 umsg=70
WINDOWPOSCHANGING
After:hwnd=656348 umsg=70
WINDOWPOSCHANGING
After:hwnd=656348 umsg=70
WINDOWPOSCHANGING
After:hwnd=656348 umsg=70
WINDOWPOSCHANGING
After:hwnd=656348 umsg=70
WINDOWPOSCHANGING
After:hwnd=656348 umsg=70
WINDOWPOSCHANGING
After:hwnd=656348 umsg=70
WINDOWPOSCHANGING
After:hwnd=656348 umsg=70
WINDOWPOSCHANGING
After:hwnd=656348 umsg=70
WINDOWPOSCHANGING
After:hwnd=656348 umsg=70
WINDOWPOSCHANGING
After:hwnd=656348 umsg=70
WINDOWPOSCHANGING
After:hwnd=656348 umsg=70
WINDOWPOSCHANGING
After:hwnd=656348 umsg=70
WINDOWPOSCHANGING
After:hwnd=656348 umsg=70
WINDOWPOSCHANGING
After:hwnd=656348 umsg=70
WINDOWPOSCHANGING
After:hwnd=656348 umsg=70
WINDOWPOSCHANGING
After:hwnd=656348 umsg=70
WINDOWPOSCHANGING
After:hwnd=656348 umsg=70
WINDOWPOSCHANGING
After:hwnd=656348 umsg=70
WINDOWPOSCHANGING
After:hwnd=656348 umsg=70
WINDOWPOSCHANGING
After:hwnd=656348 umsg=70
WINDOWPOSCHANGING
After:hwnd=656348 umsg=70
WINDOWPOSCHANGING
After:hwnd=656348 umsg=70
WINDOWPOSCHANGING
After:hwnd=656348 umsg=70
WINDOWPOSCHANGING
After:hwnd=656348 umsg=70
WINDOWPOSCHANGING
After:hwnd=656348 umsg=70
WINDOWPOSCHANGING
After:hwnd=656348 umsg=70
WINDOWPOSCHANGING
After:hwnd=656348 umsg=70
WINDOWPOSCHANGING
After:hwnd=656348 umsg=70
WINDOWPOSCHANGING
After:hwnd=656348 umsg=70
WINDOWPOSCHANGING
After:hwnd=656348 umsg=70
WINDOWPOSCHANGING
After:hwnd=656348 umsg=70
WINDOWPOSCHANGING
After:hwnd=656348 umsg=70
WINDOWPOSCHANGING
HandleControlEvent, ButtonClick
playing:C:\Users\BC_Programming\AppData\Roaming\BCSearch\Resource\Sound\CLICK.WAV
mousemove button=1,shift=0,x=4,y=165
mousemove button=2,shift=0,x=4,y=165
mousemove button=0,shift=0,x=4,y=165
mousemove button=0,shift=0,x=4,y=165
mousemove button=0,shift=0,x=4,y=165
mousemove button=0,shift=0,x=4,y=165
mousemove button=0,shift=0,x=4,y=165
mousemove button=0,shift=0,x=4,y=165
mousemove button=0,shift=0,x=6,y=165
mousemove button=0,shift=0,x=13,y=163
mousemove button=0,shift=0,x=62,y=158
mousemove button=0,shift=0,x=156,y=158
mousemove button=0,shift=0,x=209,y=155
mousemove button=0,shift=0,x=259,y=147
mousemove button=0,shift=0,x=306,y=139
mousemove button=0,shift=0,x=354,y=132
mousemove button=0,shift=0,x=400,y=120
mousemove button=0,shift=0,x=414,y=115
mousemove button=0,shift=0,x=444,y=105
mousemove button=0,shift=0,x=507,y=80
mousemove button=0,shift=0,x=523,y=73
mousemove button=0,shift=0,x=535,y=67
mousemove button=0,shift=0,x=542,y=64
mousemove button=0,shift=0,x=551,y=58
mousemove button=0,shift=0,x=559,y=55
mousemove button=0,shift=0,x=565,y=51
mousemove button=0,shift=0,x=572,y=47
mousemove button=0,shift=0,x=576,y=44
mousemove button=0,shift=0,x=583,y=39
mousemove button=0,shift=0,x=585,y=38
mousemove button=0,shift=0,x=586,y=37
mousemove button=0,shift=0,x=587,y=36
mousemove button=0,shift=0,x=588,y=35
mousemove button=0,shift=0,x=589,y=35
mousemove button=0,shift=0,x=589,y=35
mousemove button=0,shift=0,x=589,y=35
mousemove button=0,shift=0,x=589,y=35
mousemove button=0,shift=0,x=589,y=35
mousemove button=0,shift=0,x=590,y=35
mousemove button=0,shift=0,x=592,y=34
mousemove button=0,shift=0,x=596,y=32
mousemove button=0,shift=0,x=599,y=31
mousemove button=0,shift=0,x=602,y=30
mousemove button=0,shift=0,x=604,y=29
mousemove button=0,shift=0,x=608,y=28
mousemove button=0,shift=0,x=609,y=27
mousemove button=0,shift=0,x=610,y=26
mousemove button=0,shift=0,x=614,y=25
mousemove button=1,shift=0,x=680,y=27
mousemove button=0,shift=0,x=679,y=27
mousemove button=0,shift=0,x=676,y=30
mousemove button=0,shift=0,x=675,y=32
mousemove button=0,shift=0,x=670,y=36
mousemove button=0,shift=0,x=666,y=41
mousemove button=0,shift=0,x=663,y=46
mousemove button=0,shift=0,x=655,y=52
mousemove button=0,shift=0,x=650,y=57
mousemove button=0,shift=0,x=648,y=59
mousemove button=0,shift=0,x=643,y=63
mousemove button=0,shift=0,x=640,y=67
mousemove button=0,shift=0,x=636,y=70
mousemove button=0,shift=0,x=634,y=73
mousemove button=0,shift=0,x=630,y=76
mousemove button=0,shift=0,x=626,y=80
mousemove button=0,shift=0,x=624,y=83
mousemove button=0,shift=0,x=620,y=87
mousemove button=0,shift=0,x=615,y=90
mousemove button=0,shift=0,x=613,y=92
mousemove button=0,shift=0,x=608,y=95
mousemove button=0,shift=0,x=607,y=97
mousemove button=0,shift=0,x=603,y=100
mousemove button=0,shift=0,x=598,y=102
mousemove button=0,shift=0,x=597,y=103
mousemove button=0,shift=0,x=594,y=105
mousemove button=0,shift=0,x=593,y=105
mousemove button=0,shift=0,x=593,y=105
mousemove button=0,shift=0,x=593,y=105
mousemove button=0,shift=0,x=592,y=105
mousemove button=0,shift=0,x=592,y=105
mousemove button=0,shift=0,x=592,y=105
mousemove button=0,shift=0,x=590,y=105
mousemove button=0,shift=0,x=570,y=102
mousemove button=0,shift=0,x=554,y=98
mousemove button=0,shift=0,x=543,y=96
mousemove button=0,shift=0,x=531,y=93
mousemove button=0,shift=0,x=521,y=90
mousemove button=0,shift=0,x=515,y=88
mousemove button=0,shift=0,x=508,y=86
mousemove button=0,shift=0,x=503,y=85
mousemove button=0,shift=0,x=497,y=83
mousemove button=0,shift=0,x=491,y=81
mousemove button=0,shift=0,x=488,y=80
mousemove button=0,shift=0,x=472,y=75
mousemove button=0,shift=0,x=469,y=75
mousemove button=0,shift=0,x=463,y=73
mousemove button=0,shift=0,x=461,y=72
mousemove button=0,shift=0,x=457,y=70
mousemove button=0,shift=0,x=453,y=69
mousemove button=0,shift=0,x=446,y=67
mousemove button=0,shift=0,x=440,y=66
mousemove button=0,shift=0,x=435,y=65
mousemove button=0,shift=0,x=430,y=63
mousemove button=0,shift=0,x=408,y=56
mousemove button=0,shift=0,x=402,y=54
mousemove button=0,shift=0,x=398,y=52
mousemove button=0,shift=0,x=393,y=50
mousemove button=0,shift=0,x=389,y=50
mousemove button=0,shift=0,x=384,y=48
mousemove button=0,shift=0,x=381,y=47
mousemove button=0,shift=0,x=378,y=46
mousemove button=0,shift=0,x=376,y=45
mousemove button=0,shift=0,x=375,y=45
mousemove button=0,shift=0,x=374,y=44
mousemove button=0,shift=0,x=362,y=42
mousemove button=0,shift=0,x=341,y=37
mousemove button=0,shift=0,x=334,y=36
mousemove button=0,shift=0,x=326,y=34
mousemove button=0,shift=0,x=317,y=32
mousemove button=0,shift=0,x=309,y=30
mousemove button=0,shift=0,x=303,y=28
mousemove button=0,shift=0,x=298,y=27
mousemove button=0,shift=0,x=284,y=24
mousemove button=1,shift=0,x=399,y=24
mousemove button=0,shift=0,x=395,y=30
mousemove button=0,shift=0,x=392,y=36
mousemove button=0,shift=0,x=388,y=42
mousemove button=0,shift=0,x=384,y=48
mousemove button=0,shift=0,x=379,y=53
mousemove button=0,shift=0,x=375,y=58
mousemove button=0,shift=0,x=371,y=63
mousemove button=0,shift=0,x=368,y=68
mousemove button=0,shift=0,x=366,y=72
mousemove button=0,shift=0,x=364,y=77
mousemove button=0,shift=0,x=362,y=78
mousemove button=0,shift=0,x=359,y=85
mousemove button=0,shift=0,x=358,y=86
mousemove button=0,shift=0,x=357,y=87
mousemove button=0,shift=0,x=357,y=89
mousemove button=0,shift=0,x=355,y=90
mousemove button=0,shift=0,x=355,y=91
mousemove button=0,shift=0,x=355,y=92
mousemove button=0,shift=0,x=355,y=93
mousemove button=0,shift=0,x=355,y=93
mousemove button=0,shift=0,x=355,y=93
mousemove button=0,shift=0,x=354,y=93
mousemove button=0,shift=0,x=352,y=93
mousemove button=0,shift=0,x=351,y=92
mousemove button=0,shift=0,x=347,y=92
mousemove button=0,shift=0,x=340,y=92
mousemove button=0,shift=0,x=335,y=90
mousemove button=0,shift=0,x=325,y=90
mousemove button=0,shift=0,x=317,y=89
mousemove button=0,shift=0,x=305,y=88
mousemove button=0,shift=0,x=269,y=86
mousemove button=0,shift=0,x=251,y=87
mousemove button=0,shift=0,x=236,y=89
mousemove button=0,shift=0,x=222,y=90
mousemove button=0,shift=0,x=207,y=91
mousemove button=0,shift=0,x=200,y=92
mousemove button=0,shift=0,x=189,y=92
mousemove button=0,shift=0,x=179,y=93
mousemove button=0,shift=0,x=160,y=95
mousemove button=0,shift=0,x=156,y=95
mousemove button=0,shift=0,x=153,y=95
mousemove button=0,shift=0,x=150,y=95
mousemove button=0,shift=0,x=145,y=96
mousemove button=0,shift=0,x=143,y=96
mousemove button=0,shift=0,x=142,y=96
mousemove button=0,shift=0,x=141,y=97
mousemove button=0,shift=0,x=139,y=98
mousemove button=0,shift=0,x=137,y=98
mousemove button=0,shift=0,x=136,y=98
mousemove button=0,shift=0,x=135,y=98
mousemove button=0,shift=0,x=133,y=98
mousemove button=0,shift=0,x=132,y=98
mousemove button=0,shift=0,x=131,y=98
mousemove button=0,shift=0,x=130,y=98
mousemove button=0,shift=0,x=129,y=98
mousemove button=0,shift=0,x=128,y=98
mousemove button=0,shift=0,x=124,y=99
mousemove button=0,shift=0,x=119,y=100
mousemove button=0,shift=0,x=107,y=101
mousemove button=0,shift=0,x=95,y=102
mousemove button=0,shift=0,x=76,y=103
mousemove button=0,shift=0,x=45,y=107
mousemove button=0,shift=0,x=12,y=110
After:hwnd=656348 umsg=70
WINDOWPOSCHANGING
buttondropdown FILE;MENU::FILE
HandleControlEvent, ButtonDropDown
BEFORESHOWMENU:FILE::SUBMENU
File::SUBMENU
beforeShowMenu end FILE::SUBMENU
HandleControlEvent, BeforeShowMenu
beforeshowmenu:FILE::SUBMENU
playing:C:\Users\BC_Programming\AppData\Roaming\BCSearch\Resource\Sound\SHOWMENU.WAV
HandleControlEvent, Resize
HandleControlEvent, Resize
HandleControlEvent, ButtonHighlight
HandleControlEvent, ButtonHighlight
HandleControlEvent, ButtonHighlight
HandleControlEvent, ButtonHighlight
HandleControlEvent, AfterShowMenu
Clicked: caption=&Exit key=FILE::EXIT TAG=FILE::EXIT
ButtonClick
Persisting Combo/List box- section = PersistProperties.cboLookin...
After:hwnd=656348 umsg=70
WINDOWPOSCHANGING
