BASeCamp CDebug Class Debug Log output.
log at 12/31/2009 on TERATRON as BC_Programming at 03:33.57
################################################################################
System Info for this session:
Environment variables:

ALLUSERSPROFILE=C:\ProgramData
APPDATA=C:\Users\BC_Programming\AppData\Roaming
CG_BOOST_ROOT=C:\Program Files (x86)\CodeGear\RAD Studio\6.0\include\boost_1_35
CommonProgramFiles=C:\Program Files (x86)\Common Files
CommonProgramFiles(x86)=C:\Program Files (x86)\Common Files
CommonProgramW6432=C:\Program Files\Common Files
COMPUTERNAME=TERATRON
ComSpec=C:\Windows\system32\cmd.exe
FP_NO_HOST_CHECK=NO
HOMEDRIVE=C:
HOMEPATH=\Users\BC_Programming
LOCALAPPDATA=C:\Users\BC_Programming\AppData\Local
LOGONSERVER=\\TERATRON
NUMBER_OF_PROCESSORS=4
OPENSSL_CONF=C:\OpenSSL\bin\openssl.cfg
OS=Windows_NT
Path=C:\Python\Scripts;C:\Python\;C:\Program Files (x86)\CodeGear\RAD Studio\6.0\bin;C:\Users\Public\Documents\RAD Studio\6.0\Bpl;C:\Perl\site\bin;C:\Perl\bin;C:\Windows\system32;C:\Windows;C:\Windows\System32\Wbem;C:\Windows\System32\WindowsPowerShell\v1.0\;c:\Program Files (x86)\Microsoft SQL Server\90\Tools\binn\;C:\Program Files (x86)\Microsoft Visual Studio 9.0\VC\bin;C:\Program Files (x86)\Common Files\microsoft shared\MSENV;C:\Program Files (x86)\Common Files\microsoft shared\VSA\9.0\VsaEnv;C:\PROGRA~2\Borland\Delphi6\Bin;C:\PROGRA~2\Borland\Delphi6\Projects\Bpl;C:\Program Files (x86)\Common Files\Autodesk Shared\;C:\Program Files (x86)\backburner 2\;C:\Users\BC_Programming\AppData\Roaming\Python\Scripts;C:\Windows\system32;C:\Windows;C:\Windows\System32\Wbem;C:\Windows\System32\WindowsPowerShell\v1.0\;c:\Program Files (x86)\Microsoft SQL Server\90\Tools\binn\;C:\Program Files (x86)\Microsoft Visual Studio 9.0\VC\bin;C:\Program Files (x86)\Common Files\microsoft shared\MSENV;C:\Program Files (x86)\Common Fi
PATHEXT=.COM;.EXE;.BAT;.CMD;.VBS;.VBE;.JS;.JSE;.WSF;.WSH;.MSC;.py;.pyw
PROCESSOR_ARCHITECTURE=x86
PROCESSOR_ARCHITEW6432=AMD64
PROCESSOR_IDENTIFIER=Intel64 Family 6 Model 23 Stepping 7, GenuineIntel
PROCESSOR_LEVEL=6
PROCESSOR_REVISION=1707
ProgramData=C:\ProgramData
ProgramFiles=C:\Program Files (x86)
ProgramFiles(x86)=C:\Program Files (x86)
ProgramW6432=C:\Program Files
PUBLIC=C:\Users\Public
SystemDrive=C:
SystemRoot=C:\Windows
TEMP=C:\Users\BC_PRO~1\AppData\Local\Temp
TMP=C:\Users\BC_PRO~1\AppData\Local\Temp
USERDOMAIN=TERATRON
USERNAME=BC_Programming
USERPROFILE=C:\Users\BC_Programming
VS90COMNTOOLS=C:\Program Files (x86)\Microsoft Visual Studio 9.0\Common7\Tools\
windir=C:\Windows
__COMPAT_LAYER=RunAsAdmin RunAsAdmin 


################################################################################
***************BEGIN LOG*******************
After:hwnd=659180 umsg=70
WINDOWPOSCHANGING
After:hwnd=659180 umsg=70
WINDOWPOSCHANGING
After:hwnd=659180 umsg=70
WINDOWPOSCHANGING
XML load successful in CXMLLoader::LoadXML
optimal bitdepth is 32 bits.
unrecognized NodeName for commandbar load:SCRIPTS
unrecognized NodeName for commandbar load:
unrecognized NodeName for commandbar load:IMAGELIST
unrecognized NodeName for commandbar load:IMAGELIST
DefClick=C:\Users\BC_Programming\AppData\Roaming\BCSearch\Resource\Sound\CLICK.WAV
Click=C:\Users\BC_Programming\AppData\Roaming\BCSearch\Resource\Sound\CLICK.WAV
picindex=8
Click=C:\Users\BC_Programming\AppData\Roaming\BCSearch\Resource\Sound\CLICK.WAV
picindex=13
Click=C:\Users\BC_Programming\AppData\Roaming\BCSearch\Resource\Sound\CLICK.WAV
picindex=-1
Click=C:\Users\BC_Programming\AppData\Roaming\BCSearch\Resource\Sound\CLICK.WAV
picindex=15
Click=C:\Users\BC_Programming\AppData\Roaming\BCSearch\Resource\Sound\CLICK.WAV
picindex=14
Click=C:\Users\BC_Programming\AppData\Roaming\BCSearch\Resource\Sound\CLICK.WAV
picindex=16
Click=C:\Users\BC_Programming\AppData\Roaming\BCSearch\Resource\Sound\CLICK.WAV
picindex=13
Click=C:\Users\BC_Programming\AppData\Roaming\BCSearch\Resource\Sound\CLICK.WAV
picindex=-1
Click=C:\Users\BC_Programming\AppData\Roaming\BCSearch\Resource\Sound\CLICK.WAV
picindex=17
Click=C:\Users\BC_Programming\AppData\Roaming\BCSearch\Resource\Sound\CLICK.WAV
picindex=11
Click=C:\Users\BC_Programming\AppData\Roaming\BCSearch\Resource\Sound\CLICK.WAV
picindex=18
Click=C:\Users\BC_Programming\AppData\Roaming\BCSearch\Resource\Sound\CLICK.WAV
picindex=25
Click=C:\Users\BC_Programming\AppData\Roaming\BCSearch\Resource\Sound\CLICK.WAV
picindex=17
Click=C:\Users\BC_Programming\AppData\Roaming\BCSearch\Resource\Sound\CLICK.WAV
picindex=26
Click=C:\Users\BC_Programming\AppData\Roaming\BCSearch\Resource\Sound\CLICK.WAV
picindex=27
Click=C:\Users\BC_Programming\AppData\Roaming\BCSearch\Resource\Sound\CLICK.WAV
picindex=28
Click=C:\Users\BC_Programming\AppData\Roaming\BCSearch\Resource\Sound\CLICK.WAV
picindex=29
Click=C:\Users\BC_Programming\AppData\Roaming\BCSearch\Resource\Sound\CLICK.WAV
picindex=8
Click=C:\Users\BC_Programming\AppData\Roaming\BCSearch\Resource\Sound\CLICK.WAV
picindex=-1
HandleControlEvent, Resize
DefClick=C:\Users\BC_Programming\AppData\Roaming\BCSearch\Resource\Sound\CLICK.WAV
Click=C:\Users\BC_Programming\AppData\Roaming\BCSearch\Resource\Sound\CLICK.WAV
picindex=18
Click=C:\Users\BC_Programming\AppData\Roaming\BCSearch\Resource\Sound\CLICK.WAV
picindex=20
Click=C:\Users\BC_Programming\AppData\Roaming\BCSearch\Resource\Sound\CLICK.WAV
picindex=-1
Click=C:\Users\BC_Programming\AppData\Roaming\BCSearch\Resource\Sound\CLICK.WAV
picindex=7
Click=C:\Users\BC_Programming\AppData\Roaming\BCSearch\Resource\Sound\CLICK.WAV
picindex=-1
DefClick=C:\Users\BC_Programming\AppData\Roaming\BCSearch\Resource\Sound\CLICK.WAV
Click=C:\Users\BC_Programming\AppData\Roaming\BCSearch\Resource\Sound\CLICK.WAV
picindex=5
Click=C:\Users\BC_Programming\AppData\Roaming\BCSearch\Resource\Sound\CLICK.WAV
picindex=6
Click=C:\Users\BC_Programming\AppData\Roaming\BCSearch\Resource\Sound\CLICK.WAV
picindex=-1
Click=C:\Users\BC_Programming\AppData\Roaming\BCSearch\Resource\Sound\CLICK.WAV
picindex=-1
Click=C:\Users\BC_Programming\AppData\Roaming\BCSearch\Resource\Sound\CLICK.WAV
picindex=-1
Click=C:\Users\BC_Programming\AppData\Roaming\BCSearch\Resource\Sound\CLICK.WAV
picindex=-1
Click=C:\Users\BC_Programming\AppData\Roaming\BCSearch\Resource\Sound\CLICK.WAV
picindex=-1
Click=C:\Users\BC_Programming\AppData\Roaming\BCSearch\Resource\Sound\CLICK.WAV
picindex=-1
Click=C:\Users\BC_Programming\AppData\Roaming\BCSearch\Resource\Sound\CLICK.WAV
picindex=-1
DefClick=
Click=
picindex=2
Click=
picindex=-1
Click=
picindex=-1
DefClick=C:\Users\BC_Programming\AppData\Roaming\BCSearch\Resource\Sound\CLICK.WAV
Click=C:\Users\BC_Programming\AppData\Roaming\BCSearch\Resource\Sound\CLICK.WAV
picindex=-1
Click=C:\Users\BC_Programming\AppData\Roaming\BCSearch\Resource\Sound\CLICK.WAV
picindex=-1
Click=C:\Users\BC_Programming\AppData\Roaming\BCSearch\Resource\Sound\CLICK.WAV
picindex=1
Click=C:\Users\BC_Programming\AppData\Roaming\BCSearch\Resource\Sound\CLICK.WAV
picindex=-1
Click=C:\Users\BC_Programming\AppData\Roaming\BCSearch\Resource\Sound\CLICK.WAV
picindex=-1
Click=C:\Users\BC_Programming\AppData\Roaming\BCSearch\Resource\Sound\CLICK.WAV
picindex=-1
Click=C:\Users\BC_Programming\AppData\Roaming\BCSearch\Resource\Sound\CLICK.WAV
picindex=-1
Click=C:\Users\BC_Programming\AppData\Roaming\BCSearch\Resource\Sound\CLICK.WAV
picindex=-1
Click=C:\Users\BC_Programming\AppData\Roaming\BCSearch\Resource\Sound\CLICK.WAV
picindex=-1
Click=C:\Users\BC_Programming\AppData\Roaming\BCSearch\Resource\Sound\CLICK.WAV
picindex=11
Click=C:\Users\BC_Programming\AppData\Roaming\BCSearch\Resource\Sound\CLICK.WAV
picindex=12
Click=C:\Users\BC_Programming\AppData\Roaming\BCSearch\Resource\Sound\CLICK.WAV
picindex=-1
Click=C:\Users\BC_Programming\AppData\Roaming\BCSearch\Resource\Sound\CLICK.WAV
picindex=-1
Click=C:\Users\BC_Programming\AppData\Roaming\BCSearch\Resource\Sound\CLICK.WAV
picindex=10
Click=C:\Users\BC_Programming\AppData\Roaming\BCSearch\Resource\Sound\CLICK.WAV
picindex=9
HandleControlEvent, Resize
unrecognized NodeName for commandbar load:TOOLBAR
setting toolbarimagelist(1)...
setting toolbarimagelist(2)...
After:hwnd=659180 umsg=36
After:hwnd=659180 umsg=70
WINDOWPOSCHANGING
HandleControlEvent, Resize
HandleControlEvent, Resize
After:hwnd=659180 umsg=36
After:hwnd=659180 umsg=70
WINDOWPOSCHANGING
Loading Combo/List box- section = PersistProperties.cboLookin...
not duplicating List item.
Clicked: caption=&Add... key=FILTERS::ADD TAG=FILTERS::ADD
ButtonClick
1
Loading Combo/List box- section = PersistProperties.cboFilter...
After:hwnd=659180 umsg=70
WINDOWPOSCHANGING
After:hwnd=659180 umsg=70
WINDOWPOSCHANGING

HandleControlEvent, ButtonClick
playing:C:\Users\BC_Programming\AppData\Roaming\BCSearch\Resource\Sound\CLICK.WAV
not duplicating List item.
Change
Change
Change
Change
Change
Change
Change
Change
0
0
Change
Change
Change
Change
Change
Change
Change
Change
0
0
Persisting Combo/List box- section = PersistProperties.cboSizesuffix.1...
Persisting Combo/List box- section = PersistProperties.cboSizesuffix.0...
Persisting Combo/List box- section = PersistProperties.cboOperation...
Persisting Combo/List box- section = PersistProperties.cboFilter...
Persisting Combo/List box- section = PersistProperties.cboADSThanMultiplier.1...
Persisting Combo/List box- section = PersistProperties.cboADSThanMultiplier.0...
After:hwnd=659180 umsg=70
WINDOWPOSCHANGING
After:hwnd=659180 umsg=70
WINDOWPOSCHANGING
mousemove button=1,shift=0,x=806,y=128
mousemove button=0,shift=0,x=800,y=118
mousemove button=0,shift=0,x=792,y=105
mousemove button=0,shift=0,x=779,y=86
not duplicating List item.
optimal bitdepth is 32 bits.
HandleControlEvent, Resize
mousemove button=0,shift=0,x=95,y=26
mousemove button=0,shift=0,x=96,y=26
mousemove button=0,shift=0,x=100,y=27
mousemove button=0,shift=0,x=101,y=28
mousemove button=0,shift=0,x=102,y=28
mousemove button=0,shift=0,x=104,y=29
mousemove button=0,shift=0,x=103,y=28
mousemove button=0,shift=0,x=103,y=28
mousemove button=0,shift=0,x=102,y=28
mousemove button=0,shift=0,x=101,y=27
mousemove button=0,shift=0,x=100,y=27
mousemove button=0,shift=0,x=99,y=26
mousemove button=0,shift=0,x=97,y=26
mousemove button=0,shift=0,x=97,y=25
mousemove button=0,shift=0,x=95,y=25
mousemove button=0,shift=0,x=92,y=25
mouseup button=0,shift=0,x=56,y=12
C:\.rnd
setting menuimagelist to 227961880
New Control Instance Obtained:659030
HandleControlEvent, RequestNewInstance
BEFORESHOWMENU:VIEW::SUBMENU
beforeShowMenu end VIEW::SUBMENU
HandleControlEvent, BeforeShowMenu
beforeshowmenu:VIEW::SUBMENU
playing:C:\Users\BC_Programming\AppData\Roaming\BCSearch\Resource\Sound\SHOWMENU.WAV
HandleControlEvent, Resize
HandleControlEvent, Resize
HandleControlEvent, ButtonHighlight
HandleControlEvent, ButtonHighlight
HandleControlEvent, ButtonHighlight
HandleControlEvent, ButtonHighlight
HandleControlEvent, ButtonHighlight
HandleControlEvent, ButtonHighlight
HandleControlEvent, ButtonHighlight
HandleControlEvent, ButtonHighlight
mousemove button=2,shift=0,x=126,y=186
HandleControlEvent, ButtonHighlight
HandleControlEvent, ButtonHighlight
HandleControlEvent, AfterShowMenu
Clicked: caption=&Size Columns to fit key=VIEW::SIZEFIT TAG=VIEW::SIZEFIT
ButtonClick
After:hwnd=659180 umsg=70
WINDOWPOSCHANGING
After:hwnd=659180 umsg=70
WINDOWPOSCHANGING
After:hwnd=659180 umsg=70
WINDOWPOSCHANGING
After:hwnd=659180 umsg=70
WINDOWPOSCHANGING
After:hwnd=659180 umsg=70
WINDOWPOSCHANGING
After:hwnd=659180 umsg=70
WINDOWPOSCHANGING
After:hwnd=659180 umsg=70
WINDOWPOSCHANGING
After:hwnd=659180 umsg=70
WINDOWPOSCHANGING
After:hwnd=659180 umsg=70
WINDOWPOSCHANGING
After:hwnd=659180 umsg=70
WINDOWPOSCHANGING
After:hwnd=659180 umsg=70
WINDOWPOSCHANGING
After:hwnd=659180 umsg=70
WINDOWPOSCHANGING
After:hwnd=659180 umsg=70
WINDOWPOSCHANGING
After:hwnd=659180 umsg=70
WINDOWPOSCHANGING
After:hwnd=659180 umsg=70
WINDOWPOSCHANGING
After:hwnd=659180 umsg=70
WINDOWPOSCHANGING
After:hwnd=659180 umsg=70
WINDOWPOSCHANGING
After:hwnd=659180 umsg=70
WINDOWPOSCHANGING
After:hwnd=659180 umsg=70
WINDOWPOSCHANGING
After:hwnd=659180 umsg=70
WINDOWPOSCHANGING
After:hwnd=659180 umsg=70
WINDOWPOSCHANGING
After:hwnd=659180 umsg=70
WINDOWPOSCHANGING
After:hwnd=659180 umsg=70
WINDOWPOSCHANGING
After:hwnd=659180 umsg=70
WINDOWPOSCHANGING
After:hwnd=659180 umsg=70
WINDOWPOSCHANGING
After:hwnd=659180 umsg=70
WINDOWPOSCHANGING
After:hwnd=659180 umsg=70
WINDOWPOSCHANGING
After:hwnd=659180 umsg=70
WINDOWPOSCHANGING
After:hwnd=659180 umsg=70
WINDOWPOSCHANGING
After:hwnd=659180 umsg=70
WINDOWPOSCHANGING
After:hwnd=659180 umsg=70
WINDOWPOSCHANGING
After:hwnd=659180 umsg=70
WINDOWPOSCHANGING
After:hwnd=659180 umsg=70
WINDOWPOSCHANGING
After:hwnd=659180 umsg=70
WINDOWPOSCHANGING
After:hwnd=659180 umsg=70
WINDOWPOSCHANGING
After:hwnd=659180 umsg=70
WINDOWPOSCHANGING
After:hwnd=659180 umsg=70
WINDOWPOSCHANGING
After:hwnd=659180 umsg=70
WINDOWPOSCHANGING
After:hwnd=659180 umsg=70
WINDOWPOSCHANGING
After:hwnd=659180 umsg=70
WINDOWPOSCHANGING
After:hwnd=659180 umsg=70
WINDOWPOSCHANGING
After:hwnd=659180 umsg=70
WINDOWPOSCHANGING
After:hwnd=659180 umsg=70
WINDOWPOSCHANGING
After:hwnd=659180 umsg=70
WINDOWPOSCHANGING
After:hwnd=659180 umsg=70
WINDOWPOSCHANGING
After:hwnd=659180 umsg=70
WINDOWPOSCHANGING
After:hwnd=659180 umsg=70
WINDOWPOSCHANGING
After:hwnd=659180 umsg=70
WINDOWPOSCHANGING
After:hwnd=659180 umsg=70
WINDOWPOSCHANGING
After:hwnd=659180 umsg=70
WINDOWPOSCHANGING
After:hwnd=659180 umsg=70
WINDOWPOSCHANGING
After:hwnd=659180 umsg=70
WINDOWPOSCHANGING
After:hwnd=659180 umsg=70
WINDOWPOSCHANGING
After:hwnd=659180 umsg=70
WINDOWPOSCHANGING
After:hwnd=659180 umsg=70
WINDOWPOSCHANGING
After:hwnd=659180 umsg=70
WINDOWPOSCHANGING
After:hwnd=659180 umsg=70
WINDOWPOSCHANGING
After:hwnd=659180 umsg=70
WINDOWPOSCHANGING
After:hwnd=659180 umsg=70
WINDOWPOSCHANGING
After:hwnd=659180 umsg=70
WINDOWPOSCHANGING
After:hwnd=659180 umsg=70
WINDOWPOSCHANGING
After:hwnd=659180 umsg=70
WINDOWPOSCHANGING
After:hwnd=659180 umsg=70
WINDOWPOSCHANGING
After:hwnd=659180 umsg=70
WINDOWPOSCHANGING
After:hwnd=659180 umsg=70
WINDOWPOSCHANGING
After:hwnd=659180 umsg=70
WINDOWPOSCHANGING
After:hwnd=659180 umsg=70
WINDOWPOSCHANGING
After:hwnd=659180 umsg=70
WINDOWPOSCHANGING
After:hwnd=659180 umsg=70
WINDOWPOSCHANGING
After:hwnd=659180 umsg=70
WINDOWPOSCHANGING
After:hwnd=659180 umsg=70
WINDOWPOSCHANGING
After:hwnd=659180 umsg=70
WINDOWPOSCHANGING
After:hwnd=659180 umsg=70
WINDOWPOSCHANGING
After:hwnd=659180 umsg=70
WINDOWPOSCHANGING
After:hwnd=659180 umsg=70
WINDOWPOSCHANGING
After:hwnd=659180 umsg=70
WINDOWPOSCHANGING
After:hwnd=659180 umsg=70
WINDOWPOSCHANGING
After:hwnd=659180 umsg=70
WINDOWPOSCHANGING
After:hwnd=659180 umsg=70
WINDOWPOSCHANGING
After:hwnd=659180 umsg=70
WINDOWPOSCHANGING
After:hwnd=659180 umsg=70
WINDOWPOSCHANGING
After:hwnd=659180 umsg=70
WINDOWPOSCHANGING
After:hwnd=659180 umsg=70
WINDOWPOSCHANGING
After:hwnd=659180 umsg=70
WINDOWPOSCHANGING
After:hwnd=659180 umsg=70
WINDOWPOSCHANGING
After:hwnd=659180 umsg=70
WINDOWPOSCHANGING
After:hwnd=659180 umsg=70
WINDOWPOSCHANGING
After:hwnd=659180 umsg=70
WINDOWPOSCHANGING
After:hwnd=659180 umsg=70
WINDOWPOSCHANGING
After:hwnd=659180 umsg=70
WINDOWPOSCHANGING
After:hwnd=659180 umsg=70
WINDOWPOSCHANGING
After:hwnd=659180 umsg=70
WINDOWPOSCHANGING
After:hwnd=659180 umsg=70
WINDOWPOSCHANGING
After:hwnd=659180 umsg=70
WINDOWPOSCHANGING
After:hwnd=659180 umsg=70
WINDOWPOSCHANGING
After:hwnd=659180 umsg=70
WINDOWPOSCHANGING
After:hwnd=659180 umsg=70
WINDOWPOSCHANGING
After:hwnd=659180 umsg=70
WINDOWPOSCHANGING
After:hwnd=659180 umsg=70
WINDOWPOSCHANGING
After:hwnd=659180 umsg=70
WINDOWPOSCHANGING
After:hwnd=659180 umsg=70
WINDOWPOSCHANGING
After:hwnd=659180 umsg=70
WINDOWPOSCHANGING
After:hwnd=659180 umsg=70
WINDOWPOSCHANGING
After:hwnd=659180 umsg=70
WINDOWPOSCHANGING
After:hwnd=659180 umsg=70
WINDOWPOSCHANGING
After:hwnd=659180 umsg=70
WINDOWPOSCHANGING
After:hwnd=659180 umsg=70
WINDOWPOSCHANGING
After:hwnd=659180 umsg=70
WINDOWPOSCHANGING
After:hwnd=659180 umsg=70
WINDOWPOSCHANGING
After:hwnd=659180 umsg=70
WINDOWPOSCHANGING
After:hwnd=659180 umsg=70
WINDOWPOSCHANGING
After:hwnd=659180 umsg=70
WINDOWPOSCHANGING
After:hwnd=659180 umsg=70
WINDOWPOSCHANGING
After:hwnd=659180 umsg=70
WINDOWPOSCHANGING
After:hwnd=659180 umsg=70
WINDOWPOSCHANGING
After:hwnd=659180 umsg=70
WINDOWPOSCHANGING
After:hwnd=659180 umsg=70
WINDOWPOSCHANGING
After:hwnd=659180 umsg=70
WINDOWPOSCHANGING
After:hwnd=659180 umsg=70
WINDOWPOSCHANGING
After:hwnd=659180 umsg=70
WINDOWPOSCHANGING
After:hwnd=659180 umsg=70
WINDOWPOSCHANGING
After:hwnd=659180 umsg=70
WINDOWPOSCHANGING
After:hwnd=659180 umsg=70
WINDOWPOSCHANGING
After:hwnd=659180 umsg=70
WINDOWPOSCHANGING
After:hwnd=659180 umsg=70
WINDOWPOSCHANGING
After:hwnd=659180 umsg=70
WINDOWPOSCHANGING
After:hwnd=659180 umsg=70
WINDOWPOSCHANGING
After:hwnd=659180 umsg=70
WINDOWPOSCHANGING
After:hwnd=659180 umsg=70
WINDOWPOSCHANGING
After:hwnd=659180 umsg=70
WINDOWPOSCHANGING
After:hwnd=659180 umsg=70
WINDOWPOSCHANGING
After:hwnd=659180 umsg=70
WINDOWPOSCHANGING
After:hwnd=659180 umsg=70
WINDOWPOSCHANGING
After:hwnd=659180 umsg=70
WINDOWPOSCHANGING
After:hwnd=659180 umsg=70
WINDOWPOSCHANGING
After:hwnd=659180 umsg=70
WINDOWPOSCHANGING
After:hwnd=659180 umsg=70
WINDOWPOSCHANGING
After:hwnd=659180 umsg=70
WINDOWPOSCHANGING
After:hwnd=659180 umsg=70
WINDOWPOSCHANGING
After:hwnd=659180 umsg=70
WINDOWPOSCHANGING
After:hwnd=659180 umsg=70
WINDOWPOSCHANGING
After:hwnd=659180 umsg=70
WINDOWPOSCHANGING
After:hwnd=659180 umsg=70
WINDOWPOSCHANGING
After:hwnd=659180 umsg=70
WINDOWPOSCHANGING
After:hwnd=659180 umsg=70
WINDOWPOSCHANGING
After:hwnd=659180 umsg=70
WINDOWPOSCHANGING
After:hwnd=659180 umsg=70
WINDOWPOSCHANGING
After:hwnd=659180 umsg=70
WINDOWPOSCHANGING
After:hwnd=659180 umsg=70
WINDOWPOSCHANGING
After:hwnd=659180 umsg=70
WINDOWPOSCHANGING
After:hwnd=659180 umsg=70
WINDOWPOSCHANGING
After:hwnd=659180 umsg=70
WINDOWPOSCHANGING
After:hwnd=659180 umsg=70
WINDOWPOSCHANGING
After:hwnd=659180 umsg=70
WINDOWPOSCHANGING
After:hwnd=659180 umsg=70
WINDOWPOSCHANGING
After:hwnd=659180 umsg=70
WINDOWPOSCHANGING
After:hwnd=659180 umsg=70
WINDOWPOSCHANGING
After:hwnd=659180 umsg=70
WINDOWPOSCHANGING
After:hwnd=659180 umsg=70
WINDOWPOSCHANGING
After:hwnd=659180 umsg=70
WINDOWPOSCHANGING
After:hwnd=659180 umsg=70
WINDOWPOSCHANGING
After:hwnd=659180 umsg=70
WINDOWPOSCHANGING
After:hwnd=659180 umsg=70
WINDOWPOSCHANGING
After:hwnd=659180 umsg=70
WINDOWPOSCHANGING
After:hwnd=659180 umsg=70
WINDOWPOSCHANGING
After:hwnd=659180 umsg=70
WINDOWPOSCHANGING
After:hwnd=659180 umsg=70
WINDOWPOSCHANGING
After:hwnd=659180 umsg=70
WINDOWPOSCHANGING
After:hwnd=659180 umsg=70
WINDOWPOSCHANGING
After:hwnd=659180 umsg=70
WINDOWPOSCHANGING
After:hwnd=659180 umsg=70
WINDOWPOSCHANGING
After:hwnd=659180 umsg=70
WINDOWPOSCHANGING
After:hwnd=659180 umsg=70
WINDOWPOSCHANGING
After:hwnd=659180 umsg=70
WINDOWPOSCHANGING
After:hwnd=659180 umsg=70
WINDOWPOSCHANGING
After:hwnd=659180 umsg=70
WINDOWPOSCHANGING
After:hwnd=659180 umsg=70
WINDOWPOSCHANGING
After:hwnd=659180 umsg=70
WINDOWPOSCHANGING
After:hwnd=659180 umsg=70
WINDOWPOSCHANGING
After:hwnd=659180 umsg=70
WINDOWPOSCHANGING
After:hwnd=659180 umsg=70
WINDOWPOSCHANGING
After:hwnd=659180 umsg=70
WINDOWPOSCHANGING
After:hwnd=659180 umsg=70
WINDOWPOSCHANGING
HandleControlEvent, ButtonClick
playing:C:\Users\BC_Programming\AppData\Roaming\BCSearch\Resource\Sound\CLICK.WAV
mousemove button=1,shift=0,x=344,y=28
mousemove button=0,shift=0,x=344,y=28
mousemove button=0,shift=0,x=344,y=28
mousemove button=0,shift=0,x=344,y=28
mousemove button=0,shift=0,x=344,y=28
mousemove button=0,shift=0,x=344,y=28
mousemove button=0,shift=0,x=343,y=28
mousemove button=0,shift=0,x=343,y=29
mousemove button=0,shift=0,x=341,y=30
mousemove button=0,shift=0,x=341,y=31
mousemove button=0,shift=0,x=339,y=34
mousemove button=0,shift=0,x=337,y=37
mousemove button=0,shift=0,x=333,y=42
mousemove button=0,shift=0,x=331,y=44
mousemove button=0,shift=0,x=330,y=48
mousemove button=0,shift=0,x=328,y=51
mousemove button=0,shift=0,x=326,y=55
mousemove button=0,shift=0,x=326,y=58
mousemove button=0,shift=0,x=321,y=68
mousemove button=0,shift=0,x=320,y=72
mousemove button=0,shift=0,x=319,y=78
mousemove button=0,shift=0,x=318,y=83
mousemove button=0,shift=0,x=317,y=88
mousemove button=0,shift=0,x=317,y=93
mousemove button=0,shift=0,x=317,y=97
mousemove button=0,shift=0,x=316,y=100
mousemove button=0,shift=0,x=316,y=103
mousemove button=0,shift=0,x=316,y=105
mousemove button=0,shift=0,x=316,y=109
mousemove button=0,shift=0,x=316,y=113
mousemove button=0,shift=0,x=316,y=119
mousemove button=0,shift=0,x=318,y=132
mousemove button=0,shift=0,x=319,y=139
mousemove button=0,shift=0,x=324,y=161
mousemove button=0,shift=0,x=328,y=182
mousemove button=0,shift=0,x=329,y=190
mousemove button=0,shift=0,x=330,y=198
mousemove button=0,shift=0,x=332,y=208
mousemove button=0,shift=0,x=335,y=217
mousemove button=0,shift=0,x=337,y=229
mousemove button=0,shift=0,x=340,y=240
mousemove button=0,shift=0,x=342,y=252
mousemove button=0,shift=0,x=349,y=278
mousemove button=0,shift=0,x=352,y=290
mousemove button=0,shift=0,x=355,y=304
mousemove button=0,shift=0,x=358,y=315
mousemove button=0,shift=0,x=361,y=324
mousemove button=0,shift=0,x=364,y=332
mousemove button=0,shift=0,x=365,y=338
mousemove button=0,shift=0,x=366,y=341
mousemove button=0,shift=0,x=367,y=344
mousemove button=0,shift=0,x=367,y=347
mousemove button=0,shift=0,x=367,y=350
mousemove button=0,shift=0,x=367,y=351
mousemove button=0,shift=0,x=366,y=353
mousemove button=0,shift=0,x=364,y=360
mousemove button=0,shift=0,x=362,y=365
mousemove button=0,shift=0,x=361,y=368
mousemove button=1,shift=0,x=255,y=374
mousemove button=0,shift=0,x=256,y=371
mousemove button=0,shift=0,x=257,y=364
mousemove button=0,shift=0,x=259,y=361
mousemove button=0,shift=0,x=260,y=356
mousemove button=0,shift=0,x=261,y=351
mousemove button=0,shift=0,x=263,y=345
mousemove button=0,shift=0,x=263,y=341
mousemove button=0,shift=0,x=266,y=327
mousemove button=0,shift=0,x=270,y=284
mousemove button=0,shift=0,x=270,y=274
mousemove button=0,shift=0,x=270,y=265
mousemove button=0,shift=0,x=267,y=232
mousemove button=0,shift=0,x=265,y=220
mousemove button=0,shift=0,x=264,y=210
mousemove button=0,shift=0,x=263,y=204
mousemove button=0,shift=0,x=262,y=200
mousemove button=0,shift=0,x=262,y=199
mousemove button=0,shift=0,x=261,y=198
mousemove button=0,shift=0,x=261,y=197
mousemove button=0,shift=0,x=260,y=193
mousemove button=0,shift=0,x=258,y=189
mousemove button=0,shift=0,x=257,y=184
mousemove button=0,shift=0,x=256,y=179
mousemove button=0,shift=0,x=256,y=179
mousemove button=0,shift=0,x=255,y=177
mousemove button=0,shift=0,x=255,y=175
mousemove button=0,shift=0,x=255,y=173
mousemove button=0,shift=0,x=255,y=172
mousemove button=0,shift=0,x=255,y=167
mousemove button=0,shift=0,x=257,y=161
mousemove button=0,shift=0,x=259,y=154
mousemove button=0,shift=0,x=264,y=140
mousemove button=0,shift=0,x=267,y=131
mousemove button=0,shift=0,x=269,y=121
mousemove button=0,shift=0,x=273,y=110
mousemove button=0,shift=0,x=276,y=98
mousemove button=0,shift=0,x=285,y=64
mousemove button=0,shift=0,x=287,y=53
mousemove button=0,shift=0,x=289,y=42
mousemove button=0,shift=0,x=291,y=35
mousemove button=0,shift=0,x=292,y=25
mousemove button=1,shift=0,x=346,y=25
mousemove button=0,shift=0,x=352,y=27
mousemove button=0,shift=0,x=355,y=27
mousemove button=0,shift=0,x=358,y=28
mousemove button=0,shift=0,x=361,y=29
mousemove button=0,shift=0,x=362,y=29
mousemove button=0,shift=0,x=363,y=29
mousemove button=0,shift=0,x=364,y=29
mousemove button=0,shift=0,x=365,y=29
mousemove button=0,shift=0,x=366,y=29
mousemove button=0,shift=0,x=369,y=30
mousemove button=0,shift=0,x=370,y=30
mousemove button=0,shift=0,x=370,y=30
mousemove button=0,shift=0,x=368,y=30
mousemove button=0,shift=0,x=363,y=28
mousemove button=0,shift=0,x=362,y=28
mousemove button=0,shift=0,x=359,y=26
mousemove button=0,shift=0,x=356,y=26
mousemove button=0,shift=0,x=354,y=26
mousemove button=0,shift=0,x=352,y=25
mousemove button=0,shift=0,x=351,y=24
mousemove button=0,shift=0,x=349,y=24
mousemove button=0,shift=0,x=348,y=24
mousemove button=0,shift=0,x=346,y=24
mouseup button=0,shift=0,x=165,y=17
C:\VC_RED.cab
BEFORESHOWMENU:VIEW::SUBMENU
beforeShowMenu end VIEW::SUBMENU
HandleControlEvent, BeforeShowMenu
beforeshowmenu:VIEW::SUBMENU
playing:C:\Users\BC_Programming\AppData\Roaming\BCSearch\Resource\Sound\SHOWMENU.WAV
HandleControlEvent, ButtonHighlight
HandleControlEvent, ButtonHighlight
HandleControlEvent, ButtonHighlight
HandleControlEvent, ButtonHighlight
HandleControlEvent, ButtonHighlight
HandleControlEvent, ButtonHighlight
HandleControlEvent, ButtonHighlight
HandleControlEvent, ButtonHighlight
HandleControlEvent, AfterShowMenu
Clicked: caption=&Size Columns to fit key=VIEW::SIZEFIT TAG=VIEW::SIZEFIT
ButtonClick
HandleControlEvent, ButtonClick
playing:C:\Users\BC_Programming\AppData\Roaming\BCSearch\Resource\Sound\CLICK.WAV
mousemove button=1,shift=0,x=237,y=175
mousemove button=2,shift=0,x=237,y=175
mousemove button=0,shift=0,x=237,y=174
mousemove button=0,shift=0,x=238,y=172
mousemove button=0,shift=0,x=240,y=169
mousemove button=0,shift=0,x=244,y=165
mousemove button=0,shift=0,x=246,y=158
mousemove button=0,shift=0,x=250,y=149
mousemove button=0,shift=0,x=255,y=140
mousemove button=0,shift=0,x=278,y=97
mousemove button=0,shift=0,x=291,y=73
mousemove button=0,shift=0,x=297,y=65
mousemove button=0,shift=0,x=310,y=46
mousemove button=0,shift=0,x=321,y=29
buttondropdown FILE;MENU::FILE
HandleControlEvent, ButtonDropDown
BEFORESHOWMENU:FILE::SUBMENU
File::SUBMENU
beforeShowMenu end FILE::SUBMENU
HandleControlEvent, BeforeShowMenu
beforeshowmenu:FILE::SUBMENU
playing:C:\Users\BC_Programming\AppData\Roaming\BCSearch\Resource\Sound\SHOWMENU.WAV
HandleControlEvent, Resize
HandleControlEvent, Resize
HandleControlEvent, ButtonHighlight
HandleControlEvent, ButtonHighlight
HandleControlEvent, ButtonHighlight
HandleControlEvent, ButtonHighlight
HandleControlEvent, ButtonHighlight
HandleControlEvent, AfterShowMenu
Clicked: caption=&Exit key=FILE::EXIT TAG=FILE::EXIT
ButtonClick
Persisting Combo/List box- section = PersistProperties.cboLookin...
After:hwnd=659180 umsg=70
WINDOWPOSCHANGING
