BASeCamp CDebug Class Debug Log output.
log at 12/31/2009 on TERATRON as BC_Programming at 03:19.33
################################################################################
System Info for this session:
Environment variables:

ALLUSERSPROFILE=C:\ProgramData
APPDATA=C:\Users\BC_Programming\AppData\Roaming
CG_BOOST_ROOT=C:\Program Files (x86)\CodeGear\RAD Studio\6.0\include\boost_1_35
CommonProgramFiles=C:\Program Files (x86)\Common Files
CommonProgramFiles(x86)=C:\Program Files (x86)\Common Files
CommonProgramW6432=C:\Program Files\Common Files
COMPUTERNAME=TERATRON
ComSpec=C:\Windows\system32\cmd.exe
FP_NO_HOST_CHECK=NO
HOMEDRIVE=C:
HOMEPATH=\Users\BC_Programming
LOCALAPPDATA=C:\Users\BC_Programming\AppData\Local
LOGONSERVER=\\TERATRON
NUMBER_OF_PROCESSORS=4
OPENSSL_CONF=C:\OpenSSL\bin\openssl.cfg
OS=Windows_NT
Path=C:\Python\Scripts;C:\Python\;C:\Program Files (x86)\CodeGear\RAD Studio\6.0\bin;C:\Users\Public\Documents\RAD Studio\6.0\Bpl;C:\Perl\site\bin;C:\Perl\bin;C:\Windows\system32;C:\Windows;C:\Windows\System32\Wbem;C:\Windows\System32\WindowsPowerShell\v1.0\;c:\Program Files (x86)\Microsoft SQL Server\90\Tools\binn\;C:\Program Files (x86)\Microsoft Visual Studio 9.0\VC\bin;C:\Program Files (x86)\Common Files\microsoft shared\MSENV;C:\Program Files (x86)\Common Files\microsoft shared\VSA\9.0\VsaEnv;C:\PROGRA~2\Borland\Delphi6\Bin;C:\PROGRA~2\Borland\Delphi6\Projects\Bpl;C:\Program Files (x86)\Common Files\Autodesk Shared\;C:\Program Files (x86)\backburner 2\;C:\Users\BC_Programming\AppData\Roaming\Python\Scripts;C:\Windows\system32;C:\Windows;C:\Windows\System32\Wbem;C:\Windows\System32\WindowsPowerShell\v1.0\;c:\Program Files (x86)\Microsoft SQL Server\90\Tools\binn\;C:\Program Files (x86)\Microsoft Visual Studio 9.0\VC\bin;C:\Program Files (x86)\Common Files\microsoft shared\MSENV;C:\Program Files (x86)\Common Fi
PATHEXT=.COM;.EXE;.BAT;.CMD;.VBS;.VBE;.JS;.JSE;.WSF;.WSH;.MSC;.py;.pyw
PROCESSOR_ARCHITECTURE=x86
PROCESSOR_ARCHITEW6432=AMD64
PROCESSOR_IDENTIFIER=Intel64 Family 6 Model 23 Stepping 7, GenuineIntel
PROCESSOR_LEVEL=6
PROCESSOR_REVISION=1707
ProgramData=C:\ProgramData
ProgramFiles=C:\Program Files (x86)
ProgramFiles(x86)=C:\Program Files (x86)
ProgramW6432=C:\Program Files
PUBLIC=C:\Users\Public
SystemDrive=C:
SystemRoot=C:\Windows
TEMP=C:\Users\BC_PRO~1\AppData\Local\Temp
TMP=C:\Users\BC_PRO~1\AppData\Local\Temp
USERDOMAIN=TERATRON
USERNAME=BC_Programming
USERPROFILE=C:\Users\BC_Programming
VS90COMNTOOLS=C:\Program Files (x86)\Microsoft Visual Studio 9.0\Common7\Tools\
windir=C:\Windows
__COMPAT_LAYER=RunAsAdmin RunAsAdmin 


################################################################################
***************BEGIN LOG*******************
After:hwnd=1118470 umsg=70
WINDOWPOSCHANGING
After:hwnd=1118470 umsg=70
WINDOWPOSCHANGING
After:hwnd=1118470 umsg=70
WINDOWPOSCHANGING
XML load successful in CXMLLoader::LoadXML
optimal bitdepth is 32 bits.
unrecognized NodeName for commandbar load:SCRIPTS
unrecognized NodeName for commandbar load:
unrecognized NodeName for commandbar load:IMAGELIST
unrecognized NodeName for commandbar load:IMAGELIST
DefClick=C:\Users\BC_Programming\AppData\Roaming\BCSearch\Resource\Sound\CLICK.WAV
Click=C:\Users\BC_Programming\AppData\Roaming\BCSearch\Resource\Sound\CLICK.WAV
picindex=8
Click=C:\Users\BC_Programming\AppData\Roaming\BCSearch\Resource\Sound\CLICK.WAV
picindex=13
Click=C:\Users\BC_Programming\AppData\Roaming\BCSearch\Resource\Sound\CLICK.WAV
picindex=-1
Click=C:\Users\BC_Programming\AppData\Roaming\BCSearch\Resource\Sound\CLICK.WAV
picindex=15
Click=C:\Users\BC_Programming\AppData\Roaming\BCSearch\Resource\Sound\CLICK.WAV
picindex=14
Click=C:\Users\BC_Programming\AppData\Roaming\BCSearch\Resource\Sound\CLICK.WAV
picindex=16
Click=C:\Users\BC_Programming\AppData\Roaming\BCSearch\Resource\Sound\CLICK.WAV
picindex=13
Click=C:\Users\BC_Programming\AppData\Roaming\BCSearch\Resource\Sound\CLICK.WAV
picindex=-1
Click=C:\Users\BC_Programming\AppData\Roaming\BCSearch\Resource\Sound\CLICK.WAV
picindex=17
Click=C:\Users\BC_Programming\AppData\Roaming\BCSearch\Resource\Sound\CLICK.WAV
picindex=11
Click=C:\Users\BC_Programming\AppData\Roaming\BCSearch\Resource\Sound\CLICK.WAV
picindex=18
Click=C:\Users\BC_Programming\AppData\Roaming\BCSearch\Resource\Sound\CLICK.WAV
picindex=25
Click=C:\Users\BC_Programming\AppData\Roaming\BCSearch\Resource\Sound\CLICK.WAV
picindex=17
Click=C:\Users\BC_Programming\AppData\Roaming\BCSearch\Resource\Sound\CLICK.WAV
picindex=26
Click=C:\Users\BC_Programming\AppData\Roaming\BCSearch\Resource\Sound\CLICK.WAV
picindex=27
Click=C:\Users\BC_Programming\AppData\Roaming\BCSearch\Resource\Sound\CLICK.WAV
picindex=28
Click=C:\Users\BC_Programming\AppData\Roaming\BCSearch\Resource\Sound\CLICK.WAV
picindex=29
Click=C:\Users\BC_Programming\AppData\Roaming\BCSearch\Resource\Sound\CLICK.WAV
picindex=8
Click=C:\Users\BC_Programming\AppData\Roaming\BCSearch\Resource\Sound\CLICK.WAV
picindex=-1
HandleControlEvent, Resize
DefClick=C:\Users\BC_Programming\AppData\Roaming\BCSearch\Resource\Sound\CLICK.WAV
Click=C:\Users\BC_Programming\AppData\Roaming\BCSearch\Resource\Sound\CLICK.WAV
picindex=18
Click=C:\Users\BC_Programming\AppData\Roaming\BCSearch\Resource\Sound\CLICK.WAV
picindex=20
Click=C:\Users\BC_Programming\AppData\Roaming\BCSearch\Resource\Sound\CLICK.WAV
picindex=-1
Click=C:\Users\BC_Programming\AppData\Roaming\BCSearch\Resource\Sound\CLICK.WAV
picindex=7
Click=C:\Users\BC_Programming\AppData\Roaming\BCSearch\Resource\Sound\CLICK.WAV
picindex=-1
DefClick=C:\Users\BC_Programming\AppData\Roaming\BCSearch\Resource\Sound\CLICK.WAV
Click=C:\Users\BC_Programming\AppData\Roaming\BCSearch\Resource\Sound\CLICK.WAV
picindex=5
Click=C:\Users\BC_Programming\AppData\Roaming\BCSearch\Resource\Sound\CLICK.WAV
picindex=6
Click=C:\Users\BC_Programming\AppData\Roaming\BCSearch\Resource\Sound\CLICK.WAV
picindex=-1
Click=C:\Users\BC_Programming\AppData\Roaming\BCSearch\Resource\Sound\CLICK.WAV
picindex=-1
Click=C:\Users\BC_Programming\AppData\Roaming\BCSearch\Resource\Sound\CLICK.WAV
picindex=-1
Click=C:\Users\BC_Programming\AppData\Roaming\BCSearch\Resource\Sound\CLICK.WAV
picindex=-1
Click=C:\Users\BC_Programming\AppData\Roaming\BCSearch\Resource\Sound\CLICK.WAV
picindex=-1
Click=C:\Users\BC_Programming\AppData\Roaming\BCSearch\Resource\Sound\CLICK.WAV
picindex=-1
Click=C:\Users\BC_Programming\AppData\Roaming\BCSearch\Resource\Sound\CLICK.WAV
picindex=-1
DefClick=
Click=
picindex=2
Click=
picindex=-1
Click=
picindex=-1
DefClick=C:\Users\BC_Programming\AppData\Roaming\BCSearch\Resource\Sound\CLICK.WAV
Click=C:\Users\BC_Programming\AppData\Roaming\BCSearch\Resource\Sound\CLICK.WAV
picindex=-1
Click=C:\Users\BC_Programming\AppData\Roaming\BCSearch\Resource\Sound\CLICK.WAV
picindex=-1
Click=C:\Users\BC_Programming\AppData\Roaming\BCSearch\Resource\Sound\CLICK.WAV
picindex=1
Click=C:\Users\BC_Programming\AppData\Roaming\BCSearch\Resource\Sound\CLICK.WAV
picindex=-1
Click=C:\Users\BC_Programming\AppData\Roaming\BCSearch\Resource\Sound\CLICK.WAV
picindex=-1
Click=C:\Users\BC_Programming\AppData\Roaming\BCSearch\Resource\Sound\CLICK.WAV
picindex=-1
Click=C:\Users\BC_Programming\AppData\Roaming\BCSearch\Resource\Sound\CLICK.WAV
picindex=-1
Click=C:\Users\BC_Programming\AppData\Roaming\BCSearch\Resource\Sound\CLICK.WAV
picindex=-1
Click=C:\Users\BC_Programming\AppData\Roaming\BCSearch\Resource\Sound\CLICK.WAV
picindex=-1
Click=C:\Users\BC_Programming\AppData\Roaming\BCSearch\Resource\Sound\CLICK.WAV
picindex=11
Click=C:\Users\BC_Programming\AppData\Roaming\BCSearch\Resource\Sound\CLICK.WAV
picindex=12
Click=C:\Users\BC_Programming\AppData\Roaming\BCSearch\Resource\Sound\CLICK.WAV
picindex=-1
Click=C:\Users\BC_Programming\AppData\Roaming\BCSearch\Resource\Sound\CLICK.WAV
picindex=-1
Click=C:\Users\BC_Programming\AppData\Roaming\BCSearch\Resource\Sound\CLICK.WAV
picindex=10
Click=C:\Users\BC_Programming\AppData\Roaming\BCSearch\Resource\Sound\CLICK.WAV
picindex=9
HandleControlEvent, Resize
unrecognized NodeName for commandbar load:TOOLBAR
setting toolbarimagelist(1)...
setting toolbarimagelist(2)...
After:hwnd=1118470 umsg=36
After:hwnd=1118470 umsg=70
WINDOWPOSCHANGING
HandleControlEvent, Resize
HandleControlEvent, Resize
After:hwnd=1118470 umsg=36
After:hwnd=1118470 umsg=70
WINDOWPOSCHANGING
Loading Combo/List box- section = PersistProperties.cboLookin...
not duplicating List item.
Clicked: caption=&Add... key=FILTERS::ADD TAG=FILTERS::ADD
ButtonClick
1
Loading Combo/List box- section = PersistProperties.cboFilter...
After:hwnd=1118470 umsg=70
WINDOWPOSCHANGING
After:hwnd=1118470 umsg=70
WINDOWPOSCHANGING

HandleControlEvent, ButtonClick
playing:C:\Users\BC_Programming\AppData\Roaming\BCSearch\Resource\Sound\CLICK.WAV
mousemove button=1,shift=0,x=177,y=24
mousemove button=0,shift=0,x=179,y=25
mousemove button=0,shift=0,x=181,y=27
mousemove button=0,shift=0,x=182,y=27
mousemove button=0,shift=0,x=182,y=28
mousemove button=0,shift=0,x=183,y=28
mousemove button=0,shift=0,x=184,y=29
mousemove button=0,shift=0,x=186,y=30
mousemove button=0,shift=0,x=190,y=30
mousemove button=0,shift=0,x=195,y=31
mousemove button=0,shift=0,x=205,y=32
mousemove button=0,shift=0,x=215,y=34
mousemove button=0,shift=0,x=227,y=35
mousemove button=0,shift=0,x=241,y=35
mousemove button=0,shift=0,x=254,y=35
mousemove button=0,shift=0,x=270,y=33
mousemove button=0,shift=0,x=282,y=33
mousemove button=0,shift=0,x=313,y=30
mousemove button=0,shift=0,x=325,y=29
mousemove button=0,shift=0,x=338,y=28
mousemove button=0,shift=0,x=352,y=27
mousemove button=0,shift=0,x=364,y=26
mousemove button=0,shift=0,x=376,y=26
mousemove button=0,shift=0,x=383,y=25
mousemove button=0,shift=0,x=393,y=24
not duplicating List item.
Change
Change
Change
Change
Change
Change
Change
Change
0
0
Change
Change
Change
Change
Change
Change
Change
Change
0
0
Persisting Combo/List box- section = PersistProperties.cboSizesuffix.1...
Persisting Combo/List box- section = PersistProperties.cboSizesuffix.0...
Persisting Combo/List box- section = PersistProperties.cboOperation...
Persisting Combo/List box- section = PersistProperties.cboFilter...
Persisting Combo/List box- section = PersistProperties.cboADSThanMultiplier.1...
Persisting Combo/List box- section = PersistProperties.cboADSThanMultiplier.0...
After:hwnd=1118470 umsg=70
WINDOWPOSCHANGING
After:hwnd=1118470 umsg=70
WINDOWPOSCHANGING
mousemove button=1,shift=0,x=825,y=54
not duplicating List item.
optimal bitdepth is 32 bits.
HandleControlEvent, Resize
mousemove button=0,shift=0,x=266,y=25
mousemove button=0,shift=0,x=250,y=29
mousemove button=0,shift=0,x=240,y=32
mousemove button=0,shift=0,x=233,y=33
mousemove button=0,shift=0,x=227,y=35
mousemove button=0,shift=0,x=223,y=35
mousemove button=0,shift=0,x=221,y=36
mousemove button=0,shift=0,x=216,y=38
mousemove button=0,shift=0,x=215,y=38
mousemove button=0,shift=0,x=213,y=38
mousemove button=0,shift=0,x=212,y=38
mousemove button=0,shift=0,x=211,y=38
mousemove button=0,shift=0,x=209,y=37
mousemove button=0,shift=0,x=205,y=36
mousemove button=0,shift=0,x=203,y=36
mousemove button=0,shift=0,x=199,y=36
mousemove button=0,shift=0,x=194,y=36
mousemove button=0,shift=0,x=188,y=38
mousemove button=0,shift=0,x=183,y=40
mousemove button=0,shift=0,x=178,y=42
mousemove button=0,shift=0,x=173,y=45
mousemove button=0,shift=0,x=168,y=48
mousemove button=0,shift=0,x=166,y=49
mousemove button=0,shift=0,x=165,y=49
mousemove button=0,shift=0,x=163,y=48
mousemove button=0,shift=0,x=163,y=47
mousemove button=0,shift=0,x=162,y=47
mousemove button=0,shift=0,x=161,y=46
mousemove button=0,shift=0,x=160,y=45
mousemove button=0,shift=0,x=158,y=44
mousemove button=0,shift=0,x=156,y=43
mousemove button=0,shift=0,x=155,y=42
mousemove button=0,shift=0,x=152,y=39
mousemove button=0,shift=0,x=151,y=38
mousemove button=0,shift=0,x=148,y=35
mousemove button=0,shift=0,x=145,y=32
mousemove button=0,shift=0,x=143,y=30
mousemove button=0,shift=0,x=141,y=28
mousemove button=0,shift=0,x=138,y=26
mousemove button=0,shift=0,x=136,y=24
mouseup button=0,shift=0,x=143,y=13
C:\.rnd
setting menuimagelist to 227961880
New Control Instance Obtained:1314988
HandleControlEvent, RequestNewInstance
BEFORESHOWMENU:VIEW::SUBMENU
beforeShowMenu end VIEW::SUBMENU
HandleControlEvent, BeforeShowMenu
beforeshowmenu:VIEW::SUBMENU
playing:C:\Users\BC_Programming\AppData\Roaming\BCSearch\Resource\Sound\SHOWMENU.WAV
HandleControlEvent, Resize
HandleControlEvent, Resize
HandleControlEvent, ButtonHighlight
HandleControlEvent, ButtonHighlight
HandleControlEvent, ButtonHighlight
HandleControlEvent, ButtonHighlight
HandleControlEvent, ButtonHighlight
HandleControlEvent, ButtonHighlight
HandleControlEvent, ButtonHighlight
setting menuimagelist to 227961880
New Control Instance Obtained:2363012
HandleControlEvent, RequestNewInstance
BEFORESHOWMENU:VIEW::COLUMNS::SUBMENU
column: key=FILENAME tag = 
checking off Key=COLUMNVIEW::FILENAME Tag=SHOWHIDE:FILENAME
column: key=DIRECTORY tag = 
checking off Key=COLUMNVIEW::DIRECTORY Tag=SHOWHIDE:DIRECTORY
column: key=EXTENSION tag = 
checking off Key=COLUMNVIEW::EXTENSION Tag=SHOWHIDE:EXTENSION
column: key=TYPE tag = 
checking off Key=COLUMNVIEW::TYPE Tag=SHOWHIDE:TYPE
column: key=SIZE tag = 
checking off Key=COLUMNVIEW::SIZE Tag=SHOWHIDE:SIZE
column: key=DISKSIZE tag = 
checking on Key=COLUMNVIEW::DISKSIZE Tag=SHOWHIDE:DISKSIZE
column: key=MODIFIED tag = 
checking off Key=COLUMNVIEW::MODIFIED Tag=SHOWHIDE:MODIFIED
column: key=ACCESSED tag = 
checking off Key=COLUMNVIEW::ACCESSED Tag=SHOWHIDE:ACCESSED
column: key=CREATED tag = 
checking off Key=COLUMNVIEW::CREATED Tag=SHOWHIDE:CREATED
column: key=PLUGIN:1:1 tag = 
checking off Key=COLUMNVIEW::PLUGIN:1:1 Tag=SHOWHIDE:PLUGIN:1:1
column: key=PLUGIN:1:2 tag = 
checking off Key=COLUMNVIEW::PLUGIN:1:2 Tag=SHOWHIDE:PLUGIN:1:2
column: key=PLUGIN:2:1 tag = 
checking off Key=COLUMNVIEW::PLUGIN:2:1 Tag=SHOWHIDE:PLUGIN:2:1
column: key=PLUGIN:3:1 tag = 
checking off Key=COLUMNVIEW::PLUGIN:3:1 Tag=SHOWHIDE:PLUGIN:3:1
column: key=PLUGIN:3:2 tag = 
checking on Key=COLUMNVIEW::PLUGIN:3:2 Tag=SHOWHIDE:PLUGIN:3:2
beforeShowMenu end VIEW::COLUMNS::SUBMENU
HandleControlEvent, BeforeShowMenu
beforeshowmenu:VIEW::COLUMNS::SUBMENU
playing:C:\Users\BC_Programming\AppData\Roaming\BCSearch\Resource\Sound\SHOWMENU.WAV
HandleControlEvent, Resize
HandleControlEvent, Resize
HandleControlEvent, ButtonHighlight
HandleControlEvent, AfterShowMenu
HandleControlEvent, ButtonHighlight
HandleControlEvent, AfterShowMenu
Clicked: caption=&Size Columns to fit key=VIEW::SIZEFIT TAG=VIEW::SIZEFIT
ButtonClick
After:hwnd=1118470 umsg=70
WINDOWPOSCHANGING
After:hwnd=1118470 umsg=70
WINDOWPOSCHANGING
After:hwnd=1118470 umsg=70
WINDOWPOSCHANGING
After:hwnd=1118470 umsg=70
WINDOWPOSCHANGING
After:hwnd=1118470 umsg=70
WINDOWPOSCHANGING
After:hwnd=1118470 umsg=70
WINDOWPOSCHANGING
After:hwnd=1118470 umsg=70
WINDOWPOSCHANGING
After:hwnd=1118470 umsg=70
WINDOWPOSCHANGING
After:hwnd=1118470 umsg=70
WINDOWPOSCHANGING
After:hwnd=1118470 umsg=70
WINDOWPOSCHANGING
After:hwnd=1118470 umsg=70
WINDOWPOSCHANGING
After:hwnd=1118470 umsg=70
WINDOWPOSCHANGING
After:hwnd=1118470 umsg=70
WINDOWPOSCHANGING
After:hwnd=1118470 umsg=70
WINDOWPOSCHANGING
After:hwnd=1118470 umsg=70
WINDOWPOSCHANGING
After:hwnd=1118470 umsg=70
WINDOWPOSCHANGING
After:hwnd=1118470 umsg=70
WINDOWPOSCHANGING
After:hwnd=1118470 umsg=70
WINDOWPOSCHANGING
After:hwnd=1118470 umsg=70
WINDOWPOSCHANGING
After:hwnd=1118470 umsg=70
WINDOWPOSCHANGING
After:hwnd=1118470 umsg=70
WINDOWPOSCHANGING
After:hwnd=1118470 umsg=70
WINDOWPOSCHANGING
After:hwnd=1118470 umsg=70
WINDOWPOSCHANGING
After:hwnd=1118470 umsg=70
WINDOWPOSCHANGING
After:hwnd=1118470 umsg=70
WINDOWPOSCHANGING
After:hwnd=1118470 umsg=70
WINDOWPOSCHANGING
After:hwnd=1118470 umsg=70
WINDOWPOSCHANGING
After:hwnd=1118470 umsg=70
WINDOWPOSCHANGING
After:hwnd=1118470 umsg=70
WINDOWPOSCHANGING
After:hwnd=1118470 umsg=70
WINDOWPOSCHANGING
After:hwnd=1118470 umsg=70
WINDOWPOSCHANGING
After:hwnd=1118470 umsg=70
WINDOWPOSCHANGING
After:hwnd=1118470 umsg=70
WINDOWPOSCHANGING
After:hwnd=1118470 umsg=70
WINDOWPOSCHANGING
After:hwnd=1118470 umsg=70
WINDOWPOSCHANGING
After:hwnd=1118470 umsg=70
WINDOWPOSCHANGING
After:hwnd=1118470 umsg=70
WINDOWPOSCHANGING
After:hwnd=1118470 umsg=70
WINDOWPOSCHANGING
After:hwnd=1118470 umsg=70
WINDOWPOSCHANGING
After:hwnd=1118470 umsg=70
WINDOWPOSCHANGING
After:hwnd=1118470 umsg=70
WINDOWPOSCHANGING
After:hwnd=1118470 umsg=70
WINDOWPOSCHANGING
After:hwnd=1118470 umsg=70
WINDOWPOSCHANGING
After:hwnd=1118470 umsg=70
WINDOWPOSCHANGING
After:hwnd=1118470 umsg=70
WINDOWPOSCHANGING
After:hwnd=1118470 umsg=70
WINDOWPOSCHANGING
After:hwnd=1118470 umsg=70
WINDOWPOSCHANGING
After:hwnd=1118470 umsg=70
WINDOWPOSCHANGING
After:hwnd=1118470 umsg=70
WINDOWPOSCHANGING
After:hwnd=1118470 umsg=70
WINDOWPOSCHANGING
After:hwnd=1118470 umsg=70
WINDOWPOSCHANGING
After:hwnd=1118470 umsg=70
WINDOWPOSCHANGING
After:hwnd=1118470 umsg=70
WINDOWPOSCHANGING
After:hwnd=1118470 umsg=70
WINDOWPOSCHANGING
After:hwnd=1118470 umsg=70
WINDOWPOSCHANGING
After:hwnd=1118470 umsg=70
WINDOWPOSCHANGING
After:hwnd=1118470 umsg=70
WINDOWPOSCHANGING
After:hwnd=1118470 umsg=70
WINDOWPOSCHANGING
After:hwnd=1118470 umsg=70
WINDOWPOSCHANGING
After:hwnd=1118470 umsg=70
WINDOWPOSCHANGING
After:hwnd=1118470 umsg=70
WINDOWPOSCHANGING
After:hwnd=1118470 umsg=70
WINDOWPOSCHANGING
After:hwnd=1118470 umsg=70
WINDOWPOSCHANGING
After:hwnd=1118470 umsg=70
WINDOWPOSCHANGING
After:hwnd=1118470 umsg=70
WINDOWPOSCHANGING
After:hwnd=1118470 umsg=70
WINDOWPOSCHANGING
After:hwnd=1118470 umsg=70
WINDOWPOSCHANGING
After:hwnd=1118470 umsg=70
WINDOWPOSCHANGING
After:hwnd=1118470 umsg=70
WINDOWPOSCHANGING
After:hwnd=1118470 umsg=70
WINDOWPOSCHANGING
After:hwnd=1118470 umsg=70
WINDOWPOSCHANGING
After:hwnd=1118470 umsg=70
WINDOWPOSCHANGING
After:hwnd=1118470 umsg=70
WINDOWPOSCHANGING
After:hwnd=1118470 umsg=70
WINDOWPOSCHANGING
After:hwnd=1118470 umsg=70
WINDOWPOSCHANGING
After:hwnd=1118470 umsg=70
WINDOWPOSCHANGING
After:hwnd=1118470 umsg=70
WINDOWPOSCHANGING
After:hwnd=1118470 umsg=70
WINDOWPOSCHANGING
After:hwnd=1118470 umsg=70
WINDOWPOSCHANGING
After:hwnd=1118470 umsg=70
WINDOWPOSCHANGING
After:hwnd=1118470 umsg=70
WINDOWPOSCHANGING
After:hwnd=1118470 umsg=70
WINDOWPOSCHANGING
After:hwnd=1118470 umsg=70
WINDOWPOSCHANGING
After:hwnd=1118470 umsg=70
WINDOWPOSCHANGING
After:hwnd=1118470 umsg=70
WINDOWPOSCHANGING
After:hwnd=1118470 umsg=70
WINDOWPOSCHANGING
After:hwnd=1118470 umsg=70
WINDOWPOSCHANGING
After:hwnd=1118470 umsg=70
WINDOWPOSCHANGING
After:hwnd=1118470 umsg=70
WINDOWPOSCHANGING
After:hwnd=1118470 umsg=70
WINDOWPOSCHANGING
After:hwnd=1118470 umsg=70
WINDOWPOSCHANGING
After:hwnd=1118470 umsg=70
WINDOWPOSCHANGING
After:hwnd=1118470 umsg=70
WINDOWPOSCHANGING
After:hwnd=1118470 umsg=70
WINDOWPOSCHANGING
After:hwnd=1118470 umsg=70
WINDOWPOSCHANGING
After:hwnd=1118470 umsg=70
WINDOWPOSCHANGING
After:hwnd=1118470 umsg=70
WINDOWPOSCHANGING
After:hwnd=1118470 umsg=70
WINDOWPOSCHANGING
After:hwnd=1118470 umsg=70
WINDOWPOSCHANGING
After:hwnd=1118470 umsg=70
WINDOWPOSCHANGING
After:hwnd=1118470 umsg=70
WINDOWPOSCHANGING
After:hwnd=1118470 umsg=70
WINDOWPOSCHANGING
After:hwnd=1118470 umsg=70
WINDOWPOSCHANGING
After:hwnd=1118470 umsg=70
WINDOWPOSCHANGING
After:hwnd=1118470 umsg=70
WINDOWPOSCHANGING
After:hwnd=1118470 umsg=70
WINDOWPOSCHANGING
After:hwnd=1118470 umsg=70
WINDOWPOSCHANGING
After:hwnd=1118470 umsg=70
WINDOWPOSCHANGING
After:hwnd=1118470 umsg=70
WINDOWPOSCHANGING
After:hwnd=1118470 umsg=70
WINDOWPOSCHANGING
After:hwnd=1118470 umsg=70
WINDOWPOSCHANGING
After:hwnd=1118470 umsg=70
WINDOWPOSCHANGING
After:hwnd=1118470 umsg=70
WINDOWPOSCHANGING
After:hwnd=1118470 umsg=70
WINDOWPOSCHANGING
After:hwnd=1118470 umsg=70
WINDOWPOSCHANGING
After:hwnd=1118470 umsg=70
WINDOWPOSCHANGING
After:hwnd=1118470 umsg=70
WINDOWPOSCHANGING
After:hwnd=1118470 umsg=70
WINDOWPOSCHANGING
After:hwnd=1118470 umsg=70
WINDOWPOSCHANGING
After:hwnd=1118470 umsg=70
WINDOWPOSCHANGING
After:hwnd=1118470 umsg=70
WINDOWPOSCHANGING
After:hwnd=1118470 umsg=70
WINDOWPOSCHANGING
After:hwnd=1118470 umsg=70
WINDOWPOSCHANGING
After:hwnd=1118470 umsg=70
WINDOWPOSCHANGING
After:hwnd=1118470 umsg=70
WINDOWPOSCHANGING
After:hwnd=1118470 umsg=70
WINDOWPOSCHANGING
After:hwnd=1118470 umsg=70
WINDOWPOSCHANGING
After:hwnd=1118470 umsg=70
WINDOWPOSCHANGING
After:hwnd=1118470 umsg=70
WINDOWPOSCHANGING
After:hwnd=1118470 umsg=70
WINDOWPOSCHANGING
After:hwnd=1118470 umsg=70
WINDOWPOSCHANGING
After:hwnd=1118470 umsg=70
WINDOWPOSCHANGING
After:hwnd=1118470 umsg=70
WINDOWPOSCHANGING
After:hwnd=1118470 umsg=70
WINDOWPOSCHANGING
After:hwnd=1118470 umsg=70
WINDOWPOSCHANGING
After:hwnd=1118470 umsg=70
WINDOWPOSCHANGING
After:hwnd=1118470 umsg=70
WINDOWPOSCHANGING
After:hwnd=1118470 umsg=70
WINDOWPOSCHANGING
After:hwnd=1118470 umsg=70
WINDOWPOSCHANGING
After:hwnd=1118470 umsg=70
WINDOWPOSCHANGING
After:hwnd=1118470 umsg=70
WINDOWPOSCHANGING
After:hwnd=1118470 umsg=70
WINDOWPOSCHANGING
After:hwnd=1118470 umsg=70
WINDOWPOSCHANGING
After:hwnd=1118470 umsg=70
WINDOWPOSCHANGING
After:hwnd=1118470 umsg=70
WINDOWPOSCHANGING
After:hwnd=1118470 umsg=70
WINDOWPOSCHANGING
After:hwnd=1118470 umsg=70
WINDOWPOSCHANGING
After:hwnd=1118470 umsg=70
WINDOWPOSCHANGING
After:hwnd=1118470 umsg=70
WINDOWPOSCHANGING
After:hwnd=1118470 umsg=70
WINDOWPOSCHANGING
After:hwnd=1118470 umsg=70
WINDOWPOSCHANGING
After:hwnd=1118470 umsg=70
WINDOWPOSCHANGING
After:hwnd=1118470 umsg=70
WINDOWPOSCHANGING
After:hwnd=1118470 umsg=70
WINDOWPOSCHANGING
After:hwnd=1118470 umsg=70
WINDOWPOSCHANGING
After:hwnd=1118470 umsg=70
WINDOWPOSCHANGING
After:hwnd=1118470 umsg=70
WINDOWPOSCHANGING
After:hwnd=1118470 umsg=70
WINDOWPOSCHANGING
After:hwnd=1118470 umsg=70
WINDOWPOSCHANGING
After:hwnd=1118470 umsg=70
WINDOWPOSCHANGING
After:hwnd=1118470 umsg=70
WINDOWPOSCHANGING
After:hwnd=1118470 umsg=70
WINDOWPOSCHANGING
After:hwnd=1118470 umsg=70
WINDOWPOSCHANGING
After:hwnd=1118470 umsg=70
WINDOWPOSCHANGING
After:hwnd=1118470 umsg=70
WINDOWPOSCHANGING
After:hwnd=1118470 umsg=70
WINDOWPOSCHANGING
After:hwnd=1118470 umsg=70
WINDOWPOSCHANGING
After:hwnd=1118470 umsg=70
WINDOWPOSCHANGING
After:hwnd=1118470 umsg=70
WINDOWPOSCHANGING
After:hwnd=1118470 umsg=70
WINDOWPOSCHANGING
After:hwnd=1118470 umsg=70
WINDOWPOSCHANGING
HandleControlEvent, ButtonClick
playing:C:\Users\BC_Programming\AppData\Roaming\BCSearch\Resource\Sound\CLICK.WAV
mousemove button=1,shift=0,x=39,y=94
mousemove button=2,shift=0,x=39,y=94
mousemove button=0,shift=0,x=39,y=94
mousemove button=0,shift=0,x=39,y=94
mousemove button=0,shift=0,x=39,y=94
mousemove button=0,shift=0,x=39,y=94
mousemove button=0,shift=0,x=39,y=94
mousemove button=0,shift=0,x=39,y=94
mousemove button=0,shift=0,x=39,y=93
mousemove button=0,shift=0,x=37,y=93
mousemove button=0,shift=0,x=36,y=93
mousemove button=0,shift=0,x=35,y=94
mousemove button=0,shift=0,x=30,y=95
mousemove button=0,shift=0,x=20,y=97
mousemove button=0,shift=0,x=9,y=101
mousemove button=0,shift=0,x=82,y=152
mousemove button=0,shift=0,x=82,y=152
mousemove button=0,shift=0,x=139,y=156
mousemove button=0,shift=0,x=178,y=160
mousemove button=0,shift=0,x=239,y=164
mousemove button=0,shift=0,x=293,y=166
mousemove button=0,shift=0,x=301,y=167
mousemove button=0,shift=0,x=305,y=167
mousemove button=0,shift=0,x=308,y=166
mousemove button=0,shift=0,x=312,y=166
mousemove button=0,shift=0,x=312,y=165
mousemove button=0,shift=0,x=310,y=165
mousemove button=0,shift=0,x=308,y=165
mousemove button=0,shift=0,x=308,y=164
mousemove button=0,shift=0,x=307,y=164
mousemove button=0,shift=0,x=307,y=163
mousemove button=0,shift=0,x=306,y=163
mousemove button=0,shift=0,x=306,y=162
mousemove button=0,shift=0,x=305,y=162
mousemove button=0,shift=0,x=305,y=161
mousemove button=0,shift=0,x=304,y=161
mousemove button=0,shift=0,x=304,y=160
mousemove button=0,shift=0,x=303,y=160
mousemove button=0,shift=0,x=304,y=160
mousemove button=0,shift=0,x=306,y=158
mousemove button=0,shift=0,x=311,y=156
mousemove button=0,shift=0,x=321,y=147
mousemove button=0,shift=0,x=329,y=140
mousemove button=0,shift=0,x=336,y=130
mousemove button=0,shift=0,x=344,y=120
mousemove button=0,shift=0,x=350,y=112
mousemove button=0,shift=0,x=356,y=105
mousemove button=0,shift=0,x=361,y=99
mousemove button=0,shift=0,x=362,y=98
mousemove button=0,shift=0,x=365,y=94
mousemove button=0,shift=0,x=366,y=92
mousemove button=0,shift=0,x=369,y=89
mousemove button=0,shift=0,x=370,y=86
mousemove button=0,shift=0,x=372,y=84
mousemove button=0,shift=0,x=374,y=82
mousemove button=0,shift=0,x=375,y=81
mousemove button=0,shift=0,x=375,y=81
mousemove button=0,shift=0,x=375,y=80
mousemove button=0,shift=0,x=376,y=79
mousemove button=0,shift=0,x=376,y=78
mousemove button=0,shift=0,x=376,y=77
mousemove button=0,shift=0,x=377,y=77
mousemove button=0,shift=0,x=378,y=76
mousemove button=0,shift=0,x=378,y=75
mousemove button=0,shift=0,x=379,y=75
mousemove button=0,shift=0,x=379,y=75
mousemove button=0,shift=0,x=380,y=75
mousemove button=0,shift=0,x=381,y=75
mousemove button=0,shift=0,x=382,y=74
mousemove button=0,shift=0,x=383,y=74
mousemove button=0,shift=0,x=387,y=63
mousemove button=0,shift=0,x=389,y=55
mousemove button=0,shift=0,x=391,y=45
mousemove button=0,shift=0,x=394,y=33
mousemove button=0,shift=0,x=394,y=29
mousemove button=1,shift=0,x=436,y=24
mousemove button=0,shift=0,x=455,y=27
mousemove button=0,shift=0,x=476,y=29
mousemove button=0,shift=0,x=499,y=32
mousemove button=0,shift=0,x=525,y=35
mousemove button=0,shift=0,x=556,y=40
mousemove button=0,shift=0,x=582,y=43
mousemove button=0,shift=0,x=609,y=50
mousemove button=0,shift=0,x=637,y=53
mousemove button=0,shift=0,x=649,y=54
mousemove button=0,shift=0,x=690,y=63
mousemove button=0,shift=0,x=700,y=66
mousemove button=0,shift=0,x=708,y=66
mousemove button=0,shift=0,x=711,y=66
mousemove button=0,shift=0,x=712,y=66
mousemove button=0,shift=0,x=713,y=66
mousemove button=0,shift=0,x=713,y=66
mousemove button=0,shift=0,x=713,y=65
mousemove button=0,shift=0,x=713,y=64
mousemove button=0,shift=0,x=713,y=64
mousemove button=0,shift=0,x=714,y=64
mousemove button=0,shift=0,x=714,y=63
mousemove button=0,shift=0,x=714,y=60
mousemove button=0,shift=0,x=714,y=57
mousemove button=0,shift=0,x=715,y=54
mousemove button=0,shift=0,x=716,y=51
mousemove button=0,shift=0,x=716,y=48
mousemove button=0,shift=0,x=716,y=47
mousemove button=0,shift=0,x=716,y=45
mousemove button=0,shift=0,x=717,y=42
mousemove button=0,shift=0,x=717,y=41
mousemove button=0,shift=0,x=718,y=38
mousemove button=0,shift=0,x=719,y=37
mousemove button=0,shift=0,x=719,y=36
mousemove button=0,shift=0,x=719,y=34
mousemove button=0,shift=0,x=719,y=33
mousemove button=0,shift=0,x=720,y=31
mousemove button=0,shift=0,x=720,y=30
mousemove button=0,shift=0,x=721,y=28
mousemove button=0,shift=0,x=721,y=27
mousemove button=0,shift=0,x=721,y=26
mousemove button=0,shift=0,x=721,y=25
mousemove button=0,shift=0,x=721,y=25
mousemove button=0,shift=0,x=721,y=24
mousemove button=1,shift=0,x=599,y=31
mousemove button=0,shift=0,x=560,y=33
mousemove button=0,shift=0,x=513,y=37
mousemove button=0,shift=0,x=467,y=39
mousemove button=0,shift=0,x=418,y=41
mousemove button=0,shift=0,x=366,y=43
mousemove button=0,shift=0,x=303,y=47
mousemove button=0,shift=0,x=252,y=47
mousemove button=0,shift=0,x=221,y=48
mousemove button=0,shift=0,x=40,y=53
mousemove button=0,shift=0,x=7,y=55
After:hwnd=1118470 umsg=70
WINDOWPOSCHANGING
mouseup button=0,shift=0,x=125,y=11
C:\.rnd
BEFORESHOWMENU:VIEW::SUBMENU
beforeShowMenu end VIEW::SUBMENU
HandleControlEvent, BeforeShowMenu
beforeshowmenu:VIEW::SUBMENU
playing:C:\Users\BC_Programming\AppData\Roaming\BCSearch\Resource\Sound\SHOWMENU.WAV
HandleControlEvent, ButtonHighlight
HandleControlEvent, ButtonHighlight
HandleControlEvent, ButtonHighlight
HandleControlEvent, ButtonHighlight
HandleControlEvent, ButtonHighlight
HandleControlEvent, ButtonHighlight
HandleControlEvent, ButtonHighlight
BEFORESHOWMENU:VIEW::COLUMNS::SUBMENU
column: key=FILENAME tag = 
checking off Key=COLUMNVIEW::FILENAME Tag=SHOWHIDE:FILENAME
HandleControlEvent, Resize
HandleControlEvent, Resize
column: key=DIRECTORY tag = 
checking off Key=COLUMNVIEW::DIRECTORY Tag=SHOWHIDE:DIRECTORY
HandleControlEvent, Resize
column: key=EXTENSION tag = 
checking off Key=COLUMNVIEW::EXTENSION Tag=SHOWHIDE:EXTENSION
HandleControlEvent, Resize
HandleControlEvent, Resize
column: key=TYPE tag = 
checking on Key=COLUMNVIEW::TYPE Tag=SHOWHIDE:TYPE
HandleControlEvent, Resize
column: key=SIZE tag = 
checking off Key=COLUMNVIEW::SIZE Tag=SHOWHIDE:SIZE
HandleControlEvent, Resize
column: key=DISKSIZE tag = 
checking off Key=COLUMNVIEW::DISKSIZE Tag=SHOWHIDE:DISKSIZE
HandleControlEvent, Resize
HandleControlEvent, Resize
column: key=MODIFIED tag = 
checking off Key=COLUMNVIEW::MODIFIED Tag=SHOWHIDE:MODIFIED
HandleControlEvent, Resize
column: key=ACCESSED tag = 
checking off Key=COLUMNVIEW::ACCESSED Tag=SHOWHIDE:ACCESSED
HandleControlEvent, Resize
column: key=CREATED tag = 
checking off Key=COLUMNVIEW::CREATED Tag=SHOWHIDE:CREATED
HandleControlEvent, Resize
column: key=PLUGIN:1:1 tag = 
checking off Key=COLUMNVIEW::PLUGIN:1:1 Tag=SHOWHIDE:PLUGIN:1:1
HandleControlEvent, Resize
column: key=PLUGIN:1:2 tag = 
checking off Key=COLUMNVIEW::PLUGIN:1:2 Tag=SHOWHIDE:PLUGIN:1:2
HandleControlEvent, Resize
column: key=PLUGIN:2:1 tag = 
checking off Key=COLUMNVIEW::PLUGIN:2:1 Tag=SHOWHIDE:PLUGIN:2:1
HandleControlEvent, Resize
column: key=PLUGIN:3:1 tag = 
checking off Key=COLUMNVIEW::PLUGIN:3:1 Tag=SHOWHIDE:PLUGIN:3:1
HandleControlEvent, Resize
column: key=PLUGIN:3:2 tag = 
checking on Key=COLUMNVIEW::PLUGIN:3:2 Tag=SHOWHIDE:PLUGIN:3:2
HandleControlEvent, Resize
beforeShowMenu end VIEW::COLUMNS::SUBMENU
HandleControlEvent, BeforeShowMenu
beforeshowmenu:VIEW::COLUMNS::SUBMENU
playing:C:\Users\BC_Programming\AppData\Roaming\BCSearch\Resource\Sound\SHOWMENU.WAV
HandleControlEvent, ButtonHighlight
HandleControlEvent, AfterShowMenu
HandleControlEvent, ButtonHighlight
HandleControlEvent, AfterShowMenu
Clicked: caption=&Size Columns to fit key=VIEW::SIZEFIT TAG=VIEW::SIZEFIT
ButtonClick
After:hwnd=1118470 umsg=70
WINDOWPOSCHANGING
After:hwnd=1118470 umsg=70
WINDOWPOSCHANGING
After:hwnd=1118470 umsg=70
WINDOWPOSCHANGING
After:hwnd=1118470 umsg=70
WINDOWPOSCHANGING
After:hwnd=1118470 umsg=70
WINDOWPOSCHANGING
After:hwnd=1118470 umsg=70
WINDOWPOSCHANGING
After:hwnd=1118470 umsg=70
WINDOWPOSCHANGING
After:hwnd=1118470 umsg=70
WINDOWPOSCHANGING
After:hwnd=1118470 umsg=70
WINDOWPOSCHANGING
After:hwnd=1118470 umsg=70
WINDOWPOSCHANGING
After:hwnd=1118470 umsg=70
WINDOWPOSCHANGING
After:hwnd=1118470 umsg=70
WINDOWPOSCHANGING
After:hwnd=1118470 umsg=70
WINDOWPOSCHANGING
After:hwnd=1118470 umsg=70
WINDOWPOSCHANGING
After:hwnd=1118470 umsg=70
WINDOWPOSCHANGING
After:hwnd=1118470 umsg=70
WINDOWPOSCHANGING
After:hwnd=1118470 umsg=70
WINDOWPOSCHANGING
After:hwnd=1118470 umsg=70
WINDOWPOSCHANGING
After:hwnd=1118470 umsg=70
WINDOWPOSCHANGING
After:hwnd=1118470 umsg=70
WINDOWPOSCHANGING
After:hwnd=1118470 umsg=70
WINDOWPOSCHANGING
After:hwnd=1118470 umsg=70
WINDOWPOSCHANGING
After:hwnd=1118470 umsg=70
WINDOWPOSCHANGING
After:hwnd=1118470 umsg=70
WINDOWPOSCHANGING
After:hwnd=1118470 umsg=70
WINDOWPOSCHANGING
After:hwnd=1118470 umsg=70
WINDOWPOSCHANGING
After:hwnd=1118470 umsg=70
WINDOWPOSCHANGING
After:hwnd=1118470 umsg=70
WINDOWPOSCHANGING
After:hwnd=1118470 umsg=70
WINDOWPOSCHANGING
After:hwnd=1118470 umsg=70
WINDOWPOSCHANGING
After:hwnd=1118470 umsg=70
WINDOWPOSCHANGING
After:hwnd=1118470 umsg=70
WINDOWPOSCHANGING
After:hwnd=1118470 umsg=70
WINDOWPOSCHANGING
After:hwnd=1118470 umsg=70
WINDOWPOSCHANGING
After:hwnd=1118470 umsg=70
WINDOWPOSCHANGING
After:hwnd=1118470 umsg=70
WINDOWPOSCHANGING
After:hwnd=1118470 umsg=70
WINDOWPOSCHANGING
After:hwnd=1118470 umsg=70
WINDOWPOSCHANGING
After:hwnd=1118470 umsg=70
WINDOWPOSCHANGING
After:hwnd=1118470 umsg=70
WINDOWPOSCHANGING
After:hwnd=1118470 umsg=70
WINDOWPOSCHANGING
After:hwnd=1118470 umsg=70
WINDOWPOSCHANGING
After:hwnd=1118470 umsg=70
WINDOWPOSCHANGING
After:hwnd=1118470 umsg=70
WINDOWPOSCHANGING
After:hwnd=1118470 umsg=70
WINDOWPOSCHANGING
After:hwnd=1118470 umsg=70
WINDOWPOSCHANGING
After:hwnd=1118470 umsg=70
WINDOWPOSCHANGING
After:hwnd=1118470 umsg=70
WINDOWPOSCHANGING
After:hwnd=1118470 umsg=70
WINDOWPOSCHANGING
After:hwnd=1118470 umsg=70
WINDOWPOSCHANGING
After:hwnd=1118470 umsg=70
WINDOWPOSCHANGING
After:hwnd=1118470 umsg=70
WINDOWPOSCHANGING
After:hwnd=1118470 umsg=70
WINDOWPOSCHANGING
After:hwnd=1118470 umsg=70
WINDOWPOSCHANGING
After:hwnd=1118470 umsg=70
WINDOWPOSCHANGING
After:hwnd=1118470 umsg=70
WINDOWPOSCHANGING
After:hwnd=1118470 umsg=70
WINDOWPOSCHANGING
After:hwnd=1118470 umsg=70
WINDOWPOSCHANGING
After:hwnd=1118470 umsg=70
WINDOWPOSCHANGING
HandleControlEvent, ButtonClick
playing:C:\Users\BC_Programming\AppData\Roaming\BCSearch\Resource\Sound\CLICK.WAV
mousemove button=1,shift=0,x=193,y=168
mousemove button=2,shift=0,x=193,y=168
mousemove button=0,shift=0,x=193,y=168
mousemove button=0,shift=0,x=193,y=168
mousemove button=0,shift=0,x=193,y=168
mousemove button=0,shift=0,x=193,y=168
mousemove button=0,shift=0,x=192,y=168
mousemove button=0,shift=0,x=177,y=178
mousemove button=0,shift=0,x=153,y=192
mousemove button=0,shift=0,x=142,y=198
mousemove button=0,shift=0,x=112,y=211
mousemove button=0,shift=0,x=56,y=236
mousemove button=0,shift=0,x=39,y=244
After:hwnd=1118470 umsg=70
WINDOWPOSCHANGING
mousemove button=0,shift=0,x=287,y=37
mousemove button=0,shift=0,x=287,y=43
mousemove button=0,shift=0,x=287,y=43
mousemove button=0,shift=0,x=288,y=45
mousemove button=0,shift=0,x=288,y=47
mousemove button=0,shift=0,x=288,y=51
mousemove button=0,shift=0,x=289,y=59
mousemove button=0,shift=0,x=289,y=60
mousemove button=0,shift=0,x=289,y=61
mousemove button=0,shift=0,x=289,y=62
mousemove button=0,shift=0,x=290,y=62
mousemove button=0,shift=0,x=290,y=60
mousemove button=0,shift=0,x=290,y=56
mousemove button=0,shift=0,x=290,y=54
mousemove button=0,shift=0,x=290,y=50
mousemove button=0,shift=0,x=290,y=46
mousemove button=0,shift=0,x=290,y=45
mousemove button=0,shift=0,x=290,y=43
mousemove button=0,shift=0,x=289,y=43
mousemove button=0,shift=0,x=289,y=42
mousemove button=0,shift=0,x=288,y=42
mousemove button=0,shift=0,x=288,y=41
mousemove button=0,shift=0,x=288,y=40
mousemove button=0,shift=0,x=288,y=39
mousemove button=0,shift=0,x=288,y=38
mousemove button=0,shift=0,x=288,y=37
mousemove button=0,shift=0,x=287,y=35
mousemove button=0,shift=0,x=287,y=33
mousemove button=0,shift=0,x=287,y=31
mousemove button=0,shift=0,x=287,y=27
mousemove button=0,shift=0,x=287,y=25
mousemove button=0,shift=0,x=286,y=24
mouseup button=0,shift=0,x=288,y=12
C:\.rnd
BEFORESHOWMENU:VIEW::SUBMENU
beforeShowMenu end VIEW::SUBMENU
HandleControlEvent, BeforeShowMenu
beforeshowmenu:VIEW::SUBMENU
playing:C:\Users\BC_Programming\AppData\Roaming\BCSearch\Resource\Sound\SHOWMENU.WAV
HandleControlEvent, ButtonHighlight
HandleControlEvent, ButtonHighlight
HandleControlEvent, ButtonHighlight
HandleControlEvent, ButtonHighlight
HandleControlEvent, ButtonHighlight
HandleControlEvent, ButtonHighlight
HandleControlEvent, ButtonHighlight
HandleControlEvent, ButtonHighlight
HandleControlEvent, ButtonHighlight
HandleControlEvent, AfterShowMenu
Clicked: caption=&Size Columns to fit key=VIEW::SIZEFIT TAG=VIEW::SIZEFIT
ButtonClick
After:hwnd=1118470 umsg=70
WINDOWPOSCHANGING
After:hwnd=1118470 umsg=70
WINDOWPOSCHANGING
After:hwnd=1118470 umsg=70
WINDOWPOSCHANGING
After:hwnd=1118470 umsg=70
WINDOWPOSCHANGING
After:hwnd=1118470 umsg=70
WINDOWPOSCHANGING
After:hwnd=1118470 umsg=70
WINDOWPOSCHANGING
After:hwnd=1118470 umsg=70
WINDOWPOSCHANGING
After:hwnd=1118470 umsg=70
WINDOWPOSCHANGING
After:hwnd=1118470 umsg=70
WINDOWPOSCHANGING
After:hwnd=1118470 umsg=70
WINDOWPOSCHANGING
After:hwnd=1118470 umsg=70
WINDOWPOSCHANGING
After:hwnd=1118470 umsg=70
WINDOWPOSCHANGING
After:hwnd=1118470 umsg=70
WINDOWPOSCHANGING
After:hwnd=1118470 umsg=70
WINDOWPOSCHANGING
After:hwnd=1118470 umsg=70
WINDOWPOSCHANGING
After:hwnd=1118470 umsg=70
WINDOWPOSCHANGING
After:hwnd=1118470 umsg=70
WINDOWPOSCHANGING
After:hwnd=1118470 umsg=70
WINDOWPOSCHANGING
After:hwnd=1118470 umsg=70
WINDOWPOSCHANGING
After:hwnd=1118470 umsg=70
WINDOWPOSCHANGING
After:hwnd=1118470 umsg=70
WINDOWPOSCHANGING
After:hwnd=1118470 umsg=70
WINDOWPOSCHANGING
After:hwnd=1118470 umsg=70
WINDOWPOSCHANGING
After:hwnd=1118470 umsg=70
WINDOWPOSCHANGING
After:hwnd=1118470 umsg=70
WINDOWPOSCHANGING
After:hwnd=1118470 umsg=70
WINDOWPOSCHANGING
After:hwnd=1118470 umsg=70
WINDOWPOSCHANGING
After:hwnd=1118470 umsg=70
WINDOWPOSCHANGING
After:hwnd=1118470 umsg=70
WINDOWPOSCHANGING
After:hwnd=1118470 umsg=70
WINDOWPOSCHANGING
After:hwnd=1118470 umsg=70
WINDOWPOSCHANGING
After:hwnd=1118470 umsg=70
WINDOWPOSCHANGING
After:hwnd=1118470 umsg=70
WINDOWPOSCHANGING
After:hwnd=1118470 umsg=70
WINDOWPOSCHANGING
After:hwnd=1118470 umsg=70
WINDOWPOSCHANGING
After:hwnd=1118470 umsg=70
WINDOWPOSCHANGING
After:hwnd=1118470 umsg=70
WINDOWPOSCHANGING
After:hwnd=1118470 umsg=70
WINDOWPOSCHANGING
After:hwnd=1118470 umsg=70
WINDOWPOSCHANGING
After:hwnd=1118470 umsg=70
WINDOWPOSCHANGING
After:hwnd=1118470 umsg=70
WINDOWPOSCHANGING
After:hwnd=1118470 umsg=70
WINDOWPOSCHANGING
After:hwnd=1118470 umsg=70
WINDOWPOSCHANGING
After:hwnd=1118470 umsg=70
WINDOWPOSCHANGING
After:hwnd=1118470 umsg=70
WINDOWPOSCHANGING
After:hwnd=1118470 umsg=70
WINDOWPOSCHANGING
After:hwnd=1118470 umsg=70
WINDOWPOSCHANGING
After:hwnd=1118470 umsg=70
WINDOWPOSCHANGING
After:hwnd=1118470 umsg=70
WINDOWPOSCHANGING
After:hwnd=1118470 umsg=70
WINDOWPOSCHANGING
After:hwnd=1118470 umsg=70
WINDOWPOSCHANGING
After:hwnd=1118470 umsg=70
WINDOWPOSCHANGING
After:hwnd=1118470 umsg=70
WINDOWPOSCHANGING
After:hwnd=1118470 umsg=70
WINDOWPOSCHANGING
After:hwnd=1118470 umsg=70
WINDOWPOSCHANGING
After:hwnd=1118470 umsg=70
WINDOWPOSCHANGING
After:hwnd=1118470 umsg=70
WINDOWPOSCHANGING
After:hwnd=1118470 umsg=70
WINDOWPOSCHANGING
After:hwnd=1118470 umsg=70
WINDOWPOSCHANGING
HandleControlEvent, ButtonClick
playing:C:\Users\BC_Programming\AppData\Roaming\BCSearch\Resource\Sound\CLICK.WAV
mousemove button=1,shift=0,x=344,y=164
mousemove button=2,shift=0,x=344,y=164
mousemove button=0,shift=0,x=344,y=164
mousemove button=0,shift=0,x=344,y=164
mousemove button=0,shift=0,x=344,y=164
mousemove button=0,shift=0,x=344,y=164
mousemove button=0,shift=0,x=344,y=164
mousemove button=0,shift=0,x=344,y=164
mousemove button=0,shift=0,x=344,y=164
mousemove button=0,shift=0,x=344,y=164
mousemove button=0,shift=0,x=344,y=164
mousemove button=0,shift=0,x=348,y=164
mousemove button=0,shift=0,x=347,y=164
mousemove button=0,shift=0,x=348,y=164
mousemove button=0,shift=0,x=348,y=164
mousemove button=0,shift=0,x=348,y=163
mousemove button=0,shift=0,x=356,y=158
mousemove button=0,shift=0,x=365,y=153
mousemove button=0,shift=0,x=371,y=148
mousemove button=0,shift=0,x=371,y=148
mousemove button=0,shift=0,x=377,y=142
mousemove button=0,shift=0,x=385,y=135
mousemove button=0,shift=0,x=413,y=105
mousemove button=0,shift=0,x=441,y=69
mousemove button=0,shift=0,x=451,y=57
mousemove button=0,shift=0,x=460,y=45
mousemove button=0,shift=0,x=468,y=37
mousemove button=0,shift=0,x=475,y=29
mousemove button=0,shift=0,x=809,y=54
mousemove button=0,shift=0,x=806,y=57
mousemove button=0,shift=0,x=805,y=59
mousemove button=0,shift=0,x=801,y=60
mousemove button=0,shift=0,x=801,y=61
mousemove button=0,shift=0,x=800,y=61
mousemove button=0,shift=0,x=800,y=61
mousemove button=0,shift=0,x=799,y=62
mousemove button=0,shift=0,x=798,y=63
mousemove button=0,shift=0,x=798,y=64
mousemove button=0,shift=0,x=799,y=64
mousemove button=0,shift=0,x=801,y=64
mousemove button=0,shift=0,x=804,y=65
mousemove button=0,shift=0,x=809,y=66
mousemove button=1,shift=0,x=797,y=49
mousemove button=0,shift=0,x=790,y=47
mousemove button=0,shift=0,x=782,y=45
mousemove button=0,shift=0,x=771,y=42
mousemove button=0,shift=0,x=762,y=40
mousemove button=0,shift=0,x=749,y=36
mousemove button=0,shift=0,x=735,y=35
mousemove button=0,shift=0,x=720,y=35
mousemove button=0,shift=0,x=708,y=33
mousemove button=0,shift=0,x=696,y=32
mousemove button=0,shift=0,x=680,y=31
mousemove button=0,shift=0,x=671,y=30
mousemove button=0,shift=0,x=666,y=29
mousemove button=0,shift=0,x=659,y=28
mousemove button=0,shift=0,x=653,y=27
mousemove button=0,shift=0,x=649,y=25
mousemove button=0,shift=0,x=644,y=24
mousemove button=1,shift=0,x=582,y=25
mousemove button=0,shift=0,x=586,y=27
mousemove button=0,shift=0,x=592,y=28
mousemove button=0,shift=0,x=607,y=30
mousemove button=0,shift=0,x=612,y=31
mousemove button=0,shift=0,x=619,y=31
mousemove button=0,shift=0,x=622,y=32
mousemove button=0,shift=0,x=630,y=33
mousemove button=0,shift=0,x=635,y=34
mousemove button=0,shift=0,x=642,y=35
mousemove button=0,shift=0,x=654,y=36
mousemove button=0,shift=0,x=661,y=38
mousemove button=0,shift=0,x=667,y=38
mousemove button=0,shift=0,x=678,y=40
mousemove button=0,shift=0,x=708,y=48
mousemove button=0,shift=0,x=721,y=51
mousemove button=0,shift=0,x=732,y=52
mousemove button=0,shift=0,x=741,y=53
mousemove button=0,shift=0,x=751,y=54
mousemove button=0,shift=0,x=759,y=55
mousemove button=0,shift=0,x=763,y=55
mousemove button=0,shift=0,x=771,y=55
mousemove button=0,shift=0,x=774,y=54
mousemove button=0,shift=0,x=775,y=53
mousemove button=0,shift=0,x=775,y=53
mousemove button=0,shift=0,x=776,y=53
mousemove button=0,shift=0,x=775,y=53
mousemove button=0,shift=0,x=773,y=51
mousemove button=0,shift=0,x=770,y=50
mousemove button=0,shift=0,x=769,y=50
mousemove button=0,shift=0,x=768,y=50
mousemove button=0,shift=0,x=769,y=50
mousemove button=0,shift=0,x=770,y=50
mousemove button=0,shift=0,x=771,y=50
mousemove button=0,shift=0,x=772,y=51
mousemove button=0,shift=0,x=773,y=51
mousemove button=0,shift=0,x=774,y=52
mousemove button=0,shift=0,x=775,y=52
mousemove button=0,shift=0,x=775,y=53
mousemove button=0,shift=0,x=777,y=53
mousemove button=0,shift=0,x=778,y=54
mousemove button=0,shift=0,x=779,y=54
mousemove button=0,shift=0,x=780,y=54
mousemove button=0,shift=0,x=781,y=55
mousemove button=0,shift=0,x=782,y=56
mousemove button=0,shift=0,x=783,y=56
mousemove button=0,shift=0,x=784,y=57
mousemove button=0,shift=0,x=785,y=57
mousemove button=0,shift=0,x=786,y=57
mousemove button=0,shift=0,x=786,y=58
mousemove button=0,shift=0,x=787,y=58
mousemove button=0,shift=0,x=787,y=60
mousemove button=0,shift=0,x=788,y=61
mousemove button=0,shift=0,x=789,y=62
mousemove button=0,shift=0,x=789,y=63
mousemove button=0,shift=0,x=790,y=64
mousemove button=0,shift=0,x=790,y=65
mousemove button=0,shift=0,x=791,y=67
mousemove button=0,shift=0,x=794,y=71
mousemove button=0,shift=0,x=794,y=72
mousemove button=0,shift=0,x=794,y=74
mousemove button=0,shift=0,x=795,y=74
mousemove button=0,shift=0,x=796,y=75
mousemove button=0,shift=0,x=796,y=77
mousemove button=0,shift=0,x=798,y=80
mousemove button=0,shift=0,x=799,y=81
mousemove button=0,shift=0,x=800,y=81
mousemove button=0,shift=0,x=800,y=82
mousemove button=0,shift=0,x=801,y=83
mousemove button=0,shift=0,x=801,y=84
mousemove button=0,shift=0,x=803,y=85
mousemove button=0,shift=0,x=803,y=86
mousemove button=0,shift=0,x=804,y=87
mousemove button=0,shift=0,x=804,y=88
mousemove button=0,shift=0,x=806,y=89
mousemove button=0,shift=0,x=806,y=90
mousemove button=0,shift=0,x=807,y=91
mousemove button=0,shift=0,x=808,y=92
mousemove button=0,shift=0,x=809,y=93
mousemove button=1,shift=0,x=798,y=147
mousemove button=0,shift=0,x=758,y=137
mousemove button=0,shift=0,x=711,y=122
mousemove button=0,shift=0,x=660,y=108
mousemove button=0,shift=0,x=614,y=95
mousemove button=0,shift=0,x=565,y=81
mousemove button=0,shift=0,x=533,y=73
mousemove button=0,shift=0,x=420,y=40
mousemove button=0,shift=0,x=379,y=27
mousemove button=1,shift=0,x=136,y=32
mousemove button=0,shift=0,x=136,y=31
mousemove button=0,shift=0,x=137,y=30
mousemove button=0,shift=0,x=139,y=30
mousemove button=0,shift=0,x=139,y=30
mousemove button=0,shift=0,x=149,y=25
mousemove button=1,shift=0,x=121,y=29
mousemove button=0,shift=0,x=122,y=36
mousemove button=0,shift=0,x=123,y=43
mousemove button=0,shift=0,x=125,y=46
mousemove button=0,shift=0,x=125,y=49
mousemove button=0,shift=0,x=127,y=50
mousemove button=0,shift=0,x=127,y=52
mousemove button=0,shift=0,x=127,y=53
mousemove button=0,shift=0,x=127,y=55
mousemove button=0,shift=0,x=127,y=56
mousemove button=0,shift=0,x=127,y=57
mousemove button=0,shift=0,x=127,y=58
mousemove button=0,shift=0,x=127,y=59
mousemove button=0,shift=0,x=127,y=59
mousemove button=0,shift=0,x=127,y=60
mousemove button=0,shift=0,x=127,y=59
mousemove button=0,shift=0,x=127,y=58
mousemove button=0,shift=0,x=127,y=57
mousemove button=0,shift=0,x=127,y=55
mousemove button=0,shift=0,x=127,y=54
mousemove button=0,shift=0,x=127,y=53
mousemove button=0,shift=0,x=126,y=49
mousemove button=0,shift=0,x=126,y=47
mousemove button=0,shift=0,x=125,y=46
mousemove button=0,shift=0,x=125,y=46
mousemove button=0,shift=0,x=124,y=45
mousemove button=0,shift=0,x=124,y=43
mousemove button=0,shift=0,x=124,y=41
mousemove button=0,shift=0,x=123,y=40
mousemove button=0,shift=0,x=122,y=39
mousemove button=0,shift=0,x=122,y=38
mousemove button=0,shift=0,x=122,y=36
mousemove button=0,shift=0,x=122,y=35
mousemove button=0,shift=0,x=122,y=34
mousemove button=0,shift=0,x=121,y=34
mousemove button=0,shift=0,x=121,y=33
mousemove button=0,shift=0,x=121,y=32
mousemove button=0,shift=0,x=121,y=31
mousemove button=0,shift=0,x=121,y=30
mousemove button=0,shift=0,x=121,y=29
mousemove button=0,shift=0,x=121,y=28
mousemove button=0,shift=0,x=121,y=27
mousemove button=0,shift=0,x=121,y=26
mousemove button=0,shift=0,x=121,y=25
mousemove button=0,shift=0,x=121,y=24
After:hwnd=1118470 umsg=70
WINDOWPOSCHANGING
mousemove button=0,shift=0,x=258,y=31
mousemove button=0,shift=0,x=256,y=64
mousemove button=0,shift=0,x=255,y=67
mousemove button=0,shift=0,x=255,y=68
mousemove button=0,shift=0,x=255,y=69
mousemove button=0,shift=0,x=254,y=69
mousemove button=0,shift=0,x=254,y=70
mousemove button=0,shift=0,x=253,y=70
mousemove button=0,shift=0,x=253,y=69
mousemove button=0,shift=0,x=253,y=66
mousemove button=0,shift=0,x=255,y=64
mousemove button=0,shift=0,x=256,y=61
mousemove button=0,shift=0,x=256,y=60
mousemove button=0,shift=0,x=259,y=53
mousemove button=0,shift=0,x=261,y=49
mousemove button=0,shift=0,x=262,y=43
mousemove button=0,shift=0,x=262,y=40
mousemove button=0,shift=0,x=263,y=34
mousemove button=0,shift=0,x=264,y=26
mouseup button=0,shift=0,x=271,y=11
C:\eula.1033.txt
BEFORESHOWMENU:VIEW::SUBMENU
beforeShowMenu end VIEW::SUBMENU
HandleControlEvent, BeforeShowMenu
beforeshowmenu:VIEW::SUBMENU
playing:C:\Users\BC_Programming\AppData\Roaming\BCSearch\Resource\Sound\SHOWMENU.WAV
HandleControlEvent, ButtonHighlight
HandleControlEvent, ButtonHighlight
HandleControlEvent, ButtonHighlight
HandleControlEvent, ButtonHighlight
HandleControlEvent, ButtonHighlight
HandleControlEvent, ButtonHighlight
HandleControlEvent, ButtonHighlight
BEFORESHOWMENU:VIEW::COLUMNS::SUBMENU
column: key=FILENAME tag = 
checking off Key=COLUMNVIEW::FILENAME Tag=SHOWHIDE:FILENAME
HandleControlEvent, Resize
HandleControlEvent, Resize
column: key=DIRECTORY tag = 
checking off Key=COLUMNVIEW::DIRECTORY Tag=SHOWHIDE:DIRECTORY
HandleControlEvent, Resize
column: key=EXTENSION tag = 
checking off Key=COLUMNVIEW::EXTENSION Tag=SHOWHIDE:EXTENSION
HandleControlEvent, Resize
HandleControlEvent, Resize
column: key=TYPE tag = 
checking off Key=COLUMNVIEW::TYPE Tag=SHOWHIDE:TYPE
HandleControlEvent, Resize
column: key=SIZE tag = 
checking on Key=COLUMNVIEW::SIZE Tag=SHOWHIDE:SIZE
HandleControlEvent, Resize
column: key=DISKSIZE tag = 
checking off Key=COLUMNVIEW::DISKSIZE Tag=SHOWHIDE:DISKSIZE
HandleControlEvent, Resize
HandleControlEvent, Resize
column: key=MODIFIED tag = 
checking off Key=COLUMNVIEW::MODIFIED Tag=SHOWHIDE:MODIFIED
HandleControlEvent, Resize
column: key=ACCESSED tag = 
checking off Key=COLUMNVIEW::ACCESSED Tag=SHOWHIDE:ACCESSED
HandleControlEvent, Resize
column: key=CREATED tag = 
checking off Key=COLUMNVIEW::CREATED Tag=SHOWHIDE:CREATED
HandleControlEvent, Resize
column: key=PLUGIN:1:1 tag = 
checking off Key=COLUMNVIEW::PLUGIN:1:1 Tag=SHOWHIDE:PLUGIN:1:1
HandleControlEvent, Resize
column: key=PLUGIN:1:2 tag = 
checking off Key=COLUMNVIEW::PLUGIN:1:2 Tag=SHOWHIDE:PLUGIN:1:2
HandleControlEvent, Resize
column: key=PLUGIN:2:1 tag = 
checking off Key=COLUMNVIEW::PLUGIN:2:1 Tag=SHOWHIDE:PLUGIN:2:1
HandleControlEvent, Resize
column: key=PLUGIN:3:1 tag = 
checking off Key=COLUMNVIEW::PLUGIN:3:1 Tag=SHOWHIDE:PLUGIN:3:1
HandleControlEvent, Resize
column: key=PLUGIN:3:2 tag = 
checking on Key=COLUMNVIEW::PLUGIN:3:2 Tag=SHOWHIDE:PLUGIN:3:2
HandleControlEvent, Resize
beforeShowMenu end VIEW::COLUMNS::SUBMENU
HandleControlEvent, BeforeShowMenu
beforeshowmenu:VIEW::COLUMNS::SUBMENU
playing:C:\Users\BC_Programming\AppData\Roaming\BCSearch\Resource\Sound\SHOWMENU.WAV
HandleControlEvent, ButtonHighlight
HandleControlEvent, ButtonHighlight
HandleControlEvent, AfterShowMenu
HandleControlEvent, AfterShowMenu
Clicked: caption=&Size Columns to fit key=VIEW::SIZEFIT TAG=VIEW::SIZEFIT
ButtonClick
After:hwnd=1118470 umsg=70
WINDOWPOSCHANGING
After:hwnd=1118470 umsg=70
WINDOWPOSCHANGING
After:hwnd=1118470 umsg=70
WINDOWPOSCHANGING
After:hwnd=1118470 umsg=70
WINDOWPOSCHANGING
After:hwnd=1118470 umsg=70
WINDOWPOSCHANGING
After:hwnd=1118470 umsg=70
WINDOWPOSCHANGING
After:hwnd=1118470 umsg=70
WINDOWPOSCHANGING
After:hwnd=1118470 umsg=70
WINDOWPOSCHANGING
After:hwnd=1118470 umsg=70
WINDOWPOSCHANGING
After:hwnd=1118470 umsg=70
WINDOWPOSCHANGING
After:hwnd=1118470 umsg=70
WINDOWPOSCHANGING
After:hwnd=1118470 umsg=70
WINDOWPOSCHANGING
After:hwnd=1118470 umsg=70
WINDOWPOSCHANGING
After:hwnd=1118470 umsg=70
WINDOWPOSCHANGING
After:hwnd=1118470 umsg=70
WINDOWPOSCHANGING
After:hwnd=1118470 umsg=70
WINDOWPOSCHANGING
After:hwnd=1118470 umsg=70
WINDOWPOSCHANGING
After:hwnd=1118470 umsg=70
WINDOWPOSCHANGING
After:hwnd=1118470 umsg=70
WINDOWPOSCHANGING
After:hwnd=1118470 umsg=70
WINDOWPOSCHANGING
After:hwnd=1118470 umsg=70
WINDOWPOSCHANGING
After:hwnd=1118470 umsg=70
WINDOWPOSCHANGING
After:hwnd=1118470 umsg=70
WINDOWPOSCHANGING
After:hwnd=1118470 umsg=70
WINDOWPOSCHANGING
After:hwnd=1118470 umsg=70
WINDOWPOSCHANGING
After:hwnd=1118470 umsg=70
WINDOWPOSCHANGING
After:hwnd=1118470 umsg=70
WINDOWPOSCHANGING
After:hwnd=1118470 umsg=70
WINDOWPOSCHANGING
After:hwnd=1118470 umsg=70
WINDOWPOSCHANGING
After:hwnd=1118470 umsg=70
WINDOWPOSCHANGING
After:hwnd=1118470 umsg=70
WINDOWPOSCHANGING
After:hwnd=1118470 umsg=70
WINDOWPOSCHANGING
After:hwnd=1118470 umsg=70
WINDOWPOSCHANGING
After:hwnd=1118470 umsg=70
WINDOWPOSCHANGING
After:hwnd=1118470 umsg=70
WINDOWPOSCHANGING
After:hwnd=1118470 umsg=70
WINDOWPOSCHANGING
After:hwnd=1118470 umsg=70
WINDOWPOSCHANGING
After:hwnd=1118470 umsg=70
WINDOWPOSCHANGING
After:hwnd=1118470 umsg=70
WINDOWPOSCHANGING
After:hwnd=1118470 umsg=70
WINDOWPOSCHANGING
After:hwnd=1118470 umsg=70
WINDOWPOSCHANGING
After:hwnd=1118470 umsg=70
WINDOWPOSCHANGING
After:hwnd=1118470 umsg=70
WINDOWPOSCHANGING
After:hwnd=1118470 umsg=70
WINDOWPOSCHANGING
After:hwnd=1118470 umsg=70
WINDOWPOSCHANGING
After:hwnd=1118470 umsg=70
WINDOWPOSCHANGING
After:hwnd=1118470 umsg=70
WINDOWPOSCHANGING
After:hwnd=1118470 umsg=70
WINDOWPOSCHANGING
After:hwnd=1118470 umsg=70
WINDOWPOSCHANGING
After:hwnd=1118470 umsg=70
WINDOWPOSCHANGING
After:hwnd=1118470 umsg=70
WINDOWPOSCHANGING
After:hwnd=1118470 umsg=70
WINDOWPOSCHANGING
After:hwnd=1118470 umsg=70
WINDOWPOSCHANGING
After:hwnd=1118470 umsg=70
WINDOWPOSCHANGING
After:hwnd=1118470 umsg=70
WINDOWPOSCHANGING
After:hwnd=1118470 umsg=70
WINDOWPOSCHANGING
After:hwnd=1118470 umsg=70
WINDOWPOSCHANGING
After:hwnd=1118470 umsg=70
WINDOWPOSCHANGING
After:hwnd=1118470 umsg=70
WINDOWPOSCHANGING
HandleControlEvent, ButtonClick
playing:C:\Users\BC_Programming\AppData\Roaming\BCSearch\Resource\Sound\CLICK.WAV
mousemove button=1,shift=0,x=349,y=171
mousemove button=2,shift=0,x=349,y=171
mousemove button=0,shift=0,x=349,y=171
mousemove button=0,shift=0,x=349,y=171
mousemove button=0,shift=0,x=349,y=171
mousemove button=0,shift=0,x=349,y=171
mousemove button=0,shift=0,x=349,y=171
mousemove button=0,shift=0,x=349,y=171
mousemove button=0,shift=0,x=349,y=171
mousemove button=0,shift=0,x=349,y=171
mousemove button=0,shift=0,x=350,y=170
mousemove button=0,shift=0,x=350,y=169
mousemove button=0,shift=0,x=352,y=168
mousemove button=0,shift=0,x=359,y=157
mousemove button=0,shift=0,x=368,y=132
mousemove button=0,shift=0,x=374,y=107
mousemove button=0,shift=0,x=376,y=85
mousemove button=0,shift=0,x=377,y=73
mousemove button=0,shift=0,x=377,y=62
mousemove button=0,shift=0,x=378,y=51
mousemove button=0,shift=0,x=378,y=45
mousemove button=0,shift=0,x=378,y=42
mousemove button=0,shift=0,x=378,y=30
mousemove button=0,shift=0,x=378,y=26
mousemove button=0,shift=0,x=373,y=25
mousemove button=0,shift=0,x=370,y=30
mousemove button=0,shift=0,x=366,y=37
mousemove button=0,shift=0,x=360,y=45
mousemove button=0,shift=0,x=354,y=55
mousemove button=0,shift=0,x=350,y=63
mousemove button=0,shift=0,x=344,y=70
mousemove button=0,shift=0,x=340,y=76
mousemove button=0,shift=0,x=338,y=81
mousemove button=0,shift=0,x=332,y=88
mousemove button=0,shift=0,x=331,y=90
mousemove button=0,shift=0,x=330,y=92
mousemove button=0,shift=0,x=329,y=95
mousemove button=0,shift=0,x=328,y=96
mousemove button=0,shift=0,x=326,y=98
mousemove button=0,shift=0,x=325,y=100
mousemove button=0,shift=0,x=325,y=100
mousemove button=0,shift=0,x=323,y=100
mousemove button=0,shift=0,x=318,y=99
mousemove button=0,shift=0,x=311,y=97
mousemove button=0,shift=0,x=301,y=93
mousemove button=0,shift=0,x=291,y=90
mousemove button=0,shift=0,x=280,y=87
mousemove button=0,shift=0,x=254,y=78
mousemove button=0,shift=0,x=242,y=75
mousemove button=0,shift=0,x=234,y=72
mousemove button=0,shift=0,x=225,y=69
mousemove button=0,shift=0,x=218,y=67
mousemove button=0,shift=0,x=206,y=62
mousemove button=0,shift=0,x=196,y=59
mousemove button=0,shift=0,x=191,y=58
mousemove button=0,shift=0,x=183,y=56
mousemove button=0,shift=0,x=176,y=54
mousemove button=0,shift=0,x=171,y=53
mousemove button=0,shift=0,x=167,y=52
mousemove button=0,shift=0,x=165,y=51
mousemove button=0,shift=0,x=164,y=51
mousemove button=0,shift=0,x=163,y=51
mousemove button=0,shift=0,x=162,y=50
mousemove button=0,shift=0,x=161,y=50
mousemove button=0,shift=0,x=160,y=50
mousemove button=0,shift=0,x=160,y=49
mousemove button=0,shift=0,x=159,y=49
mousemove button=0,shift=0,x=158,y=49
mousemove button=0,shift=0,x=158,y=49
mousemove button=0,shift=0,x=158,y=48
mousemove button=0,shift=0,x=155,y=45
mousemove button=0,shift=0,x=153,y=44
mousemove button=0,shift=0,x=149,y=39
mousemove button=0,shift=0,x=145,y=36
mousemove button=0,shift=0,x=140,y=31
mousemove button=0,shift=0,x=137,y=27
mousemove button=0,shift=0,x=135,y=25
mousemove button=1,shift=0,x=176,y=25
mousemove button=0,shift=0,x=187,y=28
mousemove button=0,shift=0,x=199,y=32
mousemove button=0,shift=0,x=210,y=35
mousemove button=0,shift=0,x=219,y=38
mousemove button=0,shift=0,x=224,y=39
mousemove button=0,shift=0,x=233,y=41
mousemove button=0,shift=0,x=245,y=45
mousemove button=0,shift=0,x=248,y=45
mousemove button=0,shift=0,x=250,y=45
mousemove button=0,shift=0,x=252,y=45
mousemove button=0,shift=0,x=253,y=46
mousemove button=0,shift=0,x=255,y=46
mousemove button=0,shift=0,x=258,y=46
mousemove button=0,shift=0,x=261,y=46
mousemove button=0,shift=0,x=263,y=46
mousemove button=0,shift=0,x=266,y=47
mousemove button=0,shift=0,x=270,y=48
mousemove button=0,shift=0,x=277,y=48
mousemove button=0,shift=0,x=285,y=49
mousemove button=0,shift=0,x=330,y=55
mousemove button=0,shift=0,x=341,y=57
mousemove button=0,shift=0,x=351,y=57
mousemove button=0,shift=0,x=361,y=59
mousemove button=0,shift=0,x=369,y=59
mousemove button=0,shift=0,x=373,y=60
mousemove button=0,shift=0,x=382,y=61
mousemove button=0,shift=0,x=388,y=62
mousemove button=0,shift=0,x=398,y=63
mousemove button=0,shift=0,x=406,y=64
mousemove button=0,shift=0,x=413,y=64
mousemove button=0,shift=0,x=435,y=66
mousemove button=0,shift=0,x=445,y=67
mousemove button=0,shift=0,x=454,y=68
mousemove button=0,shift=0,x=469,y=69
mousemove button=0,shift=0,x=482,y=70
mousemove button=0,shift=0,x=518,y=71
mousemove button=0,shift=0,x=526,y=71
mousemove button=0,shift=0,x=538,y=71
mousemove button=0,shift=0,x=549,y=71
mousemove button=0,shift=0,x=557,y=71
mousemove button=0,shift=0,x=568,y=69
mousemove button=0,shift=0,x=570,y=68
mousemove button=0,shift=0,x=572,y=66
mousemove button=0,shift=0,x=571,y=65
mousemove button=0,shift=0,x=570,y=65
mousemove button=0,shift=0,x=570,y=66
mousemove button=0,shift=0,x=571,y=66
mousemove button=0,shift=0,x=573,y=66
mousemove button=0,shift=0,x=578,y=67
mousemove button=0,shift=0,x=579,y=67
mousemove button=0,shift=0,x=581,y=68
mousemove button=0,shift=0,x=582,y=68
mousemove button=0,shift=0,x=584,y=69
mousemove button=0,shift=0,x=584,y=69
mousemove button=0,shift=0,x=585,y=69
mousemove button=0,shift=0,x=587,y=68
mousemove button=0,shift=0,x=598,y=67
mousemove button=0,shift=0,x=603,y=66
mousemove button=0,shift=0,x=613,y=64
mousemove button=0,shift=0,x=620,y=61
mousemove button=0,shift=0,x=627,y=60
mousemove button=0,shift=0,x=637,y=56
mousemove button=0,shift=0,x=646,y=54
mousemove button=0,shift=0,x=657,y=51
mousemove button=0,shift=0,x=668,y=48
mousemove button=0,shift=0,x=693,y=42
mousemove button=0,shift=0,x=703,y=40
mousemove button=0,shift=0,x=707,y=39
mousemove button=0,shift=0,x=716,y=36
mousemove button=0,shift=0,x=729,y=34
mousemove button=0,shift=0,x=733,y=33
mousemove button=0,shift=0,x=738,y=31
mousemove button=0,shift=0,x=740,y=31
mousemove button=0,shift=0,x=743,y=30
mousemove button=0,shift=0,x=745,y=30
mousemove button=0,shift=0,x=746,y=30
mousemove button=0,shift=0,x=747,y=29
mousemove button=0,shift=0,x=748,y=29
mousemove button=0,shift=0,x=749,y=29
mousemove button=0,shift=0,x=750,y=30
mousemove button=0,shift=0,x=750,y=34
mousemove button=0,shift=0,x=753,y=39
mousemove button=0,shift=0,x=757,y=48
mousemove button=0,shift=0,x=760,y=57
mousemove button=0,shift=0,x=771,y=77
mousemove button=0,shift=0,x=774,y=86
mousemove button=0,shift=0,x=777,y=92
mousemove button=0,shift=0,x=780,y=99
mousemove button=0,shift=0,x=781,y=101
mousemove button=0,shift=0,x=786,y=106
mousemove button=0,shift=0,x=791,y=114
mousemove button=0,shift=0,x=793,y=114
mousemove button=0,shift=0,x=793,y=115
mousemove button=0,shift=0,x=794,y=116
mousemove button=0,shift=0,x=794,y=116
mousemove button=0,shift=0,x=795,y=116
mousemove button=0,shift=0,x=796,y=116
mousemove button=0,shift=0,x=797,y=116
mousemove button=0,shift=0,x=798,y=116
mousemove button=0,shift=0,x=798,y=117
mousemove button=0,shift=0,x=799,y=117
mousemove button=0,shift=0,x=800,y=118
mousemove button=0,shift=0,x=801,y=119
mousemove button=0,shift=0,x=801,y=120
mousemove button=0,shift=0,x=803,y=120
mousemove button=0,shift=0,x=803,y=121
mousemove button=0,shift=0,x=805,y=123
mousemove button=0,shift=0,x=806,y=124
mousemove button=0,shift=0,x=807,y=126
mousemove button=0,shift=0,x=809,y=127
mousemove button=0,shift=0,x=805,y=181
mousemove button=0,shift=0,x=797,y=192
mousemove button=0,shift=0,x=797,y=192
mousemove button=0,shift=0,x=789,y=202
mousemove button=0,shift=0,x=780,y=219
mousemove button=0,shift=0,x=737,y=286
mousemove button=0,shift=0,x=728,y=300
mousemove button=0,shift=0,x=722,y=311
mousemove button=0,shift=0,x=715,y=321
mousemove button=0,shift=0,x=713,y=327
mousemove button=0,shift=0,x=708,y=335
mousemove button=0,shift=0,x=702,y=343
mousemove button=0,shift=0,x=697,y=349
mousemove button=0,shift=0,x=694,y=356
mousemove button=0,shift=0,x=691,y=360
mousemove button=0,shift=0,x=689,y=363
mousemove button=0,shift=0,x=685,y=367
mousemove button=0,shift=0,x=684,y=368
mousemove button=0,shift=0,x=683,y=368
mousemove button=0,shift=0,x=683,y=369
mousemove button=0,shift=0,x=682,y=369
mousemove button=0,shift=0,x=681,y=369
mousemove button=0,shift=0,x=680,y=370
mousemove button=0,shift=0,x=679,y=371
mousemove button=0,shift=0,x=674,y=373
mousemove button=0,shift=0,x=671,y=375
mousemove button=1,shift=0,x=809,y=110
mousemove button=0,shift=0,x=806,y=103
mousemove button=0,shift=0,x=804,y=100
mousemove button=0,shift=0,x=804,y=100
mousemove button=0,shift=0,x=798,y=84
mousemove button=0,shift=0,x=795,y=80
mousemove button=0,shift=0,x=794,y=76
mousemove button=0,shift=0,x=792,y=72
mousemove button=0,shift=0,x=788,y=67
mousemove button=0,shift=0,x=787,y=65
mousemove button=0,shift=0,x=786,y=65
mousemove button=0,shift=0,x=784,y=63
mousemove button=0,shift=0,x=783,y=63
mousemove button=0,shift=0,x=783,y=64
mousemove button=0,shift=0,x=783,y=72
mousemove button=0,shift=0,x=784,y=89
mousemove button=0,shift=0,x=787,y=117
mousemove button=0,shift=0,x=787,y=152
mousemove button=0,shift=0,x=787,y=193
mousemove button=0,shift=0,x=785,y=239
mousemove button=0,shift=0,x=779,y=276
mousemove button=0,shift=0,x=774,y=315
mousemove button=0,shift=0,x=767,y=355
mousemove button=1,shift=0,x=799,y=366
mousemove button=0,shift=0,x=799,y=352
mousemove button=0,shift=0,x=796,y=335
mousemove button=0,shift=0,x=790,y=314
mousemove button=0,shift=0,x=785,y=292
mousemove button=0,shift=0,x=777,y=270
mousemove button=0,shift=0,x=770,y=248
mousemove button=0,shift=0,x=758,y=222
mousemove button=0,shift=0,x=753,y=211
mousemove button=0,shift=0,x=736,y=178
mousemove button=0,shift=0,x=722,y=150
mousemove button=0,shift=0,x=717,y=140
mousemove button=0,shift=0,x=706,y=119
mousemove button=0,shift=0,x=697,y=99
mousemove button=0,shift=0,x=677,y=64
mousemove button=0,shift=0,x=674,y=56
mousemove button=0,shift=0,x=672,y=53
mousemove button=0,shift=0,x=672,y=50
mousemove button=0,shift=0,x=671,y=49
mousemove button=0,shift=0,x=672,y=47
mousemove button=0,shift=0,x=674,y=44
mousemove button=0,shift=0,x=677,y=41
mousemove button=0,shift=0,x=679,y=37
mousemove button=0,shift=0,x=682,y=34
mousemove button=0,shift=0,x=683,y=32
mousemove button=0,shift=0,x=685,y=31
mousemove button=0,shift=0,x=686,y=30
mousemove button=0,shift=0,x=687,y=29
mousemove button=0,shift=0,x=688,y=28
mousemove button=0,shift=0,x=689,y=26
mousemove button=0,shift=0,x=691,y=24
mousemove button=1,shift=0,x=704,y=24
mousemove button=0,shift=0,x=692,y=27
mousemove button=0,shift=0,x=677,y=31
mousemove button=0,shift=0,x=677,y=31
mousemove button=0,shift=0,x=656,y=35
mousemove button=0,shift=0,x=621,y=44
mousemove button=0,shift=0,x=583,y=53
mousemove button=0,shift=0,x=543,y=62
mousemove button=0,shift=0,x=428,y=90
mousemove button=0,shift=0,x=382,y=101
mousemove button=0,shift=0,x=352,y=111
mousemove button=0,shift=0,x=306,y=123
mousemove button=0,shift=0,x=260,y=134
mousemove button=0,shift=0,x=220,y=145
mousemove button=0,shift=0,x=185,y=154
mousemove button=0,shift=0,x=125,y=175
mousemove button=0,shift=0,x=103,y=180
mousemove button=0,shift=0,x=57,y=196
mousemove button=0,shift=0,x=47,y=199
mousemove button=0,shift=0,x=40,y=201
mousemove button=0,shift=0,x=36,y=202
mousemove button=0,shift=0,x=34,y=202
mousemove button=0,shift=0,x=30,y=204
mousemove button=0,shift=0,x=29,y=204
mousemove button=0,shift=0,x=28,y=204
mousemove button=0,shift=0,x=27,y=204
mousemove button=0,shift=0,x=26,y=204
mousemove button=0,shift=0,x=25,y=205
mousemove button=0,shift=0,x=25,y=205
mousemove button=0,shift=0,x=25,y=205
mousemove button=0,shift=0,x=25,y=205
mousemove button=0,shift=0,x=25,y=205
mousemove button=0,shift=0,x=25,y=205
mousemove button=0,shift=0,x=25,y=205
mousemove button=0,shift=0,x=25,y=205
mousemove button=0,shift=0,x=25,y=205
mousemove button=0,shift=0,x=25,y=205
mousemove button=0,shift=0,x=25,y=205
mousemove button=0,shift=0,x=25,y=205
mousemove button=0,shift=0,x=25,y=205
mousemove button=0,shift=0,x=25,y=205
mousemove button=0,shift=0,x=25,y=205
mousemove button=0,shift=0,x=25,y=205
mousemove button=0,shift=0,x=25,y=205
mousemove button=0,shift=0,x=25,y=205
mousemove button=0,shift=0,x=25,y=205
mousemove button=0,shift=0,x=25,y=205
mousemove button=0,shift=0,x=25,y=205
mousemove button=0,shift=0,x=25,y=205
mousemove button=0,shift=0,x=25,y=205
mousemove button=0,shift=0,x=24,y=205
mousemove button=0,shift=0,x=24,y=204
mousemove button=0,shift=0,x=16,y=191
mousemove button=0,shift=0,x=2,y=53
mousemove button=0,shift=0,x=34,y=68
mousemove button=0,shift=0,x=94,y=93
mousemove button=0,shift=0,x=138,y=109
mousemove button=0,shift=0,x=152,y=113
mousemove button=0,shift=0,x=174,y=119
mousemove button=0,shift=0,x=193,y=125
mousemove button=0,shift=0,x=209,y=128
mousemove button=0,shift=0,x=241,y=133
mousemove button=0,shift=0,x=247,y=134
mousemove button=0,shift=0,x=253,y=135
mousemove button=0,shift=0,x=256,y=135
mousemove button=0,shift=0,x=258,y=135
mousemove button=0,shift=0,x=260,y=136
mousemove button=0,shift=0,x=261,y=136
mousemove button=0,shift=0,x=261,y=137
mousemove button=0,shift=0,x=261,y=138
mousemove button=0,shift=0,x=261,y=140
mousemove button=0,shift=0,x=261,y=141
mousemove button=0,shift=0,x=261,y=142
mousemove button=0,shift=0,x=262,y=144
mousemove button=0,shift=0,x=260,y=144
mousemove button=0,shift=0,x=260,y=145
mousemove button=0,shift=0,x=259,y=145
mousemove button=0,shift=0,x=257,y=145
mousemove button=0,shift=0,x=257,y=145
mousemove button=0,shift=0,x=256,y=146
mousemove button=0,shift=0,x=255,y=147
mousemove button=0,shift=0,x=255,y=148
mousemove button=0,shift=0,x=255,y=148
mousemove button=0,shift=0,x=255,y=147
mousemove button=0,shift=0,x=255,y=146
mousemove button=0,shift=0,x=256,y=144
mousemove button=0,shift=0,x=258,y=138
mousemove button=0,shift=0,x=260,y=131
mousemove button=0,shift=0,x=262,y=123
mousemove button=0,shift=0,x=264,y=113
mousemove button=0,shift=0,x=265,y=105
mousemove button=0,shift=0,x=266,y=97
mousemove button=0,shift=0,x=267,y=90
mousemove button=0,shift=0,x=267,y=86
mousemove button=0,shift=0,x=267,y=82
mousemove button=0,shift=0,x=267,y=78
mousemove button=0,shift=0,x=267,y=75
mousemove button=0,shift=0,x=267,y=72
mousemove button=0,shift=0,x=267,y=71
mousemove button=0,shift=0,x=266,y=69
mousemove button=0,shift=0,x=265,y=67
mousemove button=0,shift=0,x=265,y=66
mousemove button=0,shift=0,x=263,y=63
mousemove button=0,shift=0,x=263,y=62
mousemove button=0,shift=0,x=262,y=59
mousemove button=0,shift=0,x=259,y=53
mousemove button=0,shift=0,x=258,y=51
mousemove button=0,shift=0,x=255,y=45
mousemove button=0,shift=0,x=254,y=43
mousemove button=0,shift=0,x=253,y=41
mousemove button=0,shift=0,x=253,y=40
mousemove button=0,shift=0,x=252,y=39
mousemove button=0,shift=0,x=251,y=38
mousemove button=0,shift=0,x=251,y=36
mousemove button=0,shift=0,x=249,y=35
mousemove button=0,shift=0,x=249,y=34
mousemove button=0,shift=0,x=249,y=33
mousemove button=0,shift=0,x=248,y=33
mousemove button=0,shift=0,x=248,y=32
mousemove button=0,shift=0,x=248,y=31
mousemove button=0,shift=0,x=248,y=30
mousemove button=0,shift=0,x=247,y=29
mousemove button=0,shift=0,x=247,y=28
mousemove button=0,shift=0,x=247,y=27
mousemove button=0,shift=0,x=247,y=26
mousemove button=0,shift=0,x=246,y=24
mousemove button=1,shift=0,x=301,y=40
mousemove button=0,shift=0,x=348,y=61
mousemove button=0,shift=0,x=408,y=86
mousemove button=0,shift=0,x=474,y=114
mousemove button=0,shift=0,x=548,y=144
mousemove button=0,shift=0,x=621,y=166
mousemove button=0,shift=0,x=751,y=208
mousemove button=0,shift=0,x=807,y=224
mousemove button=1,shift=0,x=809,y=341
mousemove button=0,shift=0,x=788,y=345
mousemove button=0,shift=0,x=763,y=353
mousemove button=0,shift=0,x=736,y=361
mousemove button=0,shift=0,x=701,y=370
mousemove button=0,shift=0,x=226,y=375
mousemove button=0,shift=0,x=226,y=374
mousemove button=0,shift=0,x=224,y=373
mousemove button=0,shift=0,x=224,y=372
mousemove button=0,shift=0,x=223,y=371
mousemove button=0,shift=0,x=222,y=370
mousemove button=0,shift=0,x=222,y=369
mousemove button=0,shift=0,x=220,y=368
mousemove button=0,shift=0,x=219,y=367
mousemove button=0,shift=0,x=219,y=366
mousemove button=0,shift=0,x=217,y=366
mousemove button=0,shift=0,x=216,y=365
mousemove button=0,shift=0,x=215,y=364
mousemove button=0,shift=0,x=214,y=364
mousemove button=0,shift=0,x=213,y=364
mousemove button=0,shift=0,x=213,y=364
mousemove button=0,shift=0,x=213,y=364
mousemove button=0,shift=0,x=213,y=364
mousemove button=0,shift=0,x=213,y=364
mousemove button=0,shift=0,x=213,y=364
mousemove button=0,shift=0,x=213,y=365
mousemove button=0,shift=0,x=212,y=371
mousemove button=0,shift=0,x=212,y=375
mousemove button=0,shift=0,x=106,y=366
mousemove button=0,shift=0,x=98,y=353
mousemove button=0,shift=0,x=88,y=339
mousemove button=0,shift=0,x=76,y=320
mousemove button=0,shift=0,x=71,y=313
mousemove button=0,shift=0,x=62,y=296
mousemove button=0,shift=0,x=53,y=283
mousemove button=0,shift=0,x=53,y=283
mousemove button=0,shift=0,x=28,y=240
mousemove button=0,shift=0,x=14,y=211
mousemove button=0,shift=0,x=10,y=203
mousemove button=0,shift=0,x=7,y=194
mousemove button=0,shift=0,x=5,y=186
mousemove button=0,shift=0,x=2,y=177
After:hwnd=1118470 umsg=70
WINDOWPOSCHANGING
mousemove button=0,shift=0,x=155,y=25
mousemove button=0,shift=0,x=164,y=33
mousemove button=0,shift=0,x=171,y=38
mousemove button=0,shift=0,x=178,y=42
mousemove button=0,shift=0,x=181,y=44
mousemove button=0,shift=0,x=187,y=46
mousemove button=0,shift=0,x=188,y=46
mousemove button=0,shift=0,x=189,y=46
mousemove button=0,shift=0,x=190,y=46
mousemove button=0,shift=0,x=189,y=45
mousemove button=0,shift=0,x=188,y=45
mousemove button=0,shift=0,x=187,y=45
mousemove button=0,shift=0,x=187,y=44
mousemove button=0,shift=0,x=187,y=43
mousemove button=0,shift=0,x=186,y=43
mousemove button=0,shift=0,x=185,y=41
mousemove button=0,shift=0,x=184,y=38
mousemove button=0,shift=0,x=182,y=34
mouseup button=0,shift=0,x=167,y=13
C:\install.res.1042.dll
BEFORESHOWMENU:VIEW::SUBMENU
beforeShowMenu end VIEW::SUBMENU
HandleControlEvent, BeforeShowMenu
beforeshowmenu:VIEW::SUBMENU
playing:C:\Users\BC_Programming\AppData\Roaming\BCSearch\Resource\Sound\SHOWMENU.WAV
HandleControlEvent, ButtonHighlight
HandleControlEvent, ButtonHighlight
HandleControlEvent, ButtonHighlight
HandleControlEvent, ButtonHighlight
HandleControlEvent, ButtonHighlight
HandleControlEvent, ButtonHighlight
HandleControlEvent, ButtonHighlight
BEFORESHOWMENU:VIEW::COLUMNS::SUBMENU
column: key=FILENAME tag = 
checking off Key=COLUMNVIEW::FILENAME Tag=SHOWHIDE:FILENAME
HandleControlEvent, Resize
HandleControlEvent, Resize
column: key=DIRECTORY tag = 
checking off Key=COLUMNVIEW::DIRECTORY Tag=SHOWHIDE:DIRECTORY
HandleControlEvent, Resize
column: key=EXTENSION tag = 
checking off Key=COLUMNVIEW::EXTENSION Tag=SHOWHIDE:EXTENSION
HandleControlEvent, Resize
HandleControlEvent, Resize
column: key=TYPE tag = 
checking off Key=COLUMNVIEW::TYPE Tag=SHOWHIDE:TYPE
HandleControlEvent, Resize
column: key=SIZE tag = 
checking off Key=COLUMNVIEW::SIZE Tag=SHOWHIDE:SIZE
HandleControlEvent, Resize
column: key=DISKSIZE tag = 
checking off Key=COLUMNVIEW::DISKSIZE Tag=SHOWHIDE:DISKSIZE
HandleControlEvent, Resize
HandleControlEvent, Resize
column: key=MODIFIED tag = 
checking off Key=COLUMNVIEW::MODIFIED Tag=SHOWHIDE:MODIFIED
HandleControlEvent, Resize
column: key=ACCESSED tag = 
checking off Key=COLUMNVIEW::ACCESSED Tag=SHOWHIDE:ACCESSED
HandleControlEvent, Resize
column: key=CREATED tag = 
checking off Key=COLUMNVIEW::CREATED Tag=SHOWHIDE:CREATED
HandleControlEvent, Resize
column: key=PLUGIN:1:1 tag = 
checking off Key=COLUMNVIEW::PLUGIN:1:1 Tag=SHOWHIDE:PLUGIN:1:1
HandleControlEvent, Resize
column: key=PLUGIN:1:2 tag = 
checking off Key=COLUMNVIEW::PLUGIN:1:2 Tag=SHOWHIDE:PLUGIN:1:2
HandleControlEvent, Resize
column: key=PLUGIN:2:1 tag = 
checking off Key=COLUMNVIEW::PLUGIN:2:1 Tag=SHOWHIDE:PLUGIN:2:1
HandleControlEvent, Resize
column: key=PLUGIN:3:1 tag = 
checking off Key=COLUMNVIEW::PLUGIN:3:1 Tag=SHOWHIDE:PLUGIN:3:1
HandleControlEvent, Resize
column: key=PLUGIN:3:2 tag = 
checking off Key=COLUMNVIEW::PLUGIN:3:2 Tag=SHOWHIDE:PLUGIN:3:2
HandleControlEvent, Resize
beforeShowMenu end VIEW::COLUMNS::SUBMENU
HandleControlEvent, BeforeShowMenu
beforeshowmenu:VIEW::COLUMNS::SUBMENU
playing:C:\Users\BC_Programming\AppData\Roaming\BCSearch\Resource\Sound\SHOWMENU.WAV
HandleControlEvent, ButtonHighlight
HandleControlEvent, AfterShowMenu
HandleControlEvent, ButtonHighlight
HandleControlEvent, AfterShowMenu
Clicked: caption=&Size Columns to fit key=VIEW::SIZEFIT TAG=VIEW::SIZEFIT
ButtonClick
After:hwnd=1118470 umsg=70
WINDOWPOSCHANGING
After:hwnd=1118470 umsg=70
WINDOWPOSCHANGING
After:hwnd=1118470 umsg=70
WINDOWPOSCHANGING
After:hwnd=1118470 umsg=70
WINDOWPOSCHANGING
After:hwnd=1118470 umsg=70
WINDOWPOSCHANGING
After:hwnd=1118470 umsg=70
WINDOWPOSCHANGING
After:hwnd=1118470 umsg=70
WINDOWPOSCHANGING
After:hwnd=1118470 umsg=70
WINDOWPOSCHANGING
After:hwnd=1118470 umsg=70
WINDOWPOSCHANGING
After:hwnd=1118470 umsg=70
WINDOWPOSCHANGING
After:hwnd=1118470 umsg=70
WINDOWPOSCHANGING
After:hwnd=1118470 umsg=70
WINDOWPOSCHANGING
After:hwnd=1118470 umsg=70
WINDOWPOSCHANGING
After:hwnd=1118470 umsg=70
WINDOWPOSCHANGING
After:hwnd=1118470 umsg=70
WINDOWPOSCHANGING
After:hwnd=1118470 umsg=70
WINDOWPOSCHANGING
After:hwnd=1118470 umsg=70
WINDOWPOSCHANGING
After:hwnd=1118470 umsg=70
WINDOWPOSCHANGING
After:hwnd=1118470 umsg=70
WINDOWPOSCHANGING
After:hwnd=1118470 umsg=70
WINDOWPOSCHANGING
After:hwnd=1118470 umsg=70
WINDOWPOSCHANGING
After:hwnd=1118470 umsg=70
WINDOWPOSCHANGING
After:hwnd=1118470 umsg=70
WINDOWPOSCHANGING
After:hwnd=1118470 umsg=70
WINDOWPOSCHANGING
After:hwnd=1118470 umsg=70
WINDOWPOSCHANGING
After:hwnd=1118470 umsg=70
WINDOWPOSCHANGING
After:hwnd=1118470 umsg=70
WINDOWPOSCHANGING
After:hwnd=1118470 umsg=70
WINDOWPOSCHANGING
After:hwnd=1118470 umsg=70
WINDOWPOSCHANGING
After:hwnd=1118470 umsg=70
WINDOWPOSCHANGING
After:hwnd=1118470 umsg=70
WINDOWPOSCHANGING
After:hwnd=1118470 umsg=70
WINDOWPOSCHANGING
After:hwnd=1118470 umsg=70
WINDOWPOSCHANGING
After:hwnd=1118470 umsg=70
WINDOWPOSCHANGING
After:hwnd=1118470 umsg=70
WINDOWPOSCHANGING
After:hwnd=1118470 umsg=70
WINDOWPOSCHANGING
After:hwnd=1118470 umsg=70
WINDOWPOSCHANGING
After:hwnd=1118470 umsg=70
WINDOWPOSCHANGING
After:hwnd=1118470 umsg=70
WINDOWPOSCHANGING
After:hwnd=1118470 umsg=70
WINDOWPOSCHANGING
After:hwnd=1118470 umsg=70
WINDOWPOSCHANGING
After:hwnd=1118470 umsg=70
WINDOWPOSCHANGING
After:hwnd=1118470 umsg=70
WINDOWPOSCHANGING
After:hwnd=1118470 umsg=70
WINDOWPOSCHANGING
After:hwnd=1118470 umsg=70
WINDOWPOSCHANGING
After:hwnd=1118470 umsg=70
WINDOWPOSCHANGING
After:hwnd=1118470 umsg=70
WINDOWPOSCHANGING
After:hwnd=1118470 umsg=70
WINDOWPOSCHANGING
After:hwnd=1118470 umsg=70
WINDOWPOSCHANGING
After:hwnd=1118470 umsg=70
WINDOWPOSCHANGING
After:hwnd=1118470 umsg=70
WINDOWPOSCHANGING
After:hwnd=1118470 umsg=70
WINDOWPOSCHANGING
After:hwnd=1118470 umsg=70
WINDOWPOSCHANGING
After:hwnd=1118470 umsg=70
WINDOWPOSCHANGING
After:hwnd=1118470 umsg=70
WINDOWPOSCHANGING
After:hwnd=1118470 umsg=70
WINDOWPOSCHANGING
After:hwnd=1118470 umsg=70
WINDOWPOSCHANGING
After:hwnd=1118470 umsg=70
WINDOWPOSCHANGING
After:hwnd=1118470 umsg=70
WINDOWPOSCHANGING
After:hwnd=1118470 umsg=70
WINDOWPOSCHANGING
After:hwnd=1118470 umsg=70
WINDOWPOSCHANGING
HandleControlEvent, ButtonClick
playing:C:\Users\BC_Programming\AppData\Roaming\BCSearch\Resource\Sound\CLICK.WAV
mousemove button=1,shift=0,x=-177,y=60
mousemove button=2,shift=0,x=6,y=332
mousemove button=0,shift=0,x=13,y=340
mousemove button=0,shift=0,x=21,y=349
mousemove button=0,shift=0,x=28,y=357
mousemove button=1,shift=0,x=108,y=369
mousemove button=0,shift=0,x=107,y=369
mousemove button=0,shift=0,x=105,y=371
After:hwnd=1118470 umsg=70
WINDOWPOSCHANGING
buttondropdown FILE;MENU::FILE
HandleControlEvent, ButtonDropDown
BEFORESHOWMENU:FILE::SUBMENU
File::SUBMENU
beforeShowMenu end FILE::SUBMENU
HandleControlEvent, BeforeShowMenu
beforeshowmenu:FILE::SUBMENU
playing:C:\Users\BC_Programming\AppData\Roaming\BCSearch\Resource\Sound\SHOWMENU.WAV
HandleControlEvent, Resize
HandleControlEvent, Resize
HandleControlEvent, ButtonHighlight
HandleControlEvent, ButtonHighlight
HandleControlEvent, ButtonHighlight
HandleControlEvent, ButtonHighlight
HandleControlEvent, AfterShowMenu
Clicked: caption=&Exit key=FILE::EXIT TAG=FILE::EXIT
ButtonClick
Persisting Combo/List box- section = PersistProperties.cboLookin...
After:hwnd=1118470 umsg=70
WINDOWPOSCHANGING
