BASeCamp CDebug Class Debug Log output.
log at 12/31/2009 on TERATRON as BC_Programming at 09:58.16
################################################################################
System Info for this session:
Environment variables:

ALLUSERSPROFILE=C:\ProgramData
APPDATA=C:\Users\BC_Programming\AppData\Roaming
CG_BOOST_ROOT=C:\Program Files (x86)\CodeGear\RAD Studio\6.0\include\boost_1_35
CommonProgramFiles=C:\Program Files (x86)\Common Files
CommonProgramFiles(x86)=C:\Program Files (x86)\Common Files
CommonProgramW6432=C:\Program Files\Common Files
COMPUTERNAME=TERATRON
ComSpec=C:\Windows\system32\cmd.exe
FP_NO_HOST_CHECK=NO
HOMEDRIVE=C:
HOMEPATH=\Users\BC_Programming
LOCALAPPDATA=C:\Users\BC_Programming\AppData\Local
LOGONSERVER=\\TERATRON
NUMBER_OF_PROCESSORS=4
OPENSSL_CONF=C:\OpenSSL\bin\openssl.cfg
OS=Windows_NT
Path=C:\Python\Scripts;C:\Python\;C:\Program Files (x86)\CodeGear\RAD Studio\6.0\bin;C:\Users\Public\Documents\RAD Studio\6.0\Bpl;C:\Perl\site\bin;C:\Perl\bin;C:\Windows\system32;C:\Windows;C:\Windows\System32\Wbem;C:\Windows\System32\WindowsPowerShell\v1.0\;c:\Program Files (x86)\Microsoft SQL Server\90\Tools\binn\;C:\Program Files (x86)\Microsoft Visual Studio 9.0\VC\bin;C:\Program Files (x86)\Common Files\microsoft shared\MSENV;C:\Program Files (x86)\Common Files\microsoft shared\VSA\9.0\VsaEnv;C:\PROGRA~2\Borland\Delphi6\Bin;C:\PROGRA~2\Borland\Delphi6\Projects\Bpl;C:\Program Files (x86)\Common Files\Autodesk Shared\;C:\Program Files (x86)\backburner 2\;C:\Users\BC_Programming\AppData\Roaming\Python\Scripts;C:\Windows\system32;C:\Windows;C:\Windows\System32\Wbem;C:\Windows\System32\WindowsPowerShell\v1.0\;c:\Program Files (x86)\Microsoft SQL Server\90\Tools\binn\;C:\Program Files (x86)\Microsoft Visual Studio 9.0\VC\bin;C:\Program Files (x86)\Common Files\microsoft shared\MSENV;C:\Program Files (x86)\Common Fi
PATHEXT=.COM;.EXE;.BAT;.CMD;.VBS;.VBE;.JS;.JSE;.WSF;.WSH;.MSC;.py;.pyw
PROCESSOR_ARCHITECTURE=x86
PROCESSOR_ARCHITEW6432=AMD64
PROCESSOR_IDENTIFIER=Intel64 Family 6 Model 23 Stepping 7, GenuineIntel
PROCESSOR_LEVEL=6
PROCESSOR_REVISION=1707
ProgramData=C:\ProgramData
ProgramFiles=C:\Program Files (x86)
ProgramFiles(x86)=C:\Program Files (x86)
ProgramW6432=C:\Program Files
PUBLIC=C:\Users\Public
SystemDrive=C:
SystemRoot=C:\Windows
TEMP=C:\Users\BC_PRO~1\AppData\Local\Temp
TMP=C:\Users\BC_PRO~1\AppData\Local\Temp
USERDOMAIN=TERATRON
USERNAME=BC_Programming
USERPROFILE=C:\Users\BC_Programming
VS90COMNTOOLS=C:\Program Files (x86)\Microsoft Visual Studio 9.0\Common7\Tools\
windir=C:\Windows
__COMPAT_LAYER=RunAsAdmin RunAsAdmin 


################################################################################
***************BEGIN LOG*******************
After:hwnd=1183114 umsg=70
WINDOWPOSCHANGING
After:hwnd=1183114 umsg=70
WINDOWPOSCHANGING
After:hwnd=1183114 umsg=70
WINDOWPOSCHANGING
XML load successful in CXMLLoader::LoadXML
optimal bitdepth is 32 bits.
unrecognized NodeName for commandbar load:SCRIPTS
unrecognized NodeName for commandbar load:
unrecognized NodeName for commandbar load:IMAGELIST
unrecognized NodeName for commandbar load:IMAGELIST
DefClick=C:\Users\BC_Programming\AppData\Roaming\BCSearch\Resource\Sound\CLICK.WAV
Click=C:\Users\BC_Programming\AppData\Roaming\BCSearch\Resource\Sound\CLICK.WAV
picindex=8
Click=C:\Users\BC_Programming\AppData\Roaming\BCSearch\Resource\Sound\CLICK.WAV
picindex=13
Click=C:\Users\BC_Programming\AppData\Roaming\BCSearch\Resource\Sound\CLICK.WAV
picindex=-1
Click=C:\Users\BC_Programming\AppData\Roaming\BCSearch\Resource\Sound\CLICK.WAV
picindex=15
Click=C:\Users\BC_Programming\AppData\Roaming\BCSearch\Resource\Sound\CLICK.WAV
picindex=14
Click=C:\Users\BC_Programming\AppData\Roaming\BCSearch\Resource\Sound\CLICK.WAV
picindex=16
Click=C:\Users\BC_Programming\AppData\Roaming\BCSearch\Resource\Sound\CLICK.WAV
picindex=13
Click=C:\Users\BC_Programming\AppData\Roaming\BCSearch\Resource\Sound\CLICK.WAV
picindex=-1
Click=C:\Users\BC_Programming\AppData\Roaming\BCSearch\Resource\Sound\CLICK.WAV
picindex=17
Click=C:\Users\BC_Programming\AppData\Roaming\BCSearch\Resource\Sound\CLICK.WAV
picindex=11
Click=C:\Users\BC_Programming\AppData\Roaming\BCSearch\Resource\Sound\CLICK.WAV
picindex=18
Click=C:\Users\BC_Programming\AppData\Roaming\BCSearch\Resource\Sound\CLICK.WAV
picindex=25
Click=C:\Users\BC_Programming\AppData\Roaming\BCSearch\Resource\Sound\CLICK.WAV
picindex=17
Click=C:\Users\BC_Programming\AppData\Roaming\BCSearch\Resource\Sound\CLICK.WAV
picindex=26
Click=C:\Users\BC_Programming\AppData\Roaming\BCSearch\Resource\Sound\CLICK.WAV
picindex=27
Click=C:\Users\BC_Programming\AppData\Roaming\BCSearch\Resource\Sound\CLICK.WAV
picindex=28
Click=C:\Users\BC_Programming\AppData\Roaming\BCSearch\Resource\Sound\CLICK.WAV
picindex=29
Click=C:\Users\BC_Programming\AppData\Roaming\BCSearch\Resource\Sound\CLICK.WAV
picindex=8
Click=C:\Users\BC_Programming\AppData\Roaming\BCSearch\Resource\Sound\CLICK.WAV
picindex=-1
HandleControlEvent, Resize
DefClick=C:\Users\BC_Programming\AppData\Roaming\BCSearch\Resource\Sound\CLICK.WAV
Click=C:\Users\BC_Programming\AppData\Roaming\BCSearch\Resource\Sound\CLICK.WAV
picindex=18
Click=C:\Users\BC_Programming\AppData\Roaming\BCSearch\Resource\Sound\CLICK.WAV
picindex=20
Click=C:\Users\BC_Programming\AppData\Roaming\BCSearch\Resource\Sound\CLICK.WAV
picindex=-1
Click=C:\Users\BC_Programming\AppData\Roaming\BCSearch\Resource\Sound\CLICK.WAV
picindex=7
Click=C:\Users\BC_Programming\AppData\Roaming\BCSearch\Resource\Sound\CLICK.WAV
picindex=-1
DefClick=C:\Users\BC_Programming\AppData\Roaming\BCSearch\Resource\Sound\CLICK.WAV
Click=C:\Users\BC_Programming\AppData\Roaming\BCSearch\Resource\Sound\CLICK.WAV
picindex=5
Click=C:\Users\BC_Programming\AppData\Roaming\BCSearch\Resource\Sound\CLICK.WAV
picindex=6
Click=C:\Users\BC_Programming\AppData\Roaming\BCSearch\Resource\Sound\CLICK.WAV
picindex=-1
Click=C:\Users\BC_Programming\AppData\Roaming\BCSearch\Resource\Sound\CLICK.WAV
picindex=-1
Click=C:\Users\BC_Programming\AppData\Roaming\BCSearch\Resource\Sound\CLICK.WAV
picindex=-1
Click=C:\Users\BC_Programming\AppData\Roaming\BCSearch\Resource\Sound\CLICK.WAV
picindex=-1
Click=C:\Users\BC_Programming\AppData\Roaming\BCSearch\Resource\Sound\CLICK.WAV
picindex=-1
Click=C:\Users\BC_Programming\AppData\Roaming\BCSearch\Resource\Sound\CLICK.WAV
picindex=-1
Click=C:\Users\BC_Programming\AppData\Roaming\BCSearch\Resource\Sound\CLICK.WAV
picindex=-1
DefClick=
Click=
picindex=2
Click=
picindex=-1
Click=
picindex=-1
DefClick=C:\Users\BC_Programming\AppData\Roaming\BCSearch\Resource\Sound\CLICK.WAV
Click=C:\Users\BC_Programming\AppData\Roaming\BCSearch\Resource\Sound\CLICK.WAV
picindex=-1
Click=C:\Users\BC_Programming\AppData\Roaming\BCSearch\Resource\Sound\CLICK.WAV
picindex=-1
Click=C:\Users\BC_Programming\AppData\Roaming\BCSearch\Resource\Sound\CLICK.WAV
picindex=1
Click=C:\Users\BC_Programming\AppData\Roaming\BCSearch\Resource\Sound\CLICK.WAV
picindex=-1
Click=C:\Users\BC_Programming\AppData\Roaming\BCSearch\Resource\Sound\CLICK.WAV
picindex=-1
Click=C:\Users\BC_Programming\AppData\Roaming\BCSearch\Resource\Sound\CLICK.WAV
picindex=-1
Click=C:\Users\BC_Programming\AppData\Roaming\BCSearch\Resource\Sound\CLICK.WAV
picindex=-1
Click=C:\Users\BC_Programming\AppData\Roaming\BCSearch\Resource\Sound\CLICK.WAV
picindex=-1
Click=C:\Users\BC_Programming\AppData\Roaming\BCSearch\Resource\Sound\CLICK.WAV
picindex=-1
Click=C:\Users\BC_Programming\AppData\Roaming\BCSearch\Resource\Sound\CLICK.WAV
picindex=11
Click=C:\Users\BC_Programming\AppData\Roaming\BCSearch\Resource\Sound\CLICK.WAV
picindex=12
Click=C:\Users\BC_Programming\AppData\Roaming\BCSearch\Resource\Sound\CLICK.WAV
picindex=-1
Click=C:\Users\BC_Programming\AppData\Roaming\BCSearch\Resource\Sound\CLICK.WAV
picindex=-1
Click=C:\Users\BC_Programming\AppData\Roaming\BCSearch\Resource\Sound\CLICK.WAV
picindex=10
Click=C:\Users\BC_Programming\AppData\Roaming\BCSearch\Resource\Sound\CLICK.WAV
picindex=9
HandleControlEvent, Resize
unrecognized NodeName for commandbar load:TOOLBAR
setting toolbarimagelist(1)...
setting toolbarimagelist(2)...
After:hwnd=1183114 umsg=36
After:hwnd=1183114 umsg=70
WINDOWPOSCHANGING
HandleControlEvent, Resize
HandleControlEvent, Resize
After:hwnd=1183114 umsg=36
After:hwnd=1183114 umsg=70
WINDOWPOSCHANGING
Loading Combo/List box- section = PersistProperties.cboLookin...
After:hwnd=1183114 umsg=70
WINDOWPOSCHANGING
After:hwnd=1183114 umsg=70
WINDOWPOSCHANGING
After:hwnd=1183114 umsg=70
WINDOWPOSCHANGING
After:hwnd=1183114 umsg=70
WINDOWPOSCHANGING
After:hwnd=1183114 umsg=70
WINDOWPOSCHANGING
After:hwnd=1183114 umsg=70
WINDOWPOSCHANGING
After:hwnd=1183114 umsg=70
WINDOWPOSCHANGING
After:hwnd=1183114 umsg=70
WINDOWPOSCHANGING
After:hwnd=1183114 umsg=36
After:hwnd=1183114 umsg=36
After:hwnd=1183114 umsg=70
WINDOWPOSCHANGING
After:hwnd=1183114 umsg=36
After:hwnd=1183114 umsg=70
WINDOWPOSCHANGING
After:hwnd=1183114 umsg=36
After:hwnd=1183114 umsg=70
WINDOWPOSCHANGING
After:hwnd=1183114 umsg=36
After:hwnd=1183114 umsg=70
WINDOWPOSCHANGING
After:hwnd=1183114 umsg=36
After:hwnd=1183114 umsg=70
WINDOWPOSCHANGING
After:hwnd=1183114 umsg=36
After:hwnd=1183114 umsg=70
WINDOWPOSCHANGING
After:hwnd=1183114 umsg=36
After:hwnd=1183114 umsg=70
WINDOWPOSCHANGING
After:hwnd=1183114 umsg=36
After:hwnd=1183114 umsg=70
WINDOWPOSCHANGING
After:hwnd=1183114 umsg=36
After:hwnd=1183114 umsg=70
WINDOWPOSCHANGING
After:hwnd=1183114 umsg=36
After:hwnd=1183114 umsg=70
WINDOWPOSCHANGING
After:hwnd=1183114 umsg=36
After:hwnd=1183114 umsg=70
WINDOWPOSCHANGING
After:hwnd=1183114 umsg=36
After:hwnd=1183114 umsg=70
WINDOWPOSCHANGING
After:hwnd=1183114 umsg=36
After:hwnd=1183114 umsg=70
WINDOWPOSCHANGING
After:hwnd=1183114 umsg=36
After:hwnd=1183114 umsg=70
WINDOWPOSCHANGING
After:hwnd=1183114 umsg=36
After:hwnd=1183114 umsg=70
WINDOWPOSCHANGING
After:hwnd=1183114 umsg=36
After:hwnd=1183114 umsg=70
WINDOWPOSCHANGING
After:hwnd=1183114 umsg=36
After:hwnd=1183114 umsg=70
WINDOWPOSCHANGING
After:hwnd=1183114 umsg=36
After:hwnd=1183114 umsg=70
WINDOWPOSCHANGING
After:hwnd=1183114 umsg=36
After:hwnd=1183114 umsg=70
WINDOWPOSCHANGING
After:hwnd=1183114 umsg=36
After:hwnd=1183114 umsg=70
WINDOWPOSCHANGING
After:hwnd=1183114 umsg=36
After:hwnd=1183114 umsg=70
WINDOWPOSCHANGING
After:hwnd=1183114 umsg=36
After:hwnd=1183114 umsg=70
WINDOWPOSCHANGING
After:hwnd=1183114 umsg=36
After:hwnd=1183114 umsg=70
WINDOWPOSCHANGING
After:hwnd=1183114 umsg=36
After:hwnd=1183114 umsg=70
WINDOWPOSCHANGING
After:hwnd=1183114 umsg=36
After:hwnd=1183114 umsg=70
WINDOWPOSCHANGING
After:hwnd=1183114 umsg=36
After:hwnd=1183114 umsg=70
WINDOWPOSCHANGING
After:hwnd=1183114 umsg=36
After:hwnd=1183114 umsg=70
WINDOWPOSCHANGING
After:hwnd=1183114 umsg=36
After:hwnd=1183114 umsg=70
WINDOWPOSCHANGING
After:hwnd=1183114 umsg=36
After:hwnd=1183114 umsg=70
WINDOWPOSCHANGING
After:hwnd=1183114 umsg=36
After:hwnd=1183114 umsg=70
WINDOWPOSCHANGING
After:hwnd=1183114 umsg=36
After:hwnd=1183114 umsg=70
WINDOWPOSCHANGING
After:hwnd=1183114 umsg=36
After:hwnd=1183114 umsg=70
WINDOWPOSCHANGING
After:hwnd=1183114 umsg=36
After:hwnd=1183114 umsg=70
WINDOWPOSCHANGING
After:hwnd=1183114 umsg=36
After:hwnd=1183114 umsg=70
WINDOWPOSCHANGING
After:hwnd=1183114 umsg=36
After:hwnd=1183114 umsg=70
WINDOWPOSCHANGING
After:hwnd=1183114 umsg=36
After:hwnd=1183114 umsg=70
WINDOWPOSCHANGING
After:hwnd=1183114 umsg=36
After:hwnd=1183114 umsg=70
WINDOWPOSCHANGING
After:hwnd=1183114 umsg=36
After:hwnd=1183114 umsg=70
WINDOWPOSCHANGING
After:hwnd=1183114 umsg=36
After:hwnd=1183114 umsg=70
WINDOWPOSCHANGING
After:hwnd=1183114 umsg=36
After:hwnd=1183114 umsg=70
WINDOWPOSCHANGING
After:hwnd=1183114 umsg=36
After:hwnd=1183114 umsg=70
WINDOWPOSCHANGING
After:hwnd=1183114 umsg=36
After:hwnd=1183114 umsg=70
WINDOWPOSCHANGING
After:hwnd=1183114 umsg=36
After:hwnd=1183114 umsg=70
WINDOWPOSCHANGING
After:hwnd=1183114 umsg=36
After:hwnd=1183114 umsg=70
WINDOWPOSCHANGING
After:hwnd=1183114 umsg=36
After:hwnd=1183114 umsg=70
WINDOWPOSCHANGING
After:hwnd=1183114 umsg=36
After:hwnd=1183114 umsg=70
WINDOWPOSCHANGING
After:hwnd=1183114 umsg=36
After:hwnd=1183114 umsg=70
WINDOWPOSCHANGING
After:hwnd=1183114 umsg=36
After:hwnd=1183114 umsg=70
WINDOWPOSCHANGING
After:hwnd=1183114 umsg=36
After:hwnd=1183114 umsg=70
WINDOWPOSCHANGING
After:hwnd=1183114 umsg=36
After:hwnd=1183114 umsg=70
WINDOWPOSCHANGING
After:hwnd=1183114 umsg=36
After:hwnd=1183114 umsg=70
WINDOWPOSCHANGING
After:hwnd=1183114 umsg=36
After:hwnd=1183114 umsg=70
WINDOWPOSCHANGING
After:hwnd=1183114 umsg=36
After:hwnd=1183114 umsg=70
WINDOWPOSCHANGING
After:hwnd=1183114 umsg=36
After:hwnd=1183114 umsg=70
WINDOWPOSCHANGING
After:hwnd=1183114 umsg=36
After:hwnd=1183114 umsg=70
WINDOWPOSCHANGING
After:hwnd=1183114 umsg=36
After:hwnd=1183114 umsg=70
WINDOWPOSCHANGING
After:hwnd=1183114 umsg=36
After:hwnd=1183114 umsg=70
WINDOWPOSCHANGING
After:hwnd=1183114 umsg=36
After:hwnd=1183114 umsg=70
WINDOWPOSCHANGING
After:hwnd=1183114 umsg=36
After:hwnd=1183114 umsg=70
WINDOWPOSCHANGING
After:hwnd=1183114 umsg=36
After:hwnd=1183114 umsg=70
WINDOWPOSCHANGING
After:hwnd=1183114 umsg=36
After:hwnd=1183114 umsg=70
WINDOWPOSCHANGING
After:hwnd=1183114 umsg=70
WINDOWPOSCHANGING
not duplicating List item.
Clicked: caption=&Add... key=FILTERS::ADD TAG=FILTERS::ADD
ButtonClick
1
Loading Combo/List box- section = PersistProperties.cboFilter...
After:hwnd=1183114 umsg=70
WINDOWPOSCHANGING
After:hwnd=1183114 umsg=70
WINDOWPOSCHANGING

HandleControlEvent, ButtonClick
playing:C:\Users\BC_Programming\AppData\Roaming\BCSearch\Resource\Sound\CLICK.WAV
not duplicating List item.
Change
Change
Change
Change
Change
Change
Change
Change
0
0
Change
Change
Change
Change
Change
Change
Change
Change
0
0
Persisting Combo/List box- section = PersistProperties.cboSizesuffix.1...
Persisting Combo/List box- section = PersistProperties.cboSizesuffix.0...
Persisting Combo/List box- section = PersistProperties.cboOperation...
Persisting Combo/List box- section = PersistProperties.cboFilter...
Persisting Combo/List box- section = PersistProperties.cboADSThanMultiplier.1...
Persisting Combo/List box- section = PersistProperties.cboADSThanMultiplier.0...
After:hwnd=1183114 umsg=70
WINDOWPOSCHANGING
After:hwnd=1183114 umsg=70
WINDOWPOSCHANGING
mousemove button=1,shift=0,x=826,y=139
mousemove button=0,shift=0,x=815,y=131
mousemove button=0,shift=0,x=801,y=120
mousemove button=0,shift=0,x=747,y=78
mousemove button=0,shift=0,x=695,y=43
not duplicating List item.
control+Enter pressed.
optimal bitdepth is 32 bits.
After:hwnd=1183114 umsg=70
WINDOWPOSCHANGING
After:hwnd=1183114 umsg=70
WINDOWPOSCHANGING
After:hwnd=1183114 umsg=70
WINDOWPOSCHANGING
After:hwnd=1183114 umsg=70
WINDOWPOSCHANGING
After:hwnd=1183114 umsg=70
WINDOWPOSCHANGING
After:hwnd=1183114 umsg=70
WINDOWPOSCHANGING
After:hwnd=1183114 umsg=70
WINDOWPOSCHANGING
After:hwnd=1183114 umsg=70
WINDOWPOSCHANGING
After:hwnd=1183114 umsg=70
WINDOWPOSCHANGING
After:hwnd=1183114 umsg=70
WINDOWPOSCHANGING
After:hwnd=1183114 umsg=70
WINDOWPOSCHANGING
After:hwnd=1183114 umsg=70
WINDOWPOSCHANGING
After:hwnd=1183114 umsg=70
WINDOWPOSCHANGING
After:hwnd=1183114 umsg=70
WINDOWPOSCHANGING
After:hwnd=1183114 umsg=70
WINDOWPOSCHANGING
After:hwnd=1183114 umsg=70
WINDOWPOSCHANGING
After:hwnd=1183114 umsg=70
WINDOWPOSCHANGING
After:hwnd=1183114 umsg=70
WINDOWPOSCHANGING
After:hwnd=1183114 umsg=70
WINDOWPOSCHANGING
After:hwnd=1183114 umsg=70
WINDOWPOSCHANGING
After:hwnd=1183114 umsg=70
WINDOWPOSCHANGING
After:hwnd=1183114 umsg=70
WINDOWPOSCHANGING
After:hwnd=1183114 umsg=70
WINDOWPOSCHANGING
After:hwnd=1183114 umsg=70
WINDOWPOSCHANGING
After:hwnd=1183114 umsg=70
WINDOWPOSCHANGING
After:hwnd=1183114 umsg=70
WINDOWPOSCHANGING
After:hwnd=1183114 umsg=70
WINDOWPOSCHANGING
After:hwnd=1183114 umsg=70
WINDOWPOSCHANGING
After:hwnd=1183114 umsg=70
WINDOWPOSCHANGING
After:hwnd=1183114 umsg=70
WINDOWPOSCHANGING
After:hwnd=1183114 umsg=70
WINDOWPOSCHANGING
After:hwnd=1183114 umsg=70
WINDOWPOSCHANGING
After:hwnd=1183114 umsg=70
WINDOWPOSCHANGING
After:hwnd=1183114 umsg=70
WINDOWPOSCHANGING
After:hwnd=1183114 umsg=70
WINDOWPOSCHANGING
After:hwnd=1183114 umsg=70
WINDOWPOSCHANGING
After:hwnd=1183114 umsg=70
WINDOWPOSCHANGING
After:hwnd=1183114 umsg=70
WINDOWPOSCHANGING
After:hwnd=1183114 umsg=70
WINDOWPOSCHANGING
After:hwnd=1183114 umsg=70
WINDOWPOSCHANGING
After:hwnd=1183114 umsg=70
WINDOWPOSCHANGING
After:hwnd=1183114 umsg=70
WINDOWPOSCHANGING
After:hwnd=1183114 umsg=70
WINDOWPOSCHANGING
After:hwnd=1183114 umsg=70
WINDOWPOSCHANGING
After:hwnd=1183114 umsg=70
WINDOWPOSCHANGING
After:hwnd=1183114 umsg=70
WINDOWPOSCHANGING
After:hwnd=1183114 umsg=70
WINDOWPOSCHANGING
After:hwnd=1183114 umsg=70
WINDOWPOSCHANGING
After:hwnd=1183114 umsg=70
WINDOWPOSCHANGING
After:hwnd=1183114 umsg=70
WINDOWPOSCHANGING
After:hwnd=1183114 umsg=70
WINDOWPOSCHANGING
After:hwnd=1183114 umsg=70
WINDOWPOSCHANGING
After:hwnd=1183114 umsg=70
WINDOWPOSCHANGING
After:hwnd=1183114 umsg=70
WINDOWPOSCHANGING
After:hwnd=1183114 umsg=70
WINDOWPOSCHANGING
After:hwnd=1183114 umsg=70
WINDOWPOSCHANGING
mousemove button=1,shift=0,x=92,y=46
mousemove button=0,shift=0,x=92,y=46
mousemove button=0,shift=0,x=92,y=46
HandleControlEvent, Resize
mousemove button=0,shift=0,x=97,y=36
mousemove button=0,shift=0,x=103,y=63
mousemove button=0,shift=0,x=122,y=125
mousemove button=0,shift=0,x=122,y=125
mousemove button=0,shift=0,x=126,y=139
mousemove button=0,shift=0,x=127,y=144
mousemove button=0,shift=0,x=127,y=145
mousemove button=0,shift=0,x=128,y=146
mousemove button=0,shift=0,x=128,y=147
mousemove button=0,shift=0,x=128,y=147
mousemove button=0,shift=0,x=132,y=147
mousemove button=0,shift=0,x=133,y=147
mousemove button=0,shift=0,x=133,y=143
mousemove button=0,shift=0,x=134,y=138
mousemove button=0,shift=0,x=134,y=134
mousemove button=0,shift=0,x=134,y=130
mousemove button=0,shift=0,x=135,y=126
mousemove button=0,shift=0,x=135,y=120
mousemove button=0,shift=0,x=135,y=115
mousemove button=0,shift=0,x=134,y=109
mousemove button=0,shift=0,x=133,y=101
mousemove button=0,shift=0,x=132,y=93
mousemove button=0,shift=0,x=130,y=86
mousemove button=0,shift=0,x=127,y=77
mousemove button=0,shift=0,x=121,y=60
mousemove button=0,shift=0,x=119,y=53
mousemove button=0,shift=0,x=117,y=44
mousemove button=0,shift=0,x=112,y=30
mousemove button=0,shift=0,x=111,y=27
mousemove button=1,shift=0,x=311,y=26
mousemove button=0,shift=0,x=320,y=34
mousemove button=0,shift=0,x=328,y=43
mousemove button=0,shift=0,x=340,y=55
mousemove button=0,shift=0,x=377,y=92
mousemove button=0,shift=0,x=385,y=103
mousemove button=0,shift=0,x=389,y=108
mousemove button=0,shift=0,x=395,y=117
mousemove button=0,shift=0,x=397,y=124
mousemove button=0,shift=0,x=397,y=126
mousemove button=0,shift=0,x=397,y=127
mousemove button=0,shift=0,x=397,y=129
mousemove button=0,shift=0,x=396,y=129
mousemove button=0,shift=0,x=396,y=130
mousemove button=0,shift=0,x=395,y=130
mousemove button=0,shift=0,x=395,y=130
mousemove button=0,shift=0,x=393,y=130
mousemove button=0,shift=0,x=384,y=128
mousemove button=0,shift=0,x=379,y=126
mousemove button=0,shift=0,x=374,y=125
mousemove button=0,shift=0,x=367,y=124
mousemove button=0,shift=0,x=362,y=122
mousemove button=0,shift=0,x=358,y=122
mousemove button=0,shift=0,x=352,y=120
mousemove button=0,shift=0,x=346,y=119
mousemove button=0,shift=0,x=341,y=118
mousemove button=0,shift=0,x=336,y=117
mousemove button=0,shift=0,x=331,y=116
mousemove button=0,shift=0,x=321,y=114
mousemove button=0,shift=0,x=317,y=112
mousemove button=0,shift=0,x=312,y=112
mousemove button=0,shift=0,x=309,y=111
mousemove button=0,shift=0,x=305,y=110
mousemove button=0,shift=0,x=295,y=107
mousemove button=0,shift=0,x=289,y=105
mousemove button=0,shift=0,x=284,y=103
mousemove button=0,shift=0,x=279,y=101
mousemove button=0,shift=0,x=273,y=99
mousemove button=0,shift=0,x=268,y=97
mousemove button=0,shift=0,x=245,y=87
mousemove button=0,shift=0,x=237,y=83
mousemove button=0,shift=0,x=230,y=80
mousemove button=0,shift=0,x=224,y=77
mousemove button=0,shift=0,x=220,y=76
mousemove button=0,shift=0,x=218,y=74
mousemove button=0,shift=0,x=216,y=73
mousemove button=0,shift=0,x=213,y=72
mousemove button=0,shift=0,x=212,y=70
mousemove button=0,shift=0,x=209,y=68
mousemove button=0,shift=0,x=206,y=66
mousemove button=0,shift=0,x=202,y=63
mousemove button=0,shift=0,x=197,y=61
mousemove button=0,shift=0,x=185,y=54
mousemove button=0,shift=0,x=181,y=50
mousemove button=0,shift=0,x=174,y=46
mousemove button=0,shift=0,x=172,y=45
mousemove button=0,shift=0,x=169,y=43
mousemove button=0,shift=0,x=168,y=42
mousemove button=0,shift=0,x=167,y=42
mousemove button=0,shift=0,x=167,y=41
mousemove button=0,shift=0,x=166,y=41
mousemove button=0,shift=0,x=166,y=41
mousemove button=0,shift=0,x=164,y=40
mousemove button=0,shift=0,x=163,y=38
mousemove button=0,shift=0,x=163,y=36
mousemove button=0,shift=0,x=161,y=35
mousemove button=0,shift=0,x=161,y=35
mousemove button=0,shift=0,x=161,y=34
mousemove button=0,shift=0,x=159,y=32
mousemove button=0,shift=0,x=158,y=31
mousemove button=0,shift=0,x=158,y=29
mousemove button=0,shift=0,x=157,y=29
mousemove button=0,shift=0,x=157,y=28
mousemove button=0,shift=0,x=156,y=26
mouseup button=0,shift=0,x=145,y=5
setting menuimagelist to 278747520
New Control Instance Obtained:2297976
HandleControlEvent, RequestNewInstance
BEFORESHOWMENU:VIEW::SUBMENU
beforeShowMenu end VIEW::SUBMENU
HandleControlEvent, BeforeShowMenu
beforeshowmenu:VIEW::SUBMENU
playing:C:\Users\BC_Programming\AppData\Roaming\BCSearch\Resource\Sound\SHOWMENU.WAV
HandleControlEvent, Resize
HandleControlEvent, Resize
HandleControlEvent, ButtonHighlight
HandleControlEvent, ButtonHighlight
HandleControlEvent, ButtonHighlight
HandleControlEvent, ButtonHighlight
HandleControlEvent, ButtonHighlight
HandleControlEvent, ButtonHighlight
HandleControlEvent, ButtonHighlight
HandleControlEvent, ButtonHighlight
HandleControlEvent, ButtonHighlight
HandleControlEvent, AfterShowMenu
Clicked: caption=&Size Columns to fit key=VIEW::SIZEFIT TAG=VIEW::SIZEFIT
ButtonClick
HandleControlEvent, ButtonClick
playing:C:\Users\BC_Programming\AppData\Roaming\BCSearch\Resource\Sound\CLICK.WAV
mousemove button=1,shift=0,x=202,y=170
mousemove button=2,shift=0,x=202,y=168
mousemove button=0,shift=0,x=202,y=157
mousemove button=0,shift=0,x=202,y=153
mousemove button=0,shift=0,x=202,y=149
mousemove button=0,shift=0,x=202,y=144
mousemove button=0,shift=0,x=202,y=141
mousemove button=0,shift=0,x=202,y=136
mousemove button=0,shift=0,x=202,y=131
mousemove button=0,shift=0,x=203,y=124
mousemove button=0,shift=0,x=203,y=117
mousemove button=0,shift=0,x=203,y=110
mousemove button=0,shift=0,x=207,y=103
mousemove button=0,shift=0,x=209,y=94
mousemove button=0,shift=0,x=211,y=88
mousemove button=0,shift=0,x=213,y=78
mousemove button=0,shift=0,x=220,y=62
mousemove button=0,shift=0,x=224,y=55
mousemove button=0,shift=0,x=227,y=52
mousemove button=0,shift=0,x=227,y=50
mousemove button=0,shift=0,x=229,y=50
mousemove button=0,shift=0,x=229,y=50
mousemove button=0,shift=0,x=231,y=50
mousemove button=0,shift=0,x=231,y=48
mousemove button=0,shift=0,x=232,y=48
mousemove button=0,shift=0,x=232,y=47
mousemove button=0,shift=0,x=231,y=47
mousemove button=0,shift=0,x=230,y=47
mousemove button=0,shift=0,x=230,y=47
mousemove button=0,shift=0,x=231,y=47
mousemove button=0,shift=0,x=233,y=48
mousemove button=0,shift=0,x=235,y=48
mousemove button=0,shift=0,x=237,y=48
mousemove button=0,shift=0,x=244,y=50
mousemove button=0,shift=0,x=247,y=50
mousemove button=0,shift=0,x=250,y=50
mousemove button=0,shift=0,x=257,y=50
mousemove button=0,shift=0,x=265,y=47
mousemove button=0,shift=0,x=295,y=39
mousemove button=0,shift=0,x=305,y=35
mousemove button=0,shift=0,x=318,y=32
mousemove button=0,shift=0,x=325,y=30
mousemove button=0,shift=0,x=457,y=27
mousemove button=0,shift=0,x=456,y=29
mousemove button=0,shift=0,x=456,y=30
mousemove button=0,shift=0,x=456,y=37
mousemove button=0,shift=0,x=455,y=42
mousemove button=0,shift=0,x=454,y=49
mousemove button=0,shift=0,x=451,y=79
mousemove button=0,shift=0,x=450,y=91
mousemove button=0,shift=0,x=448,y=132
mousemove button=0,shift=0,x=448,y=144
mousemove button=0,shift=0,x=448,y=154
mousemove button=0,shift=0,x=449,y=169
mousemove button=0,shift=0,x=450,y=178
mousemove button=0,shift=0,x=450,y=182
mousemove button=0,shift=0,x=451,y=187
mousemove button=0,shift=0,x=451,y=189
mousemove button=0,shift=0,x=451,y=190
mousemove button=0,shift=0,x=452,y=190
mousemove button=0,shift=0,x=452,y=190
mousemove button=0,shift=0,x=453,y=190
mousemove button=0,shift=0,x=453,y=191
mousemove button=0,shift=0,x=454,y=191
mousemove button=0,shift=0,x=455,y=193
mousemove button=0,shift=0,x=455,y=194
mousemove button=0,shift=0,x=455,y=198
mousemove button=0,shift=0,x=455,y=202
mousemove button=0,shift=0,x=454,y=205
mousemove button=0,shift=0,x=454,y=211
mousemove button=0,shift=0,x=453,y=214
mousemove button=0,shift=0,x=453,y=222
mousemove button=0,shift=0,x=452,y=226
mousemove button=0,shift=0,x=452,y=228
mousemove button=0,shift=0,x=451,y=231
mousemove button=0,shift=0,x=451,y=233
mousemove button=0,shift=0,x=450,y=237
mousemove button=0,shift=0,x=449,y=239
mousemove button=0,shift=0,x=447,y=245
mousemove button=0,shift=0,x=447,y=246
mousemove button=0,shift=0,x=447,y=248
mousemove button=0,shift=0,x=446,y=251
mousemove button=0,shift=0,x=445,y=254
mousemove button=0,shift=0,x=445,y=256
mousemove button=0,shift=0,x=444,y=259
mousemove button=0,shift=0,x=443,y=262
mousemove button=0,shift=0,x=443,y=265
mousemove button=0,shift=0,x=443,y=267
mousemove button=0,shift=0,x=441,y=272
mousemove button=0,shift=0,x=441,y=276
mousemove button=0,shift=0,x=439,y=279
mousemove button=0,shift=0,x=438,y=285
mousemove button=0,shift=0,x=438,y=288
mousemove button=0,shift=0,x=437,y=289
mousemove button=0,shift=0,x=436,y=293
mousemove button=0,shift=0,x=434,y=301
mousemove button=0,shift=0,x=434,y=303
mousemove button=0,shift=0,x=433,y=304
mousemove button=0,shift=0,x=433,y=306
mousemove button=0,shift=0,x=432,y=307
mousemove button=0,shift=0,x=432,y=309
mousemove button=0,shift=0,x=431,y=311
mousemove button=0,shift=0,x=431,y=312
mousemove button=0,shift=0,x=430,y=314
mousemove button=0,shift=0,x=428,y=318
mousemove button=0,shift=0,x=428,y=319
mousemove button=0,shift=0,x=427,y=321
mousemove button=0,shift=0,x=426,y=323
mousemove button=0,shift=0,x=425,y=325
mousemove button=0,shift=0,x=425,y=326
mousemove button=0,shift=0,x=423,y=329
mousemove button=0,shift=0,x=423,y=330
mousemove button=0,shift=0,x=422,y=333
mousemove button=0,shift=0,x=422,y=335
mousemove button=0,shift=0,x=421,y=338
mousemove button=0,shift=0,x=420,y=339
mousemove button=0,shift=0,x=420,y=342
mousemove button=0,shift=0,x=419,y=343
mousemove button=0,shift=0,x=419,y=344
mousemove button=0,shift=0,x=419,y=345
mousemove button=0,shift=0,x=419,y=346
mousemove button=0,shift=0,x=418,y=347
mousemove button=0,shift=0,x=417,y=349
mousemove button=0,shift=0,x=416,y=349
mousemove button=0,shift=0,x=415,y=350
mousemove button=0,shift=0,x=415,y=351
mousemove button=0,shift=0,x=414,y=353
mousemove button=0,shift=0,x=414,y=355
mousemove button=0,shift=0,x=414,y=356
mousemove button=0,shift=0,x=414,y=356
mousemove button=0,shift=0,x=413,y=356
mousemove button=0,shift=0,x=412,y=356
mousemove button=0,shift=0,x=411,y=356
mousemove button=0,shift=0,x=411,y=354
mousemove button=0,shift=0,x=410,y=354
mousemove button=0,shift=0,x=404,y=351
mousemove button=0,shift=0,x=401,y=348
mousemove button=0,shift=0,x=396,y=343
mousemove button=0,shift=0,x=389,y=337
mousemove button=0,shift=0,x=380,y=328
mousemove button=0,shift=0,x=371,y=319
mousemove button=0,shift=0,x=361,y=312
mousemove button=0,shift=0,x=352,y=302
mousemove button=0,shift=0,x=344,y=290
mousemove button=0,shift=0,x=333,y=278
mousemove button=0,shift=0,x=323,y=264
mousemove button=0,shift=0,x=309,y=247
mousemove button=0,shift=0,x=278,y=211
mousemove button=0,shift=0,x=266,y=196
mousemove button=0,shift=0,x=255,y=184
mousemove button=0,shift=0,x=245,y=174
mousemove button=0,shift=0,x=236,y=166
mousemove button=0,shift=0,x=228,y=160
mousemove button=0,shift=0,x=223,y=156
mousemove button=0,shift=0,x=217,y=151
mousemove button=0,shift=0,x=201,y=138
mousemove button=0,shift=0,x=196,y=133
mousemove button=0,shift=0,x=192,y=130
mousemove button=0,shift=0,x=181,y=118
mousemove button=0,shift=0,x=177,y=115
mousemove button=0,shift=0,x=174,y=110
mousemove button=0,shift=0,x=171,y=106
mousemove button=0,shift=0,x=163,y=98
mousemove button=0,shift=0,x=159,y=93
mousemove button=0,shift=0,x=157,y=89
mousemove button=0,shift=0,x=154,y=87
mousemove button=0,shift=0,x=151,y=83
mousemove button=0,shift=0,x=149,y=81
mousemove button=0,shift=0,x=147,y=80
mousemove button=0,shift=0,x=145,y=76
mousemove button=0,shift=0,x=143,y=74
mousemove button=0,shift=0,x=140,y=71
mousemove button=0,shift=0,x=138,y=68
mousemove button=0,shift=0,x=137,y=66
mousemove button=0,shift=0,x=135,y=65
mousemove button=0,shift=0,x=135,y=63
mousemove button=0,shift=0,x=133,y=60
mousemove button=0,shift=0,x=132,y=59
mousemove button=0,shift=0,x=129,y=57
mousemove button=0,shift=0,x=130,y=56
mousemove button=0,shift=0,x=133,y=56
mousemove button=0,shift=0,x=136,y=55
mousemove button=0,shift=0,x=140,y=53
mousemove button=0,shift=0,x=152,y=47
mousemove button=0,shift=0,x=157,y=46
mousemove button=0,shift=0,x=162,y=44
mousemove button=0,shift=0,x=164,y=42
mousemove button=0,shift=0,x=168,y=41
mousemove button=0,shift=0,x=169,y=39
mousemove button=0,shift=0,x=172,y=38
mousemove button=0,shift=0,x=175,y=34
mousemove button=0,shift=0,x=179,y=31
mousemove button=0,shift=0,x=180,y=30
mousemove button=0,shift=0,x=181,y=30
mousemove button=0,shift=0,x=183,y=29
mousemove button=0,shift=0,x=186,y=26
mousemove button=0,shift=0,x=190,y=24
mousemove button=0,shift=0,x=216,y=32
mousemove button=0,shift=0,x=218,y=41
mousemove button=0,shift=0,x=219,y=51
mousemove button=0,shift=0,x=221,y=62
mousemove button=0,shift=0,x=222,y=74
mousemove button=0,shift=0,x=223,y=85
mousemove button=0,shift=0,x=226,y=111
mousemove button=0,shift=0,x=227,y=123
mousemove button=0,shift=0,x=228,y=134
mousemove button=0,shift=0,x=229,y=145
mousemove button=0,shift=0,x=229,y=154
mousemove button=0,shift=0,x=230,y=161
mousemove button=0,shift=0,x=231,y=168
mousemove button=0,shift=0,x=231,y=173
mousemove button=0,shift=0,x=231,y=179
mousemove button=0,shift=0,x=232,y=189
mousemove button=0,shift=0,x=232,y=192
mousemove button=0,shift=0,x=232,y=199
mousemove button=0,shift=0,x=232,y=202
mousemove button=0,shift=0,x=232,y=206
mousemove button=0,shift=0,x=233,y=207
mousemove button=0,shift=0,x=233,y=208
mousemove button=0,shift=0,x=233,y=211
mousemove button=0,shift=0,x=233,y=213
mousemove button=0,shift=0,x=232,y=213
mousemove button=0,shift=0,x=232,y=214
mousemove button=0,shift=0,x=231,y=214
mousemove button=0,shift=0,x=231,y=214
mousemove button=0,shift=0,x=229,y=214
mousemove button=0,shift=0,x=228,y=213
mousemove button=0,shift=0,x=226,y=212
mousemove button=0,shift=0,x=225,y=212
mousemove button=0,shift=0,x=223,y=212
mousemove button=0,shift=0,x=222,y=212
mousemove button=0,shift=0,x=222,y=211
mousemove button=0,shift=0,x=221,y=211
mousemove button=0,shift=0,x=221,y=211
mousemove button=0,shift=0,x=220,y=211
mousemove button=0,shift=0,x=220,y=210
mousemove button=0,shift=0,x=219,y=210
mousemove button=0,shift=0,x=218,y=210
mousemove button=0,shift=0,x=217,y=209
mousemove button=0,shift=0,x=214,y=208
mousemove button=0,shift=0,x=209,y=204
mousemove button=0,shift=0,x=207,y=201
mousemove button=0,shift=0,x=206,y=200
mousemove button=0,shift=0,x=204,y=198
mousemove button=0,shift=0,x=201,y=194
mousemove button=0,shift=0,x=198,y=188
mousemove button=0,shift=0,x=194,y=184
mousemove button=0,shift=0,x=190,y=174
mousemove button=0,shift=0,x=186,y=164
mousemove button=0,shift=0,x=180,y=155
mousemove button=0,shift=0,x=171,y=135
mousemove button=0,shift=0,x=167,y=129
mousemove button=0,shift=0,x=150,y=98
mousemove button=0,shift=0,x=144,y=90
mousemove button=0,shift=0,x=139,y=82
mousemove button=0,shift=0,x=134,y=74
mousemove button=0,shift=0,x=131,y=68
mousemove button=0,shift=0,x=127,y=62
mousemove button=0,shift=0,x=123,y=56
mousemove button=0,shift=0,x=120,y=50
mousemove button=0,shift=0,x=117,y=45
mousemove button=0,shift=0,x=113,y=38
mousemove button=0,shift=0,x=112,y=38
mousemove button=0,shift=0,x=110,y=35
mousemove button=0,shift=0,x=110,y=34
mousemove button=0,shift=0,x=110,y=33
mousemove button=0,shift=0,x=109,y=31
mousemove button=0,shift=0,x=108,y=30
mousemove button=0,shift=0,x=108,y=29
mousemove button=0,shift=0,x=107,y=29
mousemove button=0,shift=0,x=106,y=27
mousemove button=0,shift=0,x=106,y=26
mousemove button=0,shift=0,x=105,y=26
mousemove button=0,shift=0,x=105,y=25
mousemove button=0,shift=0,x=103,y=24
mousemove button=0,shift=0,x=90,y=25
mousemove button=0,shift=0,x=92,y=32
mousemove button=0,shift=0,x=95,y=39
mousemove button=0,shift=0,x=98,y=46
mousemove button=0,shift=0,x=101,y=54
mousemove button=0,shift=0,x=105,y=62
mousemove button=0,shift=0,x=109,y=68
mousemove button=0,shift=0,x=113,y=74
mousemove button=0,shift=0,x=117,y=79
mousemove button=0,shift=0,x=121,y=85
mousemove button=0,shift=0,x=126,y=90
mousemove button=0,shift=0,x=130,y=95
mousemove button=0,shift=0,x=134,y=99
mousemove button=0,shift=0,x=143,y=107
mousemove button=0,shift=0,x=145,y=111
mousemove button=0,shift=0,x=147,y=112
mousemove button=0,shift=0,x=150,y=117
mousemove button=0,shift=0,x=153,y=122
mousemove button=0,shift=0,x=165,y=141
mousemove button=0,shift=0,x=170,y=151
mousemove button=0,shift=0,x=184,y=176
mousemove button=0,shift=0,x=190,y=185
mousemove button=0,shift=0,x=194,y=196
mousemove button=0,shift=0,x=209,y=221
mousemove button=0,shift=0,x=214,y=232
mousemove button=0,shift=0,x=220,y=244
mousemove button=0,shift=0,x=224,y=255
mousemove button=0,shift=0,x=229,y=264
mousemove button=0,shift=0,x=234,y=274
mousemove button=0,shift=0,x=238,y=283
mousemove button=0,shift=0,x=241,y=291
mousemove button=0,shift=0,x=244,y=298
mousemove button=0,shift=0,x=246,y=305
mousemove button=0,shift=0,x=247,y=308
mousemove button=0,shift=0,x=249,y=314
mousemove button=0,shift=0,x=250,y=320
mousemove button=0,shift=0,x=250,y=321
mousemove button=0,shift=0,x=251,y=321
mousemove button=0,shift=0,x=251,y=321
mousemove button=0,shift=0,x=251,y=321
mousemove button=0,shift=0,x=251,y=323
mousemove button=0,shift=0,x=250,y=326
mousemove button=0,shift=0,x=248,y=330
mousemove button=0,shift=0,x=247,y=333
mousemove button=0,shift=0,x=246,y=336
mousemove button=0,shift=0,x=246,y=337
mousemove button=0,shift=0,x=245,y=338
mousemove button=0,shift=0,x=245,y=339
mousemove button=0,shift=0,x=244,y=340
mousemove button=0,shift=0,x=244,y=341
mousemove button=0,shift=0,x=243,y=341
mousemove button=0,shift=0,x=243,y=342
mousemove button=0,shift=0,x=242,y=343
mousemove button=0,shift=0,x=242,y=344
mousemove button=0,shift=0,x=241,y=345
mousemove button=0,shift=0,x=240,y=346
mousemove button=0,shift=0,x=240,y=347
mousemove button=0,shift=0,x=238,y=349
mousemove button=0,shift=0,x=238,y=351
mousemove button=0,shift=0,x=237,y=352
mousemove button=0,shift=0,x=237,y=353
mousemove button=0,shift=0,x=236,y=355
mousemove button=0,shift=0,x=236,y=356
mousemove button=0,shift=0,x=236,y=357
mousemove button=0,shift=0,x=235,y=360
mousemove button=0,shift=0,x=235,y=362
mousemove button=0,shift=0,x=235,y=363
mousemove button=0,shift=0,x=235,y=364
mousemove button=0,shift=0,x=235,y=365
mousemove button=0,shift=0,x=235,y=366
mousemove button=0,shift=0,x=235,y=367
mousemove button=0,shift=0,x=235,y=368
mousemove button=0,shift=0,x=235,y=369
mousemove button=0,shift=0,x=236,y=369
mousemove button=0,shift=0,x=236,y=370
mousemove button=0,shift=0,x=237,y=372
mousemove button=0,shift=0,x=237,y=373
mousemove button=0,shift=0,x=237,y=375
mousemove button=0,shift=0,x=249,y=374
mousemove button=0,shift=0,x=249,y=352
mousemove button=0,shift=0,x=249,y=322
mousemove button=0,shift=0,x=243,y=285
mousemove button=0,shift=0,x=240,y=273
mousemove button=0,shift=0,x=233,y=248
mousemove button=0,shift=0,x=225,y=223
mousemove button=0,shift=0,x=215,y=190
mousemove button=0,shift=0,x=205,y=160
mousemove button=0,shift=0,x=187,y=111
mousemove button=0,shift=0,x=177,y=83
mousemove button=0,shift=0,x=462,y=27
mousemove button=0,shift=0,x=389,y=55
mousemove button=0,shift=0,x=370,y=60
mousemove button=0,shift=0,x=370,y=60
mousemove button=0,shift=0,x=293,y=69
mousemove button=0,shift=0,x=276,y=69
mousemove button=0,shift=0,x=259,y=66
mousemove button=0,shift=0,x=241,y=65
mousemove button=0,shift=0,x=216,y=62
mousemove button=0,shift=0,x=195,y=59
mousemove button=0,shift=0,x=177,y=56
mousemove button=0,shift=0,x=162,y=54
mousemove button=0,shift=0,x=147,y=53
mousemove button=0,shift=0,x=135,y=56
mousemove button=0,shift=0,x=130,y=58
mousemove button=0,shift=0,x=123,y=62
mousemove button=0,shift=0,x=122,y=62
mousemove button=0,shift=0,x=121,y=63
mousemove button=0,shift=0,x=122,y=63
mousemove button=0,shift=0,x=124,y=64
mousemove button=0,shift=0,x=124,y=61
mousemove button=0,shift=0,x=124,y=59
mousemove button=0,shift=0,x=124,y=58
mousemove button=0,shift=0,x=124,y=54
mousemove button=0,shift=0,x=123,y=51
mousemove button=0,shift=0,x=122,y=48
mousemove button=0,shift=0,x=120,y=45
mousemove button=0,shift=0,x=119,y=43
mousemove button=0,shift=0,x=115,y=36
mousemove button=0,shift=0,x=113,y=32
mousemove button=0,shift=0,x=112,y=29
mousemove button=0,shift=0,x=111,y=27
mousemove button=0,shift=0,x=109,y=24
mousemove button=1,shift=0,x=396,y=41
mousemove button=0,shift=0,x=396,y=42
mousemove button=0,shift=0,x=397,y=42
mousemove button=0,shift=0,x=402,y=44
mousemove button=0,shift=0,x=408,y=48
mousemove button=0,shift=0,x=418,y=53
mousemove button=0,shift=0,x=429,y=61
mousemove button=0,shift=0,x=460,y=82
mousemove button=0,shift=0,x=472,y=89
mousemove button=0,shift=0,x=480,y=97
mousemove button=0,shift=0,x=488,y=105
mousemove button=0,shift=0,x=493,y=110
mousemove button=0,shift=0,x=498,y=118
mousemove button=0,shift=0,x=501,y=124
mousemove button=0,shift=0,x=503,y=128
mousemove button=0,shift=0,x=504,y=135
mousemove button=0,shift=0,x=504,y=146
mousemove button=0,shift=0,x=502,y=156
mousemove button=0,shift=0,x=501,y=170
mousemove button=0,shift=0,x=498,y=183
mousemove button=0,shift=0,x=490,y=228
mousemove button=0,shift=0,x=488,y=242
mousemove button=0,shift=0,x=483,y=267
mousemove button=0,shift=0,x=483,y=270
mousemove button=0,shift=0,x=483,y=270
mousemove button=0,shift=0,x=480,y=277
mousemove button=0,shift=0,x=478,y=281
mousemove button=0,shift=0,x=476,y=285
mousemove button=0,shift=0,x=474,y=289
mousemove button=0,shift=0,x=473,y=293
mousemove button=0,shift=0,x=471,y=297
mousemove button=0,shift=0,x=467,y=303
mousemove button=0,shift=0,x=466,y=304
mousemove button=0,shift=0,x=466,y=306
mousemove button=0,shift=0,x=465,y=306
mousemove button=0,shift=0,x=464,y=308
mousemove button=0,shift=0,x=463,y=308
mousemove button=0,shift=0,x=463,y=309
mousemove button=0,shift=0,x=461,y=309
mousemove button=0,shift=0,x=459,y=310
mousemove button=0,shift=0,x=458,y=310
mousemove button=0,shift=0,x=457,y=310
mousemove button=0,shift=0,x=448,y=315
mousemove button=0,shift=0,x=447,y=316
mousemove button=0,shift=0,x=444,y=317
mousemove button=0,shift=0,x=441,y=319
mousemove button=0,shift=0,x=437,y=322
mousemove button=0,shift=0,x=435,y=324
mousemove button=0,shift=0,x=433,y=325
mousemove button=0,shift=0,x=431,y=327
mousemove button=0,shift=0,x=429,y=328
mousemove button=0,shift=0,x=427,y=331
mousemove button=0,shift=0,x=425,y=333
mousemove button=0,shift=0,x=422,y=336
mousemove button=0,shift=0,x=422,y=339
mousemove button=0,shift=0,x=420,y=341
mousemove button=0,shift=0,x=420,y=342
mousemove button=0,shift=0,x=419,y=343
mousemove button=0,shift=0,x=417,y=347
mousemove button=0,shift=0,x=416,y=350
mousemove button=0,shift=0,x=414,y=353
mousemove button=0,shift=0,x=413,y=355
mousemove button=0,shift=0,x=412,y=359
mousemove button=0,shift=0,x=412,y=360
mousemove button=0,shift=0,x=411,y=363
mousemove button=0,shift=0,x=410,y=365
mousemove button=0,shift=0,x=410,y=367
mousemove button=0,shift=0,x=409,y=370
mousemove button=0,shift=0,x=408,y=372
mousemove button=0,shift=0,x=407,y=373
mousemove button=0,shift=0,x=407,y=374
mousemove button=0,shift=0,x=406,y=375
mousemove button=1,shift=0,x=651,y=370
mousemove button=0,shift=0,x=641,y=363
mousemove button=0,shift=0,x=636,y=360
mousemove button=0,shift=0,x=626,y=354
mousemove button=0,shift=0,x=617,y=348
mousemove button=0,shift=0,x=596,y=334
mousemove button=0,shift=0,x=589,y=329
mousemove button=0,shift=0,x=580,y=324
mousemove button=0,shift=0,x=571,y=318
mousemove button=0,shift=0,x=559,y=312
mousemove button=0,shift=0,x=548,y=306
mousemove button=0,shift=0,x=512,y=289
mousemove button=0,shift=0,x=500,y=284
mousemove button=0,shift=0,x=472,y=275
mousemove button=0,shift=0,x=461,y=272
mousemove button=0,shift=0,x=449,y=269
mousemove button=0,shift=0,x=438,y=268
mousemove button=0,shift=0,x=428,y=266
mousemove button=0,shift=0,x=419,y=265
mousemove button=0,shift=0,x=410,y=265
mousemove button=0,shift=0,x=404,y=264
mousemove button=0,shift=0,x=366,y=262
mousemove button=0,shift=0,x=358,y=262
mousemove button=0,shift=0,x=342,y=262
mousemove button=0,shift=0,x=324,y=263
mousemove button=0,shift=0,x=305,y=264
mousemove button=0,shift=0,x=288,y=264
mousemove button=0,shift=0,x=254,y=260
mousemove button=0,shift=0,x=245,y=258
mousemove button=0,shift=0,x=240,y=257
mousemove button=0,shift=0,x=233,y=254
mousemove button=0,shift=0,x=224,y=252
mousemove button=0,shift=0,x=211,y=245
mousemove button=0,shift=0,x=203,y=241
mousemove button=0,shift=0,x=203,y=241
mousemove button=0,shift=0,x=195,y=237
mousemove button=0,shift=0,x=188,y=231
mousemove button=0,shift=0,x=172,y=217
mousemove button=0,shift=0,x=165,y=209
mousemove button=0,shift=0,x=158,y=201
mousemove button=0,shift=0,x=149,y=191
mousemove button=0,shift=0,x=143,y=183
mousemove button=0,shift=0,x=136,y=173
mousemove button=0,shift=0,x=129,y=166
mousemove button=0,shift=0,x=125,y=162
mousemove button=0,shift=0,x=111,y=148
mousemove button=0,shift=0,x=107,y=144
mousemove button=0,shift=0,x=105,y=143
mousemove button=0,shift=0,x=103,y=141
mousemove button=0,shift=0,x=101,y=140
mousemove button=0,shift=0,x=100,y=139
mousemove button=0,shift=0,x=99,y=138
mousemove button=0,shift=0,x=97,y=138
mousemove button=0,shift=0,x=97,y=137
mousemove button=0,shift=0,x=96,y=137
mousemove button=0,shift=0,x=94,y=137
mousemove button=0,shift=0,x=93,y=136
mousemove button=0,shift=0,x=92,y=135
mousemove button=0,shift=0,x=91,y=135
mousemove button=0,shift=0,x=90,y=134
mousemove button=0,shift=0,x=88,y=134
mousemove button=0,shift=0,x=87,y=134
mousemove button=0,shift=0,x=86,y=134
mousemove button=0,shift=0,x=84,y=134
mousemove button=0,shift=0,x=83,y=134
mousemove button=0,shift=0,x=80,y=134
mousemove button=0,shift=0,x=79,y=134
mousemove button=0,shift=0,x=77,y=134
mousemove button=0,shift=0,x=72,y=133
mousemove button=0,shift=0,x=70,y=132
mousemove button=0,shift=0,x=68,y=131
mousemove button=0,shift=0,x=63,y=130
mousemove button=0,shift=0,x=61,y=130
mousemove button=0,shift=0,x=60,y=130
mousemove button=0,shift=0,x=59,y=130
mousemove button=0,shift=0,x=59,y=129
mousemove button=0,shift=0,x=58,y=129
mouseup button=1,shift=0,x=58,y=129
//TERATRON/N64/Aerogauge.zip
mousemove button=1,shift=0,x=58,y=129
mousemove button=0,shift=0,x=58,y=130
mousemove button=0,shift=0,x=60,y=133
mousemove button=0,shift=0,x=63,y=138
mousemove button=0,shift=0,x=68,y=146
mousemove button=0,shift=0,x=76,y=155
mousemove button=0,shift=0,x=85,y=164
mousemove button=0,shift=0,x=95,y=174
mousemove button=0,shift=0,x=109,y=187
mousemove button=0,shift=0,x=126,y=201
mousemove button=0,shift=0,x=143,y=215
mousemove button=0,shift=0,x=164,y=234
mousemove button=0,shift=0,x=200,y=269
mousemove button=0,shift=0,x=221,y=286
mousemove button=0,shift=0,x=265,y=324
mousemove button=0,shift=0,x=306,y=358
mousemove button=0,shift=0,x=314,y=363
mousemove button=0,shift=0,x=322,y=371
mousemove button=1,shift=0,x=95,y=370
mousemove button=0,shift=0,x=94,y=362
mousemove button=0,shift=0,x=91,y=353
mousemove button=0,shift=0,x=87,y=344
mousemove button=0,shift=0,x=84,y=331
mousemove button=0,shift=0,x=81,y=318
mousemove button=0,shift=0,x=76,y=302
mousemove button=0,shift=0,x=71,y=286
mousemove button=0,shift=0,x=49,y=241
mousemove button=0,shift=0,x=42,y=228
mousemove button=0,shift=0,x=38,y=218
mousemove button=0,shift=0,x=34,y=210
mousemove button=0,shift=0,x=22,y=191
mousemove button=0,shift=0,x=18,y=183
mousemove button=0,shift=0,x=16,y=181
mousemove button=0,shift=0,x=14,y=175
mousemove button=0,shift=0,x=9,y=167
mousemove button=0,shift=0,x=8,y=165
mousemove button=0,shift=0,x=8,y=164
mousemove button=0,shift=0,x=8,y=163
mousemove button=0,shift=0,x=8,y=160
mousemove button=0,shift=0,x=8,y=159
mousemove button=0,shift=0,x=8,y=157
mousemove button=0,shift=0,x=8,y=155
mousemove button=0,shift=0,x=8,y=154
mousemove button=0,shift=0,x=10,y=152
mousemove button=0,shift=0,x=10,y=151
mousemove button=0,shift=0,x=11,y=150
mousemove button=0,shift=0,x=12,y=148
mousemove button=0,shift=0,x=13,y=146
mousemove button=0,shift=0,x=14,y=145
mousemove button=0,shift=0,x=15,y=143
mousemove button=0,shift=0,x=16,y=142
mousemove button=0,shift=0,x=17,y=141
mousemove button=0,shift=0,x=18,y=140
mousemove button=0,shift=0,x=19,y=139
mousemove button=0,shift=0,x=20,y=138
mousemove button=0,shift=0,x=21,y=138
mousemove button=0,shift=0,x=22,y=137
mousemove button=0,shift=0,x=23,y=136
mousemove button=0,shift=0,x=24,y=136
mousemove button=0,shift=0,x=25,y=136
mousemove button=0,shift=0,x=25,y=135
mousemove button=0,shift=0,x=26,y=135
mousemove button=0,shift=0,x=27,y=135
mousemove button=0,shift=0,x=28,y=135
mousemove button=0,shift=0,x=29,y=134
mousemove button=0,shift=0,x=30,y=134
mousemove button=0,shift=0,x=30,y=133
mouseup button=2,shift=0,x=30,y=133
//TERATRON/N64/Aerogauge.zip
mousemove button=2,shift=0,x=30,y=133
mousemove button=0,shift=0,x=30,y=133
mousemove button=0,shift=0,x=30,y=133
mousemove button=0,shift=0,x=30,y=133
mousemove button=0,shift=0,x=30,y=133
mousemove button=0,shift=0,x=30,y=133
mousemove button=0,shift=0,x=30,y=133
mousemove button=0,shift=0,x=31,y=133
mousemove button=0,shift=0,x=31,y=133
mousemove button=0,shift=0,x=32,y=133
mousemove button=0,shift=0,x=33,y=133
mousemove button=0,shift=0,x=34,y=132
mousemove button=0,shift=0,x=36,y=131
mousemove button=0,shift=0,x=40,y=130
mousemove button=0,shift=0,x=43,y=128
mousemove button=0,shift=0,x=45,y=127
mousemove button=0,shift=0,x=46,y=127
mousemove button=0,shift=0,x=47,y=127
mousemove button=0,shift=0,x=47,y=126
mousemove button=0,shift=0,x=48,y=126
mousemove button=0,shift=0,x=49,y=126
mousemove button=0,shift=0,x=50,y=126
mousemove button=0,shift=0,x=50,y=125
mousemove button=0,shift=0,x=51,y=125
mousemove button=0,shift=0,x=52,y=125
mousemove button=0,shift=0,x=52,y=125
mousemove button=0,shift=0,x=53,y=126
mousemove button=0,shift=0,x=53,y=127
mousemove button=0,shift=0,x=53,y=128
mouseup button=2,shift=0,x=53,y=128
//TERATRON/N64/Aerogauge.zip
mousemove button=2,shift=0,x=53,y=128
mousemove button=0,shift=0,x=53,y=128
mousemove button=0,shift=0,x=53,y=128
mouseup button=2,shift=0,x=53,y=128
//TERATRON/N64/Aerogauge.zip
mousemove button=2,shift=0,x=53,y=128
mousemove button=0,shift=0,x=53,y=128
mousemove button=0,shift=0,x=53,y=128
mouseup button=2,shift=0,x=53,y=128
//TERATRON/N64/Aerogauge.zip
mousemove button=2,shift=0,x=53,y=128
mousemove button=0,shift=0,x=53,y=128
mousemove button=2,shift=0,x=53,y=128
mousemove button=0,shift=0,x=53,y=128
mouseup button=2,shift=0,x=53,y=128
//TERATRON/N64/Aerogauge.zip
mousemove button=2,shift=0,x=53,y=128
mousemove button=2,shift=0,x=53,y=128
mouseup button=2,shift=0,x=53,y=128
//TERATRON/N64/Aerogauge.zip
mousemove button=2,shift=0,x=53,y=128
mousemove button=2,shift=0,x=53,y=128
mousemove button=2,shift=0,x=53,y=128
mouseup button=2,shift=0,x=53,y=128
//TERATRON/N64/Aerogauge.zip
mousemove button=2,shift=0,x=53,y=128
mousemove button=2,shift=0,x=53,y=128
mousemove button=0,shift=0,x=53,y=128
mouseup button=2,shift=0,x=53,y=128
//TERATRON/N64/Aerogauge.zip
mousemove button=2,shift=0,x=53,y=128
mousemove button=2,shift=0,x=53,y=128
mousemove button=0,shift=0,x=53,y=128
mousemove button=0,shift=0,x=53,y=128
mouseup button=2,shift=0,x=53,y=128
//TERATRON/N64/Aerogauge.zip
mousemove button=2,shift=0,x=53,y=128
mousemove button=2,shift=0,x=53,y=128
mousemove button=0,shift=0,x=53,y=128
mouseup button=2,shift=0,x=53,y=128
//TERATRON/N64/Aerogauge.zip
mousemove button=2,shift=0,x=53,y=128
mousemove button=2,shift=0,x=53,y=128
mouseup button=2,shift=0,x=53,y=128
//TERATRON/N64/Aerogauge.zip
mousemove button=2,shift=0,x=53,y=128
mousemove button=2,shift=0,x=53,y=128
mouseup button=2,shift=0,x=53,y=128
//TERATRON/N64/Aerogauge.zip
mousemove button=2,shift=0,x=53,y=128
mousemove button=2,shift=0,x=53,y=128
mouseup button=2,shift=0,x=53,y=128
//TERATRON/N64/Aerogauge.zip
mousemove button=2,shift=0,x=53,y=128
mousemove button=2,shift=0,x=53,y=128
mousemove button=2,shift=0,x=53,y=128
mouseup button=2,shift=0,x=53,y=128
//TERATRON/N64/Aerogauge.zip
mousemove button=2,shift=0,x=53,y=128
mousemove button=2,shift=0,x=53,y=128
mouseup button=2,shift=0,x=53,y=128
//TERATRON/N64/Aerogauge.zip
mousemove button=2,shift=0,x=53,y=128
mousemove button=2,shift=0,x=53,y=128
mouseup button=2,shift=0,x=53,y=128
//TERATRON/N64/Aerogauge.zip
mousemove button=2,shift=0,x=53,y=128
mousemove button=2,shift=0,x=53,y=128
mouseup button=2,shift=0,x=53,y=128
//TERATRON/N64/Aerogauge.zip
mousemove button=2,shift=0,x=53,y=128
mousemove button=2,shift=0,x=53,y=128
mouseup button=2,shift=0,x=53,y=128
//TERATRON/N64/Aerogauge.zip
mousemove button=2,shift=0,x=53,y=128
mousemove button=2,shift=0,x=53,y=128
mouseup button=2,shift=0,x=53,y=128
//TERATRON/N64/Aerogauge.zip
mousemove button=2,shift=0,x=53,y=128
mousemove button=2,shift=0,x=53,y=128
mousemove button=2,shift=0,x=53,y=128
mouseup button=2,shift=0,x=53,y=128
//TERATRON/N64/Aerogauge.zip
mousemove button=2,shift=0,x=53,y=128
mousemove button=2,shift=0,x=53,y=128
mouseup button=2,shift=0,x=53,y=128
//TERATRON/N64/Aerogauge.zip
mousemove button=2,shift=0,x=53,y=128
mousemove button=0,shift=0,x=53,y=128
mousemove button=0,shift=0,x=53,y=128
mouseup button=2,shift=0,x=53,y=128
//TERATRON/N64/Aerogauge.zip
mousemove button=2,shift=0,x=53,y=128
mousemove button=2,shift=0,x=53,y=128
mouseup button=2,shift=0,x=53,y=128
//TERATRON/N64/Aerogauge.zip
mousemove button=2,shift=0,x=53,y=128
mousemove button=2,shift=0,x=53,y=128
mousemove button=2,shift=0,x=53,y=128
mouseup button=2,shift=0,x=53,y=128
//TERATRON/N64/Aerogauge.zip
mousemove button=2,shift=0,x=53,y=128
mousemove button=2,shift=0,x=53,y=128
mouseup button=2,shift=0,x=53,y=128
//TERATRON/N64/Aerogauge.zip
mousemove button=2,shift=0,x=53,y=128
mousemove button=2,shift=0,x=53,y=128
mouseup button=2,shift=0,x=53,y=128
//TERATRON/N64/Aerogauge.zip
mousemove button=2,shift=0,x=53,y=128
mousemove button=2,shift=0,x=53,y=128
mouseup button=2,shift=0,x=53,y=128
//TERATRON/N64/Aerogauge.zip
mousemove button=2,shift=0,x=53,y=128
mousemove button=0,shift=0,x=53,y=128
mousemove button=2,shift=0,x=53,y=128
mouseup button=2,shift=0,x=53,y=128
//TERATRON/N64/Aerogauge.zip
mousemove button=2,shift=0,x=53,y=128
mousemove button=2,shift=0,x=53,y=128
mousemove button=0,shift=0,x=53,y=128
mouseup button=2,shift=0,x=53,y=128
//TERATRON/N64/Aerogauge.zip
mousemove button=2,shift=0,x=53,y=128
mousemove button=2,shift=0,x=53,y=128
mouseup button=2,shift=0,x=53,y=128
//TERATRON/N64/Aerogauge.zip
mousemove button=2,shift=0,x=53,y=128
mousemove button=2,shift=0,x=53,y=128
mouseup button=2,shift=0,x=53,y=128
//TERATRON/N64/Aerogauge.zip
mousemove button=2,shift=0,x=53,y=128
mousemove button=2,shift=0,x=53,y=128
mouseup button=2,shift=0,x=53,y=128
//TERATRON/N64/Aerogauge.zip
mousemove button=2,shift=0,x=53,y=128
mousemove button=2,shift=0,x=53,y=128
mousemove button=0,shift=0,x=53,y=128
mouseup button=2,shift=0,x=53,y=128
//TERATRON/N64/Aerogauge.zip
mousemove button=2,shift=0,x=53,y=128
mousemove button=2,shift=0,x=53,y=128
mouseup button=2,shift=0,x=53,y=128
//TERATRON/N64/Aerogauge.zip
mousemove button=2,shift=0,x=53,y=128
mousemove button=2,shift=0,x=53,y=128
mouseup button=2,shift=0,x=53,y=128
//TERATRON/N64/Aerogauge.zip
mousemove button=2,shift=0,x=53,y=128
mousemove button=2,shift=0,x=53,y=128
mouseup button=2,shift=0,x=53,y=128
//TERATRON/N64/Aerogauge.zip
mousemove button=2,shift=0,x=53,y=128
mousemove button=2,shift=0,x=53,y=128
mousemove button=0,shift=0,x=53,y=128
mousemove button=0,shift=0,x=53,y=128
mousemove button=0,shift=0,x=53,y=128
mousemove button=0,shift=0,x=53,y=126
mousemove button=0,shift=0,x=62,y=114
mousemove button=0,shift=0,x=66,y=103
mousemove button=0,shift=0,x=69,y=92
mousemove button=0,shift=0,x=71,y=80
mousemove button=0,shift=0,x=74,y=68
mousemove button=0,shift=0,x=75,y=56
mousemove button=0,shift=0,x=76,y=44
mousemove button=0,shift=0,x=76,y=36
buttondropdown FILE;MENU::FILE
HandleControlEvent, ButtonDropDown
BEFORESHOWMENU:FILE::SUBMENU
File::SUBMENU
beforeShowMenu end FILE::SUBMENU
HandleControlEvent, BeforeShowMenu
beforeshowmenu:FILE::SUBMENU
playing:C:\Users\BC_Programming\AppData\Roaming\BCSearch\Resource\Sound\SHOWMENU.WAV
HandleControlEvent, Resize
HandleControlEvent, Resize
HandleControlEvent, ButtonHighlight
HandleControlEvent, ButtonHighlight
HandleControlEvent, ButtonHighlight
HandleControlEvent, ButtonHighlight
HandleControlEvent, AfterShowMenu
Clicked: caption=&Exit key=FILE::EXIT TAG=FILE::EXIT
ButtonClick
Persisting Combo/List box- section = PersistProperties.cboLookin...
After:hwnd=1183114 umsg=70
WINDOWPOSCHANGING
