BASeCamp CDebug Class Debug Log output.
log at 12/31/2009 on TERATRON as BC_Programming at 10:03.21
################################################################################
System Info for this session:
Environment variables:

ALLUSERSPROFILE=C:\ProgramData
APPDATA=C:\Users\BC_Programming\AppData\Roaming
CG_BOOST_ROOT=C:\Program Files (x86)\CodeGear\RAD Studio\6.0\include\boost_1_35
CommonProgramFiles=C:\Program Files (x86)\Common Files
CommonProgramFiles(x86)=C:\Program Files (x86)\Common Files
CommonProgramW6432=C:\Program Files\Common Files
COMPUTERNAME=TERATRON
ComSpec=C:\Windows\system32\cmd.exe
FP_NO_HOST_CHECK=NO
HOMEDRIVE=C:
HOMEPATH=\Users\BC_Programming
LOCALAPPDATA=C:\Users\BC_Programming\AppData\Local
LOGONSERVER=\\TERATRON
NUMBER_OF_PROCESSORS=4
OPENSSL_CONF=C:\OpenSSL\bin\openssl.cfg
OS=Windows_NT
Path=C:\Python\Scripts;C:\Python\;C:\Program Files (x86)\CodeGear\RAD Studio\6.0\bin;C:\Users\Public\Documents\RAD Studio\6.0\Bpl;C:\Perl\site\bin;C:\Perl\bin;C:\Windows\system32;C:\Windows;C:\Windows\System32\Wbem;C:\Windows\System32\WindowsPowerShell\v1.0\;c:\Program Files (x86)\Microsoft SQL Server\90\Tools\binn\;C:\Program Files (x86)\Microsoft Visual Studio 9.0\VC\bin;C:\Program Files (x86)\Common Files\microsoft shared\MSENV;C:\Program Files (x86)\Common Files\microsoft shared\VSA\9.0\VsaEnv;C:\PROGRA~2\Borland\Delphi6\Bin;C:\PROGRA~2\Borland\Delphi6\Projects\Bpl;C:\Program Files (x86)\Common Files\Autodesk Shared\;C:\Program Files (x86)\backburner 2\;C:\Users\BC_Programming\AppData\Roaming\Python\Scripts;C:\Windows\system32;C:\Windows;C:\Windows\System32\Wbem;C:\Windows\System32\WindowsPowerShell\v1.0\;c:\Program Files (x86)\Microsoft SQL Server\90\Tools\binn\;C:\Program Files (x86)\Microsoft Visual Studio 9.0\VC\bin;C:\Program Files (x86)\Common Files\microsoft shared\MSENV;C:\Program Files (x86)\Common Fi
PATHEXT=.COM;.EXE;.BAT;.CMD;.VBS;.VBE;.JS;.JSE;.WSF;.WSH;.MSC;.py;.pyw
PROCESSOR_ARCHITECTURE=x86
PROCESSOR_ARCHITEW6432=AMD64
PROCESSOR_IDENTIFIER=Intel64 Family 6 Model 23 Stepping 7, GenuineIntel
PROCESSOR_LEVEL=6
PROCESSOR_REVISION=1707
ProgramData=C:\ProgramData
ProgramFiles=C:\Program Files (x86)
ProgramFiles(x86)=C:\Program Files (x86)
ProgramW6432=C:\Program Files
PUBLIC=C:\Users\Public
SystemDrive=C:
SystemRoot=C:\Windows
TEMP=C:\Users\BC_PRO~1\AppData\Local\Temp
TMP=C:\Users\BC_PRO~1\AppData\Local\Temp
USERDOMAIN=TERATRON
USERNAME=BC_Programming
USERPROFILE=C:\Users\BC_Programming
VS90COMNTOOLS=C:\Program Files (x86)\Microsoft Visual Studio 9.0\Common7\Tools\
windir=C:\Windows
__COMPAT_LAYER=RunAsAdmin RunAsAdmin 


################################################################################
***************BEGIN LOG*******************
After:hwnd=1117952 umsg=70
WINDOWPOSCHANGING
After:hwnd=1117952 umsg=70
WINDOWPOSCHANGING
After:hwnd=1117952 umsg=70
WINDOWPOSCHANGING
XML load successful in CXMLLoader::LoadXML
optimal bitdepth is 32 bits.
unrecognized NodeName for commandbar load:SCRIPTS
unrecognized NodeName for commandbar load:
unrecognized NodeName for commandbar load:IMAGELIST
unrecognized NodeName for commandbar load:IMAGELIST
DefClick=C:\Users\BC_Programming\AppData\Roaming\BCSearch\Resource\Sound\CLICK.WAV
Click=C:\Users\BC_Programming\AppData\Roaming\BCSearch\Resource\Sound\CLICK.WAV
picindex=8
Click=C:\Users\BC_Programming\AppData\Roaming\BCSearch\Resource\Sound\CLICK.WAV
picindex=13
Click=C:\Users\BC_Programming\AppData\Roaming\BCSearch\Resource\Sound\CLICK.WAV
picindex=-1
Click=C:\Users\BC_Programming\AppData\Roaming\BCSearch\Resource\Sound\CLICK.WAV
picindex=15
Click=C:\Users\BC_Programming\AppData\Roaming\BCSearch\Resource\Sound\CLICK.WAV
picindex=14
Click=C:\Users\BC_Programming\AppData\Roaming\BCSearch\Resource\Sound\CLICK.WAV
picindex=16
Click=C:\Users\BC_Programming\AppData\Roaming\BCSearch\Resource\Sound\CLICK.WAV
picindex=13
Click=C:\Users\BC_Programming\AppData\Roaming\BCSearch\Resource\Sound\CLICK.WAV
picindex=-1
Click=C:\Users\BC_Programming\AppData\Roaming\BCSearch\Resource\Sound\CLICK.WAV
picindex=17
Click=C:\Users\BC_Programming\AppData\Roaming\BCSearch\Resource\Sound\CLICK.WAV
picindex=11
Click=C:\Users\BC_Programming\AppData\Roaming\BCSearch\Resource\Sound\CLICK.WAV
picindex=18
Click=C:\Users\BC_Programming\AppData\Roaming\BCSearch\Resource\Sound\CLICK.WAV
picindex=25
Click=C:\Users\BC_Programming\AppData\Roaming\BCSearch\Resource\Sound\CLICK.WAV
picindex=17
Click=C:\Users\BC_Programming\AppData\Roaming\BCSearch\Resource\Sound\CLICK.WAV
picindex=26
Click=C:\Users\BC_Programming\AppData\Roaming\BCSearch\Resource\Sound\CLICK.WAV
picindex=27
Click=C:\Users\BC_Programming\AppData\Roaming\BCSearch\Resource\Sound\CLICK.WAV
picindex=28
Click=C:\Users\BC_Programming\AppData\Roaming\BCSearch\Resource\Sound\CLICK.WAV
picindex=29
Click=C:\Users\BC_Programming\AppData\Roaming\BCSearch\Resource\Sound\CLICK.WAV
picindex=8
Click=C:\Users\BC_Programming\AppData\Roaming\BCSearch\Resource\Sound\CLICK.WAV
picindex=-1
HandleControlEvent, Resize
DefClick=C:\Users\BC_Programming\AppData\Roaming\BCSearch\Resource\Sound\CLICK.WAV
Click=C:\Users\BC_Programming\AppData\Roaming\BCSearch\Resource\Sound\CLICK.WAV
picindex=18
Click=C:\Users\BC_Programming\AppData\Roaming\BCSearch\Resource\Sound\CLICK.WAV
picindex=20
Click=C:\Users\BC_Programming\AppData\Roaming\BCSearch\Resource\Sound\CLICK.WAV
picindex=-1
Click=C:\Users\BC_Programming\AppData\Roaming\BCSearch\Resource\Sound\CLICK.WAV
picindex=7
Click=C:\Users\BC_Programming\AppData\Roaming\BCSearch\Resource\Sound\CLICK.WAV
picindex=-1
DefClick=C:\Users\BC_Programming\AppData\Roaming\BCSearch\Resource\Sound\CLICK.WAV
Click=C:\Users\BC_Programming\AppData\Roaming\BCSearch\Resource\Sound\CLICK.WAV
picindex=5
Click=C:\Users\BC_Programming\AppData\Roaming\BCSearch\Resource\Sound\CLICK.WAV
picindex=6
Click=C:\Users\BC_Programming\AppData\Roaming\BCSearch\Resource\Sound\CLICK.WAV
picindex=-1
Click=C:\Users\BC_Programming\AppData\Roaming\BCSearch\Resource\Sound\CLICK.WAV
picindex=-1
Click=C:\Users\BC_Programming\AppData\Roaming\BCSearch\Resource\Sound\CLICK.WAV
picindex=-1
Click=C:\Users\BC_Programming\AppData\Roaming\BCSearch\Resource\Sound\CLICK.WAV
picindex=-1
Click=C:\Users\BC_Programming\AppData\Roaming\BCSearch\Resource\Sound\CLICK.WAV
picindex=-1
Click=C:\Users\BC_Programming\AppData\Roaming\BCSearch\Resource\Sound\CLICK.WAV
picindex=-1
Click=C:\Users\BC_Programming\AppData\Roaming\BCSearch\Resource\Sound\CLICK.WAV
picindex=-1
DefClick=
Click=
picindex=2
Click=
picindex=-1
Click=
picindex=-1
DefClick=C:\Users\BC_Programming\AppData\Roaming\BCSearch\Resource\Sound\CLICK.WAV
Click=C:\Users\BC_Programming\AppData\Roaming\BCSearch\Resource\Sound\CLICK.WAV
picindex=-1
Click=C:\Users\BC_Programming\AppData\Roaming\BCSearch\Resource\Sound\CLICK.WAV
picindex=-1
Click=C:\Users\BC_Programming\AppData\Roaming\BCSearch\Resource\Sound\CLICK.WAV
picindex=1
Click=C:\Users\BC_Programming\AppData\Roaming\BCSearch\Resource\Sound\CLICK.WAV
picindex=-1
Click=C:\Users\BC_Programming\AppData\Roaming\BCSearch\Resource\Sound\CLICK.WAV
picindex=-1
Click=C:\Users\BC_Programming\AppData\Roaming\BCSearch\Resource\Sound\CLICK.WAV
picindex=-1
Click=C:\Users\BC_Programming\AppData\Roaming\BCSearch\Resource\Sound\CLICK.WAV
picindex=-1
Click=C:\Users\BC_Programming\AppData\Roaming\BCSearch\Resource\Sound\CLICK.WAV
picindex=-1
Click=C:\Users\BC_Programming\AppData\Roaming\BCSearch\Resource\Sound\CLICK.WAV
picindex=-1
Click=C:\Users\BC_Programming\AppData\Roaming\BCSearch\Resource\Sound\CLICK.WAV
picindex=11
Click=C:\Users\BC_Programming\AppData\Roaming\BCSearch\Resource\Sound\CLICK.WAV
picindex=12
Click=C:\Users\BC_Programming\AppData\Roaming\BCSearch\Resource\Sound\CLICK.WAV
picindex=-1
Click=C:\Users\BC_Programming\AppData\Roaming\BCSearch\Resource\Sound\CLICK.WAV
picindex=-1
Click=C:\Users\BC_Programming\AppData\Roaming\BCSearch\Resource\Sound\CLICK.WAV
picindex=10
Click=C:\Users\BC_Programming\AppData\Roaming\BCSearch\Resource\Sound\CLICK.WAV
picindex=9
HandleControlEvent, Resize
unrecognized NodeName for commandbar load:TOOLBAR
setting toolbarimagelist(1)...
setting toolbarimagelist(2)...
After:hwnd=1117952 umsg=36
After:hwnd=1117952 umsg=70
WINDOWPOSCHANGING
HandleControlEvent, Resize
HandleControlEvent, Resize
After:hwnd=1117952 umsg=36
After:hwnd=1117952 umsg=70
WINDOWPOSCHANGING
Loading Combo/List box- section = PersistProperties.cboLookin...
mousemove button=1,shift=0,x=182,y=36
mousemove button=0,shift=0,x=183,y=35
mousemove button=0,shift=0,x=185,y=24
not duplicating List item.
Clicked: caption=&Add... key=FILTERS::ADD TAG=FILTERS::ADD
ButtonClick
1
Loading Combo/List box- section = PersistProperties.cboFilter...
After:hwnd=1117952 umsg=70
WINDOWPOSCHANGING
After:hwnd=1117952 umsg=70
WINDOWPOSCHANGING

HandleControlEvent, ButtonClick
playing:C:\Users\BC_Programming\AppData\Roaming\BCSearch\Resource\Sound\CLICK.WAV
not duplicating List item.
Change
Change
Change
Change
Change
Change
Change
Change
0
0
Change
Change
Change
Change
Change
Change
Change
Change
0
0
Persisting Combo/List box- section = PersistProperties.cboSizesuffix.1...
Persisting Combo/List box- section = PersistProperties.cboSizesuffix.0...
Persisting Combo/List box- section = PersistProperties.cboOperation...
Persisting Combo/List box- section = PersistProperties.cboFilter...
Persisting Combo/List box- section = PersistProperties.cboADSThanMultiplier.1...
Persisting Combo/List box- section = PersistProperties.cboADSThanMultiplier.0...
After:hwnd=1117952 umsg=70
WINDOWPOSCHANGING
After:hwnd=1117952 umsg=70
WINDOWPOSCHANGING
mousemove button=1,shift=0,x=816,y=134
mousemove button=0,shift=0,x=806,y=126
mousemove button=0,shift=0,x=796,y=116
mousemove button=0,shift=0,x=784,y=105
mousemove button=0,shift=0,x=772,y=92
mousemove button=0,shift=0,x=764,y=83
mousemove button=0,shift=0,x=748,y=62
mousemove button=0,shift=0,x=728,y=35
not duplicating List item.
optimal bitdepth is 32 bits.
HandleControlEvent, Resize
mousemove button=0,shift=0,x=409,y=28
mousemove button=0,shift=0,x=314,y=97
mousemove button=0,shift=0,x=284,y=116
mousemove button=0,shift=0,x=260,y=133
mousemove button=0,shift=0,x=250,y=137
mousemove button=0,shift=0,x=240,y=142
mousemove button=0,shift=0,x=240,y=143
mousemove button=0,shift=0,x=240,y=145
mousemove button=0,shift=0,x=240,y=145
mousemove button=0,shift=0,x=239,y=144
mousemove button=0,shift=0,x=237,y=143
mousemove button=0,shift=0,x=235,y=142
mousemove button=0,shift=0,x=231,y=141
mousemove button=0,shift=0,x=230,y=140
mousemove button=0,shift=0,x=229,y=139
mousemove button=0,shift=0,x=227,y=139
mousemove button=0,shift=0,x=226,y=138
mousemove button=0,shift=0,x=223,y=136
mousemove button=0,shift=0,x=218,y=133
mousemove button=0,shift=0,x=213,y=130
mousemove button=0,shift=0,x=209,y=127
mousemove button=0,shift=0,x=205,y=124
mousemove button=0,shift=0,x=204,y=123
mousemove button=0,shift=0,x=199,y=119
mousemove button=0,shift=0,x=196,y=117
mousemove button=0,shift=0,x=194,y=115
mousemove button=0,shift=0,x=190,y=111
mousemove button=0,shift=0,x=188,y=110
mousemove button=0,shift=0,x=186,y=108
mousemove button=0,shift=0,x=186,y=107
mousemove button=0,shift=0,x=185,y=106
mousemove button=0,shift=0,x=185,y=105
mousemove button=0,shift=0,x=185,y=104
mousemove button=0,shift=0,x=185,y=103
mousemove button=0,shift=0,x=184,y=102
mousemove button=0,shift=0,x=184,y=101
mousemove button=0,shift=0,x=184,y=100
mousemove button=0,shift=0,x=184,y=99
mousemove button=0,shift=0,x=184,y=98
mousemove button=0,shift=0,x=184,y=98
mousemove button=0,shift=0,x=184,y=97
mousemove button=0,shift=0,x=182,y=97
mousemove button=0,shift=0,x=181,y=97
mousemove button=0,shift=0,x=179,y=96
mousemove button=0,shift=0,x=178,y=96
mousemove button=0,shift=0,x=177,y=95
mousemove button=0,shift=0,x=176,y=94
mousemove button=0,shift=0,x=174,y=94
mousemove button=0,shift=0,x=173,y=94
mousemove button=0,shift=0,x=172,y=93
mousemove button=0,shift=0,x=171,y=93
mousemove button=0,shift=0,x=171,y=93
mousemove button=0,shift=0,x=170,y=93
mousemove button=0,shift=0,x=170,y=92
mousemove button=0,shift=0,x=168,y=92
mousemove button=0,shift=0,x=167,y=92
mousemove button=0,shift=0,x=166,y=91
mousemove button=0,shift=0,x=166,y=91
mousemove button=0,shift=0,x=165,y=91
mousemove button=0,shift=0,x=164,y=90
mousemove button=0,shift=0,x=163,y=90
mousemove button=0,shift=0,x=162,y=89
mousemove button=0,shift=0,x=161,y=89
mouseup button=2,shift=0,x=161,y=89
//TERATRON/N64/08 - Banjo-Tooie (U) [!]-(theromsource.com).zip
After:hwnd=1117952 umsg=70
WINDOWPOSCHANGING
After:hwnd=1117952 umsg=70
WINDOWPOSCHANGING
After:hwnd=1117952 umsg=70
WINDOWPOSCHANGING
After:hwnd=1117952 umsg=70
WINDOWPOSCHANGING
After:hwnd=1117952 umsg=70
WINDOWPOSCHANGING
After:hwnd=1117952 umsg=70
WINDOWPOSCHANGING
After:hwnd=1117952 umsg=70
WINDOWPOSCHANGING
After:hwnd=1117952 umsg=70
WINDOWPOSCHANGING
After:hwnd=1117952 umsg=70
WINDOWPOSCHANGING
After:hwnd=1117952 umsg=70
WINDOWPOSCHANGING
After:hwnd=1117952 umsg=70
WINDOWPOSCHANGING
After:hwnd=1117952 umsg=70
WINDOWPOSCHANGING
After:hwnd=1117952 umsg=70
WINDOWPOSCHANGING
After:hwnd=1117952 umsg=70
WINDOWPOSCHANGING
After:hwnd=1117952 umsg=70
WINDOWPOSCHANGING
After:hwnd=1117952 umsg=70
WINDOWPOSCHANGING
After:hwnd=1117952 umsg=70
WINDOWPOSCHANGING
After:hwnd=1117952 umsg=70
WINDOWPOSCHANGING
After:hwnd=1117952 umsg=70
WINDOWPOSCHANGING
After:hwnd=1117952 umsg=70
WINDOWPOSCHANGING
After:hwnd=1117952 umsg=70
WINDOWPOSCHANGING
After:hwnd=1117952 umsg=70
WINDOWPOSCHANGING
After:hwnd=1117952 umsg=70
WINDOWPOSCHANGING
After:hwnd=1117952 umsg=70
WINDOWPOSCHANGING
After:hwnd=1117952 umsg=70
WINDOWPOSCHANGING
After:hwnd=1117952 umsg=70
WINDOWPOSCHANGING
After:hwnd=1117952 umsg=70
WINDOWPOSCHANGING
After:hwnd=1117952 umsg=70
WINDOWPOSCHANGING
After:hwnd=1117952 umsg=70
WINDOWPOSCHANGING
After:hwnd=1117952 umsg=70
WINDOWPOSCHANGING
After:hwnd=1117952 umsg=70
WINDOWPOSCHANGING
After:hwnd=1117952 umsg=70
WINDOWPOSCHANGING
After:hwnd=1117952 umsg=70
WINDOWPOSCHANGING
After:hwnd=1117952 umsg=70
WINDOWPOSCHANGING
After:hwnd=1117952 umsg=70
WINDOWPOSCHANGING
After:hwnd=1117952 umsg=70
WINDOWPOSCHANGING
After:hwnd=1117952 umsg=70
WINDOWPOSCHANGING
After:hwnd=1117952 umsg=70
WINDOWPOSCHANGING
After:hwnd=1117952 umsg=70
WINDOWPOSCHANGING
After:hwnd=1117952 umsg=70
WINDOWPOSCHANGING
After:hwnd=1117952 umsg=70
WINDOWPOSCHANGING
After:hwnd=1117952 umsg=70
WINDOWPOSCHANGING
After:hwnd=1117952 umsg=70
WINDOWPOSCHANGING
After:hwnd=1117952 umsg=70
WINDOWPOSCHANGING
After:hwnd=1117952 umsg=70
WINDOWPOSCHANGING
After:hwnd=1117952 umsg=70
WINDOWPOSCHANGING
After:hwnd=1117952 umsg=70
WINDOWPOSCHANGING
After:hwnd=1117952 umsg=70
WINDOWPOSCHANGING
After:hwnd=1117952 umsg=70
WINDOWPOSCHANGING
After:hwnd=1117952 umsg=70
WINDOWPOSCHANGING
After:hwnd=1117952 umsg=70
WINDOWPOSCHANGING
After:hwnd=1117952 umsg=70
WINDOWPOSCHANGING
After:hwnd=1117952 umsg=70
WINDOWPOSCHANGING
After:hwnd=1117952 umsg=70
WINDOWPOSCHANGING
After:hwnd=1117952 umsg=70
WINDOWPOSCHANGING
After:hwnd=1117952 umsg=70
WINDOWPOSCHANGING
After:hwnd=1117952 umsg=70
WINDOWPOSCHANGING
After:hwnd=1117952 umsg=70
WINDOWPOSCHANGING
After:hwnd=1117952 umsg=70
WINDOWPOSCHANGING
After:hwnd=1117952 umsg=70
WINDOWPOSCHANGING
After:hwnd=1117952 umsg=70
WINDOWPOSCHANGING
After:hwnd=1117952 umsg=70
WINDOWPOSCHANGING
After:hwnd=1117952 umsg=70
WINDOWPOSCHANGING
After:hwnd=1117952 umsg=70
WINDOWPOSCHANGING
After:hwnd=1117952 umsg=70
WINDOWPOSCHANGING
After:hwnd=1117952 umsg=70
WINDOWPOSCHANGING
After:hwnd=1117952 umsg=70
WINDOWPOSCHANGING
After:hwnd=1117952 umsg=70
WINDOWPOSCHANGING
After:hwnd=1117952 umsg=70
WINDOWPOSCHANGING
After:hwnd=1117952 umsg=70
WINDOWPOSCHANGING
After:hwnd=1117952 umsg=70
WINDOWPOSCHANGING
After:hwnd=1117952 umsg=70
WINDOWPOSCHANGING
After:hwnd=1117952 umsg=70
WINDOWPOSCHANGING
After:hwnd=1117952 umsg=70
WINDOWPOSCHANGING
After:hwnd=1117952 umsg=70
WINDOWPOSCHANGING
After:hwnd=1117952 umsg=70
WINDOWPOSCHANGING
After:hwnd=1117952 umsg=70
WINDOWPOSCHANGING
After:hwnd=1117952 umsg=70
WINDOWPOSCHANGING
After:hwnd=1117952 umsg=70
WINDOWPOSCHANGING
After:hwnd=1117952 umsg=70
WINDOWPOSCHANGING
After:hwnd=1117952 umsg=70
WINDOWPOSCHANGING
After:hwnd=1117952 umsg=70
WINDOWPOSCHANGING
After:hwnd=1117952 umsg=70
WINDOWPOSCHANGING
After:hwnd=1117952 umsg=70
WINDOWPOSCHANGING
After:hwnd=1117952 umsg=70
WINDOWPOSCHANGING
After:hwnd=1117952 umsg=70
WINDOWPOSCHANGING
After:hwnd=1117952 umsg=70
WINDOWPOSCHANGING
After:hwnd=1117952 umsg=70
WINDOWPOSCHANGING
After:hwnd=1117952 umsg=70
WINDOWPOSCHANGING
After:hwnd=1117952 umsg=70
WINDOWPOSCHANGING
After:hwnd=1117952 umsg=70
WINDOWPOSCHANGING
After:hwnd=1117952 umsg=70
WINDOWPOSCHANGING
After:hwnd=1117952 umsg=70
WINDOWPOSCHANGING
After:hwnd=1117952 umsg=70
WINDOWPOSCHANGING
After:hwnd=1117952 umsg=70
WINDOWPOSCHANGING
After:hwnd=1117952 umsg=70
WINDOWPOSCHANGING
After:hwnd=1117952 umsg=70
WINDOWPOSCHANGING
After:hwnd=1117952 umsg=70
WINDOWPOSCHANGING
After:hwnd=1117952 umsg=70
WINDOWPOSCHANGING
After:hwnd=1117952 umsg=70
WINDOWPOSCHANGING
After:hwnd=1117952 umsg=70
WINDOWPOSCHANGING
After:hwnd=1117952 umsg=70
WINDOWPOSCHANGING
After:hwnd=1117952 umsg=70
WINDOWPOSCHANGING
After:hwnd=1117952 umsg=70
WINDOWPOSCHANGING
After:hwnd=1117952 umsg=70
WINDOWPOSCHANGING
After:hwnd=1117952 umsg=70
WINDOWPOSCHANGING
After:hwnd=1117952 umsg=70
WINDOWPOSCHANGING
After:hwnd=1117952 umsg=70
WINDOWPOSCHANGING
After:hwnd=1117952 umsg=70
WINDOWPOSCHANGING
After:hwnd=1117952 umsg=70
WINDOWPOSCHANGING
After:hwnd=1117952 umsg=70
WINDOWPOSCHANGING
After:hwnd=1117952 umsg=70
WINDOWPOSCHANGING
After:hwnd=1117952 umsg=70
WINDOWPOSCHANGING
After:hwnd=1117952 umsg=70
WINDOWPOSCHANGING
After:hwnd=1117952 umsg=70
WINDOWPOSCHANGING
After:hwnd=1117952 umsg=70
WINDOWPOSCHANGING
After:hwnd=1117952 umsg=70
WINDOWPOSCHANGING
After:hwnd=1117952 umsg=70
WINDOWPOSCHANGING
After:hwnd=1117952 umsg=70
WINDOWPOSCHANGING
After:hwnd=1117952 umsg=70
WINDOWPOSCHANGING
After:hwnd=1117952 umsg=70
WINDOWPOSCHANGING
After:hwnd=1117952 umsg=70
WINDOWPOSCHANGING
After:hwnd=1117952 umsg=70
WINDOWPOSCHANGING
After:hwnd=1117952 umsg=70
WINDOWPOSCHANGING
After:hwnd=1117952 umsg=70
WINDOWPOSCHANGING
After:hwnd=1117952 umsg=70
WINDOWPOSCHANGING
After:hwnd=1117952 umsg=70
WINDOWPOSCHANGING
After:hwnd=1117952 umsg=70
WINDOWPOSCHANGING
After:hwnd=1117952 umsg=70
WINDOWPOSCHANGING
After:hwnd=1117952 umsg=70
WINDOWPOSCHANGING
After:hwnd=1117952 umsg=70
WINDOWPOSCHANGING
After:hwnd=1117952 umsg=70
WINDOWPOSCHANGING
After:hwnd=1117952 umsg=70
WINDOWPOSCHANGING
After:hwnd=1117952 umsg=70
WINDOWPOSCHANGING
After:hwnd=1117952 umsg=70
WINDOWPOSCHANGING
After:hwnd=1117952 umsg=70
WINDOWPOSCHANGING
After:hwnd=1117952 umsg=70
WINDOWPOSCHANGING
After:hwnd=1117952 umsg=70
WINDOWPOSCHANGING
After:hwnd=1117952 umsg=70
WINDOWPOSCHANGING
After:hwnd=1117952 umsg=70
WINDOWPOSCHANGING
After:hwnd=1117952 umsg=70
WINDOWPOSCHANGING
After:hwnd=1117952 umsg=70
WINDOWPOSCHANGING
After:hwnd=1117952 umsg=70
WINDOWPOSCHANGING
After:hwnd=1117952 umsg=70
WINDOWPOSCHANGING
After:hwnd=1117952 umsg=70
WINDOWPOSCHANGING
After:hwnd=1117952 umsg=70
WINDOWPOSCHANGING
After:hwnd=1117952 umsg=70
WINDOWPOSCHANGING
After:hwnd=1117952 umsg=70
WINDOWPOSCHANGING
After:hwnd=1117952 umsg=70
WINDOWPOSCHANGING
After:hwnd=1117952 umsg=70
WINDOWPOSCHANGING
After:hwnd=1117952 umsg=70
WINDOWPOSCHANGING
After:hwnd=1117952 umsg=70
WINDOWPOSCHANGING
After:hwnd=1117952 umsg=70
WINDOWPOSCHANGING
After:hwnd=1117952 umsg=70
WINDOWPOSCHANGING
After:hwnd=1117952 umsg=70
WINDOWPOSCHANGING
After:hwnd=1117952 umsg=70
WINDOWPOSCHANGING
After:hwnd=1117952 umsg=70
WINDOWPOSCHANGING
After:hwnd=1117952 umsg=70
WINDOWPOSCHANGING
After:hwnd=1117952 umsg=70
WINDOWPOSCHANGING
After:hwnd=1117952 umsg=70
WINDOWPOSCHANGING
After:hwnd=1117952 umsg=70
WINDOWPOSCHANGING
After:hwnd=1117952 umsg=70
WINDOWPOSCHANGING
After:hwnd=1117952 umsg=70
WINDOWPOSCHANGING
After:hwnd=1117952 umsg=70
WINDOWPOSCHANGING
After:hwnd=1117952 umsg=70
WINDOWPOSCHANGING
After:hwnd=1117952 umsg=70
WINDOWPOSCHANGING
After:hwnd=1117952 umsg=70
WINDOWPOSCHANGING
After:hwnd=1117952 umsg=70
WINDOWPOSCHANGING
After:hwnd=1117952 umsg=70
WINDOWPOSCHANGING
After:hwnd=1117952 umsg=70
WINDOWPOSCHANGING
After:hwnd=1117952 umsg=70
WINDOWPOSCHANGING
After:hwnd=1117952 umsg=70
WINDOWPOSCHANGING
After:hwnd=1117952 umsg=70
WINDOWPOSCHANGING
After:hwnd=1117952 umsg=70
WINDOWPOSCHANGING
After:hwnd=1117952 umsg=70
WINDOWPOSCHANGING
After:hwnd=1117952 umsg=70
WINDOWPOSCHANGING
After:hwnd=1117952 umsg=70
WINDOWPOSCHANGING
After:hwnd=1117952 umsg=70
WINDOWPOSCHANGING
After:hwnd=1117952 umsg=70
WINDOWPOSCHANGING
After:hwnd=1117952 umsg=70
WINDOWPOSCHANGING
After:hwnd=1117952 umsg=70
WINDOWPOSCHANGING
After:hwnd=1117952 umsg=70
WINDOWPOSCHANGING
After:hwnd=1117952 umsg=70
WINDOWPOSCHANGING
After:hwnd=1117952 umsg=70
WINDOWPOSCHANGING
After:hwnd=1117952 umsg=70
WINDOWPOSCHANGING
After:hwnd=1117952 umsg=70
WINDOWPOSCHANGING
After:hwnd=1117952 umsg=70
WINDOWPOSCHANGING
After:hwnd=1117952 umsg=70
WINDOWPOSCHANGING
After:hwnd=1117952 umsg=70
WINDOWPOSCHANGING
After:hwnd=1117952 umsg=70
WINDOWPOSCHANGING
After:hwnd=1117952 umsg=70
WINDOWPOSCHANGING
After:hwnd=1117952 umsg=70
WINDOWPOSCHANGING
After:hwnd=1117952 umsg=70
WINDOWPOSCHANGING
After:hwnd=1117952 umsg=70
WINDOWPOSCHANGING
After:hwnd=1117952 umsg=70
WINDOWPOSCHANGING
After:hwnd=1117952 umsg=70
WINDOWPOSCHANGING
After:hwnd=1117952 umsg=70
WINDOWPOSCHANGING
After:hwnd=1117952 umsg=70
WINDOWPOSCHANGING
After:hwnd=1117952 umsg=70
WINDOWPOSCHANGING
After:hwnd=1117952 umsg=70
WINDOWPOSCHANGING
After:hwnd=1117952 umsg=70
WINDOWPOSCHANGING
After:hwnd=1117952 umsg=70
WINDOWPOSCHANGING
After:hwnd=1117952 umsg=70
WINDOWPOSCHANGING
After:hwnd=1117952 umsg=70
WINDOWPOSCHANGING
After:hwnd=1117952 umsg=70
WINDOWPOSCHANGING
After:hwnd=1117952 umsg=70
WINDOWPOSCHANGING
After:hwnd=1117952 umsg=70
WINDOWPOSCHANGING
After:hwnd=1117952 umsg=70
WINDOWPOSCHANGING
After:hwnd=1117952 umsg=70
WINDOWPOSCHANGING
After:hwnd=1117952 umsg=70
WINDOWPOSCHANGING
After:hwnd=1117952 umsg=70
WINDOWPOSCHANGING
After:hwnd=1117952 umsg=70
WINDOWPOSCHANGING
After:hwnd=1117952 umsg=70
WINDOWPOSCHANGING
After:hwnd=1117952 umsg=70
WINDOWPOSCHANGING
After:hwnd=1117952 umsg=70
WINDOWPOSCHANGING
After:hwnd=1117952 umsg=70
WINDOWPOSCHANGING
After:hwnd=1117952 umsg=70
WINDOWPOSCHANGING
After:hwnd=1117952 umsg=70
WINDOWPOSCHANGING
After:hwnd=1117952 umsg=70
WINDOWPOSCHANGING
After:hwnd=1117952 umsg=70
WINDOWPOSCHANGING
After:hwnd=1117952 umsg=70
WINDOWPOSCHANGING
After:hwnd=1117952 umsg=70
WINDOWPOSCHANGING
After:hwnd=1117952 umsg=70
WINDOWPOSCHANGING
After:hwnd=1117952 umsg=70
WINDOWPOSCHANGING
After:hwnd=1117952 umsg=70
WINDOWPOSCHANGING
After:hwnd=1117952 umsg=70
WINDOWPOSCHANGING
After:hwnd=1117952 umsg=70
WINDOWPOSCHANGING
After:hwnd=1117952 umsg=70
WINDOWPOSCHANGING
After:hwnd=1117952 umsg=70
WINDOWPOSCHANGING
After:hwnd=1117952 umsg=70
WINDOWPOSCHANGING
After:hwnd=1117952 umsg=70
WINDOWPOSCHANGING
After:hwnd=1117952 umsg=70
WINDOWPOSCHANGING
After:hwnd=1117952 umsg=70
WINDOWPOSCHANGING
After:hwnd=1117952 umsg=70
WINDOWPOSCHANGING
After:hwnd=1117952 umsg=70
WINDOWPOSCHANGING
After:hwnd=1117952 umsg=70
WINDOWPOSCHANGING
After:hwnd=1117952 umsg=70
WINDOWPOSCHANGING
After:hwnd=1117952 umsg=70
WINDOWPOSCHANGING
After:hwnd=1117952 umsg=70
WINDOWPOSCHANGING
After:hwnd=1117952 umsg=70
WINDOWPOSCHANGING
After:hwnd=1117952 umsg=70
WINDOWPOSCHANGING
After:hwnd=1117952 umsg=70
WINDOWPOSCHANGING
After:hwnd=1117952 umsg=70
WINDOWPOSCHANGING
After:hwnd=1117952 umsg=70
WINDOWPOSCHANGING
After:hwnd=1117952 umsg=70
WINDOWPOSCHANGING
After:hwnd=1117952 umsg=70
WINDOWPOSCHANGING
After:hwnd=1117952 umsg=70
WINDOWPOSCHANGING
After:hwnd=1117952 umsg=70
WINDOWPOSCHANGING
After:hwnd=1117952 umsg=70
WINDOWPOSCHANGING
After:hwnd=1117952 umsg=70
WINDOWPOSCHANGING
After:hwnd=1117952 umsg=70
WINDOWPOSCHANGING
After:hwnd=1117952 umsg=70
WINDOWPOSCHANGING
After:hwnd=1117952 umsg=70
WINDOWPOSCHANGING
After:hwnd=1117952 umsg=70
WINDOWPOSCHANGING
After:hwnd=1117952 umsg=70
WINDOWPOSCHANGING
After:hwnd=1117952 umsg=70
WINDOWPOSCHANGING
After:hwnd=1117952 umsg=70
WINDOWPOSCHANGING
After:hwnd=1117952 umsg=70
WINDOWPOSCHANGING
After:hwnd=1117952 umsg=70
WINDOWPOSCHANGING
After:hwnd=1117952 umsg=70
WINDOWPOSCHANGING
After:hwnd=1117952 umsg=70
WINDOWPOSCHANGING
After:hwnd=1117952 umsg=70
WINDOWPOSCHANGING
After:hwnd=1117952 umsg=70
WINDOWPOSCHANGING
After:hwnd=1117952 umsg=70
WINDOWPOSCHANGING
After:hwnd=1117952 umsg=70
WINDOWPOSCHANGING
After:hwnd=1117952 umsg=70
WINDOWPOSCHANGING
After:hwnd=1117952 umsg=70
WINDOWPOSCHANGING
After:hwnd=1117952 umsg=70
WINDOWPOSCHANGING
After:hwnd=1117952 umsg=70
WINDOWPOSCHANGING
After:hwnd=1117952 umsg=70
WINDOWPOSCHANGING
After:hwnd=1117952 umsg=70
WINDOWPOSCHANGING
mousemove button=2,shift=0,x=70,y=83
mousemove button=0,shift=0,x=72,y=105
mousemove button=0,shift=0,x=74,y=116
mousemove button=0,shift=0,x=73,y=116
mousemove button=0,shift=0,x=72,y=115
mousemove button=0,shift=0,x=75,y=115
mousemove button=0,shift=0,x=76,y=116
mousemove button=0,shift=0,x=77,y=116
mousemove button=0,shift=0,x=75,y=120
mousemove button=0,shift=0,x=73,y=126
mousemove button=0,shift=0,x=70,y=131
mousemove button=0,shift=0,x=68,y=136
mousemove button=0,shift=0,x=68,y=141
mousemove button=0,shift=0,x=66,y=145
mousemove button=0,shift=0,x=65,y=151
mousemove button=0,shift=0,x=63,y=158
mousemove button=0,shift=0,x=62,y=162
mousemove button=0,shift=0,x=60,y=168
mousemove button=0,shift=0,x=58,y=179
mousemove button=0,shift=0,x=57,y=181
mousemove button=0,shift=0,x=57,y=183
mousemove button=0,shift=0,x=57,y=184
mousemove button=0,shift=0,x=56,y=186
mousemove button=0,shift=0,x=55,y=188
mousemove button=0,shift=0,x=54,y=190
mousemove button=0,shift=0,x=54,y=191
mousemove button=0,shift=0,x=53,y=194
mousemove button=0,shift=0,x=52,y=196
mousemove button=0,shift=0,x=52,y=196
mousemove button=0,shift=0,x=49,y=202
mousemove button=0,shift=0,x=48,y=204
mousemove button=0,shift=0,x=47,y=208
mousemove button=0,shift=0,x=46,y=210
mousemove button=0,shift=0,x=45,y=211
mousemove button=0,shift=0,x=45,y=213
mousemove button=0,shift=0,x=45,y=214
mousemove button=0,shift=0,x=45,y=214
mousemove button=0,shift=0,x=47,y=211
mousemove button=0,shift=0,x=49,y=209
mousemove button=0,shift=0,x=54,y=204
mousemove button=0,shift=0,x=59,y=198
mousemove button=0,shift=0,x=65,y=192
mousemove button=0,shift=0,x=70,y=186
mousemove button=0,shift=0,x=72,y=184
mousemove button=0,shift=0,x=77,y=180
mousemove button=0,shift=0,x=80,y=177
mousemove button=0,shift=0,x=84,y=174
mousemove button=0,shift=0,x=87,y=171
mousemove button=0,shift=0,x=91,y=168
mousemove button=0,shift=0,x=94,y=167
mousemove button=0,shift=0,x=96,y=165
mousemove button=0,shift=0,x=100,y=163
mousemove button=0,shift=0,x=107,y=157
mousemove button=0,shift=0,x=110,y=156
mousemove button=0,shift=0,x=115,y=152
mousemove button=0,shift=0,x=116,y=151
mousemove button=0,shift=0,x=119,y=150
mousemove button=0,shift=0,x=119,y=149
mousemove button=0,shift=0,x=121,y=149
mousemove button=0,shift=0,x=122,y=148
mousemove button=0,shift=0,x=123,y=148
mousemove button=0,shift=0,x=124,y=148
mousemove button=0,shift=0,x=125,y=148
mousemove button=0,shift=0,x=126,y=148
mousemove button=0,shift=0,x=127,y=148
mouseup button=2,shift=0,x=127,y=148
//TERATRON/N64/Beetle Adventure Racing (U) (!).n64
After:hwnd=1117952 umsg=70
WINDOWPOSCHANGING
After:hwnd=1117952 umsg=70
WINDOWPOSCHANGING
After:hwnd=1117952 umsg=70
WINDOWPOSCHANGING
After:hwnd=1117952 umsg=70
WINDOWPOSCHANGING
After:hwnd=1117952 umsg=70
WINDOWPOSCHANGING
After:hwnd=1117952 umsg=70
WINDOWPOSCHANGING
After:hwnd=1117952 umsg=70
WINDOWPOSCHANGING
After:hwnd=1117952 umsg=70
WINDOWPOSCHANGING
After:hwnd=1117952 umsg=70
WINDOWPOSCHANGING
After:hwnd=1117952 umsg=70
WINDOWPOSCHANGING
After:hwnd=1117952 umsg=70
WINDOWPOSCHANGING
After:hwnd=1117952 umsg=70
WINDOWPOSCHANGING
After:hwnd=1117952 umsg=70
WINDOWPOSCHANGING
After:hwnd=1117952 umsg=70
WINDOWPOSCHANGING
After:hwnd=1117952 umsg=70
WINDOWPOSCHANGING
After:hwnd=1117952 umsg=70
WINDOWPOSCHANGING
After:hwnd=1117952 umsg=70
WINDOWPOSCHANGING
After:hwnd=1117952 umsg=70
WINDOWPOSCHANGING
After:hwnd=1117952 umsg=70
WINDOWPOSCHANGING
After:hwnd=1117952 umsg=70
WINDOWPOSCHANGING
After:hwnd=1117952 umsg=70
WINDOWPOSCHANGING
After:hwnd=1117952 umsg=70
WINDOWPOSCHANGING
After:hwnd=1117952 umsg=70
WINDOWPOSCHANGING
After:hwnd=1117952 umsg=70
WINDOWPOSCHANGING
After:hwnd=1117952 umsg=70
WINDOWPOSCHANGING
After:hwnd=1117952 umsg=70
WINDOWPOSCHANGING
After:hwnd=1117952 umsg=70
WINDOWPOSCHANGING
After:hwnd=1117952 umsg=70
WINDOWPOSCHANGING
After:hwnd=1117952 umsg=70
WINDOWPOSCHANGING
After:hwnd=1117952 umsg=70
WINDOWPOSCHANGING
After:hwnd=1117952 umsg=70
WINDOWPOSCHANGING
After:hwnd=1117952 umsg=70
WINDOWPOSCHANGING
After:hwnd=1117952 umsg=70
WINDOWPOSCHANGING
After:hwnd=1117952 umsg=70
WINDOWPOSCHANGING
After:hwnd=1117952 umsg=70
WINDOWPOSCHANGING
After:hwnd=1117952 umsg=70
WINDOWPOSCHANGING
After:hwnd=1117952 umsg=70
WINDOWPOSCHANGING
After:hwnd=1117952 umsg=70
WINDOWPOSCHANGING
After:hwnd=1117952 umsg=70
WINDOWPOSCHANGING
After:hwnd=1117952 umsg=70
WINDOWPOSCHANGING
After:hwnd=1117952 umsg=70
WINDOWPOSCHANGING
After:hwnd=1117952 umsg=70
WINDOWPOSCHANGING
After:hwnd=1117952 umsg=70
WINDOWPOSCHANGING
After:hwnd=1117952 umsg=70
WINDOWPOSCHANGING
After:hwnd=1117952 umsg=70
WINDOWPOSCHANGING
After:hwnd=1117952 umsg=70
WINDOWPOSCHANGING
After:hwnd=1117952 umsg=70
WINDOWPOSCHANGING
After:hwnd=1117952 umsg=70
WINDOWPOSCHANGING
After:hwnd=1117952 umsg=70
WINDOWPOSCHANGING
After:hwnd=1117952 umsg=70
WINDOWPOSCHANGING
After:hwnd=1117952 umsg=70
WINDOWPOSCHANGING
After:hwnd=1117952 umsg=70
WINDOWPOSCHANGING
After:hwnd=1117952 umsg=70
WINDOWPOSCHANGING
After:hwnd=1117952 umsg=70
WINDOWPOSCHANGING
After:hwnd=1117952 umsg=70
WINDOWPOSCHANGING
After:hwnd=1117952 umsg=70
WINDOWPOSCHANGING
After:hwnd=1117952 umsg=70
WINDOWPOSCHANGING
After:hwnd=1117952 umsg=70
WINDOWPOSCHANGING
After:hwnd=1117952 umsg=70
WINDOWPOSCHANGING
After:hwnd=1117952 umsg=70
WINDOWPOSCHANGING
After:hwnd=1117952 umsg=70
WINDOWPOSCHANGING
After:hwnd=1117952 umsg=70
WINDOWPOSCHANGING
After:hwnd=1117952 umsg=70
WINDOWPOSCHANGING
After:hwnd=1117952 umsg=70
WINDOWPOSCHANGING
After:hwnd=1117952 umsg=70
WINDOWPOSCHANGING
After:hwnd=1117952 umsg=70
WINDOWPOSCHANGING
After:hwnd=1117952 umsg=70
WINDOWPOSCHANGING
After:hwnd=1117952 umsg=70
WINDOWPOSCHANGING
After:hwnd=1117952 umsg=70
WINDOWPOSCHANGING
After:hwnd=1117952 umsg=70
WINDOWPOSCHANGING
After:hwnd=1117952 umsg=70
WINDOWPOSCHANGING
After:hwnd=1117952 umsg=70
WINDOWPOSCHANGING
After:hwnd=1117952 umsg=70
WINDOWPOSCHANGING
After:hwnd=1117952 umsg=70
WINDOWPOSCHANGING
After:hwnd=1117952 umsg=70
WINDOWPOSCHANGING
After:hwnd=1117952 umsg=70
WINDOWPOSCHANGING
After:hwnd=1117952 umsg=70
WINDOWPOSCHANGING
After:hwnd=1117952 umsg=70
WINDOWPOSCHANGING
After:hwnd=1117952 umsg=70
WINDOWPOSCHANGING
After:hwnd=1117952 umsg=70
WINDOWPOSCHANGING
After:hwnd=1117952 umsg=70
WINDOWPOSCHANGING
After:hwnd=1117952 umsg=70
WINDOWPOSCHANGING
After:hwnd=1117952 umsg=70
WINDOWPOSCHANGING
After:hwnd=1117952 umsg=70
WINDOWPOSCHANGING
After:hwnd=1117952 umsg=70
WINDOWPOSCHANGING
After:hwnd=1117952 umsg=70
WINDOWPOSCHANGING
After:hwnd=1117952 umsg=70
WINDOWPOSCHANGING
After:hwnd=1117952 umsg=70
WINDOWPOSCHANGING
After:hwnd=1117952 umsg=70
WINDOWPOSCHANGING
After:hwnd=1117952 umsg=70
WINDOWPOSCHANGING
After:hwnd=1117952 umsg=70
WINDOWPOSCHANGING
After:hwnd=1117952 umsg=70
WINDOWPOSCHANGING
After:hwnd=1117952 umsg=70
WINDOWPOSCHANGING
After:hwnd=1117952 umsg=70
WINDOWPOSCHANGING
After:hwnd=1117952 umsg=70
WINDOWPOSCHANGING
After:hwnd=1117952 umsg=70
WINDOWPOSCHANGING
After:hwnd=1117952 umsg=70
WINDOWPOSCHANGING
After:hwnd=1117952 umsg=70
WINDOWPOSCHANGING
After:hwnd=1117952 umsg=70
WINDOWPOSCHANGING
After:hwnd=1117952 umsg=70
WINDOWPOSCHANGING
After:hwnd=1117952 umsg=70
WINDOWPOSCHANGING
After:hwnd=1117952 umsg=70
WINDOWPOSCHANGING
After:hwnd=1117952 umsg=70
WINDOWPOSCHANGING
After:hwnd=1117952 umsg=70
WINDOWPOSCHANGING
After:hwnd=1117952 umsg=70
WINDOWPOSCHANGING
After:hwnd=1117952 umsg=70
WINDOWPOSCHANGING
After:hwnd=1117952 umsg=70
WINDOWPOSCHANGING
After:hwnd=1117952 umsg=70
WINDOWPOSCHANGING
After:hwnd=1117952 umsg=70
WINDOWPOSCHANGING
After:hwnd=1117952 umsg=70
WINDOWPOSCHANGING
After:hwnd=1117952 umsg=70
WINDOWPOSCHANGING
After:hwnd=1117952 umsg=70
WINDOWPOSCHANGING
After:hwnd=1117952 umsg=70
WINDOWPOSCHANGING
After:hwnd=1117952 umsg=70
WINDOWPOSCHANGING
After:hwnd=1117952 umsg=70
WINDOWPOSCHANGING
After:hwnd=1117952 umsg=70
WINDOWPOSCHANGING
After:hwnd=1117952 umsg=70
WINDOWPOSCHANGING
After:hwnd=1117952 umsg=70
WINDOWPOSCHANGING
After:hwnd=1117952 umsg=70
WINDOWPOSCHANGING
After:hwnd=1117952 umsg=70
WINDOWPOSCHANGING
After:hwnd=1117952 umsg=70
WINDOWPOSCHANGING
After:hwnd=1117952 umsg=70
WINDOWPOSCHANGING
After:hwnd=1117952 umsg=70
WINDOWPOSCHANGING
After:hwnd=1117952 umsg=70
WINDOWPOSCHANGING
After:hwnd=1117952 umsg=70
WINDOWPOSCHANGING
After:hwnd=1117952 umsg=70
WINDOWPOSCHANGING
After:hwnd=1117952 umsg=70
WINDOWPOSCHANGING
After:hwnd=1117952 umsg=70
WINDOWPOSCHANGING
After:hwnd=1117952 umsg=70
WINDOWPOSCHANGING
After:hwnd=1117952 umsg=70
WINDOWPOSCHANGING
After:hwnd=1117952 umsg=70
WINDOWPOSCHANGING
After:hwnd=1117952 umsg=70
WINDOWPOSCHANGING
After:hwnd=1117952 umsg=70
WINDOWPOSCHANGING
After:hwnd=1117952 umsg=70
WINDOWPOSCHANGING
After:hwnd=1117952 umsg=70
WINDOWPOSCHANGING
After:hwnd=1117952 umsg=70
WINDOWPOSCHANGING
After:hwnd=1117952 umsg=70
WINDOWPOSCHANGING
After:hwnd=1117952 umsg=70
WINDOWPOSCHANGING
After:hwnd=1117952 umsg=70
WINDOWPOSCHANGING
After:hwnd=1117952 umsg=70
WINDOWPOSCHANGING
After:hwnd=1117952 umsg=70
WINDOWPOSCHANGING
After:hwnd=1117952 umsg=70
WINDOWPOSCHANGING
After:hwnd=1117952 umsg=70
WINDOWPOSCHANGING
After:hwnd=1117952 umsg=70
WINDOWPOSCHANGING
After:hwnd=1117952 umsg=70
WINDOWPOSCHANGING
After:hwnd=1117952 umsg=70
WINDOWPOSCHANGING
After:hwnd=1117952 umsg=70
WINDOWPOSCHANGING
After:hwnd=1117952 umsg=70
WINDOWPOSCHANGING
After:hwnd=1117952 umsg=70
WINDOWPOSCHANGING
After:hwnd=1117952 umsg=70
WINDOWPOSCHANGING
After:hwnd=1117952 umsg=70
WINDOWPOSCHANGING
After:hwnd=1117952 umsg=70
WINDOWPOSCHANGING
After:hwnd=1117952 umsg=70
WINDOWPOSCHANGING
After:hwnd=1117952 umsg=70
WINDOWPOSCHANGING
After:hwnd=1117952 umsg=70
WINDOWPOSCHANGING
After:hwnd=1117952 umsg=70
WINDOWPOSCHANGING
After:hwnd=1117952 umsg=70
WINDOWPOSCHANGING
After:hwnd=1117952 umsg=70
WINDOWPOSCHANGING
After:hwnd=1117952 umsg=70
WINDOWPOSCHANGING
After:hwnd=1117952 umsg=70
WINDOWPOSCHANGING
After:hwnd=1117952 umsg=70
WINDOWPOSCHANGING
After:hwnd=1117952 umsg=70
WINDOWPOSCHANGING
After:hwnd=1117952 umsg=70
WINDOWPOSCHANGING
After:hwnd=1117952 umsg=70
WINDOWPOSCHANGING
After:hwnd=1117952 umsg=70
WINDOWPOSCHANGING
After:hwnd=1117952 umsg=70
WINDOWPOSCHANGING
After:hwnd=1117952 umsg=70
WINDOWPOSCHANGING
After:hwnd=1117952 umsg=70
WINDOWPOSCHANGING
After:hwnd=1117952 umsg=70
WINDOWPOSCHANGING
After:hwnd=1117952 umsg=70
WINDOWPOSCHANGING
After:hwnd=1117952 umsg=70
WINDOWPOSCHANGING
After:hwnd=1117952 umsg=70
WINDOWPOSCHANGING
After:hwnd=1117952 umsg=70
WINDOWPOSCHANGING
After:hwnd=1117952 umsg=70
WINDOWPOSCHANGING
After:hwnd=1117952 umsg=70
WINDOWPOSCHANGING
After:hwnd=1117952 umsg=70
WINDOWPOSCHANGING
After:hwnd=1117952 umsg=70
WINDOWPOSCHANGING
After:hwnd=1117952 umsg=70
WINDOWPOSCHANGING
After:hwnd=1117952 umsg=70
WINDOWPOSCHANGING
After:hwnd=1117952 umsg=70
WINDOWPOSCHANGING
After:hwnd=1117952 umsg=70
WINDOWPOSCHANGING
After:hwnd=1117952 umsg=70
WINDOWPOSCHANGING
After:hwnd=1117952 umsg=70
WINDOWPOSCHANGING
After:hwnd=1117952 umsg=70
WINDOWPOSCHANGING
After:hwnd=1117952 umsg=70
WINDOWPOSCHANGING
After:hwnd=1117952 umsg=70
WINDOWPOSCHANGING
After:hwnd=1117952 umsg=70
WINDOWPOSCHANGING
After:hwnd=1117952 umsg=70
WINDOWPOSCHANGING
After:hwnd=1117952 umsg=70
WINDOWPOSCHANGING
After:hwnd=1117952 umsg=70
WINDOWPOSCHANGING
After:hwnd=1117952 umsg=70
WINDOWPOSCHANGING
After:hwnd=1117952 umsg=70
WINDOWPOSCHANGING
After:hwnd=1117952 umsg=70
WINDOWPOSCHANGING
After:hwnd=1117952 umsg=70
WINDOWPOSCHANGING
After:hwnd=1117952 umsg=70
WINDOWPOSCHANGING
After:hwnd=1117952 umsg=70
WINDOWPOSCHANGING
After:hwnd=1117952 umsg=70
WINDOWPOSCHANGING
After:hwnd=1117952 umsg=70
WINDOWPOSCHANGING
After:hwnd=1117952 umsg=70
WINDOWPOSCHANGING
After:hwnd=1117952 umsg=70
WINDOWPOSCHANGING
After:hwnd=1117952 umsg=70
WINDOWPOSCHANGING
After:hwnd=1117952 umsg=70
WINDOWPOSCHANGING
After:hwnd=1117952 umsg=70
WINDOWPOSCHANGING
After:hwnd=1117952 umsg=70
WINDOWPOSCHANGING
After:hwnd=1117952 umsg=70
WINDOWPOSCHANGING
After:hwnd=1117952 umsg=70
WINDOWPOSCHANGING
After:hwnd=1117952 umsg=70
WINDOWPOSCHANGING
After:hwnd=1117952 umsg=70
WINDOWPOSCHANGING
After:hwnd=1117952 umsg=70
WINDOWPOSCHANGING
After:hwnd=1117952 umsg=70
WINDOWPOSCHANGING
After:hwnd=1117952 umsg=70
WINDOWPOSCHANGING
After:hwnd=1117952 umsg=70
WINDOWPOSCHANGING
After:hwnd=1117952 umsg=70
WINDOWPOSCHANGING
After:hwnd=1117952 umsg=70
WINDOWPOSCHANGING
After:hwnd=1117952 umsg=70
WINDOWPOSCHANGING
After:hwnd=1117952 umsg=70
WINDOWPOSCHANGING
After:hwnd=1117952 umsg=70
WINDOWPOSCHANGING
After:hwnd=1117952 umsg=70
WINDOWPOSCHANGING
After:hwnd=1117952 umsg=70
WINDOWPOSCHANGING
After:hwnd=1117952 umsg=70
WINDOWPOSCHANGING
After:hwnd=1117952 umsg=70
WINDOWPOSCHANGING
After:hwnd=1117952 umsg=70
WINDOWPOSCHANGING
After:hwnd=1117952 umsg=70
WINDOWPOSCHANGING
After:hwnd=1117952 umsg=70
WINDOWPOSCHANGING
After:hwnd=1117952 umsg=70
WINDOWPOSCHANGING
After:hwnd=1117952 umsg=70
WINDOWPOSCHANGING
After:hwnd=1117952 umsg=70
WINDOWPOSCHANGING
After:hwnd=1117952 umsg=70
WINDOWPOSCHANGING
After:hwnd=1117952 umsg=70
WINDOWPOSCHANGING
After:hwnd=1117952 umsg=70
WINDOWPOSCHANGING
After:hwnd=1117952 umsg=70
WINDOWPOSCHANGING
After:hwnd=1117952 umsg=70
WINDOWPOSCHANGING
After:hwnd=1117952 umsg=70
WINDOWPOSCHANGING
After:hwnd=1117952 umsg=70
WINDOWPOSCHANGING
After:hwnd=1117952 umsg=70
WINDOWPOSCHANGING
After:hwnd=1117952 umsg=70
WINDOWPOSCHANGING
After:hwnd=1117952 umsg=70
WINDOWPOSCHANGING
After:hwnd=1117952 umsg=70
WINDOWPOSCHANGING
After:hwnd=1117952 umsg=70
WINDOWPOSCHANGING
After:hwnd=1117952 umsg=70
WINDOWPOSCHANGING
After:hwnd=1117952 umsg=70
WINDOWPOSCHANGING
After:hwnd=1117952 umsg=70
WINDOWPOSCHANGING
After:hwnd=1117952 umsg=70
WINDOWPOSCHANGING
After:hwnd=1117952 umsg=70
WINDOWPOSCHANGING
After:hwnd=1117952 umsg=70
WINDOWPOSCHANGING
After:hwnd=1117952 umsg=70
WINDOWPOSCHANGING
After:hwnd=1117952 umsg=70
WINDOWPOSCHANGING
After:hwnd=1117952 umsg=70
WINDOWPOSCHANGING
After:hwnd=1117952 umsg=70
WINDOWPOSCHANGING
After:hwnd=1117952 umsg=70
WINDOWPOSCHANGING
After:hwnd=1117952 umsg=70
WINDOWPOSCHANGING
After:hwnd=1117952 umsg=70
WINDOWPOSCHANGING
After:hwnd=1117952 umsg=70
WINDOWPOSCHANGING
After:hwnd=1117952 umsg=70
WINDOWPOSCHANGING
After:hwnd=1117952 umsg=70
WINDOWPOSCHANGING
After:hwnd=1117952 umsg=70
WINDOWPOSCHANGING
After:hwnd=1117952 umsg=70
WINDOWPOSCHANGING
After:hwnd=1117952 umsg=70
WINDOWPOSCHANGING
After:hwnd=1117952 umsg=70
WINDOWPOSCHANGING
After:hwnd=1117952 umsg=70
WINDOWPOSCHANGING
After:hwnd=1117952 umsg=70
WINDOWPOSCHANGING
After:hwnd=1117952 umsg=70
WINDOWPOSCHANGING
After:hwnd=1117952 umsg=70
WINDOWPOSCHANGING
After:hwnd=1117952 umsg=70
WINDOWPOSCHANGING
After:hwnd=1117952 umsg=70
WINDOWPOSCHANGING
After:hwnd=1117952 umsg=70
WINDOWPOSCHANGING
After:hwnd=1117952 umsg=70
WINDOWPOSCHANGING
After:hwnd=1117952 umsg=70
WINDOWPOSCHANGING
before show menu 978654721
Count of items is 14
ret=1
after show menu ID=5678
mousemove button=1,shift=0,x=418,y=60
mousemove button=0,shift=0,x=418,y=60
mousemove button=0,shift=0,x=418,y=60
mousemove button=0,shift=0,x=418,y=60
mousemove button=0,shift=0,x=418,y=60
mousemove button=0,shift=0,x=418,y=60
mousemove button=0,shift=0,x=418,y=60
mousemove button=0,shift=0,x=418,y=60
mousemove button=0,shift=0,x=418,y=60
mousemove button=0,shift=0,x=418,y=60
mousemove button=0,shift=0,x=418,y=60
mousemove button=0,shift=0,x=418,y=60
mousemove button=0,shift=0,x=418,y=60
mousemove button=0,shift=0,x=418,y=60
mousemove button=0,shift=0,x=418,y=60
mousemove button=0,shift=0,x=418,y=60
mousemove button=0,shift=0,x=418,y=60
mousemove button=0,shift=0,x=418,y=60
After:hwnd=1117952 umsg=70
WINDOWPOSCHANGING
After:hwnd=1117952 umsg=70
WINDOWPOSCHANGING
buttondropdown FILE;MENU::FILE
HandleControlEvent, ButtonDropDown
setting menuimagelist to 278747520
New Control Instance Obtained:1836914
HandleControlEvent, RequestNewInstance
BEFORESHOWMENU:FILE::SUBMENU
File::SUBMENU
beforeShowMenu end FILE::SUBMENU
HandleControlEvent, BeforeShowMenu
beforeshowmenu:FILE::SUBMENU
playing:C:\Users\BC_Programming\AppData\Roaming\BCSearch\Resource\Sound\SHOWMENU.WAV
HandleControlEvent, Resize
HandleControlEvent, Resize
HandleControlEvent, ButtonHighlight
HandleControlEvent, ButtonHighlight
HandleControlEvent, ButtonHighlight
HandleControlEvent, ButtonHighlight
HandleControlEvent, ButtonHighlight
HandleControlEvent, AfterShowMenu
Clicked: caption=&Exit key=FILE::EXIT TAG=FILE::EXIT
ButtonClick
Persisting Combo/List box- section = PersistProperties.cboLookin...
After:hwnd=1117952 umsg=70
WINDOWPOSCHANGING
