BASeCamp CDebug Class Debug Log output.
log at 12/31/2009 on TERATRON as BC_Programming at 11:32.25
################################################################################
System Info for this session:
Environment variables:

ALLUSERSPROFILE=C:\ProgramData
APPDATA=C:\Users\BC_Programming\AppData\Roaming
CG_BOOST_ROOT=C:\Program Files (x86)\CodeGear\RAD Studio\6.0\include\boost_1_35
CommonProgramFiles=C:\Program Files (x86)\Common Files
CommonProgramFiles(x86)=C:\Program Files (x86)\Common Files
CommonProgramW6432=C:\Program Files\Common Files
COMPUTERNAME=TERATRON
ComSpec=C:\Windows\system32\cmd.exe
FP_NO_HOST_CHECK=NO
HOMEDRIVE=C:
HOMEPATH=\Users\BC_Programming
LOCALAPPDATA=C:\Users\BC_Programming\AppData\Local
LOGONSERVER=\\TERATRON
NUMBER_OF_PROCESSORS=4
OPENSSL_CONF=C:\OpenSSL\bin\openssl.cfg
OS=Windows_NT
Path=C:\Python\Scripts;C:\Python\;C:\Program Files (x86)\CodeGear\RAD Studio\6.0\bin;C:\Users\Public\Documents\RAD Studio\6.0\Bpl;C:\Perl\site\bin;C:\Perl\bin;C:\Windows\system32;C:\Windows;C:\Windows\System32\Wbem;C:\Windows\System32\WindowsPowerShell\v1.0\;c:\Program Files (x86)\Microsoft SQL Server\90\Tools\binn\;C:\Program Files (x86)\Microsoft Visual Studio 9.0\VC\bin;C:\Program Files (x86)\Common Files\microsoft shared\MSENV;C:\Program Files (x86)\Common Files\microsoft shared\VSA\9.0\VsaEnv;C:\PROGRA~2\Borland\Delphi6\Bin;C:\PROGRA~2\Borland\Delphi6\Projects\Bpl;C:\Program Files (x86)\Common Files\Autodesk Shared\;C:\Program Files (x86)\backburner 2\;C:\Users\BC_Programming\AppData\Roaming\Python\Scripts;C:\Windows\system32;C:\Windows;C:\Windows\System32\Wbem;C:\Windows\System32\WindowsPowerShell\v1.0\;c:\Program Files (x86)\Microsoft SQL Server\90\Tools\binn\;C:\Program Files (x86)\Microsoft Visual Studio 9.0\VC\bin;C:\Program Files (x86)\Common Files\microsoft shared\MSENV;C:\Program Files (x86)\Common Fi
PATHEXT=.COM;.EXE;.BAT;.CMD;.VBS;.VBE;.JS;.JSE;.WSF;.WSH;.MSC;.py;.pyw
PROCESSOR_ARCHITECTURE=x86
PROCESSOR_ARCHITEW6432=AMD64
PROCESSOR_IDENTIFIER=Intel64 Family 6 Model 23 Stepping 7, GenuineIntel
PROCESSOR_LEVEL=6
PROCESSOR_REVISION=1707
ProgramData=C:\ProgramData
ProgramFiles=C:\Program Files (x86)
ProgramFiles(x86)=C:\Program Files (x86)
ProgramW6432=C:\Program Files
PUBLIC=C:\Users\Public
SystemDrive=C:
SystemRoot=C:\Windows
TEMP=C:\Users\BC_PRO~1\AppData\Local\Temp
TMP=C:\Users\BC_PRO~1\AppData\Local\Temp
USERDOMAIN=TERATRON
USERNAME=BC_Programming
USERPROFILE=C:\Users\BC_Programming
VS90COMNTOOLS=C:\Program Files (x86)\Microsoft Visual Studio 9.0\Common7\Tools\
windir=C:\Windows
__COMPAT_LAYER=RunAsAdmin RunAsAdmin 


################################################################################
***************BEGIN LOG*******************
After:hwnd=268052 umsg=70
WINDOWPOSCHANGING
After:hwnd=268052 umsg=70
WINDOWPOSCHANGING
After:hwnd=268052 umsg=70
WINDOWPOSCHANGING
XML load successful in CXMLLoader::LoadXML
optimal bitdepth is 32 bits.
unrecognized NodeName for commandbar load:SCRIPTS
unrecognized NodeName for commandbar load:
unrecognized NodeName for commandbar load:IMAGELIST
unrecognized NodeName for commandbar load:IMAGELIST
DefClick=C:\Users\BC_Programming\AppData\Roaming\BCSearch\Resource\Sound\CLICK.WAV
Click=C:\Users\BC_Programming\AppData\Roaming\BCSearch\Resource\Sound\CLICK.WAV
picindex=8
Click=C:\Users\BC_Programming\AppData\Roaming\BCSearch\Resource\Sound\CLICK.WAV
picindex=13
Click=C:\Users\BC_Programming\AppData\Roaming\BCSearch\Resource\Sound\CLICK.WAV
picindex=-1
Click=C:\Users\BC_Programming\AppData\Roaming\BCSearch\Resource\Sound\CLICK.WAV
picindex=15
Click=C:\Users\BC_Programming\AppData\Roaming\BCSearch\Resource\Sound\CLICK.WAV
picindex=14
Click=C:\Users\BC_Programming\AppData\Roaming\BCSearch\Resource\Sound\CLICK.WAV
picindex=16
Click=C:\Users\BC_Programming\AppData\Roaming\BCSearch\Resource\Sound\CLICK.WAV
picindex=13
Click=C:\Users\BC_Programming\AppData\Roaming\BCSearch\Resource\Sound\CLICK.WAV
picindex=-1
Click=C:\Users\BC_Programming\AppData\Roaming\BCSearch\Resource\Sound\CLICK.WAV
picindex=17
Click=C:\Users\BC_Programming\AppData\Roaming\BCSearch\Resource\Sound\CLICK.WAV
picindex=11
Click=C:\Users\BC_Programming\AppData\Roaming\BCSearch\Resource\Sound\CLICK.WAV
picindex=18
Click=C:\Users\BC_Programming\AppData\Roaming\BCSearch\Resource\Sound\CLICK.WAV
picindex=25
Click=C:\Users\BC_Programming\AppData\Roaming\BCSearch\Resource\Sound\CLICK.WAV
picindex=17
Click=C:\Users\BC_Programming\AppData\Roaming\BCSearch\Resource\Sound\CLICK.WAV
picindex=26
Click=C:\Users\BC_Programming\AppData\Roaming\BCSearch\Resource\Sound\CLICK.WAV
picindex=27
Click=C:\Users\BC_Programming\AppData\Roaming\BCSearch\Resource\Sound\CLICK.WAV
picindex=28
Click=C:\Users\BC_Programming\AppData\Roaming\BCSearch\Resource\Sound\CLICK.WAV
picindex=29
Click=C:\Users\BC_Programming\AppData\Roaming\BCSearch\Resource\Sound\CLICK.WAV
picindex=8
Click=C:\Users\BC_Programming\AppData\Roaming\BCSearch\Resource\Sound\CLICK.WAV
picindex=-1
HandleControlEvent, Resize
DefClick=C:\Users\BC_Programming\AppData\Roaming\BCSearch\Resource\Sound\CLICK.WAV
Click=C:\Users\BC_Programming\AppData\Roaming\BCSearch\Resource\Sound\CLICK.WAV
picindex=18
Click=C:\Users\BC_Programming\AppData\Roaming\BCSearch\Resource\Sound\CLICK.WAV
picindex=20
Click=C:\Users\BC_Programming\AppData\Roaming\BCSearch\Resource\Sound\CLICK.WAV
picindex=-1
Click=C:\Users\BC_Programming\AppData\Roaming\BCSearch\Resource\Sound\CLICK.WAV
picindex=7
Click=C:\Users\BC_Programming\AppData\Roaming\BCSearch\Resource\Sound\CLICK.WAV
picindex=-1
DefClick=C:\Users\BC_Programming\AppData\Roaming\BCSearch\Resource\Sound\CLICK.WAV
Click=C:\Users\BC_Programming\AppData\Roaming\BCSearch\Resource\Sound\CLICK.WAV
picindex=5
Click=C:\Users\BC_Programming\AppData\Roaming\BCSearch\Resource\Sound\CLICK.WAV
picindex=6
Click=C:\Users\BC_Programming\AppData\Roaming\BCSearch\Resource\Sound\CLICK.WAV
picindex=-1
Click=C:\Users\BC_Programming\AppData\Roaming\BCSearch\Resource\Sound\CLICK.WAV
picindex=-1
Click=C:\Users\BC_Programming\AppData\Roaming\BCSearch\Resource\Sound\CLICK.WAV
picindex=-1
Click=C:\Users\BC_Programming\AppData\Roaming\BCSearch\Resource\Sound\CLICK.WAV
picindex=-1
Click=C:\Users\BC_Programming\AppData\Roaming\BCSearch\Resource\Sound\CLICK.WAV
picindex=-1
Click=C:\Users\BC_Programming\AppData\Roaming\BCSearch\Resource\Sound\CLICK.WAV
picindex=-1
Click=C:\Users\BC_Programming\AppData\Roaming\BCSearch\Resource\Sound\CLICK.WAV
picindex=-1
DefClick=
Click=
picindex=2
Click=
picindex=-1
Click=
picindex=-1
DefClick=C:\Users\BC_Programming\AppData\Roaming\BCSearch\Resource\Sound\CLICK.WAV
Click=C:\Users\BC_Programming\AppData\Roaming\BCSearch\Resource\Sound\CLICK.WAV
picindex=-1
Click=C:\Users\BC_Programming\AppData\Roaming\BCSearch\Resource\Sound\CLICK.WAV
picindex=-1
Click=C:\Users\BC_Programming\AppData\Roaming\BCSearch\Resource\Sound\CLICK.WAV
picindex=1
Click=C:\Users\BC_Programming\AppData\Roaming\BCSearch\Resource\Sound\CLICK.WAV
picindex=-1
Click=C:\Users\BC_Programming\AppData\Roaming\BCSearch\Resource\Sound\CLICK.WAV
picindex=-1
Click=C:\Users\BC_Programming\AppData\Roaming\BCSearch\Resource\Sound\CLICK.WAV
picindex=-1
Click=C:\Users\BC_Programming\AppData\Roaming\BCSearch\Resource\Sound\CLICK.WAV
picindex=-1
Click=C:\Users\BC_Programming\AppData\Roaming\BCSearch\Resource\Sound\CLICK.WAV
picindex=-1
Click=C:\Users\BC_Programming\AppData\Roaming\BCSearch\Resource\Sound\CLICK.WAV
picindex=-1
Click=C:\Users\BC_Programming\AppData\Roaming\BCSearch\Resource\Sound\CLICK.WAV
picindex=11
Click=C:\Users\BC_Programming\AppData\Roaming\BCSearch\Resource\Sound\CLICK.WAV
picindex=12
Click=C:\Users\BC_Programming\AppData\Roaming\BCSearch\Resource\Sound\CLICK.WAV
picindex=-1
Click=C:\Users\BC_Programming\AppData\Roaming\BCSearch\Resource\Sound\CLICK.WAV
picindex=-1
Click=C:\Users\BC_Programming\AppData\Roaming\BCSearch\Resource\Sound\CLICK.WAV
picindex=10
Click=C:\Users\BC_Programming\AppData\Roaming\BCSearch\Resource\Sound\CLICK.WAV
picindex=9
HandleControlEvent, Resize
unrecognized NodeName for commandbar load:TOOLBAR
setting toolbarimagelist(1)...
setting toolbarimagelist(2)...
After:hwnd=268052 umsg=36
After:hwnd=268052 umsg=70
WINDOWPOSCHANGING
HandleControlEvent, Resize
HandleControlEvent, Resize
After:hwnd=268052 umsg=36
After:hwnd=268052 umsg=70
WINDOWPOSCHANGING
Loading Combo/List box- section = PersistProperties.cboLookin...
Clicked: caption=&Add... key=FILTERS::ADD TAG=FILTERS::ADD
ButtonClick
1
Loading Combo/List box- section = PersistProperties.cboFilter...
After:hwnd=268052 umsg=70
WINDOWPOSCHANGING
After:hwnd=268052 umsg=70
WINDOWPOSCHANGING

HandleControlEvent, ButtonClick
playing:C:\Users\BC_Programming\AppData\Roaming\BCSearch\Resource\Sound\CLICK.WAV
Persisting Combo/List box- section = PersistProperties.cboSizesuffix.1...
Persisting Combo/List box- section = PersistProperties.cboSizesuffix.0...
Persisting Combo/List box- section = PersistProperties.cboOperation...
Persisting Combo/List box- section = PersistProperties.cboFilter...
Persisting Combo/List box- section = PersistProperties.cboADSThanMultiplier.1...
Persisting Combo/List box- section = PersistProperties.cboADSThanMultiplier.0...
After:hwnd=268052 umsg=70
WINDOWPOSCHANGING
After:hwnd=268052 umsg=70
WINDOWPOSCHANGING
mousemove button=1,shift=0,x=608,y=137
mousemove button=0,shift=0,x=608,y=137
mousemove button=0,shift=0,x=577,y=121
mousemove button=0,shift=0,x=563,y=111
mousemove button=0,shift=0,x=553,y=104
mousemove button=0,shift=0,x=546,y=99
mousemove button=0,shift=0,x=528,y=87
mousemove button=0,shift=0,x=521,y=82
mousemove button=0,shift=0,x=514,y=78
mousemove button=0,shift=0,x=510,y=72
mousemove button=0,shift=0,x=502,y=65
mousemove button=0,shift=0,x=495,y=56
mousemove button=0,shift=0,x=488,y=49
mousemove button=0,shift=0,x=478,y=39
mousemove button=0,shift=0,x=471,y=30
Clicked: caption=&Add... key=FILTERS::ADD TAG=FILTERS::ADD
ButtonClick
1
Loading Combo/List box- section = PersistProperties.cboFilter...
After:hwnd=268052 umsg=70
WINDOWPOSCHANGING
After:hwnd=268052 umsg=70
WINDOWPOSCHANGING

HandleControlEvent, ButtonClick
playing:C:\Users\BC_Programming\AppData\Roaming\BCSearch\Resource\Sound\CLICK.WAV
not duplicating List item.
not duplicating List item.
not duplicating List item.
Change
Change
Change
Change
Change
Change
Change
Change
0
0
not duplicating List item.
not duplicating List item.
not duplicating List item.
not duplicating List item.
not duplicating List item.
not duplicating List item.
not duplicating List item.
not duplicating List item.
not duplicating List item.
not duplicating List item.
not duplicating List item.
not duplicating List item.
not duplicating List item.
not duplicating List item.
not duplicating List item.
not duplicating List item.
not duplicating List item.
not duplicating List item.
not duplicating List item.
not duplicating List item.
not duplicating List item.
not duplicating List item.
not duplicating List item.
not duplicating List item.
not duplicating List item.
2
3
4
5
1
Change
Change
Change
Change
Change
Change
Change
Change
0
0
Change
Change
Change
Change
Change
Change
Change
Change
0
0
Persisting Combo/List box- section = PersistProperties.cboSizesuffix.1...
Persisting Combo/List box- section = PersistProperties.cboSizesuffix.0...
Persisting Combo/List box- section = PersistProperties.cboOperation...
Persisting Combo/List box- section = PersistProperties.cboFilter...
Persisting Combo/List box- section = PersistProperties.cboADSThanMultiplier.1...
Persisting Combo/List box- section = PersistProperties.cboADSThanMultiplier.0...
After:hwnd=268052 umsg=70
WINDOWPOSCHANGING
After:hwnd=268052 umsg=70
WINDOWPOSCHANGING
mousemove button=1,shift=0,x=803,y=100
mousemove button=0,shift=0,x=775,y=69
mousemove button=0,shift=0,x=752,y=38
not duplicating List item.
optimal bitdepth is 32 bits.
HandleControlEvent, Resize
mousemove button=0,shift=0,x=251,y=24
mousemove button=0,shift=0,x=234,y=47
mousemove button=0,shift=0,x=212,y=72
mousemove button=0,shift=0,x=169,y=115
mousemove button=0,shift=0,x=162,y=122
mousemove button=0,shift=0,x=150,y=133
mousemove button=0,shift=0,x=141,y=141
mousemove button=0,shift=0,x=117,y=163
mousemove button=0,shift=0,x=111,y=168
mousemove button=0,shift=0,x=97,y=181
mousemove button=0,shift=0,x=91,y=185
mousemove button=0,shift=0,x=85,y=189
mousemove button=0,shift=0,x=81,y=191
mousemove button=0,shift=0,x=73,y=197
mousemove button=0,shift=0,x=67,y=201
mousemove button=0,shift=0,x=62,y=206
mousemove button=0,shift=0,x=59,y=209
mousemove button=0,shift=0,x=55,y=212
mousemove button=0,shift=0,x=54,y=213
mousemove button=0,shift=0,x=52,y=214
mousemove button=0,shift=0,x=52,y=215
mousemove button=0,shift=0,x=51,y=215
mousemove button=0,shift=0,x=50,y=216
mousemove button=0,shift=0,x=49,y=220
mousemove button=0,shift=0,x=49,y=222
mousemove button=0,shift=0,x=48,y=225
mousemove button=0,shift=0,x=47,y=228
mousemove button=0,shift=0,x=46,y=230
mousemove button=0,shift=0,x=46,y=233
mousemove button=0,shift=0,x=46,y=234
mousemove button=0,shift=0,x=46,y=235
mousemove button=0,shift=0,x=45,y=235
mousemove button=0,shift=0,x=45,y=236
mousemove button=0,shift=0,x=43,y=236
mousemove button=0,shift=0,x=43,y=237
mousemove button=0,shift=0,x=42,y=237
mousemove button=0,shift=0,x=42,y=237
mousemove button=0,shift=0,x=42,y=237
mouseup button=1,shift=0,x=42,y=237
D:\clipout.pl
mousemove button=1,shift=0,x=42,y=237
mousemove button=0,shift=0,x=42,y=237
mousemove button=0,shift=0,x=42,y=237
mouseup button=2,shift=0,x=42,y=237
D:\clipout.pl
before show menu 977993941
Count of items is 16
ret=1
after show menu ID=133
After:hwnd=268052 umsg=70
WINDOWPOSCHANGING
mousemove button=0,shift=0,x=542,y=28
mousemove button=0,shift=0,x=523,y=33
mousemove button=0,shift=0,x=472,y=45
mousemove button=0,shift=0,x=467,y=46
mousemove button=0,shift=0,x=459,y=47
mousemove button=0,shift=0,x=453,y=48
mousemove button=0,shift=0,x=452,y=47
mousemove button=0,shift=0,x=452,y=48
mousemove button=0,shift=0,x=451,y=48
mousemove button=0,shift=0,x=446,y=49
mousemove button=0,shift=0,x=441,y=51
mousemove button=0,shift=0,x=426,y=59
mousemove button=0,shift=0,x=392,y=80
mousemove button=0,shift=0,x=344,y=103
mousemove button=0,shift=0,x=280,y=135
mousemove button=0,shift=0,x=219,y=167
mousemove button=0,shift=0,x=164,y=194
mousemove button=0,shift=0,x=135,y=209
mousemove button=0,shift=0,x=9,y=275
mousemove button=0,shift=0,x=3,y=274
mousemove button=0,shift=0,x=10,y=266
mousemove button=0,shift=0,x=18,y=261
mousemove button=0,shift=0,x=26,y=256
mousemove button=0,shift=0,x=31,y=254
mousemove button=0,shift=0,x=31,y=254
mousemove button=0,shift=0,x=36,y=251
mousemove button=0,shift=0,x=40,y=248
mousemove button=0,shift=0,x=41,y=248
mousemove button=0,shift=0,x=45,y=246
mousemove button=0,shift=0,x=46,y=245
mousemove button=0,shift=0,x=50,y=242
mousemove button=0,shift=0,x=52,y=242
mousemove button=0,shift=0,x=53,y=242
mousemove button=0,shift=0,x=54,y=241
mousemove button=0,shift=0,x=55,y=241
mousemove button=0,shift=0,x=56,y=241
mouseup button=1,shift=0,x=56,y=241
D:\clipout.pl
mousemove button=1,shift=0,x=56,y=241
mousemove button=1,shift=0,x=56,y=241
mousemove button=1,shift=0,x=56,y=241
mousemove button=0,shift=0,x=56,y=241
mousemove button=0,shift=0,x=56,y=241
After:hwnd=268052 umsg=70
WINDOWPOSCHANGING
mousemove button=0,shift=0,x=56,y=241
mousemove button=0,shift=0,x=56,y=239
mousemove button=0,shift=0,x=58,y=221
mousemove button=0,shift=0,x=60,y=159
mousemove button=0,shift=0,x=58,y=131
mousemove button=0,shift=0,x=52,y=86
mousemove button=0,shift=0,x=47,y=44
mousemove button=0,shift=0,x=66,y=34
mousemove button=0,shift=0,x=65,y=40
mousemove button=0,shift=0,x=64,y=43
mousemove button=0,shift=0,x=63,y=47
mousemove button=0,shift=0,x=63,y=50
mousemove button=0,shift=0,x=63,y=53
mousemove button=0,shift=0,x=63,y=55
mousemove button=0,shift=0,x=63,y=59
mousemove button=0,shift=0,x=63,y=62
mousemove button=0,shift=0,x=63,y=68
mousemove button=0,shift=0,x=64,y=71
mousemove button=0,shift=0,x=67,y=81
mousemove button=0,shift=0,x=71,y=100
mousemove button=0,shift=0,x=74,y=108
mousemove button=0,shift=0,x=78,y=119
mousemove button=0,shift=0,x=81,y=131
mousemove button=0,shift=0,x=85,y=141
mousemove button=0,shift=0,x=88,y=148
mousemove button=0,shift=0,x=91,y=155
mousemove button=0,shift=0,x=93,y=161
mousemove button=0,shift=0,x=93,y=162
mousemove button=0,shift=0,x=95,y=174
mousemove button=0,shift=0,x=95,y=178
mousemove button=0,shift=0,x=93,y=190
mousemove button=0,shift=0,x=93,y=195
mousemove button=0,shift=0,x=92,y=198
mousemove button=0,shift=0,x=90,y=201
mousemove button=0,shift=0,x=89,y=202
mousemove button=0,shift=0,x=88,y=202
mousemove button=0,shift=0,x=85,y=201
mousemove button=0,shift=0,x=84,y=200
mousemove button=0,shift=0,x=83,y=200
mousemove button=0,shift=0,x=82,y=198
mousemove button=0,shift=0,x=82,y=197
mousemove button=0,shift=0,x=82,y=198
mousemove button=0,shift=0,x=84,y=200
mousemove button=0,shift=0,x=84,y=199
mousemove button=0,shift=0,x=84,y=199
mousemove button=0,shift=0,x=84,y=199
mousemove button=0,shift=0,x=84,y=201
mousemove button=0,shift=0,x=84,y=202
mousemove button=0,shift=0,x=81,y=203
mousemove button=0,shift=0,x=81,y=204
mousemove button=0,shift=0,x=80,y=204
mousemove button=0,shift=0,x=79,y=204
mousemove button=0,shift=0,x=78,y=205
mousemove button=0,shift=0,x=75,y=206
mousemove button=0,shift=0,x=72,y=208
mousemove button=0,shift=0,x=71,y=209
mousemove button=0,shift=0,x=68,y=210
mousemove button=0,shift=0,x=62,y=214
mousemove button=0,shift=0,x=60,y=216
mousemove button=0,shift=0,x=59,y=217
mousemove button=0,shift=0,x=58,y=218
mousemove button=0,shift=0,x=58,y=219
mousemove button=0,shift=0,x=58,y=220
mousemove button=0,shift=0,x=58,y=221
mousemove button=0,shift=0,x=58,y=223
mousemove button=0,shift=0,x=57,y=224
mousemove button=0,shift=0,x=57,y=225
mousemove button=0,shift=0,x=57,y=227
mousemove button=0,shift=0,x=57,y=228
mousemove button=0,shift=0,x=57,y=230
mousemove button=0,shift=0,x=57,y=231
mousemove button=0,shift=0,x=57,y=233
mousemove button=0,shift=0,x=57,y=235
mousemove button=0,shift=0,x=57,y=238
mousemove button=0,shift=0,x=57,y=240
mousemove button=0,shift=0,x=57,y=241
mousemove button=0,shift=0,x=57,y=242
mousemove button=0,shift=0,x=57,y=243
mousemove button=0,shift=0,x=57,y=242
mousemove button=0,shift=0,x=57,y=241
mousemove button=0,shift=0,x=58,y=241
mousemove button=0,shift=0,x=58,y=240
mousemove button=0,shift=0,x=58,y=238
mousemove button=0,shift=0,x=57,y=237
mousemove button=0,shift=0,x=57,y=235
mousemove button=0,shift=0,x=57,y=233
mousemove button=0,shift=0,x=56,y=232
mousemove button=0,shift=0,x=55,y=228
mousemove button=0,shift=0,x=55,y=228
mousemove button=0,shift=0,x=55,y=228
mousemove button=0,shift=0,x=55,y=227
mousemove button=0,shift=0,x=54,y=227
mousemove button=0,shift=0,x=52,y=228
mousemove button=0,shift=0,x=46,y=231
mousemove button=0,shift=0,x=43,y=233
mousemove button=0,shift=0,x=41,y=236
mousemove button=0,shift=0,x=39,y=240
mousemove button=0,shift=0,x=36,y=247
mousemove button=0,shift=0,x=35,y=253
mousemove button=0,shift=0,x=35,y=253
mousemove button=0,shift=0,x=35,y=253
mousemove button=0,shift=0,x=34,y=257
mousemove button=0,shift=0,x=33,y=266
mousemove button=0,shift=0,x=33,y=269
mousemove button=0,shift=0,x=33,y=272
mousemove button=0,shift=0,x=33,y=275
mousemove button=0,shift=0,x=34,y=278
mousemove button=0,shift=0,x=35,y=283
mousemove button=0,shift=0,x=36,y=286
mousemove button=0,shift=0,x=36,y=294
mousemove button=0,shift=0,x=36,y=299
mousemove button=0,shift=0,x=36,y=303
mousemove button=0,shift=0,x=35,y=308
mousemove button=0,shift=0,x=34,y=311
mousemove button=0,shift=0,x=34,y=313
mousemove button=0,shift=0,x=33,y=316
mousemove button=0,shift=0,x=33,y=317
mousemove button=0,shift=0,x=33,y=318
mousemove button=0,shift=0,x=32,y=319
mousemove button=0,shift=0,x=33,y=319
mousemove button=0,shift=0,x=30,y=319
mousemove button=0,shift=0,x=34,y=321
mousemove button=0,shift=0,x=33,y=321
mousemove button=0,shift=0,x=32,y=321
mousemove button=0,shift=0,x=37,y=319
mousemove button=0,shift=0,x=39,y=317
mousemove button=0,shift=0,x=40,y=317
mousemove button=0,shift=0,x=43,y=315
mousemove button=0,shift=0,x=45,y=315
mousemove button=0,shift=0,x=46,y=314
mousemove button=0,shift=0,x=47,y=313
mousemove button=0,shift=0,x=48,y=313
mousemove button=0,shift=0,x=48,y=313
mousemove button=0,shift=0,x=48,y=313
mousemove button=0,shift=0,x=49,y=311
mousemove button=0,shift=0,x=53,y=304
mousemove button=0,shift=0,x=68,y=278
mousemove button=0,shift=0,x=82,y=241
mousemove button=0,shift=0,x=93,y=206
mousemove button=0,shift=0,x=106,y=168
mousemove button=0,shift=0,x=127,y=100
mousemove button=0,shift=0,x=139,y=36
mousemove button=0,shift=0,x=190,y=41
mousemove button=0,shift=0,x=234,y=80
mousemove button=0,shift=0,x=254,y=88
mousemove button=0,shift=0,x=309,y=109
mousemove button=0,shift=0,x=336,y=115
mousemove button=0,shift=0,x=373,y=122
mousemove button=0,shift=0,x=406,y=124
mousemove button=0,shift=0,x=444,y=126
mousemove button=0,shift=0,x=490,y=126
mousemove button=0,shift=0,x=589,y=117
mousemove button=0,shift=0,x=620,y=113
mousemove button=0,shift=0,x=620,y=113
mousemove button=0,shift=0,x=651,y=107
mousemove button=0,shift=0,x=671,y=101
mousemove button=0,shift=0,x=685,y=96
mousemove button=0,shift=0,x=692,y=93
mousemove button=0,shift=0,x=703,y=89
mousemove button=0,shift=0,x=714,y=85
mousemove button=0,shift=0,x=726,y=81
mousemove button=0,shift=0,x=757,y=75
mousemove button=0,shift=0,x=765,y=75
mousemove button=0,shift=0,x=775,y=75
mousemove button=0,shift=0,x=785,y=76
mousemove button=0,shift=0,x=795,y=77
mousemove button=0,shift=0,x=803,y=78
mousemove button=1,shift=0,x=797,y=97
mousemove button=0,shift=0,x=797,y=96
mousemove button=0,shift=0,x=797,y=90
mousemove button=0,shift=0,x=794,y=88
mousemove button=0,shift=0,x=792,y=86
mousemove button=0,shift=0,x=787,y=83
mousemove button=0,shift=0,x=783,y=82
mousemove button=0,shift=0,x=776,y=80
mousemove button=0,shift=0,x=768,y=78
mousemove button=0,shift=0,x=744,y=71
mousemove button=0,shift=0,x=733,y=69
mousemove button=0,shift=0,x=724,y=67
mousemove button=0,shift=0,x=718,y=66
mousemove button=0,shift=0,x=708,y=63
mousemove button=0,shift=0,x=689,y=58
mousemove button=0,shift=0,x=682,y=57
mousemove button=0,shift=0,x=674,y=54
mousemove button=0,shift=0,x=669,y=53
mousemove button=0,shift=0,x=666,y=52
mousemove button=0,shift=0,x=664,y=51
mousemove button=0,shift=0,x=661,y=50
mousemove button=0,shift=0,x=659,y=50
mousemove button=0,shift=0,x=656,y=49
mousemove button=0,shift=0,x=655,y=49
mousemove button=0,shift=0,x=653,y=49
mousemove button=0,shift=0,x=651,y=48
mousemove button=0,shift=0,x=649,y=48
mousemove button=0,shift=0,x=647,y=47
mousemove button=0,shift=0,x=640,y=45
mousemove button=0,shift=0,x=637,y=45
mousemove button=0,shift=0,x=634,y=44
mousemove button=0,shift=0,x=632,y=44
mousemove button=0,shift=0,x=629,y=42
mousemove button=0,shift=0,x=628,y=42
mousemove button=0,shift=0,x=627,y=42
mousemove button=0,shift=0,x=625,y=41
mousemove button=0,shift=0,x=624,y=40
mousemove button=0,shift=0,x=623,y=38
mousemove button=0,shift=0,x=621,y=37
mousemove button=0,shift=0,x=620,y=36
mousemove button=0,shift=0,x=619,y=35
mousemove button=0,shift=0,x=618,y=34
mousemove button=0,shift=0,x=617,y=33
mousemove button=0,shift=0,x=615,y=31
mousemove button=0,shift=0,x=614,y=29
mousemove button=0,shift=0,x=614,y=28
mousemove button=0,shift=0,x=613,y=27
mousemove button=0,shift=0,x=613,y=25
mousemove button=0,shift=0,x=612,y=25
mousemove button=0,shift=0,x=612,y=24
mousemove button=0,shift=0,x=612,y=24
mousemove button=1,shift=0,x=432,y=25
mousemove button=0,shift=0,x=422,y=27
mousemove button=0,shift=0,x=411,y=30
mousemove button=0,shift=0,x=387,y=33
mousemove button=0,shift=0,x=375,y=34
mousemove button=0,shift=0,x=363,y=35
mousemove button=0,shift=0,x=349,y=35
mousemove button=0,shift=0,x=313,y=38
mousemove button=0,shift=0,x=300,y=38
mousemove button=0,shift=0,x=285,y=38
mousemove button=0,shift=0,x=273,y=38
mousemove button=0,shift=0,x=263,y=38
mousemove button=0,shift=0,x=251,y=38
mousemove button=0,shift=0,x=246,y=37
mousemove button=0,shift=0,x=226,y=37
mousemove button=0,shift=0,x=221,y=37
mousemove button=0,shift=0,x=216,y=36
mousemove button=0,shift=0,x=212,y=35
mousemove button=0,shift=0,x=209,y=35
mousemove button=0,shift=0,x=207,y=35
mousemove button=0,shift=0,x=204,y=34
mousemove button=0,shift=0,x=201,y=34
mousemove button=0,shift=0,x=200,y=34
mousemove button=0,shift=0,x=197,y=33
mousemove button=0,shift=0,x=195,y=33
mousemove button=0,shift=0,x=193,y=32
mousemove button=0,shift=0,x=192,y=32
mousemove button=0,shift=0,x=192,y=31
mousemove button=0,shift=0,x=190,y=31
mousemove button=0,shift=0,x=183,y=31
mousemove button=0,shift=0,x=180,y=31
mousemove button=0,shift=0,x=176,y=31
mousemove button=0,shift=0,x=173,y=31
mousemove button=0,shift=0,x=172,y=31
mousemove button=0,shift=0,x=169,y=31
mousemove button=0,shift=0,x=167,y=30
mousemove button=0,shift=0,x=166,y=30
mousemove button=0,shift=0,x=168,y=30
mousemove button=0,shift=0,x=171,y=30
mousemove button=0,shift=0,x=174,y=30
mousemove button=0,shift=0,x=181,y=32
mousemove button=0,shift=0,x=189,y=34
mousemove button=0,shift=0,x=200,y=35
mousemove button=0,shift=0,x=213,y=35
mousemove button=0,shift=0,x=227,y=37
mousemove button=0,shift=0,x=269,y=40
mousemove button=0,shift=0,x=294,y=40
mousemove button=0,shift=0,x=319,y=41
mousemove button=0,shift=0,x=347,y=43
mousemove button=0,shift=0,x=382,y=44
mousemove button=0,shift=0,x=416,y=46
mousemove button=0,shift=0,x=439,y=49
mousemove button=0,shift=0,x=477,y=51
mousemove button=0,shift=0,x=519,y=54
mousemove button=0,shift=0,x=566,y=58
mousemove button=0,shift=0,x=607,y=60
mousemove button=0,shift=0,x=646,y=63
mousemove button=0,shift=0,x=778,y=73
mousemove button=0,shift=0,x=796,y=74
mousemove button=0,shift=0,x=805,y=74
mousemove button=1,shift=0,x=803,y=26
mousemove button=0,shift=0,x=792,y=28
mousemove button=0,shift=0,x=780,y=31
mousemove button=0,shift=0,x=766,y=36
mousemove button=0,shift=0,x=748,y=40
mousemove button=0,shift=0,x=727,y=44
mousemove button=0,shift=0,x=702,y=50
mousemove button=0,shift=0,x=679,y=55
mousemove button=0,shift=0,x=602,y=65
mousemove button=0,shift=0,x=577,y=67
mousemove button=0,shift=0,x=546,y=70
mousemove button=0,shift=0,x=485,y=76
mousemove button=0,shift=0,x=463,y=78
mousemove button=0,shift=0,x=403,y=78
mousemove button=0,shift=0,x=384,y=78
mousemove button=0,shift=0,x=371,y=76
mousemove button=0,shift=0,x=357,y=76
mousemove button=0,shift=0,x=344,y=75
mousemove button=0,shift=0,x=333,y=75
mousemove button=0,shift=0,x=324,y=74
mousemove button=0,shift=0,x=316,y=74
mousemove button=0,shift=0,x=312,y=74
mousemove button=0,shift=0,x=305,y=73
mousemove button=0,shift=0,x=293,y=72
mousemove button=0,shift=0,x=290,y=72
mousemove button=0,shift=0,x=285,y=71
mousemove button=0,shift=0,x=282,y=71
mousemove button=0,shift=0,x=279,y=71
mousemove button=0,shift=0,x=277,y=71
mousemove button=0,shift=0,x=277,y=70
mousemove button=0,shift=0,x=276,y=70
mousemove button=0,shift=0,x=274,y=70
mousemove button=0,shift=0,x=273,y=70
mousemove button=0,shift=0,x=273,y=69
mousemove button=0,shift=0,x=272,y=69
mousemove button=0,shift=0,x=271,y=69
mousemove button=0,shift=0,x=270,y=69
mousemove button=0,shift=0,x=268,y=68
mousemove button=0,shift=0,x=264,y=68
mousemove button=0,shift=0,x=261,y=66
mousemove button=0,shift=0,x=255,y=64
mousemove button=0,shift=0,x=248,y=62
mousemove button=0,shift=0,x=226,y=57
mousemove button=0,shift=0,x=214,y=54
mousemove button=0,shift=0,x=201,y=50
mousemove button=0,shift=0,x=187,y=47
mousemove button=0,shift=0,x=168,y=43
mousemove button=0,shift=0,x=151,y=38
mousemove button=0,shift=0,x=142,y=36
mousemove button=0,shift=0,x=125,y=32
mousemove button=0,shift=0,x=111,y=29
mousemove button=0,shift=0,x=99,y=27
mousemove button=0,shift=0,x=54,y=25
mousemove button=0,shift=0,x=56,y=30
mousemove button=0,shift=0,x=58,y=33
mousemove button=0,shift=0,x=65,y=39
mousemove button=0,shift=0,x=65,y=41
mousemove button=0,shift=0,x=67,y=41
mousemove button=0,shift=0,x=67,y=42
mousemove button=0,shift=0,x=68,y=42
mousemove button=0,shift=0,x=69,y=42
mousemove button=0,shift=0,x=70,y=43
mousemove button=0,shift=0,x=71,y=43
mousemove button=0,shift=0,x=74,y=43
mousemove button=0,shift=0,x=75,y=44
mousemove button=0,shift=0,x=78,y=44
mousemove button=0,shift=0,x=80,y=44
mousemove button=0,shift=0,x=81,y=44
mousemove button=0,shift=0,x=80,y=44
mousemove button=0,shift=0,x=80,y=44
mousemove button=0,shift=0,x=80,y=44
mousemove button=0,shift=0,x=85,y=49
mousemove button=0,shift=0,x=88,y=49
mousemove button=0,shift=0,x=86,y=48
mousemove button=0,shift=0,x=85,y=47
mousemove button=0,shift=0,x=83,y=42
mousemove button=0,shift=0,x=81,y=34
buttondropdown FILE;MENU::FILE
HandleControlEvent, ButtonDropDown
setting menuimagelist to 278759672
New Control Instance Obtained:1054386
HandleControlEvent, RequestNewInstance
BEFORESHOWMENU:FILE::SUBMENU
File::SUBMENU
beforeShowMenu end FILE::SUBMENU
HandleControlEvent, BeforeShowMenu
beforeshowmenu:FILE::SUBMENU
playing:C:\Users\BC_Programming\AppData\Roaming\BCSearch\Resource\Sound\SHOWMENU.WAV
HandleControlEvent, Resize
HandleControlEvent, Resize
HandleControlEvent, ButtonHighlight
HandleControlEvent, ButtonHighlight
HandleControlEvent, ButtonHighlight
HandleControlEvent, ButtonHighlight
HandleControlEvent, AfterShowMenu
Clicked: caption=&Exit key=FILE::EXIT TAG=FILE::EXIT
ButtonClick
Persisting Combo/List box- section = PersistProperties.cboLookin...
After:hwnd=268052 umsg=70
WINDOWPOSCHANGING
